[2026-03-15T23:10:03.953+0000] {local_task_job_runner.py:120} INFO - ::group::Pre task execution logs
[2026-03-15T23:10:03.996+0000] {taskinstance.py:2073} INFO - Dependencies all met for dep_context=non-requeueable deps ti=<TaskInstance: overwatch2_pipeline.etl_principal scheduled__2026-03-14T00:00:00+00:00 [queued]>
[2026-03-15T23:10:04.004+0000] {taskinstance.py:2073} INFO - Dependencies all met for dep_context=requeueable deps ti=<TaskInstance: overwatch2_pipeline.etl_principal scheduled__2026-03-14T00:00:00+00:00 [queued]>
[2026-03-15T23:10:04.005+0000] {taskinstance.py:2303} INFO - Starting attempt 3 of 4
[2026-03-15T23:10:04.018+0000] {taskinstance.py:2327} INFO - Executing <Task(PythonOperator): etl_principal> on 2026-03-14 00:00:00+00:00
[2026-03-15T23:10:04.027+0000] {logging_mixin.py:188} WARNING - /home/***/.local/lib/python3.12/site-packages/***/task/task_runner/standard_task_runner.py:61 DeprecationWarning: This process (pid=294) is multi-threaded, use of fork() may lead to deadlocks in the child.
[2026-03-15T23:10:04.027+0000] {standard_task_runner.py:90} INFO - Running: ['***', 'tasks', 'run', 'overwatch2_pipeline', 'etl_principal', 'scheduled__2026-03-14T00:00:00+00:00', '--job-id', '95', '--raw', '--subdir', 'DAGS_FOLDER/overwatch2_pipeline.py', '--cfg-path', '/tmp/tmp68ryi9gk']
[2026-03-15T23:10:04.029+0000] {standard_task_runner.py:63} INFO - Started process 295 to run task
[2026-03-15T23:10:04.029+0000] {standard_task_runner.py:91} INFO - Job 95: Subtask etl_principal
[2026-03-15T23:10:04.102+0000] {task_command.py:426} INFO - Running <TaskInstance: overwatch2_pipeline.etl_principal scheduled__2026-03-14T00:00:00+00:00 [running]> on host d57c35dcabbf
[2026-03-15T23:10:04.199+0000] {taskinstance.py:2644} INFO - Exporting env vars: AIRFLOW_CTX_DAG_OWNER='angel' AIRFLOW_CTX_DAG_ID='overwatch2_pipeline' AIRFLOW_CTX_TASK_ID='etl_principal' AIRFLOW_CTX_EXECUTION_DATE='2026-03-14T00:00:00+00:00' AIRFLOW_CTX_TRY_NUMBER='3' AIRFLOW_CTX_DAG_RUN_ID='scheduled__2026-03-14T00:00:00+00:00'
[2026-03-15T23:10:04.200+0000] {taskinstance.py:430} INFO - ::endgroup::
[2026-03-15T23:10:04.284+0000] {taskinstance.py:441} INFO - ::group::Post task execution logs
[2026-03-15T23:10:04.285+0000] {taskinstance.py:2890} ERROR - Task failed with exception
Traceback (most recent call last):
  File "/home/airflow/.local/lib/python3.12/site-packages/airflow/models/taskinstance.py", line 465, in _execute_task
    result = _execute_callable(context=context, **execute_callable_kwargs)
             ^^^^^^^^^^^^^^^^^^^^^^^^^^^^^^^^^^^^^^^^^^^^^^^^^^^^^^^^^^^^^
  File "/home/airflow/.local/lib/python3.12/site-packages/airflow/models/taskinstance.py", line 432, in _execute_callable
    return execute_callable(context=context, **execute_callable_kwargs)
           ^^^^^^^^^^^^^^^^^^^^^^^^^^^^^^^^^^^^^^^^^^^^^^^^^^^^^^^^^^^^
  File "/home/airflow/.local/lib/python3.12/site-packages/airflow/models/baseoperator.py", line 400, in wrapper
    return func(self, *args, **kwargs)
           ^^^^^^^^^^^^^^^^^^^^^^^^^^^
  File "/home/airflow/.local/lib/python3.12/site-packages/airflow/operators/python.py", line 235, in execute
    return_value = self.execute_callable()
                   ^^^^^^^^^^^^^^^^^^^^^^^
  File "/home/airflow/.local/lib/python3.12/site-packages/airflow/operators/python.py", line 252, in execute_callable
    return self.python_callable(*self.op_args, **self.op_kwargs)
           ^^^^^^^^^^^^^^^^^^^^^^^^^^^^^^^^^^^^^^^^^^^^^^^^^^^^^
  File "/opt/airflow/dags/overwatch2_pipeline.py", line 212, in task_etl_principal
    cur.execute("INSERT INTO public.dim_contexto (plataforma, modo_juego) VALUES (%s, %s) RETURNING id_contexto", (plat, modo))
psycopg2.errors.NotNullViolation: el valor nulo en la columna «tier» de la relación «dim_contexto» viola la restricción “not-null”
DETAIL:  La fila que falla contiene (13, PC, competitive-role-queue, null).

[2026-03-15T23:10:04.301+0000] {taskinstance.py:1205} INFO - Marking task as UP_FOR_RETRY. dag_id=overwatch2_pipeline, task_id=etl_principal, execution_date=20260314T000000, start_date=20260315T231003, end_date=20260315T231004
[2026-03-15T23:10:04.312+0000] {standard_task_runner.py:110} ERROR - Failed to execute job 95 for task etl_principal (el valor nulo en la columna «tier» de la relación «dim_contexto» viola la restricción “not-null”
DETAIL:  La fila que falla contiene (13, PC, competitive-role-queue, null).
; 295)
[2026-03-15T23:10:04.324+0000] {local_task_job_runner.py:240} INFO - Task exited with return code 1
[2026-03-15T23:10:04.348+0000] {taskinstance.py:3482} INFO - 0 downstream tasks scheduled from follow-on schedule check
[2026-03-15T23:10:04.350+0000] {local_task_job_runner.py:222} INFO - ::endgroup::
