[2026-03-26T12:41:13.232+0000] {local_task_job_runner.py:120} INFO - ::group::Pre task execution logs
[2026-03-26T12:41:13.323+0000] {taskinstance.py:2073} INFO - Dependencies all met for dep_context=non-requeueable deps ti=<TaskInstance: overwatch2_pipeline.scrape_blizzard manual__2026-03-26T00:40:20.543483+00:00 [queued]>
[2026-03-26T12:41:13.356+0000] {taskinstance.py:2073} INFO - Dependencies all met for dep_context=requeueable deps ti=<TaskInstance: overwatch2_pipeline.scrape_blizzard manual__2026-03-26T00:40:20.543483+00:00 [queued]>
[2026-03-26T12:41:13.358+0000] {taskinstance.py:2303} INFO - Starting attempt 2 of 4
[2026-03-26T12:41:13.630+0000] {taskinstance.py:2327} INFO - Executing <Task(PythonOperator): scrape_blizzard> on 2026-03-26 00:40:20.543483+00:00
[2026-03-26T12:41:13.654+0000] {logging_mixin.py:188} WARNING - /home/***/.local/lib/python3.12/site-packages/***/task/task_runner/standard_task_runner.py:61 DeprecationWarning: This process (pid=728) is multi-threaded, use of fork() may lead to deadlocks in the child.
[2026-03-26T12:41:13.656+0000] {standard_task_runner.py:63} INFO - Started process 739 to run task
[2026-03-26T12:41:13.650+0000] {standard_task_runner.py:90} INFO - Running: ['***', 'tasks', 'run', 'overwatch2_pipeline', 'scrape_blizzard', 'manual__2026-03-26T00:40:20.543483+00:00', '--job-id', '980', '--raw', '--subdir', 'DAGS_FOLDER/overwatch2_pipeline.py', '--cfg-path', '/tmp/tmp7yvhjlm1']
[2026-03-26T12:41:13.660+0000] {standard_task_runner.py:91} INFO - Job 980: Subtask scrape_blizzard
[2026-03-26T12:41:13.821+0000] {task_command.py:426} INFO - Running <TaskInstance: overwatch2_pipeline.scrape_blizzard manual__2026-03-26T00:40:20.543483+00:00 [running]> on host 5f83853c16fb
[2026-03-26T12:41:14.085+0000] {taskinstance.py:2644} INFO - Exporting env vars: AIRFLOW_CTX_DAG_OWNER='angel' AIRFLOW_CTX_DAG_ID='overwatch2_pipeline' AIRFLOW_CTX_TASK_ID='scrape_blizzard' AIRFLOW_CTX_EXECUTION_DATE='2026-03-26T00:40:20.543483+00:00' AIRFLOW_CTX_TRY_NUMBER='2' AIRFLOW_CTX_DAG_RUN_ID='manual__2026-03-26T00:40:20.543483+00:00'
[2026-03-26T12:41:14.087+0000] {taskinstance.py:430} INFO - ::endgroup::
[2026-03-26T12:41:14.114+0000] {overwatch2_pipeline.py:294} INFO - ── Scrapeando URL 2: /en-us/heroes/ ──
[2026-03-26T12:41:14.948+0000] {overwatch2_pipeline.py:211} INFO -   ✅ URL 2 (/heroes/) → 0 dificultades extraidas
[2026-03-26T12:41:15.996+0000] {overwatch2_pipeline.py:300} INFO - ── Scrapeando URL 1: /en-us/rates/ ──
[2026-03-26T12:41:16.389+0000] {overwatch2_pipeline.py:319} INFO -   ✅ PC / Americas / rq=0 / tier=All → 50 heroes (limpios)
[2026-03-26T12:41:17.795+0000] {overwatch2_pipeline.py:319} INFO -   ✅ PC / Americas / rq=1 / tier=All → 50 heroes (limpios)
[2026-03-26T12:41:19.174+0000] {overwatch2_pipeline.py:319} INFO -   ✅ PC / Europe / rq=0 / tier=All → 50 heroes (limpios)
[2026-03-26T12:41:20.991+0000] {overwatch2_pipeline.py:319} INFO -   ✅ PC / Europe / rq=1 / tier=All → 50 heroes (limpios)
[2026-03-26T12:41:22.343+0000] {overwatch2_pipeline.py:319} INFO -   ✅ PC / Asia / rq=0 / tier=All → 50 heroes (limpios)
[2026-03-26T12:41:24.626+0000] {overwatch2_pipeline.py:319} INFO -   ✅ PC / Asia / rq=1 / tier=All → 50 heroes (limpios)
[2026-03-26T12:41:26.667+0000] {overwatch2_pipeline.py:319} INFO -   ✅ Console / Americas / rq=0 / tier=All → 50 heroes (limpios)
[2026-03-26T12:41:28.078+0000] {overwatch2_pipeline.py:319} INFO -   ✅ Console / Americas / rq=1 / tier=All → 50 heroes (limpios)
[2026-03-26T12:41:29.703+0000] {overwatch2_pipeline.py:319} INFO -   ✅ Console / Europe / rq=0 / tier=All → 50 heroes (limpios)
[2026-03-26T12:41:31.005+0000] {overwatch2_pipeline.py:319} INFO -   ✅ Console / Europe / rq=1 / tier=All → 50 heroes (limpios)
[2026-03-26T12:41:32.444+0000] {overwatch2_pipeline.py:319} INFO -   ✅ Console / Asia / rq=0 / tier=All → 50 heroes (limpios)
[2026-03-26T12:41:33.852+0000] {overwatch2_pipeline.py:319} INFO -   ✅ Console / Asia / rq=1 / tier=All → 50 heroes (limpios)
[2026-03-26T12:41:34.854+0000] {overwatch2_pipeline.py:326} INFO - ✅ Scrape completado: 600 registros | 0 errores
[2026-03-26T12:41:34.934+0000] {python.py:237} INFO - Done. Returned value was: None
[2026-03-26T12:41:34.938+0000] {taskinstance.py:441} INFO - ::group::Post task execution logs
[2026-03-26T12:41:34.970+0000] {taskinstance.py:1205} INFO - Marking task as SUCCESS. dag_id=overwatch2_pipeline, task_id=scrape_blizzard, execution_date=20260326T004020, start_date=20260326T124113, end_date=20260326T124134
[2026-03-26T12:41:35.091+0000] {local_task_job_runner.py:240} INFO - Task exited with return code 0
[2026-03-26T12:41:35.249+0000] {taskinstance.py:3482} INFO - 1 downstream tasks scheduled from follow-on schedule check
[2026-03-26T12:41:35.253+0000] {local_task_job_runner.py:222} INFO - ::endgroup::
