[2026-03-10T17:01:54.404+0000] {local_task_job_runner.py:120} INFO - ::group::Pre task execution logs
[2026-03-10T17:01:54.439+0000] {taskinstance.py:2073} INFO - Dependencies all met for dep_context=non-requeueable deps ti=<TaskInstance: overwatch2_pipeline.actualizar_resumen_diario scheduled__2026-03-09T00:00:00+00:00 [queued]>
[2026-03-10T17:01:54.448+0000] {taskinstance.py:2073} INFO - Dependencies all met for dep_context=requeueable deps ti=<TaskInstance: overwatch2_pipeline.actualizar_resumen_diario scheduled__2026-03-09T00:00:00+00:00 [queued]>
[2026-03-10T17:01:54.449+0000] {taskinstance.py:2303} INFO - Starting attempt 2 of 3
[2026-03-10T17:01:54.463+0000] {taskinstance.py:2327} INFO - Executing <Task(PythonOperator): actualizar_resumen_diario> on 2026-03-09 00:00:00+00:00
[2026-03-10T17:01:54.474+0000] {logging_mixin.py:188} WARNING - /home/***/.local/lib/python3.12/site-packages/***/task/task_runner/standard_task_runner.py:61 DeprecationWarning: This process (pid=253) is multi-threaded, use of fork() may lead to deadlocks in the child.
[2026-03-10T17:01:54.476+0000] {standard_task_runner.py:63} INFO - Started process 254 to run task
[2026-03-10T17:01:54.474+0000] {standard_task_runner.py:90} INFO - Running: ['***', 'tasks', 'run', 'overwatch2_pipeline', 'actualizar_resumen_diario', 'scheduled__2026-03-09T00:00:00+00:00', '--job-id', '23', '--raw', '--subdir', 'DAGS_FOLDER/overwatch2_pipeline.py', '--cfg-path', '/tmp/tmp3zrhw7ya']
[2026-03-10T17:01:54.476+0000] {standard_task_runner.py:91} INFO - Job 23: Subtask actualizar_resumen_diario
[2026-03-10T17:01:54.551+0000] {task_command.py:426} INFO - Running <TaskInstance: overwatch2_pipeline.actualizar_resumen_diario scheduled__2026-03-09T00:00:00+00:00 [running]> on host d57c35dcabbf
[2026-03-10T17:01:54.651+0000] {taskinstance.py:2644} INFO - Exporting env vars: AIRFLOW_CTX_DAG_OWNER='angel' AIRFLOW_CTX_DAG_ID='overwatch2_pipeline' AIRFLOW_CTX_TASK_ID='actualizar_resumen_diario' AIRFLOW_CTX_EXECUTION_DATE='2026-03-09T00:00:00+00:00' AIRFLOW_CTX_TRY_NUMBER='2' AIRFLOW_CTX_DAG_RUN_ID='scheduled__2026-03-09T00:00:00+00:00'
[2026-03-10T17:01:54.652+0000] {taskinstance.py:430} INFO - ::endgroup::
[2026-03-10T17:01:54.720+0000] {taskinstance.py:441} INFO - ::group::Post task execution logs
[2026-03-10T17:01:54.721+0000] {taskinstance.py:2890} ERROR - Task failed with exception
Traceback (most recent call last):
  File "/home/airflow/.local/lib/python3.12/site-packages/airflow/models/taskinstance.py", line 465, in _execute_task
    result = _execute_callable(context=context, **execute_callable_kwargs)
             ^^^^^^^^^^^^^^^^^^^^^^^^^^^^^^^^^^^^^^^^^^^^^^^^^^^^^^^^^^^^^
  File "/home/airflow/.local/lib/python3.12/site-packages/airflow/models/taskinstance.py", line 432, in _execute_callable
    return execute_callable(context=context, **execute_callable_kwargs)
           ^^^^^^^^^^^^^^^^^^^^^^^^^^^^^^^^^^^^^^^^^^^^^^^^^^^^^^^^^^^^
  File "/home/airflow/.local/lib/python3.12/site-packages/airflow/models/baseoperator.py", line 400, in wrapper
    return func(self, *args, **kwargs)
           ^^^^^^^^^^^^^^^^^^^^^^^^^^^
  File "/home/airflow/.local/lib/python3.12/site-packages/airflow/operators/python.py", line 235, in execute
    return_value = self.execute_callable()
                   ^^^^^^^^^^^^^^^^^^^^^^^
  File "/home/airflow/.local/lib/python3.12/site-packages/airflow/operators/python.py", line 252, in execute_callable
    return self.python_callable(*self.op_args, **self.op_kwargs)
           ^^^^^^^^^^^^^^^^^^^^^^^^^^^^^^^^^^^^^^^^^^^^^^^^^^^^^
  File "/opt/airflow/dags/overwatch2_pipeline.py", line 245, in task_actualizar_resumen_diario
    cur.execute("""
psycopg2.errors.UndefinedColumn: no existe la columna «avg_win_rate»
LINE 12:         ORDER BY avg_win_rate DESC
                          ^
DETAIL:  Hay una columna llamada «avg_win_rate» en la tabla «resumen_diario», pero no puede ser referenciada desde esta parte de la consulta.

[2026-03-10T17:01:54.741+0000] {taskinstance.py:1205} INFO - Marking task as UP_FOR_RETRY. dag_id=overwatch2_pipeline, task_id=actualizar_resumen_diario, execution_date=20260309T000000, start_date=20260310T170154, end_date=20260310T170154
[2026-03-10T17:01:54.752+0000] {standard_task_runner.py:110} ERROR - Failed to execute job 23 for task actualizar_resumen_diario (no existe la columna «avg_win_rate»
LINE 12:         ORDER BY avg_win_rate DESC
                          ^
DETAIL:  Hay una columna llamada «avg_win_rate» en la tabla «resumen_diario», pero no puede ser referenciada desde esta parte de la consulta.
; 254)
[2026-03-10T17:01:54.770+0000] {local_task_job_runner.py:240} INFO - Task exited with return code 1
[2026-03-10T17:01:54.820+0000] {taskinstance.py:3482} INFO - 0 downstream tasks scheduled from follow-on schedule check
[2026-03-10T17:01:54.823+0000] {local_task_job_runner.py:222} INFO - ::endgroup::
