[2026-03-26T03:03:15.739+0000] {local_task_job_runner.py:120} INFO - ::group::Pre task execution logs
[2026-03-26T03:03:15.903+0000] {taskinstance.py:2073} INFO - Dependencies all met for dep_context=non-requeueable deps ti=<TaskInstance: overwatch2_pipeline.crear_indices manual__2026-03-11T15:29:03.549903+00:00 [queued]>
[2026-03-26T03:03:15.916+0000] {taskinstance.py:2073} INFO - Dependencies all met for dep_context=requeueable deps ti=<TaskInstance: overwatch2_pipeline.crear_indices manual__2026-03-11T15:29:03.549903+00:00 [queued]>
[2026-03-26T03:03:15.922+0000] {taskinstance.py:2303} INFO - Starting attempt 1 of 3
[2026-03-26T03:03:15.954+0000] {taskinstance.py:2327} INFO - Executing <Task(PythonOperator): crear_indices> on 2026-03-11 15:29:03.549903+00:00
[2026-03-26T03:03:16.004+0000] {logging_mixin.py:188} WARNING - /home/***/.local/lib/python3.12/site-packages/***/task/task_runner/standard_task_runner.py:61 DeprecationWarning: This process (pid=850) is multi-threaded, use of fork() may lead to deadlocks in the child.
[2026-03-26T03:03:16.007+0000] {standard_task_runner.py:63} INFO - Started process 878 to run task
[2026-03-26T03:03:16.002+0000] {standard_task_runner.py:90} INFO - Running: ['***', 'tasks', 'run', 'overwatch2_pipeline', 'crear_indices', 'manual__2026-03-11T15:29:03.549903+00:00', '--job-id', '582', '--raw', '--subdir', 'DAGS_FOLDER/overwatch2_pipeline.py', '--cfg-path', '/tmp/tmppw3dzu6x']
[2026-03-26T03:03:16.008+0000] {standard_task_runner.py:91} INFO - Job 582: Subtask crear_indices
[2026-03-26T03:03:16.200+0000] {task_command.py:426} INFO - Running <TaskInstance: overwatch2_pipeline.crear_indices manual__2026-03-11T15:29:03.549903+00:00 [running]> on host 5f83853c16fb
[2026-03-26T03:03:16.564+0000] {taskinstance.py:2644} INFO - Exporting env vars: AIRFLOW_CTX_DAG_OWNER='angel' AIRFLOW_CTX_DAG_ID='overwatch2_pipeline' AIRFLOW_CTX_TASK_ID='crear_indices' AIRFLOW_CTX_EXECUTION_DATE='2026-03-11T15:29:03.549903+00:00' AIRFLOW_CTX_TRY_NUMBER='1' AIRFLOW_CTX_DAG_RUN_ID='manual__2026-03-11T15:29:03.549903+00:00'
[2026-03-26T03:03:16.569+0000] {taskinstance.py:430} INFO - ::endgroup::
[2026-03-26T03:03:16.718+0000] {overwatch2_pipeline.py:262} INFO -   ✅ fact_id_heroe
[2026-03-26T03:03:16.723+0000] {overwatch2_pipeline.py:262} INFO -   ✅ fact_id_tiempo
[2026-03-26T03:03:16.737+0000] {overwatch2_pipeline.py:262} INFO -   ✅ fact_id_contexto
[2026-03-26T03:03:16.754+0000] {overwatch2_pipeline.py:262} INFO -   ✅ fact_id_escenario
[2026-03-26T03:03:16.764+0000] {overwatch2_pipeline.py:262} INFO -   ✅ tiempo_fecha
[2026-03-26T03:03:16.771+0000] {overwatch2_pipeline.py:262} INFO -   ✅ heroe_nombre
[2026-03-26T03:03:16.774+0000] {overwatch2_pipeline.py:262} INFO -   ✅ heroe_rol
[2026-03-26T03:03:16.776+0000] {overwatch2_pipeline.py:262} INFO -   ✅ contexto_plat
[2026-03-26T03:03:16.780+0000] {overwatch2_pipeline.py:262} INFO -   ✅ contexto_modo
[2026-03-26T03:03:16.788+0000] {overwatch2_pipeline.py:262} INFO -   ✅ escenario_region
[2026-03-26T03:03:16.791+0000] {overwatch2_pipeline.py:262} INFO -   ✅ escenario_mapa
[2026-03-26T03:03:16.798+0000] {overwatch2_pipeline.py:266} INFO - ✅ Indices creados/verificados correctamente
[2026-03-26T03:03:16.801+0000] {python.py:237} INFO - Done. Returned value was: None
[2026-03-26T03:03:16.804+0000] {taskinstance.py:441} INFO - ::group::Post task execution logs
[2026-03-26T03:03:16.841+0000] {taskinstance.py:1205} INFO - Marking task as SUCCESS. dag_id=overwatch2_pipeline, task_id=crear_indices, execution_date=20260311T152903, start_date=20260326T030315, end_date=20260326T030316
[2026-03-26T03:03:16.912+0000] {local_task_job_runner.py:240} INFO - Task exited with return code 0
[2026-03-26T03:03:17.050+0000] {taskinstance.py:3482} INFO - 1 downstream tasks scheduled from follow-on schedule check
[2026-03-26T03:03:17.076+0000] {local_task_job_runner.py:222} INFO - ::endgroup::
