[2026-04-19T22:46:28.219+0000] {processor.py:161} INFO - Started process (PID=170) to work on /opt/airflow/dags/overwatch2_pipeline.py
[2026-04-19T22:46:28.221+0000] {processor.py:830} INFO - Processing file /opt/airflow/dags/overwatch2_pipeline.py for tasks to queue
[2026-04-19T22:46:28.224+0000] {logging_mixin.py:188} INFO - [2026-04-19T22:46:28.223+0000] {dagbag.py:540} INFO - Filling up the DagBag from /opt/airflow/dags/overwatch2_pipeline.py
[2026-04-19T22:46:28.261+0000] {processor.py:840} INFO - DAG(s) 'overwatch2_pipeline' retrieved from /opt/airflow/dags/overwatch2_pipeline.py
[2026-04-19T22:46:28.301+0000] {logging_mixin.py:188} INFO - [2026-04-19T22:46:28.301+0000] {dag.py:3096} INFO - Sync 1 DAGs
[2026-04-19T22:46:28.353+0000] {logging_mixin.py:188} INFO - [2026-04-19T22:46:28.353+0000] {dag.py:3954} INFO - Setting next_dagrun for overwatch2_pipeline to 2026-04-19 06:00:00+00:00, run_after=2026-04-20 06:00:00+00:00
[2026-04-19T22:46:28.394+0000] {processor.py:183} INFO - Processing /opt/airflow/dags/overwatch2_pipeline.py took 0.185 seconds
[2026-04-19T22:46:58.713+0000] {processor.py:161} INFO - Started process (PID=188) to work on /opt/airflow/dags/overwatch2_pipeline.py
[2026-04-19T22:46:58.718+0000] {processor.py:830} INFO - Processing file /opt/airflow/dags/overwatch2_pipeline.py for tasks to queue
[2026-04-19T22:46:58.726+0000] {logging_mixin.py:188} INFO - [2026-04-19T22:46:58.725+0000] {dagbag.py:540} INFO - Filling up the DagBag from /opt/airflow/dags/overwatch2_pipeline.py
[2026-04-19T22:46:58.799+0000] {processor.py:840} INFO - DAG(s) 'overwatch2_pipeline' retrieved from /opt/airflow/dags/overwatch2_pipeline.py
[2026-04-19T22:46:59.064+0000] {logging_mixin.py:188} INFO - [2026-04-19T22:46:59.063+0000] {dag.py:3096} INFO - Sync 1 DAGs
[2026-04-19T22:46:59.103+0000] {logging_mixin.py:188} INFO - [2026-04-19T22:46:59.102+0000] {dag.py:3954} INFO - Setting next_dagrun for overwatch2_pipeline to 2026-04-19 06:00:00+00:00, run_after=2026-04-20 06:00:00+00:00
[2026-04-19T22:46:59.132+0000] {processor.py:183} INFO - Processing /opt/airflow/dags/overwatch2_pipeline.py took 0.440 seconds
[2026-04-19T22:47:29.386+0000] {processor.py:161} INFO - Started process (PID=201) to work on /opt/airflow/dags/overwatch2_pipeline.py
[2026-04-19T22:47:29.388+0000] {processor.py:830} INFO - Processing file /opt/airflow/dags/overwatch2_pipeline.py for tasks to queue
[2026-04-19T22:47:29.391+0000] {logging_mixin.py:188} INFO - [2026-04-19T22:47:29.390+0000] {dagbag.py:540} INFO - Filling up the DagBag from /opt/airflow/dags/overwatch2_pipeline.py
[2026-04-19T22:47:29.421+0000] {processor.py:840} INFO - DAG(s) 'overwatch2_pipeline' retrieved from /opt/airflow/dags/overwatch2_pipeline.py
[2026-04-19T22:47:29.461+0000] {logging_mixin.py:188} INFO - [2026-04-19T22:47:29.461+0000] {dag.py:3096} INFO - Sync 1 DAGs
[2026-04-19T22:47:29.492+0000] {logging_mixin.py:188} INFO - [2026-04-19T22:47:29.492+0000] {dag.py:3954} INFO - Setting next_dagrun for overwatch2_pipeline to 2026-04-19 06:00:00+00:00, run_after=2026-04-20 06:00:00+00:00
[2026-04-19T22:47:29.522+0000] {processor.py:183} INFO - Processing /opt/airflow/dags/overwatch2_pipeline.py took 0.143 seconds
