[2026-03-27T19:18:35.839+0000] {local_task_job_runner.py:120} INFO - ::group::Pre task execution logs
[2026-03-27T19:18:35.928+0000] {taskinstance.py:2073} INFO - Dependencies all met for dep_context=non-requeueable deps ti=<TaskInstance: overwatch2_pipeline.scrape_blizzard scheduled__2026-03-26T06:00:00+00:00 [queued]>
[2026-03-27T19:18:35.945+0000] {taskinstance.py:2073} INFO - Dependencies all met for dep_context=requeueable deps ti=<TaskInstance: overwatch2_pipeline.scrape_blizzard scheduled__2026-03-26T06:00:00+00:00 [queued]>
[2026-03-27T19:18:35.946+0000] {taskinstance.py:2303} INFO - Starting attempt 1 of 3
[2026-03-27T19:18:35.967+0000] {taskinstance.py:2327} INFO - Executing <Task(PythonOperator): scrape_blizzard> on 2026-03-26 06:00:00+00:00
[2026-03-27T19:18:35.982+0000] {logging_mixin.py:188} WARNING - /home/***/.local/lib/python3.12/site-packages/***/task/task_runner/standard_task_runner.py:61 DeprecationWarning: This process (pid=180) is multi-threaded, use of fork() may lead to deadlocks in the child.
[2026-03-27T19:18:35.981+0000] {standard_task_runner.py:90} INFO - Running: ['***', 'tasks', 'run', 'overwatch2_pipeline', 'scrape_blizzard', 'scheduled__2026-03-26T06:00:00+00:00', '--job-id', '1110', '--raw', '--subdir', 'DAGS_FOLDER/overwatch2_pipeline.py', '--cfg-path', '/tmp/tmpuusw_ird']
[2026-03-27T19:18:35.984+0000] {standard_task_runner.py:63} INFO - Started process 181 to run task
[2026-03-27T19:18:35.985+0000] {standard_task_runner.py:91} INFO - Job 1110: Subtask scrape_blizzard
[2026-03-27T19:18:36.092+0000] {task_command.py:426} INFO - Running <TaskInstance: overwatch2_pipeline.scrape_blizzard scheduled__2026-03-26T06:00:00+00:00 [running]> on host 5f83853c16fb
[2026-03-27T19:18:36.241+0000] {taskinstance.py:2644} INFO - Exporting env vars: AIRFLOW_CTX_DAG_OWNER='angel' AIRFLOW_CTX_DAG_ID='overwatch2_pipeline' AIRFLOW_CTX_TASK_ID='scrape_blizzard' AIRFLOW_CTX_EXECUTION_DATE='2026-03-26T06:00:00+00:00' AIRFLOW_CTX_TRY_NUMBER='1' AIRFLOW_CTX_DAG_RUN_ID='scheduled__2026-03-26T06:00:00+00:00'
[2026-03-27T19:18:36.243+0000] {taskinstance.py:430} INFO - ::endgroup::
[2026-03-27T19:18:36.264+0000] {overwatch2_pipeline.py:294} INFO - ── Scrapeando URL 2: /en-us/heroes/ ──
[2026-03-27T19:18:37.215+0000] {overwatch2_pipeline.py:211} INFO -   ✅ URL 2 (/heroes/) → 0 dificultades extraidas
[2026-03-27T19:18:38.252+0000] {overwatch2_pipeline.py:300} INFO - ── Scrapeando URL 1: /en-us/rates/ ──
[2026-03-27T19:18:38.691+0000] {overwatch2_pipeline.py:319} INFO -   ✅ PC / Americas / rq=0 / tier=All → 50 heroes (limpios)
[2026-03-27T19:18:39.989+0000] {overwatch2_pipeline.py:319} INFO -   ✅ PC / Americas / rq=1 / tier=All → 50 heroes (limpios)
[2026-03-27T19:18:41.279+0000] {overwatch2_pipeline.py:319} INFO -   ✅ PC / Europe / rq=0 / tier=All → 50 heroes (limpios)
[2026-03-27T19:18:42.609+0000] {overwatch2_pipeline.py:319} INFO -   ✅ PC / Europe / rq=1 / tier=All → 50 heroes (limpios)
[2026-03-27T19:18:44.503+0000] {overwatch2_pipeline.py:319} INFO -   ✅ PC / Asia / rq=0 / tier=All → 50 heroes (limpios)
[2026-03-27T19:18:45.976+0000] {overwatch2_pipeline.py:319} INFO -   ✅ PC / Asia / rq=1 / tier=All → 50 heroes (limpios)
[2026-03-27T19:18:47.233+0000] {overwatch2_pipeline.py:319} INFO -   ✅ Console / Americas / rq=0 / tier=All → 50 heroes (limpios)
[2026-03-27T19:18:48.551+0000] {overwatch2_pipeline.py:319} INFO -   ✅ Console / Americas / rq=1 / tier=All → 50 heroes (limpios)
[2026-03-27T19:18:49.789+0000] {overwatch2_pipeline.py:319} INFO -   ✅ Console / Europe / rq=0 / tier=All → 50 heroes (limpios)
[2026-03-27T19:18:51.119+0000] {overwatch2_pipeline.py:319} INFO -   ✅ Console / Europe / rq=1 / tier=All → 50 heroes (limpios)
[2026-03-27T19:18:52.443+0000] {overwatch2_pipeline.py:319} INFO -   ✅ Console / Asia / rq=0 / tier=All → 50 heroes (limpios)
[2026-03-27T19:18:53.801+0000] {overwatch2_pipeline.py:319} INFO -   ✅ Console / Asia / rq=1 / tier=All → 50 heroes (limpios)
[2026-03-27T19:18:54.803+0000] {overwatch2_pipeline.py:326} INFO - ✅ Scrape completado: 600 registros | 0 errores
[2026-03-27T19:18:54.827+0000] {python.py:237} INFO - Done. Returned value was: None
[2026-03-27T19:18:54.828+0000] {taskinstance.py:441} INFO - ::group::Post task execution logs
[2026-03-27T19:18:54.840+0000] {taskinstance.py:1205} INFO - Marking task as SUCCESS. dag_id=overwatch2_pipeline, task_id=scrape_blizzard, execution_date=20260326T060000, start_date=20260327T191835, end_date=20260327T191854
[2026-03-27T19:18:54.872+0000] {local_task_job_runner.py:240} INFO - Task exited with return code 0
[2026-03-27T19:18:54.902+0000] {taskinstance.py:3482} INFO - 1 downstream tasks scheduled from follow-on schedule check
[2026-03-27T19:18:54.905+0000] {local_task_job_runner.py:222} INFO - ::endgroup::
