[2026-04-03T14:26:49.527+0000] {processor.py:161} INFO - Started process (PID=174) to work on /opt/airflow/dags/overwatch2_pipeline.py
[2026-04-03T14:26:49.528+0000] {processor.py:830} INFO - Processing file /opt/airflow/dags/overwatch2_pipeline.py for tasks to queue
[2026-04-03T14:26:49.530+0000] {logging_mixin.py:188} INFO - [2026-04-03T14:26:49.530+0000] {dagbag.py:540} INFO - Filling up the DagBag from /opt/airflow/dags/overwatch2_pipeline.py
[2026-04-03T14:26:49.569+0000] {processor.py:840} INFO - DAG(s) 'overwatch2_pipeline' retrieved from /opt/airflow/dags/overwatch2_pipeline.py
[2026-04-03T14:26:49.635+0000] {logging_mixin.py:188} INFO - [2026-04-03T14:26:49.634+0000] {dag.py:3096} INFO - Sync 1 DAGs
[2026-04-03T14:26:49.670+0000] {logging_mixin.py:188} INFO - [2026-04-03T14:26:49.670+0000] {dag.py:3954} INFO - Setting next_dagrun for overwatch2_pipeline to 2026-04-03 06:00:00+00:00, run_after=2026-04-04 06:00:00+00:00
[2026-04-03T14:26:49.700+0000] {processor.py:183} INFO - Processing /opt/airflow/dags/overwatch2_pipeline.py took 0.182 seconds
[2026-04-03T14:27:19.766+0000] {processor.py:161} INFO - Started process (PID=191) to work on /opt/airflow/dags/overwatch2_pipeline.py
[2026-04-03T14:27:19.767+0000] {processor.py:830} INFO - Processing file /opt/airflow/dags/overwatch2_pipeline.py for tasks to queue
[2026-04-03T14:27:19.769+0000] {logging_mixin.py:188} INFO - [2026-04-03T14:27:19.769+0000] {dagbag.py:540} INFO - Filling up the DagBag from /opt/airflow/dags/overwatch2_pipeline.py
[2026-04-03T14:27:19.802+0000] {processor.py:840} INFO - DAG(s) 'overwatch2_pipeline' retrieved from /opt/airflow/dags/overwatch2_pipeline.py
[2026-04-03T14:27:19.818+0000] {logging_mixin.py:188} INFO - [2026-04-03T14:27:19.818+0000] {dag.py:3096} INFO - Sync 1 DAGs
[2026-04-03T14:27:19.843+0000] {logging_mixin.py:188} INFO - [2026-04-03T14:27:19.843+0000] {dag.py:3954} INFO - Setting next_dagrun for overwatch2_pipeline to 2026-04-03 06:00:00+00:00, run_after=2026-04-04 06:00:00+00:00
[2026-04-03T14:27:19.863+0000] {processor.py:183} INFO - Processing /opt/airflow/dags/overwatch2_pipeline.py took 0.105 seconds
[2026-04-03T14:27:50.016+0000] {processor.py:161} INFO - Started process (PID=204) to work on /opt/airflow/dags/overwatch2_pipeline.py
[2026-04-03T14:27:50.019+0000] {processor.py:830} INFO - Processing file /opt/airflow/dags/overwatch2_pipeline.py for tasks to queue
[2026-04-03T14:27:50.021+0000] {logging_mixin.py:188} INFO - [2026-04-03T14:27:50.021+0000] {dagbag.py:540} INFO - Filling up the DagBag from /opt/airflow/dags/overwatch2_pipeline.py
[2026-04-03T14:27:50.051+0000] {processor.py:840} INFO - DAG(s) 'overwatch2_pipeline' retrieved from /opt/airflow/dags/overwatch2_pipeline.py
[2026-04-03T14:27:50.228+0000] {logging_mixin.py:188} INFO - [2026-04-03T14:27:50.228+0000] {dag.py:3096} INFO - Sync 1 DAGs
[2026-04-03T14:27:50.248+0000] {logging_mixin.py:188} INFO - [2026-04-03T14:27:50.248+0000] {dag.py:3954} INFO - Setting next_dagrun for overwatch2_pipeline to 2026-04-03 06:00:00+00:00, run_after=2026-04-04 06:00:00+00:00
[2026-04-03T14:27:50.274+0000] {processor.py:183} INFO - Processing /opt/airflow/dags/overwatch2_pipeline.py took 0.265 seconds
