[2026-03-24T18:00:26.200+0000] {local_task_job_runner.py:120} INFO - ::group::Pre task execution logs
[2026-03-24T18:00:26.232+0000] {taskinstance.py:2073} INFO - Dependencies all met for dep_context=non-requeueable deps ti=<TaskInstance: overwatch2_pipeline.scrape_blizzard manual__2026-03-24T18:00:22.915753+00:00 [queued]>
[2026-03-24T18:00:26.238+0000] {taskinstance.py:2073} INFO - Dependencies all met for dep_context=requeueable deps ti=<TaskInstance: overwatch2_pipeline.scrape_blizzard manual__2026-03-24T18:00:22.915753+00:00 [queued]>
[2026-03-24T18:00:26.239+0000] {taskinstance.py:2303} INFO - Starting attempt 1 of 3
[2026-03-24T18:00:26.252+0000] {taskinstance.py:2327} INFO - Executing <Task(PythonOperator): scrape_blizzard> on 2026-03-24 18:00:22.915753+00:00
[2026-03-24T18:00:26.262+0000] {logging_mixin.py:188} WARNING - /home/***/.local/lib/python3.12/site-packages/***/task/task_runner/standard_task_runner.py:61 DeprecationWarning: This process (pid=433) is multi-threaded, use of fork() may lead to deadlocks in the child.
[2026-03-24T18:00:26.261+0000] {standard_task_runner.py:90} INFO - Running: ['***', 'tasks', 'run', 'overwatch2_pipeline', 'scrape_blizzard', 'manual__2026-03-24T18:00:22.915753+00:00', '--job-id', '277', '--raw', '--subdir', 'DAGS_FOLDER/overwatch2_pipeline.py', '--cfg-path', '/tmp/tmp6hbc6e65']
[2026-03-24T18:00:26.263+0000] {standard_task_runner.py:63} INFO - Started process 434 to run task
[2026-03-24T18:00:26.263+0000] {standard_task_runner.py:91} INFO - Job 277: Subtask scrape_blizzard
[2026-03-24T18:00:26.329+0000] {task_command.py:426} INFO - Running <TaskInstance: overwatch2_pipeline.scrape_blizzard manual__2026-03-24T18:00:22.915753+00:00 [running]> on host c606f4a11b92
[2026-03-24T18:00:26.431+0000] {taskinstance.py:2644} INFO - Exporting env vars: AIRFLOW_CTX_DAG_OWNER='angel' AIRFLOW_CTX_DAG_ID='overwatch2_pipeline' AIRFLOW_CTX_TASK_ID='scrape_blizzard' AIRFLOW_CTX_EXECUTION_DATE='2026-03-24T18:00:22.915753+00:00' AIRFLOW_CTX_TRY_NUMBER='1' AIRFLOW_CTX_DAG_RUN_ID='manual__2026-03-24T18:00:22.915753+00:00'
[2026-03-24T18:00:26.434+0000] {taskinstance.py:430} INFO - ::endgroup::
[2026-03-24T18:00:27.159+0000] {overwatch2_pipeline.py:202} INFO -   ✅ PC / Americas / rq=0 / tier=All → 50 heroes
[2026-03-24T18:00:28.405+0000] {overwatch2_pipeline.py:202} INFO -   ✅ PC / Americas / rq=1 / tier=All → 50 heroes
[2026-03-24T18:00:29.645+0000] {overwatch2_pipeline.py:202} INFO -   ✅ PC / Europe / rq=0 / tier=All → 50 heroes
[2026-03-24T18:00:30.901+0000] {overwatch2_pipeline.py:202} INFO -   ✅ PC / Europe / rq=1 / tier=All → 50 heroes
[2026-03-24T18:00:32.136+0000] {overwatch2_pipeline.py:202} INFO -   ✅ PC / Asia / rq=0 / tier=All → 50 heroes
[2026-03-24T18:00:33.441+0000] {overwatch2_pipeline.py:202} INFO -   ✅ PC / Asia / rq=1 / tier=All → 50 heroes
[2026-03-24T18:00:34.683+0000] {overwatch2_pipeline.py:202} INFO -   ✅ Console / Americas / rq=0 / tier=All → 50 heroes
[2026-03-24T18:00:36.510+0000] {overwatch2_pipeline.py:202} INFO -   ✅ Console / Americas / rq=1 / tier=All → 50 heroes
[2026-03-24T18:00:37.747+0000] {overwatch2_pipeline.py:202} INFO -   ✅ Console / Europe / rq=0 / tier=All → 50 heroes
[2026-03-24T18:00:38.991+0000] {overwatch2_pipeline.py:202} INFO -   ✅ Console / Europe / rq=1 / tier=All → 50 heroes
[2026-03-24T18:00:40.276+0000] {overwatch2_pipeline.py:202} INFO -   ✅ Console / Asia / rq=0 / tier=All → 50 heroes
[2026-03-24T18:00:41.655+0000] {overwatch2_pipeline.py:202} INFO -   ✅ Console / Asia / rq=1 / tier=All → 50 heroes
[2026-03-24T18:00:42.656+0000] {overwatch2_pipeline.py:209} INFO - ✅ Scrape completado: 600 registros | 0 errores
[2026-03-24T18:00:42.677+0000] {python.py:237} INFO - Done. Returned value was: None
[2026-03-24T18:00:42.679+0000] {taskinstance.py:441} INFO - ::group::Post task execution logs
[2026-03-24T18:00:42.690+0000] {taskinstance.py:1205} INFO - Marking task as SUCCESS. dag_id=overwatch2_pipeline, task_id=scrape_blizzard, execution_date=20260324T180022, start_date=20260324T180026, end_date=20260324T180042
[2026-03-24T18:00:42.740+0000] {local_task_job_runner.py:240} INFO - Task exited with return code 0
[2026-03-24T18:00:42.765+0000] {taskinstance.py:3482} INFO - 1 downstream tasks scheduled from follow-on schedule check
[2026-03-24T18:00:42.767+0000] {local_task_job_runner.py:222} INFO - ::endgroup::
