[2026-03-26T00:59:33.454+0000] {local_task_job_runner.py:120} INFO - ::group::Pre task execution logs
[2026-03-26T00:59:33.486+0000] {taskinstance.py:2073} INFO - Dependencies all met for dep_context=non-requeueable deps ti=<TaskInstance: overwatch2_pipeline.etl_principal manual__2026-03-26T00:59:06.091766+00:00 [queued]>
[2026-03-26T00:59:33.496+0000] {taskinstance.py:2073} INFO - Dependencies all met for dep_context=requeueable deps ti=<TaskInstance: overwatch2_pipeline.etl_principal manual__2026-03-26T00:59:06.091766+00:00 [queued]>
[2026-03-26T00:59:33.497+0000] {taskinstance.py:2303} INFO - Starting attempt 1 of 3
[2026-03-26T00:59:33.512+0000] {taskinstance.py:2327} INFO - Executing <Task(PythonOperator): etl_principal> on 2026-03-26 00:59:06.091766+00:00
[2026-03-26T00:59:33.522+0000] {logging_mixin.py:188} WARNING - /home/***/.local/lib/python3.12/site-packages/***/task/task_runner/standard_task_runner.py:61 DeprecationWarning: This process (pid=201) is multi-threaded, use of fork() may lead to deadlocks in the child.
[2026-03-26T00:59:33.522+0000] {standard_task_runner.py:90} INFO - Running: ['***', 'tasks', 'run', 'overwatch2_pipeline', 'etl_principal', 'manual__2026-03-26T00:59:06.091766+00:00', '--job-id', '422', '--raw', '--subdir', 'DAGS_FOLDER/overwatch2_pipeline.py', '--cfg-path', '/tmp/tmpexd0hlq4']
[2026-03-26T00:59:33.524+0000] {standard_task_runner.py:63} INFO - Started process 202 to run task
[2026-03-26T00:59:33.524+0000] {standard_task_runner.py:91} INFO - Job 422: Subtask etl_principal
[2026-03-26T00:59:33.594+0000] {task_command.py:426} INFO - Running <TaskInstance: overwatch2_pipeline.etl_principal manual__2026-03-26T00:59:06.091766+00:00 [running]> on host 935a2eb88b77
[2026-03-26T00:59:33.688+0000] {taskinstance.py:2644} INFO - Exporting env vars: AIRFLOW_CTX_DAG_OWNER='angel' AIRFLOW_CTX_DAG_ID='overwatch2_pipeline' AIRFLOW_CTX_TASK_ID='etl_principal' AIRFLOW_CTX_EXECUTION_DATE='2026-03-26T00:59:06.091766+00:00' AIRFLOW_CTX_TRY_NUMBER='1' AIRFLOW_CTX_DAG_RUN_ID='manual__2026-03-26T00:59:06.091766+00:00'
[2026-03-26T00:59:33.690+0000] {taskinstance.py:430} INFO - ::endgroup::
[2026-03-26T00:59:33.788+0000] {taskinstance.py:441} INFO - ::group::Post task execution logs
[2026-03-26T00:59:33.788+0000] {taskinstance.py:2890} ERROR - Task failed with exception
Traceback (most recent call last):
  File "/home/airflow/.local/lib/python3.12/site-packages/airflow/models/taskinstance.py", line 465, in _execute_task
    result = _execute_callable(context=context, **execute_callable_kwargs)
             ^^^^^^^^^^^^^^^^^^^^^^^^^^^^^^^^^^^^^^^^^^^^^^^^^^^^^^^^^^^^^
  File "/home/airflow/.local/lib/python3.12/site-packages/airflow/models/taskinstance.py", line 432, in _execute_callable
    return execute_callable(context=context, **execute_callable_kwargs)
           ^^^^^^^^^^^^^^^^^^^^^^^^^^^^^^^^^^^^^^^^^^^^^^^^^^^^^^^^^^^^
  File "/home/airflow/.local/lib/python3.12/site-packages/airflow/models/baseoperator.py", line 400, in wrapper
    return func(self, *args, **kwargs)
           ^^^^^^^^^^^^^^^^^^^^^^^^^^^
  File "/home/airflow/.local/lib/python3.12/site-packages/airflow/operators/python.py", line 235, in execute
    return_value = self.execute_callable()
                   ^^^^^^^^^^^^^^^^^^^^^^^
  File "/home/airflow/.local/lib/python3.12/site-packages/airflow/operators/python.py", line 252, in execute_callable
    return self.python_callable(*self.op_args, **self.op_kwargs)
           ^^^^^^^^^^^^^^^^^^^^^^^^^^^^^^^^^^^^^^^^^^^^^^^^^^^^^
  File "/opt/airflow/dags/overwatch2_pipeline.py", line 302, in task_etl_principal
    cur.execute("""
psycopg2.errors.InvalidColumnReference: no hay restricción única o de exclusión que coincida con la especificación ON CONFLICT

[2026-03-26T00:59:33.804+0000] {taskinstance.py:1205} INFO - Marking task as UP_FOR_RETRY. dag_id=overwatch2_pipeline, task_id=etl_principal, execution_date=20260326T005906, start_date=20260326T005933, end_date=20260326T005933
[2026-03-26T00:59:33.817+0000] {standard_task_runner.py:110} ERROR - Failed to execute job 422 for task etl_principal (no hay restricción única o de exclusión que coincida con la especificación ON CONFLICT
; 202)
[2026-03-26T00:59:33.859+0000] {local_task_job_runner.py:240} INFO - Task exited with return code 1
[2026-03-26T00:59:33.896+0000] {taskinstance.py:3482} INFO - 0 downstream tasks scheduled from follow-on schedule check
[2026-03-26T00:59:33.899+0000] {local_task_job_runner.py:222} INFO - ::endgroup::
