[2026-03-24T17:42:19.895+0000] {local_task_job_runner.py:120} INFO - ::group::Pre task execution logs
[2026-03-24T17:42:19.931+0000] {taskinstance.py:2073} INFO - Dependencies all met for dep_context=non-requeueable deps ti=<TaskInstance: overwatch2_pipeline.scrape_blizzard manual__2026-03-24T17:42:16.857800+00:00 [queued]>
[2026-03-24T17:42:19.941+0000] {taskinstance.py:2073} INFO - Dependencies all met for dep_context=requeueable deps ti=<TaskInstance: overwatch2_pipeline.scrape_blizzard manual__2026-03-24T17:42:16.857800+00:00 [queued]>
[2026-03-24T17:42:19.941+0000] {taskinstance.py:2303} INFO - Starting attempt 1 of 3
[2026-03-24T17:42:19.957+0000] {taskinstance.py:2327} INFO - Executing <Task(PythonOperator): scrape_blizzard> on 2026-03-24 17:42:16.857800+00:00
[2026-03-24T17:42:19.967+0000] {logging_mixin.py:188} WARNING - /home/***/.local/lib/python3.12/site-packages/***/task/task_runner/standard_task_runner.py:61 DeprecationWarning: This process (pid=232) is multi-threaded, use of fork() may lead to deadlocks in the child.
[2026-03-24T17:42:19.969+0000] {standard_task_runner.py:63} INFO - Started process 233 to run task
[2026-03-24T17:42:19.967+0000] {standard_task_runner.py:90} INFO - Running: ['***', 'tasks', 'run', 'overwatch2_pipeline', 'scrape_blizzard', 'manual__2026-03-24T17:42:16.857800+00:00', '--job-id', '269', '--raw', '--subdir', 'DAGS_FOLDER/overwatch2_pipeline.py', '--cfg-path', '/tmp/tmpxlbucpw3']
[2026-03-24T17:42:19.970+0000] {standard_task_runner.py:91} INFO - Job 269: Subtask scrape_blizzard
[2026-03-24T17:42:20.050+0000] {task_command.py:426} INFO - Running <TaskInstance: overwatch2_pipeline.scrape_blizzard manual__2026-03-24T17:42:16.857800+00:00 [running]> on host c606f4a11b92
[2026-03-24T17:42:20.167+0000] {taskinstance.py:2644} INFO - Exporting env vars: AIRFLOW_CTX_DAG_OWNER='angel' AIRFLOW_CTX_DAG_ID='overwatch2_pipeline' AIRFLOW_CTX_TASK_ID='scrape_blizzard' AIRFLOW_CTX_EXECUTION_DATE='2026-03-24T17:42:16.857800+00:00' AIRFLOW_CTX_TRY_NUMBER='1' AIRFLOW_CTX_DAG_RUN_ID='manual__2026-03-24T17:42:16.857800+00:00'
[2026-03-24T17:42:20.168+0000] {taskinstance.py:430} INFO - ::endgroup::
[2026-03-24T17:42:20.925+0000] {overwatch2_pipeline.py:202} INFO -   ✅ PC / Americas / rq=0 / tier=All → 50 heroes
[2026-03-24T17:42:22.189+0000] {overwatch2_pipeline.py:202} INFO -   ✅ PC / Americas / rq=1 / tier=All → 50 heroes
[2026-03-24T17:42:23.471+0000] {overwatch2_pipeline.py:202} INFO -   ✅ PC / Europe / rq=0 / tier=All → 50 heroes
[2026-03-24T17:42:24.725+0000] {overwatch2_pipeline.py:202} INFO -   ✅ PC / Europe / rq=1 / tier=All → 50 heroes
[2026-03-24T17:42:26.199+0000] {overwatch2_pipeline.py:202} INFO -   ✅ PC / Asia / rq=0 / tier=All → 50 heroes
[2026-03-24T17:42:27.702+0000] {overwatch2_pipeline.py:202} INFO -   ✅ PC / Asia / rq=1 / tier=All → 50 heroes
[2026-03-24T17:42:29.310+0000] {overwatch2_pipeline.py:202} INFO -   ✅ Console / Americas / rq=0 / tier=All → 50 heroes
[2026-03-24T17:42:31.831+0000] {overwatch2_pipeline.py:202} INFO -   ✅ Console / Americas / rq=1 / tier=All → 50 heroes
[2026-03-24T17:42:33.198+0000] {overwatch2_pipeline.py:202} INFO -   ✅ Console / Europe / rq=0 / tier=All → 50 heroes
[2026-03-24T17:42:34.536+0000] {overwatch2_pipeline.py:202} INFO -   ✅ Console / Europe / rq=1 / tier=All → 50 heroes
[2026-03-24T17:42:35.799+0000] {overwatch2_pipeline.py:202} INFO -   ✅ Console / Asia / rq=0 / tier=All → 50 heroes
[2026-03-24T17:42:37.129+0000] {overwatch2_pipeline.py:202} INFO -   ✅ Console / Asia / rq=1 / tier=All → 50 heroes
[2026-03-24T17:42:38.128+0000] {overwatch2_pipeline.py:209} INFO - ✅ Scrape completado: 600 registros | 0 errores
[2026-03-24T17:42:38.163+0000] {python.py:237} INFO - Done. Returned value was: None
[2026-03-24T17:42:38.164+0000] {taskinstance.py:441} INFO - ::group::Post task execution logs
[2026-03-24T17:42:38.176+0000] {taskinstance.py:1205} INFO - Marking task as SUCCESS. dag_id=overwatch2_pipeline, task_id=scrape_blizzard, execution_date=20260324T174216, start_date=20260324T174219, end_date=20260324T174238
[2026-03-24T17:42:38.248+0000] {local_task_job_runner.py:240} INFO - Task exited with return code 0
[2026-03-24T17:42:38.281+0000] {taskinstance.py:3482} INFO - 1 downstream tasks scheduled from follow-on schedule check
[2026-03-24T17:42:38.286+0000] {local_task_job_runner.py:222} INFO - ::endgroup::
