[2026-04-04T21:01:08.799+0000] {local_task_job_runner.py:120} INFO - ::group::Pre task execution logs
[2026-04-04T21:01:08.881+0000] {taskinstance.py:2073} INFO - Dependencies all met for dep_context=non-requeueable deps ti=<TaskInstance: overwatch2_pipeline.scrape_blizzard scheduled__2026-04-03T06:00:00+00:00 [queued]>
[2026-04-04T21:01:08.899+0000] {taskinstance.py:2073} INFO - Dependencies all met for dep_context=requeueable deps ti=<TaskInstance: overwatch2_pipeline.scrape_blizzard scheduled__2026-04-03T06:00:00+00:00 [queued]>
[2026-04-04T21:01:08.900+0000] {taskinstance.py:2303} INFO - Starting attempt 1 of 3
[2026-04-04T21:01:08.930+0000] {taskinstance.py:2327} INFO - Executing <Task(PythonOperator): scrape_blizzard> on 2026-04-03 06:00:00+00:00
[2026-04-04T21:01:08.951+0000] {logging_mixin.py:188} WARNING - /home/***/.local/lib/python3.12/site-packages/***/task/task_runner/standard_task_runner.py:61 DeprecationWarning: This process (pid=183) is multi-threaded, use of fork() may lead to deadlocks in the child.
[2026-04-04T21:01:08.954+0000] {standard_task_runner.py:63} INFO - Started process 184 to run task
[2026-04-04T21:01:08.952+0000] {standard_task_runner.py:90} INFO - Running: ['***', 'tasks', 'run', 'overwatch2_pipeline', 'scrape_blizzard', 'scheduled__2026-04-03T06:00:00+00:00', '--job-id', '1198', '--raw', '--subdir', 'DAGS_FOLDER/overwatch2_pipeline.py', '--cfg-path', '/tmp/tmpz_yty66w']
[2026-04-04T21:01:08.959+0000] {standard_task_runner.py:91} INFO - Job 1198: Subtask scrape_blizzard
[2026-04-04T21:01:09.104+0000] {task_command.py:426} INFO - Running <TaskInstance: overwatch2_pipeline.scrape_blizzard scheduled__2026-04-03T06:00:00+00:00 [running]> on host 5f83853c16fb
[2026-04-04T21:01:09.306+0000] {taskinstance.py:2644} INFO - Exporting env vars: AIRFLOW_CTX_DAG_OWNER='angel' AIRFLOW_CTX_DAG_ID='overwatch2_pipeline' AIRFLOW_CTX_TASK_ID='scrape_blizzard' AIRFLOW_CTX_EXECUTION_DATE='2026-04-03T06:00:00+00:00' AIRFLOW_CTX_TRY_NUMBER='1' AIRFLOW_CTX_DAG_RUN_ID='scheduled__2026-04-03T06:00:00+00:00'
[2026-04-04T21:01:09.307+0000] {taskinstance.py:430} INFO - ::endgroup::
[2026-04-04T21:01:09.331+0000] {overwatch2_pipeline.py:294} INFO - ── Scrapeando URL 2: /en-us/heroes/ ──
[2026-04-04T21:01:10.188+0000] {overwatch2_pipeline.py:211} INFO -   ✅ URL 2 (/heroes/) → 0 dificultades extraidas
[2026-04-04T21:01:11.217+0000] {overwatch2_pipeline.py:300} INFO - ── Scrapeando URL 1: /en-us/rates/ ──
[2026-04-04T21:01:11.624+0000] {overwatch2_pipeline.py:319} INFO -   ✅ PC / Americas / rq=0 / tier=All → 50 heroes (limpios)
[2026-04-04T21:01:13.050+0000] {overwatch2_pipeline.py:319} INFO -   ✅ PC / Americas / rq=1 / tier=All → 50 heroes (limpios)
[2026-04-04T21:01:14.504+0000] {overwatch2_pipeline.py:319} INFO -   ✅ PC / Europe / rq=0 / tier=All → 50 heroes (limpios)
[2026-04-04T21:01:15.948+0000] {overwatch2_pipeline.py:319} INFO -   ✅ PC / Europe / rq=1 / tier=All → 50 heroes (limpios)
[2026-04-04T21:01:17.369+0000] {overwatch2_pipeline.py:319} INFO -   ✅ PC / Asia / rq=0 / tier=All → 50 heroes (limpios)
[2026-04-04T21:01:19.254+0000] {overwatch2_pipeline.py:319} INFO -   ✅ PC / Asia / rq=1 / tier=All → 50 heroes (limpios)
[2026-04-04T21:01:20.678+0000] {overwatch2_pipeline.py:319} INFO -   ✅ Console / Americas / rq=0 / tier=All → 50 heroes (limpios)
[2026-04-04T21:01:22.061+0000] {overwatch2_pipeline.py:319} INFO -   ✅ Console / Americas / rq=1 / tier=All → 50 heroes (limpios)
[2026-04-04T21:01:23.436+0000] {overwatch2_pipeline.py:319} INFO -   ✅ Console / Europe / rq=0 / tier=All → 50 heroes (limpios)
[2026-04-04T21:01:24.814+0000] {overwatch2_pipeline.py:319} INFO -   ✅ Console / Europe / rq=1 / tier=All → 50 heroes (limpios)
[2026-04-04T21:01:26.259+0000] {overwatch2_pipeline.py:319} INFO -   ✅ Console / Asia / rq=0 / tier=All → 50 heroes (limpios)
[2026-04-04T21:01:27.532+0000] {overwatch2_pipeline.py:319} INFO -   ✅ Console / Asia / rq=1 / tier=All → 50 heroes (limpios)
[2026-04-04T21:01:28.533+0000] {overwatch2_pipeline.py:326} INFO - ✅ Scrape completado: 600 registros | 0 errores
[2026-04-04T21:01:28.562+0000] {python.py:237} INFO - Done. Returned value was: None
[2026-04-04T21:01:28.564+0000] {taskinstance.py:441} INFO - ::group::Post task execution logs
[2026-04-04T21:01:28.578+0000] {taskinstance.py:1205} INFO - Marking task as SUCCESS. dag_id=overwatch2_pipeline, task_id=scrape_blizzard, execution_date=20260403T060000, start_date=20260404T210108, end_date=20260404T210128
[2026-04-04T21:01:28.627+0000] {local_task_job_runner.py:240} INFO - Task exited with return code 0
[2026-04-04T21:01:28.664+0000] {taskinstance.py:3482} INFO - 1 downstream tasks scheduled from follow-on schedule check
[2026-04-04T21:01:28.668+0000] {local_task_job_runner.py:222} INFO - ::endgroup::
