[2026-03-26T02:02:52.375+0000] {local_task_job_runner.py:120} INFO - ::group::Pre task execution logs
[2026-03-26T02:02:52.406+0000] {taskinstance.py:2073} INFO - Dependencies all met for dep_context=non-requeueable deps ti=<TaskInstance: overwatch2_pipeline.scrape_blizzard manual__2026-03-25T22:16:37.395045+00:00 [queued]>
[2026-03-26T02:02:52.414+0000] {taskinstance.py:2073} INFO - Dependencies all met for dep_context=requeueable deps ti=<TaskInstance: overwatch2_pipeline.scrape_blizzard manual__2026-03-25T22:16:37.395045+00:00 [queued]>
[2026-03-26T02:02:52.415+0000] {taskinstance.py:2303} INFO - Starting attempt 10 of 12
[2026-03-26T02:02:52.428+0000] {taskinstance.py:2327} INFO - Executing <Task(PythonOperator): scrape_blizzard> on 2026-03-25 22:16:37.395045+00:00
[2026-03-26T02:02:52.437+0000] {logging_mixin.py:188} WARNING - /home/***/.local/lib/python3.12/site-packages/***/task/task_runner/standard_task_runner.py:61 DeprecationWarning: This process (pid=177) is multi-threaded, use of fork() may lead to deadlocks in the child.
[2026-03-26T02:02:52.437+0000] {standard_task_runner.py:90} INFO - Running: ['***', 'tasks', 'run', 'overwatch2_pipeline', 'scrape_blizzard', 'manual__2026-03-25T22:16:37.395045+00:00', '--job-id', '538', '--raw', '--subdir', 'DAGS_FOLDER/overwatch2_pipeline.py', '--cfg-path', '/tmp/tmp40e9nt74']
[2026-03-26T02:02:52.439+0000] {standard_task_runner.py:63} INFO - Started process 178 to run task
[2026-03-26T02:02:52.440+0000] {standard_task_runner.py:91} INFO - Job 538: Subtask scrape_blizzard
[2026-03-26T02:02:52.511+0000] {task_command.py:426} INFO - Running <TaskInstance: overwatch2_pipeline.scrape_blizzard manual__2026-03-25T22:16:37.395045+00:00 [running]> on host 5f83853c16fb
[2026-03-26T02:02:52.615+0000] {taskinstance.py:2644} INFO - Exporting env vars: AIRFLOW_CTX_DAG_OWNER='angel' AIRFLOW_CTX_DAG_ID='overwatch2_pipeline' AIRFLOW_CTX_TASK_ID='scrape_blizzard' AIRFLOW_CTX_EXECUTION_DATE='2026-03-25T22:16:37.395045+00:00' AIRFLOW_CTX_TRY_NUMBER='10' AIRFLOW_CTX_DAG_RUN_ID='manual__2026-03-25T22:16:37.395045+00:00'
[2026-03-26T02:02:52.617+0000] {taskinstance.py:430} INFO - ::endgroup::
[2026-03-26T02:02:52.628+0000] {overwatch2_pipeline.py:293} INFO - ── Scrapeando URL 2: /en-us/heroes/ ──
[2026-03-26T02:02:53.309+0000] {overwatch2_pipeline.py:210} INFO -   ✅ URL 2 (/heroes/) → 0 dificultades extraidas
[2026-03-26T02:02:54.325+0000] {overwatch2_pipeline.py:299} INFO - ── Scrapeando URL 1: /en-us/rates/ ──
[2026-03-26T02:02:54.615+0000] {overwatch2_pipeline.py:318} INFO -   ✅ PC / Americas / rq=0 / tier=All → 50 heroes (limpios)
[2026-03-26T02:02:55.915+0000] {overwatch2_pipeline.py:318} INFO -   ✅ PC / Americas / rq=1 / tier=All → 50 heroes (limpios)
[2026-03-26T02:02:57.228+0000] {overwatch2_pipeline.py:318} INFO -   ✅ PC / Europe / rq=0 / tier=All → 50 heroes (limpios)
[2026-03-26T02:02:58.513+0000] {overwatch2_pipeline.py:318} INFO -   ✅ PC / Europe / rq=1 / tier=All → 50 heroes (limpios)
[2026-03-26T02:02:59.885+0000] {overwatch2_pipeline.py:318} INFO -   ✅ PC / Asia / rq=0 / tier=All → 50 heroes (limpios)
[2026-03-26T02:03:01.183+0000] {overwatch2_pipeline.py:318} INFO -   ✅ PC / Asia / rq=1 / tier=All → 50 heroes (limpios)
[2026-03-26T02:03:02.746+0000] {overwatch2_pipeline.py:318} INFO -   ✅ Console / Americas / rq=0 / tier=All → 50 heroes (limpios)
[2026-03-26T02:03:04.899+0000] {overwatch2_pipeline.py:318} INFO -   ✅ Console / Americas / rq=1 / tier=All → 50 heroes (limpios)
[2026-03-26T02:03:06.309+0000] {overwatch2_pipeline.py:318} INFO -   ✅ Console / Europe / rq=0 / tier=All → 50 heroes (limpios)
[2026-03-26T02:03:07.753+0000] {overwatch2_pipeline.py:318} INFO -   ✅ Console / Europe / rq=1 / tier=All → 50 heroes (limpios)
[2026-03-26T02:03:09.280+0000] {overwatch2_pipeline.py:318} INFO -   ✅ Console / Asia / rq=0 / tier=All → 50 heroes (limpios)
[2026-03-26T02:03:10.527+0000] {overwatch2_pipeline.py:318} INFO -   ✅ Console / Asia / rq=1 / tier=All → 50 heroes (limpios)
[2026-03-26T02:03:11.528+0000] {overwatch2_pipeline.py:325} INFO - ✅ Scrape completado: 600 registros | 0 errores
[2026-03-26T02:03:11.549+0000] {python.py:237} INFO - Done. Returned value was: None
[2026-03-26T02:03:11.550+0000] {taskinstance.py:441} INFO - ::group::Post task execution logs
[2026-03-26T02:03:11.562+0000] {taskinstance.py:1205} INFO - Marking task as SUCCESS. dag_id=overwatch2_pipeline, task_id=scrape_blizzard, execution_date=20260325T221637, start_date=20260326T020252, end_date=20260326T020311
[2026-03-26T02:03:11.629+0000] {local_task_job_runner.py:240} INFO - Task exited with return code 0
[2026-03-26T02:03:11.668+0000] {taskinstance.py:3482} INFO - 1 downstream tasks scheduled from follow-on schedule check
[2026-03-26T02:03:11.670+0000] {local_task_job_runner.py:222} INFO - ::endgroup::
