[2026-03-26T01:49:47.997+0000] {local_task_job_runner.py:120} INFO - ::group::Pre task execution logs
[2026-03-26T01:49:48.028+0000] {taskinstance.py:2073} INFO - Dependencies all met for dep_context=non-requeueable deps ti=<TaskInstance: overwatch2_pipeline.scrape_blizzard manual__2026-03-25T22:16:37.395045+00:00 [queued]>
[2026-03-26T01:49:48.035+0000] {taskinstance.py:2073} INFO - Dependencies all met for dep_context=requeueable deps ti=<TaskInstance: overwatch2_pipeline.scrape_blizzard manual__2026-03-25T22:16:37.395045+00:00 [queued]>
[2026-03-26T01:49:48.036+0000] {taskinstance.py:2303} INFO - Starting attempt 7 of 9
[2026-03-26T01:49:48.049+0000] {taskinstance.py:2327} INFO - Executing <Task(PythonOperator): scrape_blizzard> on 2026-03-25 22:16:37.395045+00:00
[2026-03-26T01:49:48.059+0000] {logging_mixin.py:188} WARNING - /home/***/.local/lib/python3.12/site-packages/***/task/task_runner/standard_task_runner.py:61 DeprecationWarning: This process (pid=194) is multi-threaded, use of fork() may lead to deadlocks in the child.
[2026-03-26T01:49:48.061+0000] {standard_task_runner.py:63} INFO - Started process 195 to run task
[2026-03-26T01:49:48.059+0000] {standard_task_runner.py:90} INFO - Running: ['***', 'tasks', 'run', 'overwatch2_pipeline', 'scrape_blizzard', 'manual__2026-03-25T22:16:37.395045+00:00', '--job-id', '510', '--raw', '--subdir', 'DAGS_FOLDER/overwatch2_pipeline.py', '--cfg-path', '/tmp/tmp5_htk9nw']
[2026-03-26T01:49:48.062+0000] {standard_task_runner.py:91} INFO - Job 510: Subtask scrape_blizzard
[2026-03-26T01:49:48.129+0000] {task_command.py:426} INFO - Running <TaskInstance: overwatch2_pipeline.scrape_blizzard manual__2026-03-25T22:16:37.395045+00:00 [running]> on host d738cc0158d0
[2026-03-26T01:49:48.233+0000] {taskinstance.py:2644} INFO - Exporting env vars: AIRFLOW_CTX_DAG_OWNER='angel' AIRFLOW_CTX_DAG_ID='overwatch2_pipeline' AIRFLOW_CTX_TASK_ID='scrape_blizzard' AIRFLOW_CTX_EXECUTION_DATE='2026-03-25T22:16:37.395045+00:00' AIRFLOW_CTX_TRY_NUMBER='7' AIRFLOW_CTX_DAG_RUN_ID='manual__2026-03-25T22:16:37.395045+00:00'
[2026-03-26T01:49:48.235+0000] {taskinstance.py:430} INFO - ::endgroup::
[2026-03-26T01:49:48.247+0000] {overwatch2_pipeline.py:293} INFO - ── Scrapeando URL 2: /en-us/heroes/ ──
[2026-03-26T01:49:48.920+0000] {overwatch2_pipeline.py:210} INFO -   ✅ URL 2 (/heroes/) → 0 dificultades extraidas
[2026-03-26T01:49:49.937+0000] {overwatch2_pipeline.py:299} INFO - ── Scrapeando URL 1: /en-us/rates/ ──
[2026-03-26T01:49:50.252+0000] {overwatch2_pipeline.py:318} INFO -   ✅ PC / Americas / rq=0 / tier=All → 50 heroes (limpios)
[2026-03-26T01:49:51.529+0000] {overwatch2_pipeline.py:318} INFO -   ✅ PC / Americas / rq=1 / tier=All → 50 heroes (limpios)
[2026-03-26T01:49:52.836+0000] {overwatch2_pipeline.py:318} INFO -   ✅ PC / Europe / rq=0 / tier=All → 50 heroes (limpios)
[2026-03-26T01:49:54.115+0000] {overwatch2_pipeline.py:318} INFO -   ✅ PC / Europe / rq=1 / tier=All → 50 heroes (limpios)
[2026-03-26T01:49:55.496+0000] {overwatch2_pipeline.py:318} INFO -   ✅ PC / Asia / rq=0 / tier=All → 50 heroes (limpios)
[2026-03-26T01:49:56.775+0000] {overwatch2_pipeline.py:318} INFO -   ✅ PC / Asia / rq=1 / tier=All → 50 heroes (limpios)
[2026-03-26T01:49:58.238+0000] {overwatch2_pipeline.py:318} INFO -   ✅ Console / Americas / rq=0 / tier=All → 50 heroes (limpios)
[2026-03-26T01:49:59.489+0000] {overwatch2_pipeline.py:318} INFO -   ✅ Console / Americas / rq=1 / tier=All → 50 heroes (limpios)
[2026-03-26T01:50:00.713+0000] {overwatch2_pipeline.py:318} INFO -   ✅ Console / Europe / rq=0 / tier=All → 50 heroes (limpios)
[2026-03-26T01:50:01.958+0000] {overwatch2_pipeline.py:318} INFO -   ✅ Console / Europe / rq=1 / tier=All → 50 heroes (limpios)
[2026-03-26T01:50:03.623+0000] {overwatch2_pipeline.py:318} INFO -   ✅ Console / Asia / rq=0 / tier=All → 50 heroes (limpios)
[2026-03-26T01:50:04.842+0000] {overwatch2_pipeline.py:318} INFO -   ✅ Console / Asia / rq=1 / tier=All → 50 heroes (limpios)
[2026-03-26T01:50:05.843+0000] {overwatch2_pipeline.py:325} INFO - ✅ Scrape completado: 600 registros | 0 errores
[2026-03-26T01:50:05.864+0000] {python.py:237} INFO - Done. Returned value was: None
[2026-03-26T01:50:05.865+0000] {taskinstance.py:441} INFO - ::group::Post task execution logs
[2026-03-26T01:50:05.875+0000] {taskinstance.py:1205} INFO - Marking task as SUCCESS. dag_id=overwatch2_pipeline, task_id=scrape_blizzard, execution_date=20260325T221637, start_date=20260326T014948, end_date=20260326T015005
[2026-03-26T01:50:05.937+0000] {local_task_job_runner.py:240} INFO - Task exited with return code 0
[2026-03-26T01:50:05.970+0000] {taskinstance.py:3482} INFO - 1 downstream tasks scheduled from follow-on schedule check
[2026-03-26T01:50:05.972+0000] {local_task_job_runner.py:222} INFO - ::endgroup::
