[2026-03-25T22:16:41.905+0000] {local_task_job_runner.py:120} INFO - ::group::Pre task execution logs
[2026-03-25T22:16:41.938+0000] {taskinstance.py:2073} INFO - Dependencies all met for dep_context=non-requeueable deps ti=<TaskInstance: overwatch2_pipeline.scrape_blizzard manual__2026-03-25T22:16:37.395045+00:00 [queued]>
[2026-03-25T22:16:41.946+0000] {taskinstance.py:2073} INFO - Dependencies all met for dep_context=requeueable deps ti=<TaskInstance: overwatch2_pipeline.scrape_blizzard manual__2026-03-25T22:16:37.395045+00:00 [queued]>
[2026-03-25T22:16:41.947+0000] {taskinstance.py:2303} INFO - Starting attempt 1 of 3
[2026-03-25T22:16:41.960+0000] {taskinstance.py:2327} INFO - Executing <Task(PythonOperator): scrape_blizzard> on 2026-03-25 22:16:37.395045+00:00
[2026-03-25T22:16:41.969+0000] {logging_mixin.py:188} WARNING - /home/***/.local/lib/python3.12/site-packages/***/task/task_runner/standard_task_runner.py:61 DeprecationWarning: This process (pid=317) is multi-threaded, use of fork() may lead to deadlocks in the child.
[2026-03-25T22:16:41.971+0000] {standard_task_runner.py:63} INFO - Started process 318 to run task
[2026-03-25T22:16:41.969+0000] {standard_task_runner.py:90} INFO - Running: ['***', 'tasks', 'run', 'overwatch2_pipeline', 'scrape_blizzard', 'manual__2026-03-25T22:16:37.395045+00:00', '--job-id', '300', '--raw', '--subdir', 'DAGS_FOLDER/overwatch2_pipeline.py', '--cfg-path', '/tmp/tmpqzj6u35a']
[2026-03-25T22:16:41.972+0000] {standard_task_runner.py:91} INFO - Job 300: Subtask scrape_blizzard
[2026-03-25T22:16:42.038+0000] {task_command.py:426} INFO - Running <TaskInstance: overwatch2_pipeline.scrape_blizzard manual__2026-03-25T22:16:37.395045+00:00 [running]> on host c606f4a11b92
[2026-03-25T22:16:42.134+0000] {taskinstance.py:2644} INFO - Exporting env vars: AIRFLOW_CTX_DAG_OWNER='angel' AIRFLOW_CTX_DAG_ID='overwatch2_pipeline' AIRFLOW_CTX_TASK_ID='scrape_blizzard' AIRFLOW_CTX_EXECUTION_DATE='2026-03-25T22:16:37.395045+00:00' AIRFLOW_CTX_TRY_NUMBER='1' AIRFLOW_CTX_DAG_RUN_ID='manual__2026-03-25T22:16:37.395045+00:00'
[2026-03-25T22:16:42.135+0000] {taskinstance.py:430} INFO - ::endgroup::
[2026-03-25T22:16:42.146+0000] {overwatch2_pipeline.py:293} INFO - ── Scrapeando URL 2: /en-us/heroes/ ──
[2026-03-25T22:16:42.785+0000] {overwatch2_pipeline.py:210} INFO -   ✅ URL 2 (/heroes/) → 0 dificultades extraidas
[2026-03-25T22:16:43.800+0000] {overwatch2_pipeline.py:299} INFO - ── Scrapeando URL 1: /en-us/rates/ ──
[2026-03-25T22:16:44.267+0000] {overwatch2_pipeline.py:318} INFO -   ✅ PC / Americas / rq=0 / tier=All → 50 heroes (limpios)
[2026-03-25T22:16:45.554+0000] {overwatch2_pipeline.py:318} INFO -   ✅ PC / Americas / rq=1 / tier=All → 50 heroes (limpios)
[2026-03-25T22:16:46.847+0000] {overwatch2_pipeline.py:318} INFO -   ✅ PC / Europe / rq=0 / tier=All → 50 heroes (limpios)
[2026-03-25T22:16:48.228+0000] {overwatch2_pipeline.py:318} INFO -   ✅ PC / Europe / rq=1 / tier=All → 50 heroes (limpios)
[2026-03-25T22:16:49.541+0000] {overwatch2_pipeline.py:318} INFO -   ✅ PC / Asia / rq=0 / tier=All → 50 heroes (limpios)
[2026-03-25T22:16:51.003+0000] {overwatch2_pipeline.py:318} INFO -   ✅ PC / Asia / rq=1 / tier=All → 50 heroes (limpios)
[2026-03-25T22:16:52.420+0000] {overwatch2_pipeline.py:318} INFO -   ✅ Console / Americas / rq=0 / tier=All → 50 heroes (limpios)
[2026-03-25T22:16:53.698+0000] {overwatch2_pipeline.py:318} INFO -   ✅ Console / Americas / rq=1 / tier=All → 50 heroes (limpios)
[2026-03-25T22:16:54.995+0000] {overwatch2_pipeline.py:318} INFO -   ✅ Console / Europe / rq=0 / tier=All → 50 heroes (limpios)
[2026-03-25T22:16:56.498+0000] {overwatch2_pipeline.py:318} INFO -   ✅ Console / Europe / rq=1 / tier=All → 50 heroes (limpios)
[2026-03-25T22:16:57.720+0000] {overwatch2_pipeline.py:318} INFO -   ✅ Console / Asia / rq=0 / tier=All → 50 heroes (limpios)
[2026-03-25T22:16:58.942+0000] {overwatch2_pipeline.py:318} INFO -   ✅ Console / Asia / rq=1 / tier=All → 50 heroes (limpios)
[2026-03-25T22:16:59.943+0000] {overwatch2_pipeline.py:325} INFO - ✅ Scrape completado: 600 registros | 0 errores
[2026-03-25T22:16:59.962+0000] {python.py:237} INFO - Done. Returned value was: None
[2026-03-25T22:16:59.964+0000] {taskinstance.py:441} INFO - ::group::Post task execution logs
[2026-03-25T22:16:59.976+0000] {taskinstance.py:1205} INFO - Marking task as SUCCESS. dag_id=overwatch2_pipeline, task_id=scrape_blizzard, execution_date=20260325T221637, start_date=20260325T221641, end_date=20260325T221659
[2026-03-25T22:17:00.009+0000] {local_task_job_runner.py:240} INFO - Task exited with return code 0
[2026-03-25T22:17:00.039+0000] {taskinstance.py:3482} INFO - 1 downstream tasks scheduled from follow-on schedule check
[2026-03-25T22:17:00.041+0000] {local_task_job_runner.py:222} INFO - ::endgroup::
