[2026-03-23T21:22:19.949+0000] {local_task_job_runner.py:120} INFO - ::group::Pre task execution logs
[2026-03-23T21:22:19.980+0000] {taskinstance.py:2073} INFO - Dependencies all met for dep_context=non-requeueable deps ti=<TaskInstance: overwatch2_pipeline.scrape_blizzard scheduled__2026-03-22T00:00:00+00:00 [queued]>
[2026-03-23T21:22:19.988+0000] {taskinstance.py:2073} INFO - Dependencies all met for dep_context=requeueable deps ti=<TaskInstance: overwatch2_pipeline.scrape_blizzard scheduled__2026-03-22T00:00:00+00:00 [queued]>
[2026-03-23T21:22:19.989+0000] {taskinstance.py:2303} INFO - Starting attempt 1 of 3
[2026-03-23T21:22:20.000+0000] {taskinstance.py:2327} INFO - Executing <Task(PythonOperator): scrape_blizzard> on 2026-03-22 00:00:00+00:00
[2026-03-23T21:22:20.009+0000] {logging_mixin.py:188} WARNING - /home/***/.local/lib/python3.12/site-packages/***/task/task_runner/standard_task_runner.py:61 DeprecationWarning: This process (pid=195) is multi-threaded, use of fork() may lead to deadlocks in the child.
[2026-03-23T21:22:20.010+0000] {standard_task_runner.py:63} INFO - Started process 196 to run task
[2026-03-23T21:22:20.009+0000] {standard_task_runner.py:90} INFO - Running: ['***', 'tasks', 'run', 'overwatch2_pipeline', 'scrape_blizzard', 'scheduled__2026-03-22T00:00:00+00:00', '--job-id', '235', '--raw', '--subdir', 'DAGS_FOLDER/overwatch2_pipeline.py', '--cfg-path', '/tmp/tmpthe4yq4k']
[2026-03-23T21:22:20.011+0000] {standard_task_runner.py:91} INFO - Job 235: Subtask scrape_blizzard
[2026-03-23T21:22:20.078+0000] {task_command.py:426} INFO - Running <TaskInstance: overwatch2_pipeline.scrape_blizzard scheduled__2026-03-22T00:00:00+00:00 [running]> on host d57c35dcabbf
[2026-03-23T21:22:20.170+0000] {taskinstance.py:2644} INFO - Exporting env vars: AIRFLOW_CTX_DAG_OWNER='angel' AIRFLOW_CTX_DAG_ID='overwatch2_pipeline' AIRFLOW_CTX_TASK_ID='scrape_blizzard' AIRFLOW_CTX_EXECUTION_DATE='2026-03-22T00:00:00+00:00' AIRFLOW_CTX_TRY_NUMBER='1' AIRFLOW_CTX_DAG_RUN_ID='scheduled__2026-03-22T00:00:00+00:00'
[2026-03-23T21:22:20.173+0000] {taskinstance.py:430} INFO - ::endgroup::
[2026-03-23T21:22:20.880+0000] {overwatch2_pipeline.py:202} INFO -   ✅ PC / Americas / rq=0 / tier=All → 50 heroes
[2026-03-23T21:22:22.113+0000] {overwatch2_pipeline.py:202} INFO -   ✅ PC / Americas / rq=1 / tier=All → 50 heroes
[2026-03-23T21:22:23.392+0000] {overwatch2_pipeline.py:202} INFO -   ✅ PC / Europe / rq=0 / tier=All → 50 heroes
[2026-03-23T21:22:24.653+0000] {overwatch2_pipeline.py:202} INFO -   ✅ PC / Europe / rq=1 / tier=All → 50 heroes
[2026-03-23T21:22:25.889+0000] {overwatch2_pipeline.py:202} INFO -   ✅ PC / Asia / rq=0 / tier=All → 50 heroes
[2026-03-23T21:22:27.312+0000] {overwatch2_pipeline.py:202} INFO -   ✅ PC / Asia / rq=1 / tier=All → 50 heroes
[2026-03-23T21:22:28.574+0000] {overwatch2_pipeline.py:202} INFO -   ✅ Console / Americas / rq=0 / tier=All → 50 heroes
[2026-03-23T21:22:29.811+0000] {overwatch2_pipeline.py:202} INFO -   ✅ Console / Americas / rq=1 / tier=All → 50 heroes
[2026-03-23T21:22:31.029+0000] {overwatch2_pipeline.py:202} INFO -   ✅ Console / Europe / rq=0 / tier=All → 50 heroes
[2026-03-23T21:22:32.296+0000] {overwatch2_pipeline.py:202} INFO -   ✅ Console / Europe / rq=1 / tier=All → 50 heroes
[2026-03-23T21:22:33.687+0000] {overwatch2_pipeline.py:202} INFO -   ✅ Console / Asia / rq=0 / tier=All → 50 heroes
[2026-03-23T21:22:35.005+0000] {overwatch2_pipeline.py:202} INFO -   ✅ Console / Asia / rq=1 / tier=All → 50 heroes
[2026-03-23T21:22:36.006+0000] {overwatch2_pipeline.py:209} INFO - ✅ Scrape completado: 600 registros | 0 errores
[2026-03-23T21:22:36.034+0000] {python.py:237} INFO - Done. Returned value was: None
[2026-03-23T21:22:36.035+0000] {taskinstance.py:441} INFO - ::group::Post task execution logs
[2026-03-23T21:22:36.050+0000] {taskinstance.py:1205} INFO - Marking task as SUCCESS. dag_id=overwatch2_pipeline, task_id=scrape_blizzard, execution_date=20260322T000000, start_date=20260323T212219, end_date=20260323T212236
[2026-03-23T21:22:36.121+0000] {local_task_job_runner.py:240} INFO - Task exited with return code 0
[2026-03-23T21:22:36.155+0000] {taskinstance.py:3482} INFO - 1 downstream tasks scheduled from follow-on schedule check
[2026-03-23T21:22:36.157+0000] {local_task_job_runner.py:222} INFO - ::endgroup::
