[2026-03-31T00:00:39.565+0000] {local_task_job_runner.py:120} INFO - ::group::Pre task execution logs
[2026-03-31T00:00:39.603+0000] {taskinstance.py:2073} INFO - Dependencies all met for dep_context=non-requeueable deps ti=<TaskInstance: overwatch2_pipeline.scrape_blizzard scheduled__2026-03-29T06:00:00+00:00 [queued]>
[2026-03-31T00:00:39.613+0000] {taskinstance.py:2073} INFO - Dependencies all met for dep_context=requeueable deps ti=<TaskInstance: overwatch2_pipeline.scrape_blizzard scheduled__2026-03-29T06:00:00+00:00 [queued]>
[2026-03-31T00:00:39.614+0000] {taskinstance.py:2303} INFO - Starting attempt 1 of 3
[2026-03-31T00:00:39.629+0000] {taskinstance.py:2327} INFO - Executing <Task(PythonOperator): scrape_blizzard> on 2026-03-29 06:00:00+00:00
[2026-03-31T00:00:39.639+0000] {logging_mixin.py:188} WARNING - /home/***/.local/lib/python3.12/site-packages/***/task/task_runner/standard_task_runner.py:61 DeprecationWarning: This process (pid=180) is multi-threaded, use of fork() may lead to deadlocks in the child.
[2026-03-31T00:00:39.641+0000] {standard_task_runner.py:63} INFO - Started process 181 to run task
[2026-03-31T00:00:39.639+0000] {standard_task_runner.py:90} INFO - Running: ['***', 'tasks', 'run', 'overwatch2_pipeline', 'scrape_blizzard', 'scheduled__2026-03-29T06:00:00+00:00', '--job-id', '1143', '--raw', '--subdir', 'DAGS_FOLDER/overwatch2_pipeline.py', '--cfg-path', '/tmp/tmpzn19me2p']
[2026-03-31T00:00:39.642+0000] {standard_task_runner.py:91} INFO - Job 1143: Subtask scrape_blizzard
[2026-03-31T00:00:39.707+0000] {task_command.py:426} INFO - Running <TaskInstance: overwatch2_pipeline.scrape_blizzard scheduled__2026-03-29T06:00:00+00:00 [running]> on host 5f83853c16fb
[2026-03-31T00:00:39.800+0000] {taskinstance.py:2644} INFO - Exporting env vars: AIRFLOW_CTX_DAG_OWNER='angel' AIRFLOW_CTX_DAG_ID='overwatch2_pipeline' AIRFLOW_CTX_TASK_ID='scrape_blizzard' AIRFLOW_CTX_EXECUTION_DATE='2026-03-29T06:00:00+00:00' AIRFLOW_CTX_TRY_NUMBER='1' AIRFLOW_CTX_DAG_RUN_ID='scheduled__2026-03-29T06:00:00+00:00'
[2026-03-31T00:00:39.801+0000] {taskinstance.py:430} INFO - ::endgroup::
[2026-03-31T00:00:39.813+0000] {overwatch2_pipeline.py:294} INFO - ── Scrapeando URL 2: /en-us/heroes/ ──
[2026-03-31T00:00:40.314+0000] {overwatch2_pipeline.py:211} INFO -   ✅ URL 2 (/heroes/) → 0 dificultades extraidas
[2026-03-31T00:00:41.329+0000] {overwatch2_pipeline.py:300} INFO - ── Scrapeando URL 1: /en-us/rates/ ──
[2026-03-31T00:00:41.684+0000] {overwatch2_pipeline.py:319} INFO -   ✅ PC / Americas / rq=0 / tier=All → 50 heroes (limpios)
[2026-03-31T00:00:43.300+0000] {overwatch2_pipeline.py:319} INFO -   ✅ PC / Americas / rq=1 / tier=All → 50 heroes (limpios)
[2026-03-31T00:00:44.946+0000] {overwatch2_pipeline.py:319} INFO -   ✅ PC / Europe / rq=0 / tier=All → 50 heroes (limpios)
[2026-03-31T00:00:46.326+0000] {overwatch2_pipeline.py:319} INFO -   ✅ PC / Europe / rq=1 / tier=All → 50 heroes (limpios)
[2026-03-31T00:00:47.709+0000] {overwatch2_pipeline.py:319} INFO -   ✅ PC / Asia / rq=0 / tier=All → 50 heroes (limpios)
[2026-03-31T00:00:49.351+0000] {overwatch2_pipeline.py:319} INFO -   ✅ PC / Asia / rq=1 / tier=All → 50 heroes (limpios)
[2026-03-31T00:00:50.689+0000] {overwatch2_pipeline.py:319} INFO -   ✅ Console / Americas / rq=0 / tier=All → 50 heroes (limpios)
[2026-03-31T00:00:52.031+0000] {overwatch2_pipeline.py:319} INFO -   ✅ Console / Americas / rq=1 / tier=All → 50 heroes (limpios)
[2026-03-31T00:00:53.393+0000] {overwatch2_pipeline.py:319} INFO -   ✅ Console / Europe / rq=0 / tier=All → 50 heroes (limpios)
[2026-03-31T00:00:54.740+0000] {overwatch2_pipeline.py:319} INFO -   ✅ Console / Europe / rq=1 / tier=All → 50 heroes (limpios)
[2026-03-31T00:00:56.046+0000] {overwatch2_pipeline.py:319} INFO -   ✅ Console / Asia / rq=0 / tier=All → 50 heroes (limpios)
[2026-03-31T00:00:57.339+0000] {overwatch2_pipeline.py:319} INFO -   ✅ Console / Asia / rq=1 / tier=All → 50 heroes (limpios)
[2026-03-31T00:00:58.340+0000] {overwatch2_pipeline.py:326} INFO - ✅ Scrape completado: 600 registros | 0 errores
[2026-03-31T00:00:58.367+0000] {python.py:237} INFO - Done. Returned value was: None
[2026-03-31T00:00:58.369+0000] {taskinstance.py:441} INFO - ::group::Post task execution logs
[2026-03-31T00:00:58.380+0000] {taskinstance.py:1205} INFO - Marking task as SUCCESS. dag_id=overwatch2_pipeline, task_id=scrape_blizzard, execution_date=20260329T060000, start_date=20260331T000039, end_date=20260331T000058
[2026-03-31T00:00:58.424+0000] {local_task_job_runner.py:240} INFO - Task exited with return code 0
[2026-03-31T00:00:58.457+0000] {taskinstance.py:3482} INFO - 1 downstream tasks scheduled from follow-on schedule check
[2026-03-31T00:00:58.464+0000] {local_task_job_runner.py:222} INFO - ::endgroup::
