[2026-04-13T20:58:01.396+0000] {processor.py:161} INFO - Started process (PID=189) to work on /opt/airflow/dags/overwatch2_pipeline.py
[2026-04-13T20:58:01.397+0000] {processor.py:830} INFO - Processing file /opt/airflow/dags/overwatch2_pipeline.py for tasks to queue
[2026-04-13T20:58:01.400+0000] {logging_mixin.py:188} INFO - [2026-04-13T20:58:01.400+0000] {dagbag.py:540} INFO - Filling up the DagBag from /opt/airflow/dags/overwatch2_pipeline.py
[2026-04-13T20:58:01.447+0000] {processor.py:840} INFO - DAG(s) 'overwatch2_pipeline' retrieved from /opt/airflow/dags/overwatch2_pipeline.py
[2026-04-13T20:58:01.520+0000] {logging_mixin.py:188} INFO - [2026-04-13T20:58:01.520+0000] {dag.py:3096} INFO - Sync 1 DAGs
[2026-04-13T20:58:01.556+0000] {logging_mixin.py:188} INFO - [2026-04-13T20:58:01.556+0000] {dag.py:3954} INFO - Setting next_dagrun for overwatch2_pipeline to 2026-04-13 06:00:00+00:00, run_after=2026-04-14 06:00:00+00:00
[2026-04-13T20:58:01.591+0000] {processor.py:183} INFO - Processing /opt/airflow/dags/overwatch2_pipeline.py took 0.203 seconds
[2026-04-13T20:58:31.657+0000] {processor.py:161} INFO - Started process (PID=206) to work on /opt/airflow/dags/overwatch2_pipeline.py
[2026-04-13T20:58:31.658+0000] {processor.py:830} INFO - Processing file /opt/airflow/dags/overwatch2_pipeline.py for tasks to queue
[2026-04-13T20:58:31.660+0000] {logging_mixin.py:188} INFO - [2026-04-13T20:58:31.660+0000] {dagbag.py:540} INFO - Filling up the DagBag from /opt/airflow/dags/overwatch2_pipeline.py
[2026-04-13T20:58:31.692+0000] {processor.py:840} INFO - DAG(s) 'overwatch2_pipeline' retrieved from /opt/airflow/dags/overwatch2_pipeline.py
[2026-04-13T20:58:31.706+0000] {logging_mixin.py:188} INFO - [2026-04-13T20:58:31.706+0000] {dag.py:3096} INFO - Sync 1 DAGs
[2026-04-13T20:58:31.728+0000] {logging_mixin.py:188} INFO - [2026-04-13T20:58:31.727+0000] {dag.py:3954} INFO - Setting next_dagrun for overwatch2_pipeline to 2026-04-13 06:00:00+00:00, run_after=2026-04-14 06:00:00+00:00
[2026-04-13T20:58:31.746+0000] {processor.py:183} INFO - Processing /opt/airflow/dags/overwatch2_pipeline.py took 0.095 seconds
[2026-04-13T20:59:01.867+0000] {processor.py:161} INFO - Started process (PID=219) to work on /opt/airflow/dags/overwatch2_pipeline.py
[2026-04-13T20:59:01.869+0000] {processor.py:830} INFO - Processing file /opt/airflow/dags/overwatch2_pipeline.py for tasks to queue
[2026-04-13T20:59:01.872+0000] {logging_mixin.py:188} INFO - [2026-04-13T20:59:01.872+0000] {dagbag.py:540} INFO - Filling up the DagBag from /opt/airflow/dags/overwatch2_pipeline.py
[2026-04-13T20:59:01.906+0000] {processor.py:840} INFO - DAG(s) 'overwatch2_pipeline' retrieved from /opt/airflow/dags/overwatch2_pipeline.py
[2026-04-13T20:59:02.061+0000] {logging_mixin.py:188} INFO - [2026-04-13T20:59:02.061+0000] {dag.py:3096} INFO - Sync 1 DAGs
[2026-04-13T20:59:02.084+0000] {logging_mixin.py:188} INFO - [2026-04-13T20:59:02.084+0000] {dag.py:3954} INFO - Setting next_dagrun for overwatch2_pipeline to 2026-04-13 06:00:00+00:00, run_after=2026-04-14 06:00:00+00:00
[2026-04-13T20:59:02.110+0000] {processor.py:183} INFO - Processing /opt/airflow/dags/overwatch2_pipeline.py took 0.249 seconds
[2026-04-13T20:59:32.382+0000] {processor.py:161} INFO - Started process (PID=224) to work on /opt/airflow/dags/overwatch2_pipeline.py
[2026-04-13T20:59:32.383+0000] {processor.py:830} INFO - Processing file /opt/airflow/dags/overwatch2_pipeline.py for tasks to queue
[2026-04-13T20:59:32.387+0000] {logging_mixin.py:188} INFO - [2026-04-13T20:59:32.386+0000] {dagbag.py:540} INFO - Filling up the DagBag from /opt/airflow/dags/overwatch2_pipeline.py
[2026-04-13T20:59:32.427+0000] {processor.py:840} INFO - DAG(s) 'overwatch2_pipeline' retrieved from /opt/airflow/dags/overwatch2_pipeline.py
[2026-04-13T20:59:32.468+0000] {logging_mixin.py:188} INFO - [2026-04-13T20:59:32.467+0000] {dag.py:3096} INFO - Sync 1 DAGs
[2026-04-13T20:59:32.495+0000] {logging_mixin.py:188} INFO - [2026-04-13T20:59:32.495+0000] {dag.py:3954} INFO - Setting next_dagrun for overwatch2_pipeline to 2026-04-13 06:00:00+00:00, run_after=2026-04-14 06:00:00+00:00
[2026-04-13T20:59:32.528+0000] {processor.py:183} INFO - Processing /opt/airflow/dags/overwatch2_pipeline.py took 0.154 seconds
