[2026-04-20T18:16:00.523+0000] {local_task_job_runner.py:120} INFO - ::group::Pre task execution logs
[2026-04-20T18:16:00.562+0000] {taskinstance.py:2073} INFO - Dependencies all met for dep_context=non-requeueable deps ti=<TaskInstance: overwatch2_pipeline.etl_principal scheduled__2026-04-19T06:00:00+00:00 [queued]>
[2026-04-20T18:16:00.577+0000] {taskinstance.py:2073} INFO - Dependencies all met for dep_context=requeueable deps ti=<TaskInstance: overwatch2_pipeline.etl_principal scheduled__2026-04-19T06:00:00+00:00 [queued]>
[2026-04-20T18:16:00.583+0000] {taskinstance.py:2303} INFO - Starting attempt 1 of 3
[2026-04-20T18:16:00.602+0000] {taskinstance.py:2327} INFO - Executing <Task(PythonOperator): etl_principal> on 2026-04-19 06:00:00+00:00
[2026-04-20T18:16:00.614+0000] {logging_mixin.py:188} WARNING - /home/***/.local/lib/python3.12/site-packages/***/task/task_runner/standard_task_runner.py:61 DeprecationWarning: This process (pid=179) is multi-threaded, use of fork() may lead to deadlocks in the child.
[2026-04-20T18:16:00.614+0000] {standard_task_runner.py:90} INFO - Running: ['***', 'tasks', 'run', 'overwatch2_pipeline', 'etl_principal', 'scheduled__2026-04-19T06:00:00+00:00', '--job-id', '1383', '--raw', '--subdir', 'DAGS_FOLDER/overwatch2_pipeline.py', '--cfg-path', '/tmp/tmpej9x_3xg']
[2026-04-20T18:16:00.616+0000] {standard_task_runner.py:63} INFO - Started process 180 to run task
[2026-04-20T18:16:00.616+0000] {standard_task_runner.py:91} INFO - Job 1383: Subtask etl_principal
[2026-04-20T18:16:00.686+0000] {task_command.py:426} INFO - Running <TaskInstance: overwatch2_pipeline.etl_principal scheduled__2026-04-19T06:00:00+00:00 [running]> on host e74ce4de20a5
[2026-04-20T18:16:00.794+0000] {taskinstance.py:2644} INFO - Exporting env vars: AIRFLOW_CTX_DAG_OWNER='angel' AIRFLOW_CTX_DAG_ID='overwatch2_pipeline' AIRFLOW_CTX_TASK_ID='etl_principal' AIRFLOW_CTX_EXECUTION_DATE='2026-04-19T06:00:00+00:00' AIRFLOW_CTX_TRY_NUMBER='1' AIRFLOW_CTX_DAG_RUN_ID='scheduled__2026-04-19T06:00:00+00:00'
[2026-04-20T18:16:00.797+0000] {taskinstance.py:430} INFO - ::endgroup::
[2026-04-20T18:16:05.821+0000] {local_task_job_runner.py:124} ERROR - Received SIGTERM. Terminating subprocesses
[2026-04-20T18:16:05.827+0000] {process_utils.py:132} INFO - Sending 15 to group 180. PIDs of all processes in the group: [180]
[2026-04-20T18:16:05.828+0000] {process_utils.py:87} INFO - Sending the signal 15 to group 180
[2026-04-20T18:16:05.830+0000] {taskinstance.py:2607} ERROR - Received SIGTERM. Terminating subprocesses.
[2026-04-20T18:16:05.831+0000] {taskinstance.py:441} INFO - ::group::Post task execution logs
[2026-04-20T18:16:05.848+0000] {taskinstance.py:2890} ERROR - Task failed with exception
Traceback (most recent call last):
  File "/home/airflow/.local/lib/python3.12/site-packages/airflow/models/taskinstance.py", line 465, in _execute_task
    result = _execute_callable(context=context, **execute_callable_kwargs)
             ^^^^^^^^^^^^^^^^^^^^^^^^^^^^^^^^^^^^^^^^^^^^^^^^^^^^^^^^^^^^^
  File "/home/airflow/.local/lib/python3.12/site-packages/airflow/models/taskinstance.py", line 432, in _execute_callable
    return execute_callable(context=context, **execute_callable_kwargs)
           ^^^^^^^^^^^^^^^^^^^^^^^^^^^^^^^^^^^^^^^^^^^^^^^^^^^^^^^^^^^^
  File "/home/airflow/.local/lib/python3.12/site-packages/airflow/models/baseoperator.py", line 400, in wrapper
    return func(self, *args, **kwargs)
           ^^^^^^^^^^^^^^^^^^^^^^^^^^^
  File "/home/airflow/.local/lib/python3.12/site-packages/airflow/operators/python.py", line 235, in execute
    return_value = self.execute_callable()
                   ^^^^^^^^^^^^^^^^^^^^^^^
  File "/home/airflow/.local/lib/python3.12/site-packages/airflow/operators/python.py", line 252, in execute_callable
    return self.python_callable(*self.op_args, **self.op_kwargs)
           ^^^^^^^^^^^^^^^^^^^^^^^^^^^^^^^^^^^^^^^^^^^^^^^^^^^^^
  File "/opt/airflow/dags/overwatch2_pipeline.py", line 535, in task_etl_principal
    cur.execute("""
  File "/usr/local/lib/python3.12/encodings/utf_8.py", line 15, in decode
    def decode(input, errors='strict'):
    
  File "/home/airflow/.local/lib/python3.12/site-packages/airflow/models/taskinstance.py", line 2609, in signal_handler
    raise AirflowTaskTerminated("Task received SIGTERM signal")
airflow.exceptions.AirflowTaskTerminated: Task received SIGTERM signal
[2026-04-20T18:16:05.860+0000] {taskinstance.py:1205} INFO - Marking task as UP_FOR_RETRY. dag_id=overwatch2_pipeline, task_id=etl_principal, execution_date=20260419T060000, start_date=20260420T181600, end_date=20260420T181605
[2026-04-20T18:16:05.924+0000] {process_utils.py:80} INFO - Process psutil.Process(pid=180, status='terminated', exitcode=2, started='18:16:00') (180) terminated with exit code 2
[2026-04-20T18:16:05.925+0000] {local_task_job_runner.py:240} INFO - Task exited with return code 143
[2026-04-20T18:16:05.954+0000] {taskinstance.py:3482} INFO - 0 downstream tasks scheduled from follow-on schedule check
