[2026-03-26T03:03:43.806+0000] {local_task_job_runner.py:120} INFO - ::group::Pre task execution logs
[2026-03-26T03:03:43.913+0000] {taskinstance.py:2073} INFO - Dependencies all met for dep_context=non-requeueable deps ti=<TaskInstance: overwatch2_pipeline.etl_principal manual__2026-03-11T15:29:03.549903+00:00 [queued]>
[2026-03-26T03:03:43.960+0000] {taskinstance.py:2073} INFO - Dependencies all met for dep_context=requeueable deps ti=<TaskInstance: overwatch2_pipeline.etl_principal manual__2026-03-11T15:29:03.549903+00:00 [queued]>
[2026-03-26T03:03:43.964+0000] {taskinstance.py:2303} INFO - Starting attempt 2 of 4
[2026-03-26T03:03:44.023+0000] {taskinstance.py:2327} INFO - Executing <Task(PythonOperator): etl_principal> on 2026-03-11 15:29:03.549903+00:00
[2026-03-26T03:03:44.048+0000] {standard_task_runner.py:90} INFO - Running: ['***', 'tasks', 'run', 'overwatch2_pipeline', 'etl_principal', 'manual__2026-03-11T15:29:03.549903+00:00', '--job-id', '640', '--raw', '--subdir', 'DAGS_FOLDER/overwatch2_pipeline.py', '--cfg-path', '/tmp/tmpzqt0b9yg']
[2026-03-26T03:03:44.062+0000] {standard_task_runner.py:91} INFO - Job 640: Subtask etl_principal
[2026-03-26T03:03:44.070+0000] {logging_mixin.py:188} WARNING - /home/***/.local/lib/python3.12/site-packages/***/task/task_runner/standard_task_runner.py:61 DeprecationWarning: This process (pid=985) is multi-threaded, use of fork() may lead to deadlocks in the child.
[2026-03-26T03:03:44.072+0000] {standard_task_runner.py:63} INFO - Started process 1005 to run task
[2026-03-26T03:03:44.319+0000] {task_command.py:426} INFO - Running <TaskInstance: overwatch2_pipeline.etl_principal manual__2026-03-11T15:29:03.549903+00:00 [running]> on host 5f83853c16fb
[2026-03-26T03:03:44.646+0000] {taskinstance.py:2644} INFO - Exporting env vars: AIRFLOW_CTX_DAG_OWNER='angel' AIRFLOW_CTX_DAG_ID='overwatch2_pipeline' AIRFLOW_CTX_TASK_ID='etl_principal' AIRFLOW_CTX_EXECUTION_DATE='2026-03-11T15:29:03.549903+00:00' AIRFLOW_CTX_TRY_NUMBER='2' AIRFLOW_CTX_DAG_RUN_ID='manual__2026-03-11T15:29:03.549903+00:00'
[2026-03-26T03:03:44.661+0000] {taskinstance.py:430} INFO - ::endgroup::
[2026-03-26T03:04:02.313+0000] {taskinstance.py:441} INFO - ::group::Post task execution logs
[2026-03-26T03:04:02.320+0000] {taskinstance.py:2890} ERROR - Task failed with exception
Traceback (most recent call last):
  File "/home/airflow/.local/lib/python3.12/site-packages/airflow/models/taskinstance.py", line 465, in _execute_task
    result = _execute_callable(context=context, **execute_callable_kwargs)
             ^^^^^^^^^^^^^^^^^^^^^^^^^^^^^^^^^^^^^^^^^^^^^^^^^^^^^^^^^^^^^
  File "/home/airflow/.local/lib/python3.12/site-packages/airflow/models/taskinstance.py", line 432, in _execute_callable
    return execute_callable(context=context, **execute_callable_kwargs)
           ^^^^^^^^^^^^^^^^^^^^^^^^^^^^^^^^^^^^^^^^^^^^^^^^^^^^^^^^^^^^
  File "/home/airflow/.local/lib/python3.12/site-packages/airflow/models/baseoperator.py", line 400, in wrapper
    return func(self, *args, **kwargs)
           ^^^^^^^^^^^^^^^^^^^^^^^^^^^
  File "/home/airflow/.local/lib/python3.12/site-packages/airflow/operators/python.py", line 235, in execute
    return_value = self.execute_callable()
                   ^^^^^^^^^^^^^^^^^^^^^^^
  File "/home/airflow/.local/lib/python3.12/site-packages/airflow/operators/python.py", line 252, in execute_callable
    return self.python_callable(*self.op_args, **self.op_kwargs)
           ^^^^^^^^^^^^^^^^^^^^^^^^^^^^^^^^^^^^^^^^^^^^^^^^^^^^^
  File "/opt/airflow/dags/overwatch2_pipeline.py", line 546, in task_etl_principal
    cur.execute("""
psycopg2.errors.UniqueViolation: llave duplicada viola restricción de unicidad «fact_hero_rates_unique»
DETAIL:  Ya existe la llave (id_heroe, id_contexto, id_escenario, id_tiempo)=(1, 14, 15, 53).

[2026-03-26T03:04:02.347+0000] {taskinstance.py:1205} INFO - Marking task as UP_FOR_RETRY. dag_id=overwatch2_pipeline, task_id=etl_principal, execution_date=20260311T152903, start_date=20260326T030343, end_date=20260326T030402
[2026-03-26T03:04:02.385+0000] {standard_task_runner.py:110} ERROR - Failed to execute job 640 for task etl_principal (llave duplicada viola restricción de unicidad «fact_hero_rates_unique»
DETAIL:  Ya existe la llave (id_heroe, id_contexto, id_escenario, id_tiempo)=(1, 14, 15, 53).
; 1005)
[2026-03-26T03:04:02.446+0000] {local_task_job_runner.py:240} INFO - Task exited with return code 1
[2026-03-26T03:04:02.503+0000] {taskinstance.py:3482} INFO - 0 downstream tasks scheduled from follow-on schedule check
[2026-03-26T03:04:02.507+0000] {local_task_job_runner.py:222} INFO - ::endgroup::
