[2026-03-21T21:06:52.733+0000] {local_task_job_runner.py:120} INFO - ::group::Pre task execution logs
[2026-03-21T21:06:52.783+0000] {taskinstance.py:2073} INFO - Dependencies all met for dep_context=non-requeueable deps ti=<TaskInstance: overwatch2_pipeline.scrape_blizzard scheduled__2026-03-20T00:00:00+00:00 [queued]>
[2026-03-21T21:06:52.795+0000] {taskinstance.py:2073} INFO - Dependencies all met for dep_context=requeueable deps ti=<TaskInstance: overwatch2_pipeline.scrape_blizzard scheduled__2026-03-20T00:00:00+00:00 [queued]>
[2026-03-21T21:06:52.795+0000] {taskinstance.py:2303} INFO - Starting attempt 1 of 3
[2026-03-21T21:06:52.810+0000] {taskinstance.py:2327} INFO - Executing <Task(PythonOperator): scrape_blizzard> on 2026-03-20 00:00:00+00:00
[2026-03-21T21:06:52.820+0000] {standard_task_runner.py:90} INFO - Running: ['***', 'tasks', 'run', 'overwatch2_pipeline', 'scrape_blizzard', 'scheduled__2026-03-20T00:00:00+00:00', '--job-id', '209', '--raw', '--subdir', 'DAGS_FOLDER/overwatch2_pipeline.py', '--cfg-path', '/tmp/tmp41qoa86l']
[2026-03-21T21:06:52.821+0000] {logging_mixin.py:188} WARNING - /home/***/.local/lib/python3.12/site-packages/***/task/task_runner/standard_task_runner.py:61 DeprecationWarning: This process (pid=207) is multi-threaded, use of fork() may lead to deadlocks in the child.
[2026-03-21T21:06:52.822+0000] {standard_task_runner.py:91} INFO - Job 209: Subtask scrape_blizzard
[2026-03-21T21:06:52.823+0000] {standard_task_runner.py:63} INFO - Started process 208 to run task
[2026-03-21T21:06:52.888+0000] {task_command.py:426} INFO - Running <TaskInstance: overwatch2_pipeline.scrape_blizzard scheduled__2026-03-20T00:00:00+00:00 [running]> on host d57c35dcabbf
[2026-03-21T21:06:53.003+0000] {taskinstance.py:2644} INFO - Exporting env vars: AIRFLOW_CTX_DAG_OWNER='angel' AIRFLOW_CTX_DAG_ID='overwatch2_pipeline' AIRFLOW_CTX_TASK_ID='scrape_blizzard' AIRFLOW_CTX_EXECUTION_DATE='2026-03-20T00:00:00+00:00' AIRFLOW_CTX_TRY_NUMBER='1' AIRFLOW_CTX_DAG_RUN_ID='scheduled__2026-03-20T00:00:00+00:00'
[2026-03-21T21:06:53.006+0000] {taskinstance.py:430} INFO - ::endgroup::
[2026-03-21T21:06:53.901+0000] {overwatch2_pipeline.py:202} INFO -   ✅ PC / Americas / rq=0 / tier=All → 50 heroes
[2026-03-21T21:06:55.196+0000] {overwatch2_pipeline.py:202} INFO -   ✅ PC / Americas / rq=1 / tier=All → 50 heroes
[2026-03-21T21:06:56.441+0000] {overwatch2_pipeline.py:202} INFO -   ✅ PC / Europe / rq=0 / tier=All → 50 heroes
[2026-03-21T21:06:57.822+0000] {overwatch2_pipeline.py:202} INFO -   ✅ PC / Europe / rq=1 / tier=All → 50 heroes
[2026-03-21T21:06:59.077+0000] {overwatch2_pipeline.py:202} INFO -   ✅ PC / Asia / rq=0 / tier=All → 50 heroes
[2026-03-21T21:07:00.632+0000] {overwatch2_pipeline.py:202} INFO -   ✅ PC / Asia / rq=1 / tier=All → 50 heroes
[2026-03-21T21:07:01.920+0000] {overwatch2_pipeline.py:202} INFO -   ✅ Console / Americas / rq=0 / tier=All → 50 heroes
[2026-03-21T21:07:03.232+0000] {overwatch2_pipeline.py:202} INFO -   ✅ Console / Americas / rq=1 / tier=All → 50 heroes
[2026-03-21T21:07:04.578+0000] {overwatch2_pipeline.py:202} INFO -   ✅ Console / Europe / rq=0 / tier=All → 50 heroes
[2026-03-21T21:07:05.912+0000] {overwatch2_pipeline.py:202} INFO -   ✅ Console / Europe / rq=1 / tier=All → 50 heroes
[2026-03-21T21:07:07.305+0000] {overwatch2_pipeline.py:202} INFO -   ✅ Console / Asia / rq=0 / tier=All → 50 heroes
[2026-03-21T21:07:08.563+0000] {overwatch2_pipeline.py:202} INFO -   ✅ Console / Asia / rq=1 / tier=All → 50 heroes
[2026-03-21T21:07:09.564+0000] {overwatch2_pipeline.py:209} INFO - ✅ Scrape completado: 600 registros | 0 errores
[2026-03-21T21:07:09.586+0000] {python.py:237} INFO - Done. Returned value was: None
[2026-03-21T21:07:09.587+0000] {taskinstance.py:441} INFO - ::group::Post task execution logs
[2026-03-21T21:07:09.598+0000] {taskinstance.py:1205} INFO - Marking task as SUCCESS. dag_id=overwatch2_pipeline, task_id=scrape_blizzard, execution_date=20260320T000000, start_date=20260321T210652, end_date=20260321T210709
[2026-03-21T21:07:09.648+0000] {local_task_job_runner.py:240} INFO - Task exited with return code 0
[2026-03-21T21:07:09.679+0000] {taskinstance.py:3482} INFO - 1 downstream tasks scheduled from follow-on schedule check
[2026-03-21T21:07:09.681+0000] {local_task_job_runner.py:222} INFO - ::endgroup::
