[2026-04-13T20:58:04.835+0000] {local_task_job_runner.py:120} INFO - ::group::Pre task execution logs
[2026-04-13T20:58:04.877+0000] {taskinstance.py:2073} INFO - Dependencies all met for dep_context=non-requeueable deps ti=<TaskInstance: overwatch2_pipeline.scrape_blizzard scheduled__2026-04-12T06:00:00+00:00 [queued]>
[2026-04-13T20:58:04.888+0000] {taskinstance.py:2073} INFO - Dependencies all met for dep_context=requeueable deps ti=<TaskInstance: overwatch2_pipeline.scrape_blizzard scheduled__2026-04-12T06:00:00+00:00 [queued]>
[2026-04-13T20:58:04.889+0000] {taskinstance.py:2303} INFO - Starting attempt 1 of 3
[2026-04-13T20:58:04.904+0000] {taskinstance.py:2327} INFO - Executing <Task(PythonOperator): scrape_blizzard> on 2026-04-12 06:00:00+00:00
[2026-04-13T20:58:04.916+0000] {logging_mixin.py:188} WARNING - /home/***/.local/lib/python3.12/site-packages/***/task/task_runner/standard_task_runner.py:61 DeprecationWarning: This process (pid=198) is multi-threaded, use of fork() may lead to deadlocks in the child.
[2026-04-13T20:58:04.914+0000] {standard_task_runner.py:90} INFO - Running: ['***', 'tasks', 'run', 'overwatch2_pipeline', 'scrape_blizzard', 'scheduled__2026-04-12T06:00:00+00:00', '--job-id', '1301', '--raw', '--subdir', 'DAGS_FOLDER/overwatch2_pipeline.py', '--cfg-path', '/tmp/tmp_6zwpn5f']
[2026-04-13T20:58:04.918+0000] {standard_task_runner.py:63} INFO - Started process 199 to run task
[2026-04-13T20:58:04.918+0000] {standard_task_runner.py:91} INFO - Job 1301: Subtask scrape_blizzard
[2026-04-13T20:58:05.021+0000] {task_command.py:426} INFO - Running <TaskInstance: overwatch2_pipeline.scrape_blizzard scheduled__2026-04-12T06:00:00+00:00 [running]> on host e74ce4de20a5
[2026-04-13T20:58:05.189+0000] {taskinstance.py:2644} INFO - Exporting env vars: AIRFLOW_CTX_DAG_OWNER='angel' AIRFLOW_CTX_DAG_ID='overwatch2_pipeline' AIRFLOW_CTX_TASK_ID='scrape_blizzard' AIRFLOW_CTX_EXECUTION_DATE='2026-04-12T06:00:00+00:00' AIRFLOW_CTX_TRY_NUMBER='1' AIRFLOW_CTX_DAG_RUN_ID='scheduled__2026-04-12T06:00:00+00:00'
[2026-04-13T20:58:05.190+0000] {taskinstance.py:430} INFO - ::endgroup::
[2026-04-13T20:58:05.203+0000] {overwatch2_pipeline.py:294} INFO - ── Scrapeando URL 2: /en-us/heroes/ ──
[2026-04-13T20:58:05.853+0000] {overwatch2_pipeline.py:211} INFO -   ✅ URL 2 (/heroes/) → 0 dificultades extraidas
[2026-04-13T20:58:06.870+0000] {overwatch2_pipeline.py:300} INFO - ── Scrapeando URL 1: /en-us/rates/ ──
[2026-04-13T20:58:07.367+0000] {overwatch2_pipeline.py:319} INFO -   ✅ PC / Americas / rq=0 / tier=All → 50 heroes (limpios)
[2026-04-13T20:58:08.666+0000] {overwatch2_pipeline.py:319} INFO -   ✅ PC / Americas / rq=1 / tier=All → 50 heroes (limpios)
[2026-04-13T20:58:10.093+0000] {overwatch2_pipeline.py:319} INFO -   ✅ PC / Europe / rq=0 / tier=All → 50 heroes (limpios)
[2026-04-13T20:58:11.593+0000] {overwatch2_pipeline.py:319} INFO -   ✅ PC / Europe / rq=1 / tier=All → 50 heroes (limpios)
[2026-04-13T20:58:13.034+0000] {overwatch2_pipeline.py:319} INFO -   ✅ PC / Asia / rq=0 / tier=All → 50 heroes (limpios)
[2026-04-13T20:58:14.571+0000] {overwatch2_pipeline.py:319} INFO -   ✅ PC / Asia / rq=1 / tier=All → 50 heroes (limpios)
[2026-04-13T20:58:16.089+0000] {overwatch2_pipeline.py:319} INFO -   ✅ Console / Americas / rq=0 / tier=All → 50 heroes (limpios)
[2026-04-13T20:58:17.536+0000] {overwatch2_pipeline.py:319} INFO -   ✅ Console / Americas / rq=1 / tier=All → 50 heroes (limpios)
[2026-04-13T20:58:19.274+0000] {overwatch2_pipeline.py:319} INFO -   ✅ Console / Europe / rq=0 / tier=All → 50 heroes (limpios)
[2026-04-13T20:58:20.611+0000] {overwatch2_pipeline.py:319} INFO -   ✅ Console / Europe / rq=1 / tier=All → 50 heroes (limpios)
[2026-04-13T20:58:22.041+0000] {overwatch2_pipeline.py:319} INFO -   ✅ Console / Asia / rq=0 / tier=All → 50 heroes (limpios)
[2026-04-13T20:58:23.369+0000] {overwatch2_pipeline.py:319} INFO -   ✅ Console / Asia / rq=1 / tier=All → 50 heroes (limpios)
[2026-04-13T20:58:24.371+0000] {overwatch2_pipeline.py:326} INFO - ✅ Scrape completado: 600 registros | 0 errores
[2026-04-13T20:58:24.399+0000] {python.py:237} INFO - Done. Returned value was: None
[2026-04-13T20:58:24.400+0000] {taskinstance.py:441} INFO - ::group::Post task execution logs
[2026-04-13T20:58:24.413+0000] {taskinstance.py:1205} INFO - Marking task as SUCCESS. dag_id=overwatch2_pipeline, task_id=scrape_blizzard, execution_date=20260412T060000, start_date=20260413T205804, end_date=20260413T205824
[2026-04-13T20:58:24.486+0000] {local_task_job_runner.py:240} INFO - Task exited with return code 0
[2026-04-13T20:58:24.519+0000] {taskinstance.py:3482} INFO - 1 downstream tasks scheduled from follow-on schedule check
[2026-04-13T20:58:24.523+0000] {local_task_job_runner.py:222} INFO - ::endgroup::
