[2026-03-24T17:39:21.923+0000] {processor.py:161} INFO - Started process (PID=167) to work on /opt/airflow/dags/overwatch2_pipeline.py
[2026-03-24T17:39:21.925+0000] {processor.py:830} INFO - Processing file /opt/airflow/dags/overwatch2_pipeline.py for tasks to queue
[2026-03-24T17:39:21.929+0000] {logging_mixin.py:188} INFO - [2026-03-24T17:39:21.929+0000] {dagbag.py:540} INFO - Filling up the DagBag from /opt/airflow/dags/overwatch2_pipeline.py
[2026-03-24T17:39:21.980+0000] {processor.py:840} INFO - DAG(s) 'overwatch2_pipeline' retrieved from /opt/airflow/dags/overwatch2_pipeline.py
[2026-03-24T17:39:22.046+0000] {logging_mixin.py:188} INFO - [2026-03-24T17:39:22.046+0000] {dag.py:3096} INFO - Sync 1 DAGs
[2026-03-24T17:39:22.083+0000] {logging_mixin.py:188} INFO - [2026-03-24T17:39:22.083+0000] {dag.py:3954} INFO - Setting next_dagrun for overwatch2_pipeline to 2026-03-24 00:00:00+00:00, run_after=2026-03-25 00:00:00+00:00
[2026-03-24T17:39:22.112+0000] {processor.py:183} INFO - Processing /opt/airflow/dags/overwatch2_pipeline.py took 0.201 seconds
[2026-03-24T17:39:52.344+0000] {processor.py:161} INFO - Started process (PID=181) to work on /opt/airflow/dags/overwatch2_pipeline.py
[2026-03-24T17:39:52.345+0000] {processor.py:830} INFO - Processing file /opt/airflow/dags/overwatch2_pipeline.py for tasks to queue
[2026-03-24T17:39:52.347+0000] {logging_mixin.py:188} INFO - [2026-03-24T17:39:52.347+0000] {dagbag.py:540} INFO - Filling up the DagBag from /opt/airflow/dags/overwatch2_pipeline.py
[2026-03-24T17:39:52.381+0000] {processor.py:840} INFO - DAG(s) 'overwatch2_pipeline' retrieved from /opt/airflow/dags/overwatch2_pipeline.py
[2026-03-24T17:39:52.663+0000] {logging_mixin.py:188} INFO - [2026-03-24T17:39:52.663+0000] {dag.py:3096} INFO - Sync 1 DAGs
[2026-03-24T17:39:52.687+0000] {logging_mixin.py:188} INFO - [2026-03-24T17:39:52.687+0000] {dag.py:3954} INFO - Setting next_dagrun for overwatch2_pipeline to 2026-03-24 00:00:00+00:00, run_after=2026-03-25 00:00:00+00:00
[2026-03-24T17:39:52.713+0000] {processor.py:183} INFO - Processing /opt/airflow/dags/overwatch2_pipeline.py took 0.376 seconds
[2026-03-24T17:40:22.989+0000] {processor.py:161} INFO - Started process (PID=210) to work on /opt/airflow/dags/overwatch2_pipeline.py
[2026-03-24T17:40:22.991+0000] {processor.py:830} INFO - Processing file /opt/airflow/dags/overwatch2_pipeline.py for tasks to queue
[2026-03-24T17:40:22.994+0000] {logging_mixin.py:188} INFO - [2026-03-24T17:40:22.994+0000] {dagbag.py:540} INFO - Filling up the DagBag from /opt/airflow/dags/overwatch2_pipeline.py
[2026-03-24T17:40:23.036+0000] {processor.py:840} INFO - DAG(s) 'overwatch2_pipeline' retrieved from /opt/airflow/dags/overwatch2_pipeline.py
[2026-03-24T17:40:23.078+0000] {logging_mixin.py:188} INFO - [2026-03-24T17:40:23.078+0000] {dag.py:3096} INFO - Sync 1 DAGs
[2026-03-24T17:40:23.106+0000] {logging_mixin.py:188} INFO - [2026-03-24T17:40:23.106+0000] {dag.py:3954} INFO - Setting next_dagrun for overwatch2_pipeline to 2026-03-24 00:00:00+00:00, run_after=2026-03-25 00:00:00+00:00
[2026-03-24T17:40:23.134+0000] {processor.py:183} INFO - Processing /opt/airflow/dags/overwatch2_pipeline.py took 0.156 seconds
[2026-03-24T17:40:53.242+0000] {processor.py:161} INFO - Started process (PID=215) to work on /opt/airflow/dags/overwatch2_pipeline.py
[2026-03-24T17:40:53.244+0000] {processor.py:830} INFO - Processing file /opt/airflow/dags/overwatch2_pipeline.py for tasks to queue
[2026-03-24T17:40:53.246+0000] {logging_mixin.py:188} INFO - [2026-03-24T17:40:53.245+0000] {dagbag.py:540} INFO - Filling up the DagBag from /opt/airflow/dags/overwatch2_pipeline.py
[2026-03-24T17:40:53.273+0000] {processor.py:840} INFO - DAG(s) 'overwatch2_pipeline' retrieved from /opt/airflow/dags/overwatch2_pipeline.py
[2026-03-24T17:40:53.308+0000] {logging_mixin.py:188} INFO - [2026-03-24T17:40:53.308+0000] {dag.py:3096} INFO - Sync 1 DAGs
[2026-03-24T17:40:53.331+0000] {logging_mixin.py:188} INFO - [2026-03-24T17:40:53.331+0000] {dag.py:3954} INFO - Setting next_dagrun for overwatch2_pipeline to 2026-03-24 00:00:00+00:00, run_after=2026-03-25 00:00:00+00:00
[2026-03-24T17:40:53.363+0000] {processor.py:183} INFO - Processing /opt/airflow/dags/overwatch2_pipeline.py took 0.127 seconds
[2026-03-24T17:41:23.478+0000] {processor.py:161} INFO - Started process (PID=220) to work on /opt/airflow/dags/overwatch2_pipeline.py
[2026-03-24T17:41:23.479+0000] {processor.py:830} INFO - Processing file /opt/airflow/dags/overwatch2_pipeline.py for tasks to queue
[2026-03-24T17:41:23.481+0000] {logging_mixin.py:188} INFO - [2026-03-24T17:41:23.481+0000] {dagbag.py:540} INFO - Filling up the DagBag from /opt/airflow/dags/overwatch2_pipeline.py
[2026-03-24T17:41:23.518+0000] {processor.py:840} INFO - DAG(s) 'overwatch2_pipeline' retrieved from /opt/airflow/dags/overwatch2_pipeline.py
[2026-03-24T17:41:23.555+0000] {logging_mixin.py:188} INFO - [2026-03-24T17:41:23.555+0000] {dag.py:3096} INFO - Sync 1 DAGs
[2026-03-24T17:41:23.580+0000] {logging_mixin.py:188} INFO - [2026-03-24T17:41:23.580+0000] {dag.py:3954} INFO - Setting next_dagrun for overwatch2_pipeline to 2026-03-24 00:00:00+00:00, run_after=2026-03-25 00:00:00+00:00
[2026-03-24T17:41:23.606+0000] {processor.py:183} INFO - Processing /opt/airflow/dags/overwatch2_pipeline.py took 0.136 seconds
[2026-03-24T17:41:53.837+0000] {processor.py:161} INFO - Started process (PID=225) to work on /opt/airflow/dags/overwatch2_pipeline.py
[2026-03-24T17:41:53.838+0000] {processor.py:830} INFO - Processing file /opt/airflow/dags/overwatch2_pipeline.py for tasks to queue
[2026-03-24T17:41:53.841+0000] {logging_mixin.py:188} INFO - [2026-03-24T17:41:53.841+0000] {dagbag.py:540} INFO - Filling up the DagBag from /opt/airflow/dags/overwatch2_pipeline.py
[2026-03-24T17:41:53.882+0000] {processor.py:840} INFO - DAG(s) 'overwatch2_pipeline' retrieved from /opt/airflow/dags/overwatch2_pipeline.py
[2026-03-24T17:41:53.925+0000] {logging_mixin.py:188} INFO - [2026-03-24T17:41:53.925+0000] {dag.py:3096} INFO - Sync 1 DAGs
[2026-03-24T17:41:53.954+0000] {logging_mixin.py:188} INFO - [2026-03-24T17:41:53.954+0000] {dag.py:3954} INFO - Setting next_dagrun for overwatch2_pipeline to 2026-03-24 00:00:00+00:00, run_after=2026-03-25 00:00:00+00:00
[2026-03-24T17:41:53.982+0000] {processor.py:183} INFO - Processing /opt/airflow/dags/overwatch2_pipeline.py took 0.152 seconds
[2026-03-24T17:42:24.058+0000] {processor.py:161} INFO - Started process (PID=234) to work on /opt/airflow/dags/overwatch2_pipeline.py
[2026-03-24T17:42:24.059+0000] {processor.py:830} INFO - Processing file /opt/airflow/dags/overwatch2_pipeline.py for tasks to queue
[2026-03-24T17:42:24.062+0000] {logging_mixin.py:188} INFO - [2026-03-24T17:42:24.062+0000] {dagbag.py:540} INFO - Filling up the DagBag from /opt/airflow/dags/overwatch2_pipeline.py
[2026-03-24T17:42:24.097+0000] {processor.py:840} INFO - DAG(s) 'overwatch2_pipeline' retrieved from /opt/airflow/dags/overwatch2_pipeline.py
[2026-03-24T17:42:24.137+0000] {logging_mixin.py:188} INFO - [2026-03-24T17:42:24.137+0000] {dag.py:3096} INFO - Sync 1 DAGs
[2026-03-24T17:42:24.164+0000] {logging_mixin.py:188} INFO - [2026-03-24T17:42:24.164+0000] {dag.py:3954} INFO - Setting next_dagrun for overwatch2_pipeline to 2026-03-24 00:00:00+00:00, run_after=2026-03-25 00:00:00+00:00
[2026-03-24T17:42:24.188+0000] {processor.py:183} INFO - Processing /opt/airflow/dags/overwatch2_pipeline.py took 0.136 seconds
[2026-03-24T17:42:54.424+0000] {processor.py:161} INFO - Started process (PID=251) to work on /opt/airflow/dags/overwatch2_pipeline.py
[2026-03-24T17:42:54.425+0000] {processor.py:830} INFO - Processing file /opt/airflow/dags/overwatch2_pipeline.py for tasks to queue
[2026-03-24T17:42:54.428+0000] {logging_mixin.py:188} INFO - [2026-03-24T17:42:54.427+0000] {dagbag.py:540} INFO - Filling up the DagBag from /opt/airflow/dags/overwatch2_pipeline.py
[2026-03-24T17:42:54.465+0000] {processor.py:840} INFO - DAG(s) 'overwatch2_pipeline' retrieved from /opt/airflow/dags/overwatch2_pipeline.py
[2026-03-24T17:42:54.502+0000] {logging_mixin.py:188} INFO - [2026-03-24T17:42:54.502+0000] {dag.py:3096} INFO - Sync 1 DAGs
[2026-03-24T17:42:54.525+0000] {logging_mixin.py:188} INFO - [2026-03-24T17:42:54.525+0000] {dag.py:3954} INFO - Setting next_dagrun for overwatch2_pipeline to 2026-03-24 00:00:00+00:00, run_after=2026-03-25 00:00:00+00:00
[2026-03-24T17:42:54.549+0000] {processor.py:183} INFO - Processing /opt/airflow/dags/overwatch2_pipeline.py took 0.133 seconds
[2026-03-24T17:43:24.645+0000] {processor.py:161} INFO - Started process (PID=256) to work on /opt/airflow/dags/overwatch2_pipeline.py
[2026-03-24T17:43:24.646+0000] {processor.py:830} INFO - Processing file /opt/airflow/dags/overwatch2_pipeline.py for tasks to queue
[2026-03-24T17:43:24.649+0000] {logging_mixin.py:188} INFO - [2026-03-24T17:43:24.649+0000] {dagbag.py:540} INFO - Filling up the DagBag from /opt/airflow/dags/overwatch2_pipeline.py
[2026-03-24T17:43:24.683+0000] {processor.py:840} INFO - DAG(s) 'overwatch2_pipeline' retrieved from /opt/airflow/dags/overwatch2_pipeline.py
[2026-03-24T17:43:24.723+0000] {logging_mixin.py:188} INFO - [2026-03-24T17:43:24.723+0000] {dag.py:3096} INFO - Sync 1 DAGs
[2026-03-24T17:43:24.753+0000] {logging_mixin.py:188} INFO - [2026-03-24T17:43:24.753+0000] {dag.py:3954} INFO - Setting next_dagrun for overwatch2_pipeline to 2026-03-24 00:00:00+00:00, run_after=2026-03-25 00:00:00+00:00
[2026-03-24T17:43:24.779+0000] {processor.py:183} INFO - Processing /opt/airflow/dags/overwatch2_pipeline.py took 0.139 seconds
[2026-03-24T17:43:54.994+0000] {processor.py:161} INFO - Started process (PID=261) to work on /opt/airflow/dags/overwatch2_pipeline.py
[2026-03-24T17:43:54.996+0000] {processor.py:830} INFO - Processing file /opt/airflow/dags/overwatch2_pipeline.py for tasks to queue
[2026-03-24T17:43:54.998+0000] {logging_mixin.py:188} INFO - [2026-03-24T17:43:54.998+0000] {dagbag.py:540} INFO - Filling up the DagBag from /opt/airflow/dags/overwatch2_pipeline.py
[2026-03-24T17:43:55.033+0000] {processor.py:840} INFO - DAG(s) 'overwatch2_pipeline' retrieved from /opt/airflow/dags/overwatch2_pipeline.py
[2026-03-24T17:43:55.067+0000] {logging_mixin.py:188} INFO - [2026-03-24T17:43:55.067+0000] {dag.py:3096} INFO - Sync 1 DAGs
[2026-03-24T17:43:55.095+0000] {logging_mixin.py:188} INFO - [2026-03-24T17:43:55.095+0000] {dag.py:3954} INFO - Setting next_dagrun for overwatch2_pipeline to 2026-03-24 00:00:00+00:00, run_after=2026-03-25 00:00:00+00:00
[2026-03-24T17:43:55.119+0000] {processor.py:183} INFO - Processing /opt/airflow/dags/overwatch2_pipeline.py took 0.130 seconds
[2026-03-24T17:44:25.311+0000] {processor.py:161} INFO - Started process (PID=266) to work on /opt/airflow/dags/overwatch2_pipeline.py
[2026-03-24T17:44:25.312+0000] {processor.py:830} INFO - Processing file /opt/airflow/dags/overwatch2_pipeline.py for tasks to queue
[2026-03-24T17:44:25.314+0000] {logging_mixin.py:188} INFO - [2026-03-24T17:44:25.313+0000] {dagbag.py:540} INFO - Filling up the DagBag from /opt/airflow/dags/overwatch2_pipeline.py
[2026-03-24T17:44:25.352+0000] {processor.py:840} INFO - DAG(s) 'overwatch2_pipeline' retrieved from /opt/airflow/dags/overwatch2_pipeline.py
[2026-03-24T17:44:25.392+0000] {logging_mixin.py:188} INFO - [2026-03-24T17:44:25.392+0000] {dag.py:3096} INFO - Sync 1 DAGs
[2026-03-24T17:44:25.422+0000] {logging_mixin.py:188} INFO - [2026-03-24T17:44:25.422+0000] {dag.py:3954} INFO - Setting next_dagrun for overwatch2_pipeline to 2026-03-24 00:00:00+00:00, run_after=2026-03-25 00:00:00+00:00
[2026-03-24T17:44:25.451+0000] {processor.py:183} INFO - Processing /opt/airflow/dags/overwatch2_pipeline.py took 0.145 seconds
[2026-03-24T17:44:55.572+0000] {processor.py:161} INFO - Started process (PID=271) to work on /opt/airflow/dags/overwatch2_pipeline.py
[2026-03-24T17:44:55.573+0000] {processor.py:830} INFO - Processing file /opt/airflow/dags/overwatch2_pipeline.py for tasks to queue
[2026-03-24T17:44:55.575+0000] {logging_mixin.py:188} INFO - [2026-03-24T17:44:55.575+0000] {dagbag.py:540} INFO - Filling up the DagBag from /opt/airflow/dags/overwatch2_pipeline.py
[2026-03-24T17:44:55.608+0000] {processor.py:840} INFO - DAG(s) 'overwatch2_pipeline' retrieved from /opt/airflow/dags/overwatch2_pipeline.py
[2026-03-24T17:44:55.651+0000] {logging_mixin.py:188} INFO - [2026-03-24T17:44:55.651+0000] {dag.py:3096} INFO - Sync 1 DAGs
[2026-03-24T17:44:55.680+0000] {logging_mixin.py:188} INFO - [2026-03-24T17:44:55.680+0000] {dag.py:3954} INFO - Setting next_dagrun for overwatch2_pipeline to 2026-03-24 00:00:00+00:00, run_after=2026-03-25 00:00:00+00:00
[2026-03-24T17:44:55.706+0000] {processor.py:183} INFO - Processing /opt/airflow/dags/overwatch2_pipeline.py took 0.141 seconds
[2026-03-24T17:45:25.907+0000] {processor.py:161} INFO - Started process (PID=276) to work on /opt/airflow/dags/overwatch2_pipeline.py
[2026-03-24T17:45:25.908+0000] {processor.py:830} INFO - Processing file /opt/airflow/dags/overwatch2_pipeline.py for tasks to queue
[2026-03-24T17:45:25.912+0000] {logging_mixin.py:188} INFO - [2026-03-24T17:45:25.911+0000] {dagbag.py:540} INFO - Filling up the DagBag from /opt/airflow/dags/overwatch2_pipeline.py
[2026-03-24T17:45:25.956+0000] {processor.py:840} INFO - DAG(s) 'overwatch2_pipeline' retrieved from /opt/airflow/dags/overwatch2_pipeline.py
[2026-03-24T17:45:26.004+0000] {logging_mixin.py:188} INFO - [2026-03-24T17:45:26.004+0000] {dag.py:3096} INFO - Sync 1 DAGs
[2026-03-24T17:45:26.041+0000] {logging_mixin.py:188} INFO - [2026-03-24T17:45:26.041+0000] {dag.py:3954} INFO - Setting next_dagrun for overwatch2_pipeline to 2026-03-24 00:00:00+00:00, run_after=2026-03-25 00:00:00+00:00
[2026-03-24T17:45:26.075+0000] {processor.py:183} INFO - Processing /opt/airflow/dags/overwatch2_pipeline.py took 0.175 seconds
[2026-03-24T17:45:56.172+0000] {processor.py:161} INFO - Started process (PID=281) to work on /opt/airflow/dags/overwatch2_pipeline.py
[2026-03-24T17:45:56.173+0000] {processor.py:830} INFO - Processing file /opt/airflow/dags/overwatch2_pipeline.py for tasks to queue
[2026-03-24T17:45:56.176+0000] {logging_mixin.py:188} INFO - [2026-03-24T17:45:56.175+0000] {dagbag.py:540} INFO - Filling up the DagBag from /opt/airflow/dags/overwatch2_pipeline.py
[2026-03-24T17:45:56.218+0000] {processor.py:840} INFO - DAG(s) 'overwatch2_pipeline' retrieved from /opt/airflow/dags/overwatch2_pipeline.py
[2026-03-24T17:45:56.260+0000] {logging_mixin.py:188} INFO - [2026-03-24T17:45:56.260+0000] {dag.py:3096} INFO - Sync 1 DAGs
[2026-03-24T17:45:56.295+0000] {logging_mixin.py:188} INFO - [2026-03-24T17:45:56.294+0000] {dag.py:3954} INFO - Setting next_dagrun for overwatch2_pipeline to 2026-03-24 00:00:00+00:00, run_after=2026-03-25 00:00:00+00:00
[2026-03-24T17:45:56.321+0000] {processor.py:183} INFO - Processing /opt/airflow/dags/overwatch2_pipeline.py took 0.157 seconds
[2026-03-24T17:46:26.543+0000] {processor.py:161} INFO - Started process (PID=286) to work on /opt/airflow/dags/overwatch2_pipeline.py
[2026-03-24T17:46:26.544+0000] {processor.py:830} INFO - Processing file /opt/airflow/dags/overwatch2_pipeline.py for tasks to queue
[2026-03-24T17:46:26.547+0000] {logging_mixin.py:188} INFO - [2026-03-24T17:46:26.547+0000] {dagbag.py:540} INFO - Filling up the DagBag from /opt/airflow/dags/overwatch2_pipeline.py
[2026-03-24T17:46:26.587+0000] {processor.py:840} INFO - DAG(s) 'overwatch2_pipeline' retrieved from /opt/airflow/dags/overwatch2_pipeline.py
[2026-03-24T17:46:26.633+0000] {logging_mixin.py:188} INFO - [2026-03-24T17:46:26.632+0000] {dag.py:3096} INFO - Sync 1 DAGs
[2026-03-24T17:46:26.663+0000] {logging_mixin.py:188} INFO - [2026-03-24T17:46:26.662+0000] {dag.py:3954} INFO - Setting next_dagrun for overwatch2_pipeline to 2026-03-24 00:00:00+00:00, run_after=2026-03-25 00:00:00+00:00
[2026-03-24T17:46:26.686+0000] {processor.py:183} INFO - Processing /opt/airflow/dags/overwatch2_pipeline.py took 0.151 seconds
[2026-03-24T17:46:56.909+0000] {processor.py:161} INFO - Started process (PID=291) to work on /opt/airflow/dags/overwatch2_pipeline.py
[2026-03-24T17:46:56.911+0000] {processor.py:830} INFO - Processing file /opt/airflow/dags/overwatch2_pipeline.py for tasks to queue
[2026-03-24T17:46:56.914+0000] {logging_mixin.py:188} INFO - [2026-03-24T17:46:56.913+0000] {dagbag.py:540} INFO - Filling up the DagBag from /opt/airflow/dags/overwatch2_pipeline.py
[2026-03-24T17:46:56.956+0000] {processor.py:840} INFO - DAG(s) 'overwatch2_pipeline' retrieved from /opt/airflow/dags/overwatch2_pipeline.py
[2026-03-24T17:46:57.005+0000] {logging_mixin.py:188} INFO - [2026-03-24T17:46:57.004+0000] {dag.py:3096} INFO - Sync 1 DAGs
[2026-03-24T17:46:57.037+0000] {logging_mixin.py:188} INFO - [2026-03-24T17:46:57.037+0000] {dag.py:3954} INFO - Setting next_dagrun for overwatch2_pipeline to 2026-03-24 00:00:00+00:00, run_after=2026-03-25 00:00:00+00:00
[2026-03-24T17:46:57.066+0000] {processor.py:183} INFO - Processing /opt/airflow/dags/overwatch2_pipeline.py took 0.166 seconds
[2026-03-24T17:47:27.274+0000] {processor.py:161} INFO - Started process (PID=296) to work on /opt/airflow/dags/overwatch2_pipeline.py
[2026-03-24T17:47:27.275+0000] {processor.py:830} INFO - Processing file /opt/airflow/dags/overwatch2_pipeline.py for tasks to queue
[2026-03-24T17:47:27.278+0000] {logging_mixin.py:188} INFO - [2026-03-24T17:47:27.278+0000] {dagbag.py:540} INFO - Filling up the DagBag from /opt/airflow/dags/overwatch2_pipeline.py
[2026-03-24T17:47:27.309+0000] {processor.py:840} INFO - DAG(s) 'overwatch2_pipeline' retrieved from /opt/airflow/dags/overwatch2_pipeline.py
[2026-03-24T17:47:27.347+0000] {logging_mixin.py:188} INFO - [2026-03-24T17:47:27.347+0000] {dag.py:3096} INFO - Sync 1 DAGs
[2026-03-24T17:47:27.374+0000] {logging_mixin.py:188} INFO - [2026-03-24T17:47:27.374+0000] {dag.py:3954} INFO - Setting next_dagrun for overwatch2_pipeline to 2026-03-24 00:00:00+00:00, run_after=2026-03-25 00:00:00+00:00
[2026-03-24T17:47:27.397+0000] {processor.py:183} INFO - Processing /opt/airflow/dags/overwatch2_pipeline.py took 0.129 seconds
[2026-03-24T17:47:57.598+0000] {processor.py:161} INFO - Started process (PID=301) to work on /opt/airflow/dags/overwatch2_pipeline.py
[2026-03-24T17:47:57.600+0000] {processor.py:830} INFO - Processing file /opt/airflow/dags/overwatch2_pipeline.py for tasks to queue
[2026-03-24T17:47:57.601+0000] {logging_mixin.py:188} INFO - [2026-03-24T17:47:57.601+0000] {dagbag.py:540} INFO - Filling up the DagBag from /opt/airflow/dags/overwatch2_pipeline.py
[2026-03-24T17:47:57.662+0000] {processor.py:840} INFO - DAG(s) 'overwatch2_pipeline' retrieved from /opt/airflow/dags/overwatch2_pipeline.py
[2026-03-24T17:47:57.713+0000] {logging_mixin.py:188} INFO - [2026-03-24T17:47:57.713+0000] {dag.py:3096} INFO - Sync 1 DAGs
[2026-03-24T17:47:57.738+0000] {logging_mixin.py:188} INFO - [2026-03-24T17:47:57.738+0000] {dag.py:3954} INFO - Setting next_dagrun for overwatch2_pipeline to 2026-03-24 00:00:00+00:00, run_after=2026-03-25 00:00:00+00:00
[2026-03-24T17:47:57.759+0000] {processor.py:183} INFO - Processing /opt/airflow/dags/overwatch2_pipeline.py took 0.166 seconds
[2026-03-24T17:48:27.976+0000] {processor.py:161} INFO - Started process (PID=306) to work on /opt/airflow/dags/overwatch2_pipeline.py
[2026-03-24T17:48:27.977+0000] {processor.py:830} INFO - Processing file /opt/airflow/dags/overwatch2_pipeline.py for tasks to queue
[2026-03-24T17:48:27.980+0000] {logging_mixin.py:188} INFO - [2026-03-24T17:48:27.979+0000] {dagbag.py:540} INFO - Filling up the DagBag from /opt/airflow/dags/overwatch2_pipeline.py
[2026-03-24T17:48:28.024+0000] {processor.py:840} INFO - DAG(s) 'overwatch2_pipeline' retrieved from /opt/airflow/dags/overwatch2_pipeline.py
[2026-03-24T17:48:28.071+0000] {logging_mixin.py:188} INFO - [2026-03-24T17:48:28.071+0000] {dag.py:3096} INFO - Sync 1 DAGs
[2026-03-24T17:48:28.100+0000] {logging_mixin.py:188} INFO - [2026-03-24T17:48:28.100+0000] {dag.py:3954} INFO - Setting next_dagrun for overwatch2_pipeline to 2026-03-24 00:00:00+00:00, run_after=2026-03-25 00:00:00+00:00
[2026-03-24T17:48:28.123+0000] {processor.py:183} INFO - Processing /opt/airflow/dags/overwatch2_pipeline.py took 0.156 seconds
[2026-03-24T17:48:58.322+0000] {processor.py:161} INFO - Started process (PID=311) to work on /opt/airflow/dags/overwatch2_pipeline.py
[2026-03-24T17:48:58.323+0000] {processor.py:830} INFO - Processing file /opt/airflow/dags/overwatch2_pipeline.py for tasks to queue
[2026-03-24T17:48:58.326+0000] {logging_mixin.py:188} INFO - [2026-03-24T17:48:58.326+0000] {dagbag.py:540} INFO - Filling up the DagBag from /opt/airflow/dags/overwatch2_pipeline.py
[2026-03-24T17:48:58.356+0000] {processor.py:840} INFO - DAG(s) 'overwatch2_pipeline' retrieved from /opt/airflow/dags/overwatch2_pipeline.py
[2026-03-24T17:48:58.390+0000] {logging_mixin.py:188} INFO - [2026-03-24T17:48:58.389+0000] {dag.py:3096} INFO - Sync 1 DAGs
[2026-03-24T17:48:58.416+0000] {logging_mixin.py:188} INFO - [2026-03-24T17:48:58.415+0000] {dag.py:3954} INFO - Setting next_dagrun for overwatch2_pipeline to 2026-03-24 00:00:00+00:00, run_after=2026-03-25 00:00:00+00:00
[2026-03-24T17:48:58.442+0000] {processor.py:183} INFO - Processing /opt/airflow/dags/overwatch2_pipeline.py took 0.125 seconds
[2026-03-24T17:49:28.567+0000] {processor.py:161} INFO - Started process (PID=316) to work on /opt/airflow/dags/overwatch2_pipeline.py
[2026-03-24T17:49:28.569+0000] {processor.py:830} INFO - Processing file /opt/airflow/dags/overwatch2_pipeline.py for tasks to queue
[2026-03-24T17:49:28.572+0000] {logging_mixin.py:188} INFO - [2026-03-24T17:49:28.572+0000] {dagbag.py:540} INFO - Filling up the DagBag from /opt/airflow/dags/overwatch2_pipeline.py
[2026-03-24T17:49:28.614+0000] {processor.py:840} INFO - DAG(s) 'overwatch2_pipeline' retrieved from /opt/airflow/dags/overwatch2_pipeline.py
[2026-03-24T17:49:28.665+0000] {logging_mixin.py:188} INFO - [2026-03-24T17:49:28.665+0000] {dag.py:3096} INFO - Sync 1 DAGs
[2026-03-24T17:49:28.705+0000] {logging_mixin.py:188} INFO - [2026-03-24T17:49:28.704+0000] {dag.py:3954} INFO - Setting next_dagrun for overwatch2_pipeline to 2026-03-24 00:00:00+00:00, run_after=2026-03-25 00:00:00+00:00
[2026-03-24T17:49:28.740+0000] {processor.py:183} INFO - Processing /opt/airflow/dags/overwatch2_pipeline.py took 0.181 seconds
[2026-03-24T17:49:58.950+0000] {processor.py:161} INFO - Started process (PID=321) to work on /opt/airflow/dags/overwatch2_pipeline.py
[2026-03-24T17:49:58.951+0000] {processor.py:830} INFO - Processing file /opt/airflow/dags/overwatch2_pipeline.py for tasks to queue
[2026-03-24T17:49:58.952+0000] {logging_mixin.py:188} INFO - [2026-03-24T17:49:58.952+0000] {dagbag.py:540} INFO - Filling up the DagBag from /opt/airflow/dags/overwatch2_pipeline.py
[2026-03-24T17:49:58.980+0000] {processor.py:840} INFO - DAG(s) 'overwatch2_pipeline' retrieved from /opt/airflow/dags/overwatch2_pipeline.py
[2026-03-24T17:49:59.017+0000] {logging_mixin.py:188} INFO - [2026-03-24T17:49:59.017+0000] {dag.py:3096} INFO - Sync 1 DAGs
[2026-03-24T17:49:59.043+0000] {logging_mixin.py:188} INFO - [2026-03-24T17:49:59.043+0000] {dag.py:3954} INFO - Setting next_dagrun for overwatch2_pipeline to 2026-03-24 00:00:00+00:00, run_after=2026-03-25 00:00:00+00:00
[2026-03-24T17:49:59.071+0000] {processor.py:183} INFO - Processing /opt/airflow/dags/overwatch2_pipeline.py took 0.126 seconds
[2026-03-24T17:50:29.266+0000] {processor.py:161} INFO - Started process (PID=326) to work on /opt/airflow/dags/overwatch2_pipeline.py
[2026-03-24T17:50:29.267+0000] {processor.py:830} INFO - Processing file /opt/airflow/dags/overwatch2_pipeline.py for tasks to queue
[2026-03-24T17:50:29.269+0000] {logging_mixin.py:188} INFO - [2026-03-24T17:50:29.269+0000] {dagbag.py:540} INFO - Filling up the DagBag from /opt/airflow/dags/overwatch2_pipeline.py
[2026-03-24T17:50:29.299+0000] {processor.py:840} INFO - DAG(s) 'overwatch2_pipeline' retrieved from /opt/airflow/dags/overwatch2_pipeline.py
[2026-03-24T17:50:29.335+0000] {logging_mixin.py:188} INFO - [2026-03-24T17:50:29.335+0000] {dag.py:3096} INFO - Sync 1 DAGs
[2026-03-24T17:50:29.360+0000] {logging_mixin.py:188} INFO - [2026-03-24T17:50:29.359+0000] {dag.py:3954} INFO - Setting next_dagrun for overwatch2_pipeline to 2026-03-24 00:00:00+00:00, run_after=2026-03-25 00:00:00+00:00
[2026-03-24T17:50:29.381+0000] {processor.py:183} INFO - Processing /opt/airflow/dags/overwatch2_pipeline.py took 0.121 seconds
[2026-03-24T17:50:59.574+0000] {processor.py:161} INFO - Started process (PID=331) to work on /opt/airflow/dags/overwatch2_pipeline.py
[2026-03-24T17:50:59.575+0000] {processor.py:830} INFO - Processing file /opt/airflow/dags/overwatch2_pipeline.py for tasks to queue
[2026-03-24T17:50:59.577+0000] {logging_mixin.py:188} INFO - [2026-03-24T17:50:59.577+0000] {dagbag.py:540} INFO - Filling up the DagBag from /opt/airflow/dags/overwatch2_pipeline.py
[2026-03-24T17:50:59.606+0000] {processor.py:840} INFO - DAG(s) 'overwatch2_pipeline' retrieved from /opt/airflow/dags/overwatch2_pipeline.py
[2026-03-24T17:50:59.641+0000] {logging_mixin.py:188} INFO - [2026-03-24T17:50:59.641+0000] {dag.py:3096} INFO - Sync 1 DAGs
[2026-03-24T17:50:59.667+0000] {logging_mixin.py:188} INFO - [2026-03-24T17:50:59.667+0000] {dag.py:3954} INFO - Setting next_dagrun for overwatch2_pipeline to 2026-03-24 00:00:00+00:00, run_after=2026-03-25 00:00:00+00:00
[2026-03-24T17:50:59.693+0000] {processor.py:183} INFO - Processing /opt/airflow/dags/overwatch2_pipeline.py took 0.125 seconds
[2026-03-24T17:51:29.893+0000] {processor.py:161} INFO - Started process (PID=336) to work on /opt/airflow/dags/overwatch2_pipeline.py
[2026-03-24T17:51:29.895+0000] {processor.py:830} INFO - Processing file /opt/airflow/dags/overwatch2_pipeline.py for tasks to queue
[2026-03-24T17:51:29.898+0000] {logging_mixin.py:188} INFO - [2026-03-24T17:51:29.897+0000] {dagbag.py:540} INFO - Filling up the DagBag from /opt/airflow/dags/overwatch2_pipeline.py
[2026-03-24T17:51:29.934+0000] {processor.py:840} INFO - DAG(s) 'overwatch2_pipeline' retrieved from /opt/airflow/dags/overwatch2_pipeline.py
[2026-03-24T17:51:29.978+0000] {logging_mixin.py:188} INFO - [2026-03-24T17:51:29.978+0000] {dag.py:3096} INFO - Sync 1 DAGs
[2026-03-24T17:51:30.007+0000] {logging_mixin.py:188} INFO - [2026-03-24T17:51:30.007+0000] {dag.py:3954} INFO - Setting next_dagrun for overwatch2_pipeline to 2026-03-24 00:00:00+00:00, run_after=2026-03-25 00:00:00+00:00
[2026-03-24T17:51:30.032+0000] {processor.py:183} INFO - Processing /opt/airflow/dags/overwatch2_pipeline.py took 0.145 seconds
[2026-03-24T17:52:00.230+0000] {processor.py:161} INFO - Started process (PID=341) to work on /opt/airflow/dags/overwatch2_pipeline.py
[2026-03-24T17:52:00.231+0000] {processor.py:830} INFO - Processing file /opt/airflow/dags/overwatch2_pipeline.py for tasks to queue
[2026-03-24T17:52:00.233+0000] {logging_mixin.py:188} INFO - [2026-03-24T17:52:00.232+0000] {dagbag.py:540} INFO - Filling up the DagBag from /opt/airflow/dags/overwatch2_pipeline.py
[2026-03-24T17:52:00.260+0000] {processor.py:840} INFO - DAG(s) 'overwatch2_pipeline' retrieved from /opt/airflow/dags/overwatch2_pipeline.py
[2026-03-24T17:52:00.295+0000] {logging_mixin.py:188} INFO - [2026-03-24T17:52:00.295+0000] {dag.py:3096} INFO - Sync 1 DAGs
[2026-03-24T17:52:00.320+0000] {logging_mixin.py:188} INFO - [2026-03-24T17:52:00.320+0000] {dag.py:3954} INFO - Setting next_dagrun for overwatch2_pipeline to 2026-03-24 00:00:00+00:00, run_after=2026-03-25 00:00:00+00:00
[2026-03-24T17:52:00.341+0000] {processor.py:183} INFO - Processing /opt/airflow/dags/overwatch2_pipeline.py took 0.117 seconds
[2026-03-24T17:52:30.405+0000] {processor.py:161} INFO - Started process (PID=346) to work on /opt/airflow/dags/overwatch2_pipeline.py
[2026-03-24T17:52:30.406+0000] {processor.py:830} INFO - Processing file /opt/airflow/dags/overwatch2_pipeline.py for tasks to queue
[2026-03-24T17:52:30.408+0000] {logging_mixin.py:188} INFO - [2026-03-24T17:52:30.408+0000] {dagbag.py:540} INFO - Filling up the DagBag from /opt/airflow/dags/overwatch2_pipeline.py
[2026-03-24T17:52:30.438+0000] {processor.py:840} INFO - DAG(s) 'overwatch2_pipeline' retrieved from /opt/airflow/dags/overwatch2_pipeline.py
[2026-03-24T17:52:30.473+0000] {logging_mixin.py:188} INFO - [2026-03-24T17:52:30.473+0000] {dag.py:3096} INFO - Sync 1 DAGs
[2026-03-24T17:52:30.499+0000] {logging_mixin.py:188} INFO - [2026-03-24T17:52:30.499+0000] {dag.py:3954} INFO - Setting next_dagrun for overwatch2_pipeline to 2026-03-24 00:00:00+00:00, run_after=2026-03-25 00:00:00+00:00
[2026-03-24T17:52:30.520+0000] {processor.py:183} INFO - Processing /opt/airflow/dags/overwatch2_pipeline.py took 0.120 seconds
[2026-03-24T17:53:00.755+0000] {processor.py:161} INFO - Started process (PID=351) to work on /opt/airflow/dags/overwatch2_pipeline.py
[2026-03-24T17:53:00.758+0000] {processor.py:830} INFO - Processing file /opt/airflow/dags/overwatch2_pipeline.py for tasks to queue
[2026-03-24T17:53:00.772+0000] {logging_mixin.py:188} INFO - [2026-03-24T17:53:00.770+0000] {dagbag.py:540} INFO - Filling up the DagBag from /opt/airflow/dags/overwatch2_pipeline.py
[2026-03-24T17:53:00.889+0000] {processor.py:840} INFO - DAG(s) 'overwatch2_pipeline' retrieved from /opt/airflow/dags/overwatch2_pipeline.py
[2026-03-24T17:53:00.954+0000] {logging_mixin.py:188} INFO - [2026-03-24T17:53:00.953+0000] {dag.py:3096} INFO - Sync 1 DAGs
[2026-03-24T17:53:01.008+0000] {logging_mixin.py:188} INFO - [2026-03-24T17:53:01.008+0000] {dag.py:3954} INFO - Setting next_dagrun for overwatch2_pipeline to 2026-03-24 00:00:00+00:00, run_after=2026-03-25 00:00:00+00:00
[2026-03-24T17:53:01.049+0000] {processor.py:183} INFO - Processing /opt/airflow/dags/overwatch2_pipeline.py took 0.334 seconds
[2026-03-24T17:53:31.265+0000] {processor.py:161} INFO - Started process (PID=356) to work on /opt/airflow/dags/overwatch2_pipeline.py
[2026-03-24T17:53:31.267+0000] {processor.py:830} INFO - Processing file /opt/airflow/dags/overwatch2_pipeline.py for tasks to queue
[2026-03-24T17:53:31.269+0000] {logging_mixin.py:188} INFO - [2026-03-24T17:53:31.268+0000] {dagbag.py:540} INFO - Filling up the DagBag from /opt/airflow/dags/overwatch2_pipeline.py
[2026-03-24T17:53:31.305+0000] {processor.py:840} INFO - DAG(s) 'overwatch2_pipeline' retrieved from /opt/airflow/dags/overwatch2_pipeline.py
[2026-03-24T17:53:31.374+0000] {logging_mixin.py:188} INFO - [2026-03-24T17:53:31.374+0000] {dag.py:3096} INFO - Sync 1 DAGs
[2026-03-24T17:53:31.438+0000] {logging_mixin.py:188} INFO - [2026-03-24T17:53:31.437+0000] {dag.py:3954} INFO - Setting next_dagrun for overwatch2_pipeline to 2026-03-24 00:00:00+00:00, run_after=2026-03-25 00:00:00+00:00
[2026-03-24T17:53:31.477+0000] {processor.py:183} INFO - Processing /opt/airflow/dags/overwatch2_pipeline.py took 0.217 seconds
[2026-03-24T17:54:01.677+0000] {processor.py:161} INFO - Started process (PID=361) to work on /opt/airflow/dags/overwatch2_pipeline.py
[2026-03-24T17:54:01.678+0000] {processor.py:830} INFO - Processing file /opt/airflow/dags/overwatch2_pipeline.py for tasks to queue
[2026-03-24T17:54:01.680+0000] {logging_mixin.py:188} INFO - [2026-03-24T17:54:01.680+0000] {dagbag.py:540} INFO - Filling up the DagBag from /opt/airflow/dags/overwatch2_pipeline.py
[2026-03-24T17:54:01.708+0000] {processor.py:840} INFO - DAG(s) 'overwatch2_pipeline' retrieved from /opt/airflow/dags/overwatch2_pipeline.py
[2026-03-24T17:54:01.747+0000] {logging_mixin.py:188} INFO - [2026-03-24T17:54:01.747+0000] {dag.py:3096} INFO - Sync 1 DAGs
[2026-03-24T17:54:01.776+0000] {logging_mixin.py:188} INFO - [2026-03-24T17:54:01.775+0000] {dag.py:3954} INFO - Setting next_dagrun for overwatch2_pipeline to 2026-03-24 00:00:00+00:00, run_after=2026-03-25 00:00:00+00:00
[2026-03-24T17:54:01.798+0000] {processor.py:183} INFO - Processing /opt/airflow/dags/overwatch2_pipeline.py took 0.127 seconds
[2026-03-24T17:54:31.908+0000] {processor.py:161} INFO - Started process (PID=366) to work on /opt/airflow/dags/overwatch2_pipeline.py
[2026-03-24T17:54:31.909+0000] {processor.py:830} INFO - Processing file /opt/airflow/dags/overwatch2_pipeline.py for tasks to queue
[2026-03-24T17:54:31.912+0000] {logging_mixin.py:188} INFO - [2026-03-24T17:54:31.911+0000] {dagbag.py:540} INFO - Filling up the DagBag from /opt/airflow/dags/overwatch2_pipeline.py
[2026-03-24T17:54:31.947+0000] {processor.py:840} INFO - DAG(s) 'overwatch2_pipeline' retrieved from /opt/airflow/dags/overwatch2_pipeline.py
[2026-03-24T17:54:31.983+0000] {logging_mixin.py:188} INFO - [2026-03-24T17:54:31.983+0000] {dag.py:3096} INFO - Sync 1 DAGs
[2026-03-24T17:54:32.009+0000] {logging_mixin.py:188} INFO - [2026-03-24T17:54:32.009+0000] {dag.py:3954} INFO - Setting next_dagrun for overwatch2_pipeline to 2026-03-24 00:00:00+00:00, run_after=2026-03-25 00:00:00+00:00
[2026-03-24T17:54:32.032+0000] {processor.py:183} INFO - Processing /opt/airflow/dags/overwatch2_pipeline.py took 0.131 seconds
[2026-03-24T17:55:02.151+0000] {processor.py:161} INFO - Started process (PID=371) to work on /opt/airflow/dags/overwatch2_pipeline.py
[2026-03-24T17:55:02.151+0000] {processor.py:830} INFO - Processing file /opt/airflow/dags/overwatch2_pipeline.py for tasks to queue
[2026-03-24T17:55:02.153+0000] {logging_mixin.py:188} INFO - [2026-03-24T17:55:02.153+0000] {dagbag.py:540} INFO - Filling up the DagBag from /opt/airflow/dags/overwatch2_pipeline.py
[2026-03-24T17:55:02.181+0000] {processor.py:840} INFO - DAG(s) 'overwatch2_pipeline' retrieved from /opt/airflow/dags/overwatch2_pipeline.py
[2026-03-24T17:55:02.212+0000] {logging_mixin.py:188} INFO - [2026-03-24T17:55:02.211+0000] {dag.py:3096} INFO - Sync 1 DAGs
[2026-03-24T17:55:02.238+0000] {logging_mixin.py:188} INFO - [2026-03-24T17:55:02.237+0000] {dag.py:3954} INFO - Setting next_dagrun for overwatch2_pipeline to 2026-03-24 00:00:00+00:00, run_after=2026-03-25 00:00:00+00:00
[2026-03-24T17:55:02.258+0000] {processor.py:183} INFO - Processing /opt/airflow/dags/overwatch2_pipeline.py took 0.113 seconds
[2026-03-24T17:55:32.389+0000] {processor.py:161} INFO - Started process (PID=376) to work on /opt/airflow/dags/overwatch2_pipeline.py
[2026-03-24T17:55:32.390+0000] {processor.py:830} INFO - Processing file /opt/airflow/dags/overwatch2_pipeline.py for tasks to queue
[2026-03-24T17:55:32.393+0000] {logging_mixin.py:188} INFO - [2026-03-24T17:55:32.393+0000] {dagbag.py:540} INFO - Filling up the DagBag from /opt/airflow/dags/overwatch2_pipeline.py
[2026-03-24T17:55:32.421+0000] {processor.py:840} INFO - DAG(s) 'overwatch2_pipeline' retrieved from /opt/airflow/dags/overwatch2_pipeline.py
[2026-03-24T17:55:32.458+0000] {logging_mixin.py:188} INFO - [2026-03-24T17:55:32.457+0000] {dag.py:3096} INFO - Sync 1 DAGs
[2026-03-24T17:55:32.482+0000] {logging_mixin.py:188} INFO - [2026-03-24T17:55:32.482+0000] {dag.py:3954} INFO - Setting next_dagrun for overwatch2_pipeline to 2026-03-24 00:00:00+00:00, run_after=2026-03-25 00:00:00+00:00
[2026-03-24T17:55:32.503+0000] {processor.py:183} INFO - Processing /opt/airflow/dags/overwatch2_pipeline.py took 0.119 seconds
[2026-03-24T17:56:02.607+0000] {processor.py:161} INFO - Started process (PID=381) to work on /opt/airflow/dags/overwatch2_pipeline.py
[2026-03-24T17:56:02.608+0000] {processor.py:830} INFO - Processing file /opt/airflow/dags/overwatch2_pipeline.py for tasks to queue
[2026-03-24T17:56:02.610+0000] {logging_mixin.py:188} INFO - [2026-03-24T17:56:02.610+0000] {dagbag.py:540} INFO - Filling up the DagBag from /opt/airflow/dags/overwatch2_pipeline.py
[2026-03-24T17:56:02.637+0000] {processor.py:840} INFO - DAG(s) 'overwatch2_pipeline' retrieved from /opt/airflow/dags/overwatch2_pipeline.py
[2026-03-24T17:56:02.672+0000] {logging_mixin.py:188} INFO - [2026-03-24T17:56:02.671+0000] {dag.py:3096} INFO - Sync 1 DAGs
[2026-03-24T17:56:02.697+0000] {logging_mixin.py:188} INFO - [2026-03-24T17:56:02.697+0000] {dag.py:3954} INFO - Setting next_dagrun for overwatch2_pipeline to 2026-03-24 00:00:00+00:00, run_after=2026-03-25 00:00:00+00:00
[2026-03-24T17:56:02.720+0000] {processor.py:183} INFO - Processing /opt/airflow/dags/overwatch2_pipeline.py took 0.119 seconds
[2026-03-24T17:56:32.871+0000] {processor.py:161} INFO - Started process (PID=386) to work on /opt/airflow/dags/overwatch2_pipeline.py
[2026-03-24T17:56:32.872+0000] {processor.py:830} INFO - Processing file /opt/airflow/dags/overwatch2_pipeline.py for tasks to queue
[2026-03-24T17:56:32.874+0000] {logging_mixin.py:188} INFO - [2026-03-24T17:56:32.873+0000] {dagbag.py:540} INFO - Filling up the DagBag from /opt/airflow/dags/overwatch2_pipeline.py
[2026-03-24T17:56:32.901+0000] {processor.py:840} INFO - DAG(s) 'overwatch2_pipeline' retrieved from /opt/airflow/dags/overwatch2_pipeline.py
[2026-03-24T17:56:32.942+0000] {logging_mixin.py:188} INFO - [2026-03-24T17:56:32.942+0000] {dag.py:3096} INFO - Sync 1 DAGs
[2026-03-24T17:56:32.970+0000] {logging_mixin.py:188} INFO - [2026-03-24T17:56:32.969+0000] {dag.py:3954} INFO - Setting next_dagrun for overwatch2_pipeline to 2026-03-24 00:00:00+00:00, run_after=2026-03-25 00:00:00+00:00
[2026-03-24T17:56:32.992+0000] {processor.py:183} INFO - Processing /opt/airflow/dags/overwatch2_pipeline.py took 0.128 seconds
[2026-03-24T17:57:03.078+0000] {processor.py:161} INFO - Started process (PID=391) to work on /opt/airflow/dags/overwatch2_pipeline.py
[2026-03-24T17:57:03.079+0000] {processor.py:830} INFO - Processing file /opt/airflow/dags/overwatch2_pipeline.py for tasks to queue
[2026-03-24T17:57:03.081+0000] {logging_mixin.py:188} INFO - [2026-03-24T17:57:03.080+0000] {dagbag.py:540} INFO - Filling up the DagBag from /opt/airflow/dags/overwatch2_pipeline.py
[2026-03-24T17:57:03.107+0000] {processor.py:840} INFO - DAG(s) 'overwatch2_pipeline' retrieved from /opt/airflow/dags/overwatch2_pipeline.py
[2026-03-24T17:57:03.142+0000] {logging_mixin.py:188} INFO - [2026-03-24T17:57:03.142+0000] {dag.py:3096} INFO - Sync 1 DAGs
[2026-03-24T17:57:03.168+0000] {logging_mixin.py:188} INFO - [2026-03-24T17:57:03.167+0000] {dag.py:3954} INFO - Setting next_dagrun for overwatch2_pipeline to 2026-03-24 00:00:00+00:00, run_after=2026-03-25 00:00:00+00:00
[2026-03-24T17:57:03.187+0000] {processor.py:183} INFO - Processing /opt/airflow/dags/overwatch2_pipeline.py took 0.115 seconds
[2026-03-24T17:57:33.351+0000] {processor.py:161} INFO - Started process (PID=396) to work on /opt/airflow/dags/overwatch2_pipeline.py
[2026-03-24T17:57:33.352+0000] {processor.py:830} INFO - Processing file /opt/airflow/dags/overwatch2_pipeline.py for tasks to queue
[2026-03-24T17:57:33.355+0000] {logging_mixin.py:188} INFO - [2026-03-24T17:57:33.354+0000] {dagbag.py:540} INFO - Filling up the DagBag from /opt/airflow/dags/overwatch2_pipeline.py
[2026-03-24T17:57:33.385+0000] {processor.py:840} INFO - DAG(s) 'overwatch2_pipeline' retrieved from /opt/airflow/dags/overwatch2_pipeline.py
[2026-03-24T17:57:33.426+0000] {logging_mixin.py:188} INFO - [2026-03-24T17:57:33.425+0000] {dag.py:3096} INFO - Sync 1 DAGs
[2026-03-24T17:57:33.452+0000] {logging_mixin.py:188} INFO - [2026-03-24T17:57:33.452+0000] {dag.py:3954} INFO - Setting next_dagrun for overwatch2_pipeline to 2026-03-24 00:00:00+00:00, run_after=2026-03-25 00:00:00+00:00
[2026-03-24T17:57:33.477+0000] {processor.py:183} INFO - Processing /opt/airflow/dags/overwatch2_pipeline.py took 0.131 seconds
[2026-03-24T17:58:03.539+0000] {processor.py:161} INFO - Started process (PID=401) to work on /opt/airflow/dags/overwatch2_pipeline.py
[2026-03-24T17:58:03.540+0000] {processor.py:830} INFO - Processing file /opt/airflow/dags/overwatch2_pipeline.py for tasks to queue
[2026-03-24T17:58:03.542+0000] {logging_mixin.py:188} INFO - [2026-03-24T17:58:03.542+0000] {dagbag.py:540} INFO - Filling up the DagBag from /opt/airflow/dags/overwatch2_pipeline.py
[2026-03-24T17:58:03.571+0000] {processor.py:840} INFO - DAG(s) 'overwatch2_pipeline' retrieved from /opt/airflow/dags/overwatch2_pipeline.py
[2026-03-24T17:58:03.604+0000] {logging_mixin.py:188} INFO - [2026-03-24T17:58:03.604+0000] {dag.py:3096} INFO - Sync 1 DAGs
[2026-03-24T17:58:03.629+0000] {logging_mixin.py:188} INFO - [2026-03-24T17:58:03.629+0000] {dag.py:3954} INFO - Setting next_dagrun for overwatch2_pipeline to 2026-03-24 00:00:00+00:00, run_after=2026-03-25 00:00:00+00:00
[2026-03-24T17:58:03.650+0000] {processor.py:183} INFO - Processing /opt/airflow/dags/overwatch2_pipeline.py took 0.116 seconds
[2026-03-24T17:58:33.837+0000] {processor.py:161} INFO - Started process (PID=406) to work on /opt/airflow/dags/overwatch2_pipeline.py
[2026-03-24T17:58:33.837+0000] {processor.py:830} INFO - Processing file /opt/airflow/dags/overwatch2_pipeline.py for tasks to queue
[2026-03-24T17:58:33.839+0000] {logging_mixin.py:188} INFO - [2026-03-24T17:58:33.839+0000] {dagbag.py:540} INFO - Filling up the DagBag from /opt/airflow/dags/overwatch2_pipeline.py
[2026-03-24T17:58:33.869+0000] {processor.py:840} INFO - DAG(s) 'overwatch2_pipeline' retrieved from /opt/airflow/dags/overwatch2_pipeline.py
[2026-03-24T17:58:33.902+0000] {logging_mixin.py:188} INFO - [2026-03-24T17:58:33.902+0000] {dag.py:3096} INFO - Sync 1 DAGs
[2026-03-24T17:58:33.929+0000] {logging_mixin.py:188} INFO - [2026-03-24T17:58:33.929+0000] {dag.py:3954} INFO - Setting next_dagrun for overwatch2_pipeline to 2026-03-24 00:00:00+00:00, run_after=2026-03-25 00:00:00+00:00
[2026-03-24T17:58:33.952+0000] {processor.py:183} INFO - Processing /opt/airflow/dags/overwatch2_pipeline.py took 0.122 seconds
[2026-03-24T17:59:04.017+0000] {processor.py:161} INFO - Started process (PID=411) to work on /opt/airflow/dags/overwatch2_pipeline.py
[2026-03-24T17:59:04.018+0000] {processor.py:830} INFO - Processing file /opt/airflow/dags/overwatch2_pipeline.py for tasks to queue
[2026-03-24T17:59:04.020+0000] {logging_mixin.py:188} INFO - [2026-03-24T17:59:04.020+0000] {dagbag.py:540} INFO - Filling up the DagBag from /opt/airflow/dags/overwatch2_pipeline.py
[2026-03-24T17:59:04.049+0000] {processor.py:840} INFO - DAG(s) 'overwatch2_pipeline' retrieved from /opt/airflow/dags/overwatch2_pipeline.py
[2026-03-24T17:59:04.083+0000] {logging_mixin.py:188} INFO - [2026-03-24T17:59:04.083+0000] {dag.py:3096} INFO - Sync 1 DAGs
[2026-03-24T17:59:04.109+0000] {logging_mixin.py:188} INFO - [2026-03-24T17:59:04.108+0000] {dag.py:3954} INFO - Setting next_dagrun for overwatch2_pipeline to 2026-03-24 00:00:00+00:00, run_after=2026-03-25 00:00:00+00:00
[2026-03-24T17:59:04.134+0000] {processor.py:183} INFO - Processing /opt/airflow/dags/overwatch2_pipeline.py took 0.124 seconds
[2026-03-24T17:59:34.368+0000] {processor.py:161} INFO - Started process (PID=416) to work on /opt/airflow/dags/overwatch2_pipeline.py
[2026-03-24T17:59:34.369+0000] {processor.py:830} INFO - Processing file /opt/airflow/dags/overwatch2_pipeline.py for tasks to queue
[2026-03-24T17:59:34.371+0000] {logging_mixin.py:188} INFO - [2026-03-24T17:59:34.370+0000] {dagbag.py:540} INFO - Filling up the DagBag from /opt/airflow/dags/overwatch2_pipeline.py
[2026-03-24T17:59:34.398+0000] {processor.py:840} INFO - DAG(s) 'overwatch2_pipeline' retrieved from /opt/airflow/dags/overwatch2_pipeline.py
[2026-03-24T17:59:34.431+0000] {logging_mixin.py:188} INFO - [2026-03-24T17:59:34.431+0000] {dag.py:3096} INFO - Sync 1 DAGs
[2026-03-24T17:59:34.459+0000] {logging_mixin.py:188} INFO - [2026-03-24T17:59:34.458+0000] {dag.py:3954} INFO - Setting next_dagrun for overwatch2_pipeline to 2026-03-24 00:00:00+00:00, run_after=2026-03-25 00:00:00+00:00
[2026-03-24T17:59:34.481+0000] {processor.py:183} INFO - Processing /opt/airflow/dags/overwatch2_pipeline.py took 0.118 seconds
[2026-03-24T17:59:54.530+0000] {processor.py:161} INFO - Started process (PID=421) to work on /opt/airflow/dags/overwatch2_pipeline.py
[2026-03-24T17:59:54.532+0000] {processor.py:830} INFO - Processing file /opt/airflow/dags/overwatch2_pipeline.py for tasks to queue
[2026-03-24T17:59:54.535+0000] {logging_mixin.py:188} INFO - [2026-03-24T17:59:54.534+0000] {dagbag.py:540} INFO - Filling up the DagBag from /opt/airflow/dags/overwatch2_pipeline.py
[2026-03-24T17:59:54.593+0000] {processor.py:840} INFO - DAG(s) 'overwatch2_pipeline' retrieved from /opt/airflow/dags/overwatch2_pipeline.py
[2026-03-24T17:59:54.637+0000] {logging_mixin.py:188} INFO - [2026-03-24T17:59:54.637+0000] {dag.py:3096} INFO - Sync 1 DAGs
[2026-03-24T17:59:54.664+0000] {logging_mixin.py:188} INFO - [2026-03-24T17:59:54.663+0000] {dag.py:3954} INFO - Setting next_dagrun for overwatch2_pipeline to 2026-03-24 00:00:00+00:00, run_after=2026-03-25 00:00:00+00:00
[2026-03-24T17:59:54.697+0000] {processor.py:183} INFO - Processing /opt/airflow/dags/overwatch2_pipeline.py took 0.174 seconds
[2026-03-24T18:00:24.818+0000] {processor.py:161} INFO - Started process (PID=427) to work on /opt/airflow/dags/overwatch2_pipeline.py
[2026-03-24T18:00:24.820+0000] {processor.py:830} INFO - Processing file /opt/airflow/dags/overwatch2_pipeline.py for tasks to queue
[2026-03-24T18:00:24.823+0000] {logging_mixin.py:188} INFO - [2026-03-24T18:00:24.823+0000] {dagbag.py:540} INFO - Filling up the DagBag from /opt/airflow/dags/overwatch2_pipeline.py
[2026-03-24T18:00:24.858+0000] {processor.py:840} INFO - DAG(s) 'overwatch2_pipeline' retrieved from /opt/airflow/dags/overwatch2_pipeline.py
[2026-03-24T18:00:24.875+0000] {logging_mixin.py:188} INFO - [2026-03-24T18:00:24.875+0000] {dag.py:3096} INFO - Sync 1 DAGs
[2026-03-24T18:00:24.902+0000] {logging_mixin.py:188} INFO - [2026-03-24T18:00:24.902+0000] {dag.py:3954} INFO - Setting next_dagrun for overwatch2_pipeline to 2026-03-24 00:00:00+00:00, run_after=2026-03-25 00:00:00+00:00
[2026-03-24T18:00:24.928+0000] {processor.py:183} INFO - Processing /opt/airflow/dags/overwatch2_pipeline.py took 0.118 seconds
[2026-03-24T18:00:55.062+0000] {processor.py:161} INFO - Started process (PID=439) to work on /opt/airflow/dags/overwatch2_pipeline.py
[2026-03-24T18:00:55.063+0000] {processor.py:830} INFO - Processing file /opt/airflow/dags/overwatch2_pipeline.py for tasks to queue
[2026-03-24T18:00:55.065+0000] {logging_mixin.py:188} INFO - [2026-03-24T18:00:55.065+0000] {dagbag.py:540} INFO - Filling up the DagBag from /opt/airflow/dags/overwatch2_pipeline.py
[2026-03-24T18:00:55.098+0000] {processor.py:840} INFO - DAG(s) 'overwatch2_pipeline' retrieved from /opt/airflow/dags/overwatch2_pipeline.py
[2026-03-24T18:00:55.290+0000] {logging_mixin.py:188} INFO - [2026-03-24T18:00:55.289+0000] {dag.py:3096} INFO - Sync 1 DAGs
[2026-03-24T18:00:55.310+0000] {logging_mixin.py:188} INFO - [2026-03-24T18:00:55.310+0000] {dag.py:3954} INFO - Setting next_dagrun for overwatch2_pipeline to 2026-03-24 00:00:00+00:00, run_after=2026-03-25 00:00:00+00:00
[2026-03-24T18:00:55.335+0000] {processor.py:183} INFO - Processing /opt/airflow/dags/overwatch2_pipeline.py took 0.282 seconds
[2026-03-24T18:01:25.533+0000] {processor.py:161} INFO - Started process (PID=452) to work on /opt/airflow/dags/overwatch2_pipeline.py
[2026-03-24T18:01:25.534+0000] {processor.py:830} INFO - Processing file /opt/airflow/dags/overwatch2_pipeline.py for tasks to queue
[2026-03-24T18:01:25.536+0000] {logging_mixin.py:188} INFO - [2026-03-24T18:01:25.536+0000] {dagbag.py:540} INFO - Filling up the DagBag from /opt/airflow/dags/overwatch2_pipeline.py
[2026-03-24T18:01:25.568+0000] {processor.py:840} INFO - DAG(s) 'overwatch2_pipeline' retrieved from /opt/airflow/dags/overwatch2_pipeline.py
[2026-03-24T18:01:25.601+0000] {logging_mixin.py:188} INFO - [2026-03-24T18:01:25.601+0000] {dag.py:3096} INFO - Sync 1 DAGs
[2026-03-24T18:01:25.623+0000] {logging_mixin.py:188} INFO - [2026-03-24T18:01:25.623+0000] {dag.py:3954} INFO - Setting next_dagrun for overwatch2_pipeline to 2026-03-24 00:00:00+00:00, run_after=2026-03-25 00:00:00+00:00
[2026-03-24T18:01:25.645+0000] {processor.py:183} INFO - Processing /opt/airflow/dags/overwatch2_pipeline.py took 0.118 seconds
[2026-03-24T18:01:55.718+0000] {processor.py:161} INFO - Started process (PID=457) to work on /opt/airflow/dags/overwatch2_pipeline.py
[2026-03-24T18:01:55.719+0000] {processor.py:830} INFO - Processing file /opt/airflow/dags/overwatch2_pipeline.py for tasks to queue
[2026-03-24T18:01:55.721+0000] {logging_mixin.py:188} INFO - [2026-03-24T18:01:55.721+0000] {dagbag.py:540} INFO - Filling up the DagBag from /opt/airflow/dags/overwatch2_pipeline.py
[2026-03-24T18:01:55.748+0000] {processor.py:840} INFO - DAG(s) 'overwatch2_pipeline' retrieved from /opt/airflow/dags/overwatch2_pipeline.py
[2026-03-24T18:01:55.781+0000] {logging_mixin.py:188} INFO - [2026-03-24T18:01:55.780+0000] {dag.py:3096} INFO - Sync 1 DAGs
[2026-03-24T18:01:55.805+0000] {logging_mixin.py:188} INFO - [2026-03-24T18:01:55.805+0000] {dag.py:3954} INFO - Setting next_dagrun for overwatch2_pipeline to 2026-03-24 00:00:00+00:00, run_after=2026-03-25 00:00:00+00:00
[2026-03-24T18:01:55.826+0000] {processor.py:183} INFO - Processing /opt/airflow/dags/overwatch2_pipeline.py took 0.114 seconds
[2026-03-24T18:02:26.011+0000] {processor.py:161} INFO - Started process (PID=462) to work on /opt/airflow/dags/overwatch2_pipeline.py
[2026-03-24T18:02:26.012+0000] {processor.py:830} INFO - Processing file /opt/airflow/dags/overwatch2_pipeline.py for tasks to queue
[2026-03-24T18:02:26.015+0000] {logging_mixin.py:188} INFO - [2026-03-24T18:02:26.014+0000] {dagbag.py:540} INFO - Filling up the DagBag from /opt/airflow/dags/overwatch2_pipeline.py
[2026-03-24T18:02:26.048+0000] {processor.py:840} INFO - DAG(s) 'overwatch2_pipeline' retrieved from /opt/airflow/dags/overwatch2_pipeline.py
[2026-03-24T18:02:26.087+0000] {logging_mixin.py:188} INFO - [2026-03-24T18:02:26.086+0000] {dag.py:3096} INFO - Sync 1 DAGs
[2026-03-24T18:02:26.115+0000] {logging_mixin.py:188} INFO - [2026-03-24T18:02:26.115+0000] {dag.py:3954} INFO - Setting next_dagrun for overwatch2_pipeline to 2026-03-24 00:00:00+00:00, run_after=2026-03-25 00:00:00+00:00
[2026-03-24T18:02:26.141+0000] {processor.py:183} INFO - Processing /opt/airflow/dags/overwatch2_pipeline.py took 0.137 seconds
[2026-03-24T18:02:56.205+0000] {processor.py:161} INFO - Started process (PID=467) to work on /opt/airflow/dags/overwatch2_pipeline.py
[2026-03-24T18:02:56.206+0000] {processor.py:830} INFO - Processing file /opt/airflow/dags/overwatch2_pipeline.py for tasks to queue
[2026-03-24T18:02:56.209+0000] {logging_mixin.py:188} INFO - [2026-03-24T18:02:56.208+0000] {dagbag.py:540} INFO - Filling up the DagBag from /opt/airflow/dags/overwatch2_pipeline.py
[2026-03-24T18:02:56.238+0000] {processor.py:840} INFO - DAG(s) 'overwatch2_pipeline' retrieved from /opt/airflow/dags/overwatch2_pipeline.py
[2026-03-24T18:02:56.275+0000] {logging_mixin.py:188} INFO - [2026-03-24T18:02:56.275+0000] {dag.py:3096} INFO - Sync 1 DAGs
[2026-03-24T18:02:56.299+0000] {logging_mixin.py:188} INFO - [2026-03-24T18:02:56.299+0000] {dag.py:3954} INFO - Setting next_dagrun for overwatch2_pipeline to 2026-03-24 00:00:00+00:00, run_after=2026-03-25 00:00:00+00:00
[2026-03-24T18:02:56.320+0000] {processor.py:183} INFO - Processing /opt/airflow/dags/overwatch2_pipeline.py took 0.123 seconds
[2026-03-24T18:03:26.536+0000] {processor.py:161} INFO - Started process (PID=472) to work on /opt/airflow/dags/overwatch2_pipeline.py
[2026-03-24T18:03:26.538+0000] {processor.py:830} INFO - Processing file /opt/airflow/dags/overwatch2_pipeline.py for tasks to queue
[2026-03-24T18:03:26.541+0000] {logging_mixin.py:188} INFO - [2026-03-24T18:03:26.541+0000] {dagbag.py:540} INFO - Filling up the DagBag from /opt/airflow/dags/overwatch2_pipeline.py
[2026-03-24T18:03:26.577+0000] {processor.py:840} INFO - DAG(s) 'overwatch2_pipeline' retrieved from /opt/airflow/dags/overwatch2_pipeline.py
[2026-03-24T18:03:26.614+0000] {logging_mixin.py:188} INFO - [2026-03-24T18:03:26.614+0000] {dag.py:3096} INFO - Sync 1 DAGs
[2026-03-24T18:03:26.641+0000] {logging_mixin.py:188} INFO - [2026-03-24T18:03:26.641+0000] {dag.py:3954} INFO - Setting next_dagrun for overwatch2_pipeline to 2026-03-24 00:00:00+00:00, run_after=2026-03-25 00:00:00+00:00
[2026-03-24T18:03:26.663+0000] {processor.py:183} INFO - Processing /opt/airflow/dags/overwatch2_pipeline.py took 0.137 seconds
[2026-03-24T18:03:56.856+0000] {processor.py:161} INFO - Started process (PID=477) to work on /opt/airflow/dags/overwatch2_pipeline.py
[2026-03-24T18:03:56.858+0000] {processor.py:830} INFO - Processing file /opt/airflow/dags/overwatch2_pipeline.py for tasks to queue
[2026-03-24T18:03:56.860+0000] {logging_mixin.py:188} INFO - [2026-03-24T18:03:56.860+0000] {dagbag.py:540} INFO - Filling up the DagBag from /opt/airflow/dags/overwatch2_pipeline.py
[2026-03-24T18:03:56.892+0000] {processor.py:840} INFO - DAG(s) 'overwatch2_pipeline' retrieved from /opt/airflow/dags/overwatch2_pipeline.py
[2026-03-24T18:03:56.930+0000] {logging_mixin.py:188} INFO - [2026-03-24T18:03:56.930+0000] {dag.py:3096} INFO - Sync 1 DAGs
[2026-03-24T18:03:56.956+0000] {logging_mixin.py:188} INFO - [2026-03-24T18:03:56.956+0000] {dag.py:3954} INFO - Setting next_dagrun for overwatch2_pipeline to 2026-03-24 00:00:00+00:00, run_after=2026-03-25 00:00:00+00:00
[2026-03-24T18:03:56.979+0000] {processor.py:183} INFO - Processing /opt/airflow/dags/overwatch2_pipeline.py took 0.129 seconds
[2026-03-24T18:04:27.086+0000] {processor.py:161} INFO - Started process (PID=482) to work on /opt/airflow/dags/overwatch2_pipeline.py
[2026-03-24T18:04:27.087+0000] {processor.py:830} INFO - Processing file /opt/airflow/dags/overwatch2_pipeline.py for tasks to queue
[2026-03-24T18:04:27.089+0000] {logging_mixin.py:188} INFO - [2026-03-24T18:04:27.089+0000] {dagbag.py:540} INFO - Filling up the DagBag from /opt/airflow/dags/overwatch2_pipeline.py
[2026-03-24T18:04:27.120+0000] {processor.py:840} INFO - DAG(s) 'overwatch2_pipeline' retrieved from /opt/airflow/dags/overwatch2_pipeline.py
[2026-03-24T18:04:27.155+0000] {logging_mixin.py:188} INFO - [2026-03-24T18:04:27.155+0000] {dag.py:3096} INFO - Sync 1 DAGs
[2026-03-24T18:04:27.179+0000] {logging_mixin.py:188} INFO - [2026-03-24T18:04:27.179+0000] {dag.py:3954} INFO - Setting next_dagrun for overwatch2_pipeline to 2026-03-24 00:00:00+00:00, run_after=2026-03-25 00:00:00+00:00
[2026-03-24T18:04:27.200+0000] {processor.py:183} INFO - Processing /opt/airflow/dags/overwatch2_pipeline.py took 0.119 seconds
[2026-03-24T18:04:57.340+0000] {processor.py:161} INFO - Started process (PID=487) to work on /opt/airflow/dags/overwatch2_pipeline.py
[2026-03-24T18:04:57.342+0000] {processor.py:830} INFO - Processing file /opt/airflow/dags/overwatch2_pipeline.py for tasks to queue
[2026-03-24T18:04:57.343+0000] {logging_mixin.py:188} INFO - [2026-03-24T18:04:57.343+0000] {dagbag.py:540} INFO - Filling up the DagBag from /opt/airflow/dags/overwatch2_pipeline.py
[2026-03-24T18:04:57.377+0000] {processor.py:840} INFO - DAG(s) 'overwatch2_pipeline' retrieved from /opt/airflow/dags/overwatch2_pipeline.py
[2026-03-24T18:04:57.413+0000] {logging_mixin.py:188} INFO - [2026-03-24T18:04:57.413+0000] {dag.py:3096} INFO - Sync 1 DAGs
[2026-03-24T18:04:57.438+0000] {logging_mixin.py:188} INFO - [2026-03-24T18:04:57.437+0000] {dag.py:3954} INFO - Setting next_dagrun for overwatch2_pipeline to 2026-03-24 00:00:00+00:00, run_after=2026-03-25 00:00:00+00:00
[2026-03-24T18:04:57.460+0000] {processor.py:183} INFO - Processing /opt/airflow/dags/overwatch2_pipeline.py took 0.126 seconds
[2026-03-24T18:05:27.550+0000] {processor.py:161} INFO - Started process (PID=492) to work on /opt/airflow/dags/overwatch2_pipeline.py
[2026-03-24T18:05:27.552+0000] {processor.py:830} INFO - Processing file /opt/airflow/dags/overwatch2_pipeline.py for tasks to queue
[2026-03-24T18:05:27.554+0000] {logging_mixin.py:188} INFO - [2026-03-24T18:05:27.554+0000] {dagbag.py:540} INFO - Filling up the DagBag from /opt/airflow/dags/overwatch2_pipeline.py
[2026-03-24T18:05:27.584+0000] {processor.py:840} INFO - DAG(s) 'overwatch2_pipeline' retrieved from /opt/airflow/dags/overwatch2_pipeline.py
[2026-03-24T18:05:27.617+0000] {logging_mixin.py:188} INFO - [2026-03-24T18:05:27.617+0000] {dag.py:3096} INFO - Sync 1 DAGs
[2026-03-24T18:05:27.642+0000] {logging_mixin.py:188} INFO - [2026-03-24T18:05:27.642+0000] {dag.py:3954} INFO - Setting next_dagrun for overwatch2_pipeline to 2026-03-24 00:00:00+00:00, run_after=2026-03-25 00:00:00+00:00
[2026-03-24T18:05:27.661+0000] {processor.py:183} INFO - Processing /opt/airflow/dags/overwatch2_pipeline.py took 0.116 seconds
[2026-03-24T18:05:57.835+0000] {processor.py:161} INFO - Started process (PID=497) to work on /opt/airflow/dags/overwatch2_pipeline.py
[2026-03-24T18:05:57.836+0000] {processor.py:830} INFO - Processing file /opt/airflow/dags/overwatch2_pipeline.py for tasks to queue
[2026-03-24T18:05:57.839+0000] {logging_mixin.py:188} INFO - [2026-03-24T18:05:57.838+0000] {dagbag.py:540} INFO - Filling up the DagBag from /opt/airflow/dags/overwatch2_pipeline.py
[2026-03-24T18:05:57.873+0000] {processor.py:840} INFO - DAG(s) 'overwatch2_pipeline' retrieved from /opt/airflow/dags/overwatch2_pipeline.py
[2026-03-24T18:05:57.913+0000] {logging_mixin.py:188} INFO - [2026-03-24T18:05:57.912+0000] {dag.py:3096} INFO - Sync 1 DAGs
[2026-03-24T18:05:57.944+0000] {logging_mixin.py:188} INFO - [2026-03-24T18:05:57.943+0000] {dag.py:3954} INFO - Setting next_dagrun for overwatch2_pipeline to 2026-03-24 00:00:00+00:00, run_after=2026-03-25 00:00:00+00:00
[2026-03-24T18:05:57.970+0000] {processor.py:183} INFO - Processing /opt/airflow/dags/overwatch2_pipeline.py took 0.141 seconds
[2026-03-24T18:06:28.176+0000] {processor.py:161} INFO - Started process (PID=502) to work on /opt/airflow/dags/overwatch2_pipeline.py
[2026-03-24T18:06:28.178+0000] {processor.py:830} INFO - Processing file /opt/airflow/dags/overwatch2_pipeline.py for tasks to queue
[2026-03-24T18:06:28.180+0000] {logging_mixin.py:188} INFO - [2026-03-24T18:06:28.180+0000] {dagbag.py:540} INFO - Filling up the DagBag from /opt/airflow/dags/overwatch2_pipeline.py
[2026-03-24T18:06:28.214+0000] {processor.py:840} INFO - DAG(s) 'overwatch2_pipeline' retrieved from /opt/airflow/dags/overwatch2_pipeline.py
[2026-03-24T18:06:28.256+0000] {logging_mixin.py:188} INFO - [2026-03-24T18:06:28.255+0000] {dag.py:3096} INFO - Sync 1 DAGs
[2026-03-24T18:06:28.284+0000] {logging_mixin.py:188} INFO - [2026-03-24T18:06:28.284+0000] {dag.py:3954} INFO - Setting next_dagrun for overwatch2_pipeline to 2026-03-24 00:00:00+00:00, run_after=2026-03-25 00:00:00+00:00
[2026-03-24T18:06:28.307+0000] {processor.py:183} INFO - Processing /opt/airflow/dags/overwatch2_pipeline.py took 0.139 seconds
[2026-03-24T18:06:58.531+0000] {processor.py:161} INFO - Started process (PID=507) to work on /opt/airflow/dags/overwatch2_pipeline.py
[2026-03-24T18:06:58.532+0000] {processor.py:830} INFO - Processing file /opt/airflow/dags/overwatch2_pipeline.py for tasks to queue
[2026-03-24T18:06:58.537+0000] {logging_mixin.py:188} INFO - [2026-03-24T18:06:58.536+0000] {dagbag.py:540} INFO - Filling up the DagBag from /opt/airflow/dags/overwatch2_pipeline.py
[2026-03-24T18:06:58.579+0000] {processor.py:840} INFO - DAG(s) 'overwatch2_pipeline' retrieved from /opt/airflow/dags/overwatch2_pipeline.py
[2026-03-24T18:06:58.627+0000] {logging_mixin.py:188} INFO - [2026-03-24T18:06:58.626+0000] {dag.py:3096} INFO - Sync 1 DAGs
[2026-03-24T18:06:58.658+0000] {logging_mixin.py:188} INFO - [2026-03-24T18:06:58.658+0000] {dag.py:3954} INFO - Setting next_dagrun for overwatch2_pipeline to 2026-03-24 00:00:00+00:00, run_after=2026-03-25 00:00:00+00:00
[2026-03-24T18:06:58.680+0000] {processor.py:183} INFO - Processing /opt/airflow/dags/overwatch2_pipeline.py took 0.160 seconds
