[2026-03-17T14:23:55.188+0000] {local_task_job_runner.py:120} INFO - ::group::Pre task execution logs
[2026-03-17T14:23:55.255+0000] {taskinstance.py:2073} INFO - Dependencies all met for dep_context=non-requeueable deps ti=<TaskInstance: overwatch2_pipeline.scrape_blizzard scheduled__2026-03-16T00:00:00+00:00 [queued]>
[2026-03-17T14:23:55.270+0000] {taskinstance.py:2073} INFO - Dependencies all met for dep_context=requeueable deps ti=<TaskInstance: overwatch2_pipeline.scrape_blizzard scheduled__2026-03-16T00:00:00+00:00 [queued]>
[2026-03-17T14:23:55.270+0000] {taskinstance.py:2303} INFO - Starting attempt 1 of 3
[2026-03-17T14:23:55.287+0000] {taskinstance.py:2327} INFO - Executing <Task(PythonOperator): scrape_blizzard> on 2026-03-16 00:00:00+00:00
[2026-03-17T14:23:55.300+0000] {logging_mixin.py:188} WARNING - /home/***/.local/lib/python3.12/site-packages/***/task/task_runner/standard_task_runner.py:61 DeprecationWarning: This process (pid=198) is multi-threaded, use of fork() may lead to deadlocks in the child.
[2026-03-17T14:23:55.302+0000] {standard_task_runner.py:63} INFO - Started process 199 to run task
[2026-03-17T14:23:55.300+0000] {standard_task_runner.py:90} INFO - Running: ['***', 'tasks', 'run', 'overwatch2_pipeline', 'scrape_blizzard', 'scheduled__2026-03-16T00:00:00+00:00', '--job-id', '152', '--raw', '--subdir', 'DAGS_FOLDER/overwatch2_pipeline.py', '--cfg-path', '/tmp/tmpouabtpld']
[2026-03-17T14:23:55.304+0000] {standard_task_runner.py:91} INFO - Job 152: Subtask scrape_blizzard
[2026-03-17T14:23:55.408+0000] {task_command.py:426} INFO - Running <TaskInstance: overwatch2_pipeline.scrape_blizzard scheduled__2026-03-16T00:00:00+00:00 [running]> on host d57c35dcabbf
[2026-03-17T14:23:55.531+0000] {taskinstance.py:2644} INFO - Exporting env vars: AIRFLOW_CTX_DAG_OWNER='angel' AIRFLOW_CTX_DAG_ID='overwatch2_pipeline' AIRFLOW_CTX_TASK_ID='scrape_blizzard' AIRFLOW_CTX_EXECUTION_DATE='2026-03-16T00:00:00+00:00' AIRFLOW_CTX_TRY_NUMBER='1' AIRFLOW_CTX_DAG_RUN_ID='scheduled__2026-03-16T00:00:00+00:00'
[2026-03-17T14:23:55.532+0000] {taskinstance.py:430} INFO - ::endgroup::
[2026-03-17T14:24:06.266+0000] {overwatch2_pipeline.py:137} WARNING - Blizzard scrape fallo para PC/Americas: HTTPSConnectionPool(host='overwatch.blizzard.com', port=443): Read timed out. (read timeout=10)
[2026-03-17T14:24:16.420+0000] {overwatch2_pipeline.py:137} WARNING - Blizzard scrape fallo para PC/Europe: HTTPSConnectionPool(host='overwatch.blizzard.com', port=443): Read timed out. (read timeout=10)
[2026-03-17T14:24:26.562+0000] {overwatch2_pipeline.py:137} WARNING - Blizzard scrape fallo para PC/Asia: HTTPSConnectionPool(host='overwatch.blizzard.com', port=443): Read timed out. (read timeout=10)
[2026-03-17T14:24:36.690+0000] {overwatch2_pipeline.py:137} WARNING - Blizzard scrape fallo para Console/Americas: HTTPSConnectionPool(host='overwatch.blizzard.com', port=443): Read timed out. (read timeout=10)
[2026-03-17T14:24:46.826+0000] {overwatch2_pipeline.py:137} WARNING - Blizzard scrape fallo para Console/Europe: HTTPSConnectionPool(host='overwatch.blizzard.com', port=443): Read timed out. (read timeout=10)
[2026-03-17T14:24:47.318+0000] {overwatch2_pipeline.py:140} INFO - ✅ Scrape completado: 0 registros reales
[2026-03-17T14:24:47.320+0000] {python.py:237} INFO - Done. Returned value was: None
[2026-03-17T14:24:47.322+0000] {taskinstance.py:441} INFO - ::group::Post task execution logs
[2026-03-17T14:24:47.338+0000] {taskinstance.py:1205} INFO - Marking task as SUCCESS. dag_id=overwatch2_pipeline, task_id=scrape_blizzard, execution_date=20260316T000000, start_date=20260317T142355, end_date=20260317T142447
[2026-03-17T14:24:47.375+0000] {local_task_job_runner.py:240} INFO - Task exited with return code 0
[2026-03-17T14:24:47.413+0000] {taskinstance.py:3482} INFO - 1 downstream tasks scheduled from follow-on schedule check
[2026-03-17T14:24:47.417+0000] {local_task_job_runner.py:222} INFO - ::endgroup::
