[2026-03-31T22:05:21.989+0000] {local_task_job_runner.py:120} INFO - ::group::Pre task execution logs
[2026-03-31T22:05:22.036+0000] {taskinstance.py:2073} INFO - Dependencies all met for dep_context=non-requeueable deps ti=<TaskInstance: overwatch2_pipeline.scrape_blizzard scheduled__2026-03-30T06:00:00+00:00 [queued]>
[2026-03-31T22:05:22.047+0000] {taskinstance.py:2073} INFO - Dependencies all met for dep_context=requeueable deps ti=<TaskInstance: overwatch2_pipeline.scrape_blizzard scheduled__2026-03-30T06:00:00+00:00 [queued]>
[2026-03-31T22:05:22.048+0000] {taskinstance.py:2303} INFO - Starting attempt 1 of 3
[2026-03-31T22:05:22.063+0000] {taskinstance.py:2327} INFO - Executing <Task(PythonOperator): scrape_blizzard> on 2026-03-30 06:00:00+00:00
[2026-03-31T22:05:22.073+0000] {logging_mixin.py:188} WARNING - /home/***/.local/lib/python3.12/site-packages/***/task/task_runner/standard_task_runner.py:61 DeprecationWarning: This process (pid=228) is multi-threaded, use of fork() may lead to deadlocks in the child.
[2026-03-31T22:05:22.075+0000] {standard_task_runner.py:63} INFO - Started process 229 to run task
[2026-03-31T22:05:22.073+0000] {standard_task_runner.py:90} INFO - Running: ['***', 'tasks', 'run', 'overwatch2_pipeline', 'scrape_blizzard', 'scheduled__2026-03-30T06:00:00+00:00', '--job-id', '1154', '--raw', '--subdir', 'DAGS_FOLDER/overwatch2_pipeline.py', '--cfg-path', '/tmp/tmprcttieab']
[2026-03-31T22:05:22.076+0000] {standard_task_runner.py:91} INFO - Job 1154: Subtask scrape_blizzard
[2026-03-31T22:05:22.159+0000] {task_command.py:426} INFO - Running <TaskInstance: overwatch2_pipeline.scrape_blizzard scheduled__2026-03-30T06:00:00+00:00 [running]> on host 5f83853c16fb
[2026-03-31T22:05:22.270+0000] {taskinstance.py:2644} INFO - Exporting env vars: AIRFLOW_CTX_DAG_OWNER='angel' AIRFLOW_CTX_DAG_ID='overwatch2_pipeline' AIRFLOW_CTX_TASK_ID='scrape_blizzard' AIRFLOW_CTX_EXECUTION_DATE='2026-03-30T06:00:00+00:00' AIRFLOW_CTX_TRY_NUMBER='1' AIRFLOW_CTX_DAG_RUN_ID='scheduled__2026-03-30T06:00:00+00:00'
[2026-03-31T22:05:22.271+0000] {taskinstance.py:430} INFO - ::endgroup::
[2026-03-31T22:05:22.286+0000] {overwatch2_pipeline.py:294} INFO - ── Scrapeando URL 2: /en-us/heroes/ ──
[2026-03-31T22:05:23.002+0000] {overwatch2_pipeline.py:211} INFO -   ✅ URL 2 (/heroes/) → 0 dificultades extraidas
[2026-03-31T22:05:24.022+0000] {overwatch2_pipeline.py:300} INFO - ── Scrapeando URL 1: /en-us/rates/ ──
[2026-03-31T22:05:24.415+0000] {overwatch2_pipeline.py:319} INFO -   ✅ PC / Americas / rq=0 / tier=All → 50 heroes (limpios)
[2026-03-31T22:05:25.674+0000] {overwatch2_pipeline.py:319} INFO -   ✅ PC / Americas / rq=1 / tier=All → 50 heroes (limpios)
[2026-03-31T22:05:27.009+0000] {overwatch2_pipeline.py:319} INFO -   ✅ PC / Europe / rq=0 / tier=All → 50 heroes (limpios)
[2026-03-31T22:05:28.254+0000] {overwatch2_pipeline.py:319} INFO -   ✅ PC / Europe / rq=1 / tier=All → 50 heroes (limpios)
[2026-03-31T22:05:29.509+0000] {overwatch2_pipeline.py:319} INFO -   ✅ PC / Asia / rq=0 / tier=All → 50 heroes (limpios)
[2026-03-31T22:05:30.911+0000] {overwatch2_pipeline.py:319} INFO -   ✅ PC / Asia / rq=1 / tier=All → 50 heroes (limpios)
[2026-03-31T22:05:32.148+0000] {overwatch2_pipeline.py:319} INFO -   ✅ Console / Americas / rq=0 / tier=All → 50 heroes (limpios)
[2026-03-31T22:05:33.464+0000] {overwatch2_pipeline.py:319} INFO -   ✅ Console / Americas / rq=1 / tier=All → 50 heroes (limpios)
[2026-03-31T22:05:35.970+0000] {overwatch2_pipeline.py:319} INFO -   ✅ Console / Europe / rq=0 / tier=All → 50 heroes (limpios)
[2026-03-31T22:05:37.363+0000] {overwatch2_pipeline.py:319} INFO -   ✅ Console / Europe / rq=1 / tier=All → 50 heroes (limpios)
[2026-03-31T22:05:38.695+0000] {overwatch2_pipeline.py:319} INFO -   ✅ Console / Asia / rq=0 / tier=All → 50 heroes (limpios)
[2026-03-31T22:05:39.925+0000] {overwatch2_pipeline.py:319} INFO -   ✅ Console / Asia / rq=1 / tier=All → 50 heroes (limpios)
[2026-03-31T22:05:40.926+0000] {overwatch2_pipeline.py:326} INFO - ✅ Scrape completado: 600 registros | 0 errores
[2026-03-31T22:05:40.948+0000] {python.py:237} INFO - Done. Returned value was: None
[2026-03-31T22:05:40.949+0000] {taskinstance.py:441} INFO - ::group::Post task execution logs
[2026-03-31T22:05:40.959+0000] {taskinstance.py:1205} INFO - Marking task as SUCCESS. dag_id=overwatch2_pipeline, task_id=scrape_blizzard, execution_date=20260330T060000, start_date=20260331T220522, end_date=20260331T220540
[2026-03-31T22:05:40.991+0000] {local_task_job_runner.py:240} INFO - Task exited with return code 0
[2026-03-31T22:05:41.019+0000] {taskinstance.py:3482} INFO - 1 downstream tasks scheduled from follow-on schedule check
[2026-03-31T22:05:41.021+0000] {local_task_job_runner.py:222} INFO - ::endgroup::
