[2026-04-09T22:13:19.748+0000] {local_task_job_runner.py:120} INFO - ::group::Pre task execution logs
[2026-04-09T22:13:19.792+0000] {taskinstance.py:2073} INFO - Dependencies all met for dep_context=non-requeueable deps ti=<TaskInstance: overwatch2_pipeline.scrape_blizzard scheduled__2026-04-08T06:00:00+00:00 [queued]>
[2026-04-09T22:13:19.802+0000] {taskinstance.py:2073} INFO - Dependencies all met for dep_context=requeueable deps ti=<TaskInstance: overwatch2_pipeline.scrape_blizzard scheduled__2026-04-08T06:00:00+00:00 [queued]>
[2026-04-09T22:13:19.803+0000] {taskinstance.py:2303} INFO - Starting attempt 1 of 3
[2026-04-09T22:13:19.815+0000] {taskinstance.py:2327} INFO - Executing <Task(PythonOperator): scrape_blizzard> on 2026-04-08 06:00:00+00:00
[2026-04-09T22:13:19.828+0000] {logging_mixin.py:188} WARNING - /home/***/.local/lib/python3.12/site-packages/***/task/task_runner/standard_task_runner.py:61 DeprecationWarning: This process (pid=177) is multi-threaded, use of fork() may lead to deadlocks in the child.
[2026-04-09T22:13:19.830+0000] {standard_task_runner.py:63} INFO - Started process 178 to run task
[2026-04-09T22:13:19.828+0000] {standard_task_runner.py:90} INFO - Running: ['***', 'tasks', 'run', 'overwatch2_pipeline', 'scrape_blizzard', 'scheduled__2026-04-08T06:00:00+00:00', '--job-id', '1257', '--raw', '--subdir', 'DAGS_FOLDER/overwatch2_pipeline.py', '--cfg-path', '/tmp/tmp6skvcxil']
[2026-04-09T22:13:19.830+0000] {standard_task_runner.py:91} INFO - Job 1257: Subtask scrape_blizzard
[2026-04-09T22:13:19.902+0000] {task_command.py:426} INFO - Running <TaskInstance: overwatch2_pipeline.scrape_blizzard scheduled__2026-04-08T06:00:00+00:00 [running]> on host e74ce4de20a5
[2026-04-09T22:13:20.029+0000] {taskinstance.py:2644} INFO - Exporting env vars: AIRFLOW_CTX_DAG_OWNER='angel' AIRFLOW_CTX_DAG_ID='overwatch2_pipeline' AIRFLOW_CTX_TASK_ID='scrape_blizzard' AIRFLOW_CTX_EXECUTION_DATE='2026-04-08T06:00:00+00:00' AIRFLOW_CTX_TRY_NUMBER='1' AIRFLOW_CTX_DAG_RUN_ID='scheduled__2026-04-08T06:00:00+00:00'
[2026-04-09T22:13:20.030+0000] {taskinstance.py:430} INFO - ::endgroup::
[2026-04-09T22:13:20.046+0000] {overwatch2_pipeline.py:294} INFO - ── Scrapeando URL 2: /en-us/heroes/ ──
[2026-04-09T22:13:20.609+0000] {overwatch2_pipeline.py:211} INFO -   ✅ URL 2 (/heroes/) → 0 dificultades extraidas
[2026-04-09T22:13:21.632+0000] {overwatch2_pipeline.py:300} INFO - ── Scrapeando URL 1: /en-us/rates/ ──
[2026-04-09T22:13:21.906+0000] {overwatch2_pipeline.py:319} INFO -   ✅ PC / Americas / rq=0 / tier=All → 50 heroes (limpios)
[2026-04-09T22:13:23.191+0000] {overwatch2_pipeline.py:319} INFO -   ✅ PC / Americas / rq=1 / tier=All → 50 heroes (limpios)
[2026-04-09T22:13:24.504+0000] {overwatch2_pipeline.py:319} INFO -   ✅ PC / Europe / rq=0 / tier=All → 50 heroes (limpios)
[2026-04-09T22:13:25.769+0000] {overwatch2_pipeline.py:319} INFO -   ✅ PC / Europe / rq=1 / tier=All → 50 heroes (limpios)
[2026-04-09T22:13:27.048+0000] {overwatch2_pipeline.py:319} INFO -   ✅ PC / Asia / rq=0 / tier=All → 50 heroes (limpios)
[2026-04-09T22:13:28.533+0000] {overwatch2_pipeline.py:319} INFO -   ✅ PC / Asia / rq=1 / tier=All → 50 heroes (limpios)
[2026-04-09T22:13:29.970+0000] {overwatch2_pipeline.py:319} INFO -   ✅ Console / Americas / rq=0 / tier=All → 50 heroes (limpios)
[2026-04-09T22:13:31.311+0000] {overwatch2_pipeline.py:319} INFO -   ✅ Console / Americas / rq=1 / tier=All → 50 heroes (limpios)
[2026-04-09T22:13:33.190+0000] {overwatch2_pipeline.py:319} INFO -   ✅ Console / Europe / rq=0 / tier=All → 50 heroes (limpios)
[2026-04-09T22:13:34.636+0000] {overwatch2_pipeline.py:319} INFO -   ✅ Console / Europe / rq=1 / tier=All → 50 heroes (limpios)
[2026-04-09T22:13:35.947+0000] {overwatch2_pipeline.py:319} INFO -   ✅ Console / Asia / rq=0 / tier=All → 50 heroes (limpios)
[2026-04-09T22:13:38.158+0000] {overwatch2_pipeline.py:319} INFO -   ✅ Console / Asia / rq=1 / tier=All → 50 heroes (limpios)
[2026-04-09T22:13:39.159+0000] {overwatch2_pipeline.py:326} INFO - ✅ Scrape completado: 600 registros | 0 errores
[2026-04-09T22:13:39.183+0000] {python.py:237} INFO - Done. Returned value was: None
[2026-04-09T22:13:39.185+0000] {taskinstance.py:441} INFO - ::group::Post task execution logs
[2026-04-09T22:13:39.196+0000] {taskinstance.py:1205} INFO - Marking task as SUCCESS. dag_id=overwatch2_pipeline, task_id=scrape_blizzard, execution_date=20260408T060000, start_date=20260409T221319, end_date=20260409T221339
[2026-04-09T22:13:39.250+0000] {local_task_job_runner.py:240} INFO - Task exited with return code 0
[2026-04-09T22:13:39.276+0000] {taskinstance.py:3482} INFO - 1 downstream tasks scheduled from follow-on schedule check
[2026-04-09T22:13:39.278+0000] {local_task_job_runner.py:222} INFO - ::endgroup::
