[2026-03-10T17:14:52.194+0000] {local_task_job_runner.py:120} INFO - ::group::Pre task execution logs
[2026-03-10T17:14:52.230+0000] {taskinstance.py:2073} INFO - Dependencies all met for dep_context=non-requeueable deps ti=<TaskInstance: overwatch2_pipeline.etl_principal manual__2026-03-10T17:08:46.147074+00:00 [queued]>
[2026-03-10T17:14:52.238+0000] {taskinstance.py:2073} INFO - Dependencies all met for dep_context=requeueable deps ti=<TaskInstance: overwatch2_pipeline.etl_principal manual__2026-03-10T17:08:46.147074+00:00 [queued]>
[2026-03-10T17:14:52.238+0000] {taskinstance.py:2303} INFO - Starting attempt 2 of 3
[2026-03-10T17:14:52.251+0000] {taskinstance.py:2327} INFO - Executing <Task(PythonOperator): etl_principal> on 2026-03-10 17:08:46.147074+00:00
[2026-03-10T17:14:52.260+0000] {logging_mixin.py:188} WARNING - /home/***/.local/lib/python3.12/site-packages/***/task/task_runner/standard_task_runner.py:61 DeprecationWarning: This process (pid=336) is multi-threaded, use of fork() may lead to deadlocks in the child.
[2026-03-10T17:14:52.262+0000] {standard_task_runner.py:63} INFO - Started process 337 to run task
[2026-03-10T17:14:52.260+0000] {standard_task_runner.py:90} INFO - Running: ['***', 'tasks', 'run', 'overwatch2_pipeline', 'etl_principal', 'manual__2026-03-10T17:08:46.147074+00:00', '--job-id', '38', '--raw', '--subdir', 'DAGS_FOLDER/overwatch2_pipeline.py', '--cfg-path', '/tmp/tmpe697vkvy']
[2026-03-10T17:14:52.262+0000] {standard_task_runner.py:91} INFO - Job 38: Subtask etl_principal
[2026-03-10T17:14:52.333+0000] {task_command.py:426} INFO - Running <TaskInstance: overwatch2_pipeline.etl_principal manual__2026-03-10T17:08:46.147074+00:00 [running]> on host d57c35dcabbf
[2026-03-10T17:14:52.425+0000] {taskinstance.py:2644} INFO - Exporting env vars: AIRFLOW_CTX_DAG_OWNER='angel' AIRFLOW_CTX_DAG_ID='overwatch2_pipeline' AIRFLOW_CTX_TASK_ID='etl_principal' AIRFLOW_CTX_EXECUTION_DATE='2026-03-10T17:08:46.147074+00:00' AIRFLOW_CTX_TRY_NUMBER='2' AIRFLOW_CTX_DAG_RUN_ID='manual__2026-03-10T17:08:46.147074+00:00'
[2026-03-10T17:14:52.426+0000] {taskinstance.py:430} INFO - ::endgroup::
[2026-03-10T17:14:52.457+0000] {taskinstance.py:441} INFO - ::group::Post task execution logs
[2026-03-10T17:14:52.458+0000] {taskinstance.py:2890} ERROR - Task failed with exception
Traceback (most recent call last):
  File "/home/airflow/.local/lib/python3.12/site-packages/airflow/models/taskinstance.py", line 465, in _execute_task
    result = _execute_callable(context=context, **execute_callable_kwargs)
             ^^^^^^^^^^^^^^^^^^^^^^^^^^^^^^^^^^^^^^^^^^^^^^^^^^^^^^^^^^^^^
  File "/home/airflow/.local/lib/python3.12/site-packages/airflow/models/taskinstance.py", line 432, in _execute_callable
    return execute_callable(context=context, **execute_callable_kwargs)
           ^^^^^^^^^^^^^^^^^^^^^^^^^^^^^^^^^^^^^^^^^^^^^^^^^^^^^^^^^^^^
  File "/home/airflow/.local/lib/python3.12/site-packages/airflow/models/baseoperator.py", line 400, in wrapper
    return func(self, *args, **kwargs)
           ^^^^^^^^^^^^^^^^^^^^^^^^^^^
  File "/home/airflow/.local/lib/python3.12/site-packages/airflow/operators/python.py", line 235, in execute
    return_value = self.execute_callable()
                   ^^^^^^^^^^^^^^^^^^^^^^^
  File "/home/airflow/.local/lib/python3.12/site-packages/airflow/operators/python.py", line 252, in execute_callable
    return self.python_callable(*self.op_args, **self.op_kwargs)
           ^^^^^^^^^^^^^^^^^^^^^^^^^^^^^^^^^^^^^^^^^^^^^^^^^^^^^
  File "/opt/airflow/dags/overwatch2_pipeline.py", line 160, in task_etl_principal
    cur.execute("SELECT COUNT(*) FROM public.fact_hero_rates f JOIN public.dim_tiempo t ON t.id_tiempo = f.id_tiempo WHERE t.fecha = %s", (hoy,))
psycopg2.errors.UndefinedTable: relation "public.fact_hero_rates" does not exist
LINE 1: SELECT COUNT(*) FROM public.fact_hero_rates f JOIN public.di...
                             ^

[2026-03-10T17:14:52.473+0000] {taskinstance.py:1205} INFO - Marking task as UP_FOR_RETRY. dag_id=overwatch2_pipeline, task_id=etl_principal, execution_date=20260310T170846, start_date=20260310T171452, end_date=20260310T171452
[2026-03-10T17:14:52.485+0000] {standard_task_runner.py:110} ERROR - Failed to execute job 38 for task etl_principal (relation "public.fact_hero_rates" does not exist
LINE 1: SELECT COUNT(*) FROM public.fact_hero_rates f JOIN public.di...
                             ^
; 337)
[2026-03-10T17:14:52.516+0000] {local_task_job_runner.py:240} INFO - Task exited with return code 1
[2026-03-10T17:14:52.541+0000] {taskinstance.py:3482} INFO - 0 downstream tasks scheduled from follow-on schedule check
[2026-03-10T17:14:52.544+0000] {local_task_job_runner.py:222} INFO - ::endgroup::
