[2026-04-19T22:46:32.946+0000] {local_task_job_runner.py:120} INFO - ::group::Pre task execution logs
[2026-04-19T22:46:33.003+0000] {taskinstance.py:2073} INFO - Dependencies all met for dep_context=non-requeueable deps ti=<TaskInstance: overwatch2_pipeline.scrape_blizzard scheduled__2026-04-18T06:00:00+00:00 [queued]>
[2026-04-19T22:46:33.013+0000] {taskinstance.py:2073} INFO - Dependencies all met for dep_context=requeueable deps ti=<TaskInstance: overwatch2_pipeline.scrape_blizzard scheduled__2026-04-18T06:00:00+00:00 [queued]>
[2026-04-19T22:46:33.014+0000] {taskinstance.py:2303} INFO - Starting attempt 1 of 3
[2026-04-19T22:46:33.030+0000] {taskinstance.py:2327} INFO - Executing <Task(PythonOperator): scrape_blizzard> on 2026-04-18 06:00:00+00:00
[2026-04-19T22:46:33.039+0000] {logging_mixin.py:188} WARNING - /home/***/.local/lib/python3.12/site-packages/***/task/task_runner/standard_task_runner.py:61 DeprecationWarning: This process (pid=180) is multi-threaded, use of fork() may lead to deadlocks in the child.
[2026-04-19T22:46:33.041+0000] {standard_task_runner.py:63} INFO - Started process 181 to run task
[2026-04-19T22:46:33.039+0000] {standard_task_runner.py:90} INFO - Running: ['***', 'tasks', 'run', 'overwatch2_pipeline', 'scrape_blizzard', 'scheduled__2026-04-18T06:00:00+00:00', '--job-id', '1367', '--raw', '--subdir', 'DAGS_FOLDER/overwatch2_pipeline.py', '--cfg-path', '/tmp/tmp55q9a7is']
[2026-04-19T22:46:33.042+0000] {standard_task_runner.py:91} INFO - Job 1367: Subtask scrape_blizzard
[2026-04-19T22:46:33.119+0000] {task_command.py:426} INFO - Running <TaskInstance: overwatch2_pipeline.scrape_blizzard scheduled__2026-04-18T06:00:00+00:00 [running]> on host e74ce4de20a5
[2026-04-19T22:46:33.250+0000] {taskinstance.py:2644} INFO - Exporting env vars: AIRFLOW_CTX_DAG_OWNER='angel' AIRFLOW_CTX_DAG_ID='overwatch2_pipeline' AIRFLOW_CTX_TASK_ID='scrape_blizzard' AIRFLOW_CTX_EXECUTION_DATE='2026-04-18T06:00:00+00:00' AIRFLOW_CTX_TRY_NUMBER='1' AIRFLOW_CTX_DAG_RUN_ID='scheduled__2026-04-18T06:00:00+00:00'
[2026-04-19T22:46:33.252+0000] {taskinstance.py:430} INFO - ::endgroup::
[2026-04-19T22:46:33.268+0000] {overwatch2_pipeline.py:294} INFO - ── Scrapeando URL 2: /en-us/heroes/ ──
[2026-04-19T22:46:34.019+0000] {overwatch2_pipeline.py:211} INFO -   ✅ URL 2 (/heroes/) → 0 dificultades extraidas
[2026-04-19T22:46:35.050+0000] {overwatch2_pipeline.py:300} INFO - ── Scrapeando URL 1: /en-us/rates/ ──
[2026-04-19T22:46:35.345+0000] {overwatch2_pipeline.py:319} INFO -   ✅ PC / Americas / rq=0 / tier=All → 51 heroes (limpios)
[2026-04-19T22:46:37.082+0000] {overwatch2_pipeline.py:319} INFO -   ✅ PC / Americas / rq=1 / tier=All → 51 heroes (limpios)
[2026-04-19T22:46:38.467+0000] {overwatch2_pipeline.py:319} INFO -   ✅ PC / Europe / rq=0 / tier=All → 51 heroes (limpios)
[2026-04-19T22:46:39.852+0000] {overwatch2_pipeline.py:319} INFO -   ✅ PC / Europe / rq=1 / tier=All → 51 heroes (limpios)
[2026-04-19T22:46:41.442+0000] {overwatch2_pipeline.py:319} INFO -   ✅ PC / Asia / rq=0 / tier=All → 51 heroes (limpios)
[2026-04-19T22:46:43.179+0000] {overwatch2_pipeline.py:319} INFO -   ✅ PC / Asia / rq=1 / tier=All → 51 heroes (limpios)
[2026-04-19T22:46:44.500+0000] {overwatch2_pipeline.py:319} INFO -   ✅ Console / Americas / rq=0 / tier=All → 51 heroes (limpios)
[2026-04-19T22:46:45.865+0000] {overwatch2_pipeline.py:319} INFO -   ✅ Console / Americas / rq=1 / tier=All → 51 heroes (limpios)
[2026-04-19T22:46:47.249+0000] {overwatch2_pipeline.py:319} INFO -   ✅ Console / Europe / rq=0 / tier=All → 51 heroes (limpios)
[2026-04-19T22:46:48.657+0000] {overwatch2_pipeline.py:319} INFO -   ✅ Console / Europe / rq=1 / tier=All → 51 heroes (limpios)
[2026-04-19T22:46:49.936+0000] {overwatch2_pipeline.py:319} INFO -   ✅ Console / Asia / rq=0 / tier=All → 51 heroes (limpios)
[2026-04-19T22:46:51.285+0000] {overwatch2_pipeline.py:319} INFO -   ✅ Console / Asia / rq=1 / tier=All → 51 heroes (limpios)
[2026-04-19T22:46:52.286+0000] {overwatch2_pipeline.py:326} INFO - ✅ Scrape completado: 612 registros | 0 errores
[2026-04-19T22:46:52.314+0000] {python.py:237} INFO - Done. Returned value was: None
[2026-04-19T22:46:52.316+0000] {taskinstance.py:441} INFO - ::group::Post task execution logs
[2026-04-19T22:46:52.330+0000] {taskinstance.py:1205} INFO - Marking task as SUCCESS. dag_id=overwatch2_pipeline, task_id=scrape_blizzard, execution_date=20260418T060000, start_date=20260419T224633, end_date=20260419T224652
[2026-04-19T22:46:52.377+0000] {local_task_job_runner.py:240} INFO - Task exited with return code 0
[2026-04-19T22:46:52.436+0000] {taskinstance.py:3482} INFO - 0 downstream tasks scheduled from follow-on schedule check
[2026-04-19T22:46:52.440+0000] {local_task_job_runner.py:222} INFO - ::endgroup::
