[2026-03-15T23:29:28.182+0000] {local_task_job_runner.py:120} INFO - ::group::Pre task execution logs
[2026-03-15T23:29:28.222+0000] {taskinstance.py:2073} INFO - Dependencies all met for dep_context=non-requeueable deps ti=<TaskInstance: overwatch2_pipeline.actualizar_ranking_rol scheduled__2026-03-14T00:00:00+00:00 [queued]>
[2026-03-15T23:29:28.234+0000] {taskinstance.py:2073} INFO - Dependencies all met for dep_context=requeueable deps ti=<TaskInstance: overwatch2_pipeline.actualizar_ranking_rol scheduled__2026-03-14T00:00:00+00:00 [queued]>
[2026-03-15T23:29:28.235+0000] {taskinstance.py:2303} INFO - Starting attempt 2 of 4
[2026-03-15T23:29:28.249+0000] {taskinstance.py:2327} INFO - Executing <Task(PythonOperator): actualizar_ranking_rol> on 2026-03-14 00:00:00+00:00
[2026-03-15T23:29:28.262+0000] {logging_mixin.py:188} WARNING - /home/***/.local/lib/python3.12/site-packages/***/task/task_runner/standard_task_runner.py:61 DeprecationWarning: This process (pid=411) is multi-threaded, use of fork() may lead to deadlocks in the child.
[2026-03-15T23:29:28.260+0000] {standard_task_runner.py:90} INFO - Running: ['***', 'tasks', 'run', 'overwatch2_pipeline', 'actualizar_ranking_rol', 'scheduled__2026-03-14T00:00:00+00:00', '--job-id', '115', '--raw', '--subdir', 'DAGS_FOLDER/overwatch2_pipeline.py', '--cfg-path', '/tmp/tmp10sdm76l']
[2026-03-15T23:29:28.264+0000] {standard_task_runner.py:63} INFO - Started process 412 to run task
[2026-03-15T23:29:28.264+0000] {standard_task_runner.py:91} INFO - Job 115: Subtask actualizar_ranking_rol
[2026-03-15T23:29:28.351+0000] {task_command.py:426} INFO - Running <TaskInstance: overwatch2_pipeline.actualizar_ranking_rol scheduled__2026-03-14T00:00:00+00:00 [running]> on host d57c35dcabbf
[2026-03-15T23:29:28.459+0000] {taskinstance.py:2644} INFO - Exporting env vars: AIRFLOW_CTX_DAG_OWNER='angel' AIRFLOW_CTX_DAG_ID='overwatch2_pipeline' AIRFLOW_CTX_TASK_ID='actualizar_ranking_rol' AIRFLOW_CTX_EXECUTION_DATE='2026-03-14T00:00:00+00:00' AIRFLOW_CTX_TRY_NUMBER='2' AIRFLOW_CTX_DAG_RUN_ID='scheduled__2026-03-14T00:00:00+00:00'
[2026-03-15T23:29:28.460+0000] {taskinstance.py:430} INFO - ::endgroup::
[2026-03-15T23:29:28.529+0000] {taskinstance.py:441} INFO - ::group::Post task execution logs
[2026-03-15T23:29:28.530+0000] {taskinstance.py:2890} ERROR - Task failed with exception
Traceback (most recent call last):
  File "/home/airflow/.local/lib/python3.12/site-packages/airflow/models/taskinstance.py", line 465, in _execute_task
    result = _execute_callable(context=context, **execute_callable_kwargs)
             ^^^^^^^^^^^^^^^^^^^^^^^^^^^^^^^^^^^^^^^^^^^^^^^^^^^^^^^^^^^^^
  File "/home/airflow/.local/lib/python3.12/site-packages/airflow/models/taskinstance.py", line 432, in _execute_callable
    return execute_callable(context=context, **execute_callable_kwargs)
           ^^^^^^^^^^^^^^^^^^^^^^^^^^^^^^^^^^^^^^^^^^^^^^^^^^^^^^^^^^^^
  File "/home/airflow/.local/lib/python3.12/site-packages/airflow/models/baseoperator.py", line 400, in wrapper
    return func(self, *args, **kwargs)
           ^^^^^^^^^^^^^^^^^^^^^^^^^^^
  File "/home/airflow/.local/lib/python3.12/site-packages/airflow/operators/python.py", line 235, in execute
    return_value = self.execute_callable()
                   ^^^^^^^^^^^^^^^^^^^^^^^
  File "/home/airflow/.local/lib/python3.12/site-packages/airflow/operators/python.py", line 252, in execute_callable
    return self.python_callable(*self.op_args, **self.op_kwargs)
           ^^^^^^^^^^^^^^^^^^^^^^^^^^^^^^^^^^^^^^^^^^^^^^^^^^^^^
  File "/opt/airflow/dags/overwatch2_pipeline.py", line 315, in task_actualizar_ranking_rol
    cur.execute("""
psycopg2.errors.UndefinedColumn: no existe la columna «diferencia» en la relación «ranking_por_rol»
LINE 2: ..., rol, nombre_heroe, avg_win_rate, avg_pick_rate, diferencia...
                                                             ^

[2026-03-15T23:29:28.550+0000] {taskinstance.py:1205} INFO - Marking task as UP_FOR_RETRY. dag_id=overwatch2_pipeline, task_id=actualizar_ranking_rol, execution_date=20260314T000000, start_date=20260315T232928, end_date=20260315T232928
[2026-03-15T23:29:28.565+0000] {standard_task_runner.py:110} ERROR - Failed to execute job 115 for task actualizar_ranking_rol (no existe la columna «diferencia» en la relación «ranking_por_rol»
LINE 2: ..., rol, nombre_heroe, avg_win_rate, avg_pick_rate, diferencia...
                                                             ^
; 412)
[2026-03-15T23:29:28.600+0000] {local_task_job_runner.py:240} INFO - Task exited with return code 1
[2026-03-15T23:29:28.627+0000] {taskinstance.py:3482} INFO - 0 downstream tasks scheduled from follow-on schedule check
[2026-03-15T23:29:28.629+0000] {local_task_job_runner.py:222} INFO - ::endgroup::
