[2026-04-02T16:22:45.437+0000] {local_task_job_runner.py:120} INFO - ::group::Pre task execution logs
[2026-04-02T16:22:45.481+0000] {taskinstance.py:2073} INFO - Dependencies all met for dep_context=non-requeueable deps ti=<TaskInstance: overwatch2_pipeline.scrape_blizzard scheduled__2026-04-01T06:00:00+00:00 [queued]>
[2026-04-02T16:22:45.497+0000] {taskinstance.py:2073} INFO - Dependencies all met for dep_context=requeueable deps ti=<TaskInstance: overwatch2_pipeline.scrape_blizzard scheduled__2026-04-01T06:00:00+00:00 [queued]>
[2026-04-02T16:22:45.498+0000] {taskinstance.py:2303} INFO - Starting attempt 1 of 3
[2026-04-02T16:22:45.517+0000] {taskinstance.py:2327} INFO - Executing <Task(PythonOperator): scrape_blizzard> on 2026-04-01 06:00:00+00:00
[2026-04-02T16:22:45.530+0000] {logging_mixin.py:188} WARNING - /home/***/.local/lib/python3.12/site-packages/***/task/task_runner/standard_task_runner.py:61 DeprecationWarning: This process (pid=184) is multi-threaded, use of fork() may lead to deadlocks in the child.
[2026-04-02T16:22:45.533+0000] {standard_task_runner.py:63} INFO - Started process 185 to run task
[2026-04-02T16:22:45.530+0000] {standard_task_runner.py:90} INFO - Running: ['***', 'tasks', 'run', 'overwatch2_pipeline', 'scrape_blizzard', 'scheduled__2026-04-01T06:00:00+00:00', '--job-id', '1176', '--raw', '--subdir', 'DAGS_FOLDER/overwatch2_pipeline.py', '--cfg-path', '/tmp/tmpe0x151lm']
[2026-04-02T16:22:45.534+0000] {standard_task_runner.py:91} INFO - Job 1176: Subtask scrape_blizzard
[2026-04-02T16:22:45.622+0000] {task_command.py:426} INFO - Running <TaskInstance: overwatch2_pipeline.scrape_blizzard scheduled__2026-04-01T06:00:00+00:00 [running]> on host 5f83853c16fb
[2026-04-02T16:22:45.747+0000] {taskinstance.py:2644} INFO - Exporting env vars: AIRFLOW_CTX_DAG_OWNER='angel' AIRFLOW_CTX_DAG_ID='overwatch2_pipeline' AIRFLOW_CTX_TASK_ID='scrape_blizzard' AIRFLOW_CTX_EXECUTION_DATE='2026-04-01T06:00:00+00:00' AIRFLOW_CTX_TRY_NUMBER='1' AIRFLOW_CTX_DAG_RUN_ID='scheduled__2026-04-01T06:00:00+00:00'
[2026-04-02T16:22:45.748+0000] {taskinstance.py:430} INFO - ::endgroup::
[2026-04-02T16:22:45.765+0000] {overwatch2_pipeline.py:294} INFO - ── Scrapeando URL 2: /en-us/heroes/ ──
[2026-04-02T16:22:46.404+0000] {overwatch2_pipeline.py:211} INFO -   ✅ URL 2 (/heroes/) → 0 dificultades extraidas
[2026-04-02T16:22:47.426+0000] {overwatch2_pipeline.py:300} INFO - ── Scrapeando URL 1: /en-us/rates/ ──
[2026-04-02T16:22:48.065+0000] {overwatch2_pipeline.py:319} INFO -   ✅ PC / Americas / rq=0 / tier=All → 50 heroes (limpios)
[2026-04-02T16:22:49.502+0000] {overwatch2_pipeline.py:319} INFO -   ✅ PC / Americas / rq=1 / tier=All → 50 heroes (limpios)
[2026-04-02T16:22:50.906+0000] {overwatch2_pipeline.py:319} INFO -   ✅ PC / Europe / rq=0 / tier=All → 50 heroes (limpios)
[2026-04-02T16:22:52.355+0000] {overwatch2_pipeline.py:319} INFO -   ✅ PC / Europe / rq=1 / tier=All → 50 heroes (limpios)
[2026-04-02T16:22:53.782+0000] {overwatch2_pipeline.py:319} INFO -   ✅ PC / Asia / rq=0 / tier=All → 50 heroes (limpios)
[2026-04-02T16:22:55.670+0000] {overwatch2_pipeline.py:319} INFO -   ✅ PC / Asia / rq=1 / tier=All → 50 heroes (limpios)
[2026-04-02T16:22:57.220+0000] {overwatch2_pipeline.py:319} INFO -   ✅ Console / Americas / rq=0 / tier=All → 50 heroes (limpios)
[2026-04-02T16:22:58.574+0000] {overwatch2_pipeline.py:319} INFO -   ✅ Console / Americas / rq=1 / tier=All → 50 heroes (limpios)
[2026-04-02T16:23:00.268+0000] {overwatch2_pipeline.py:319} INFO -   ✅ Console / Europe / rq=0 / tier=All → 50 heroes (limpios)
[2026-04-02T16:23:01.658+0000] {overwatch2_pipeline.py:319} INFO -   ✅ Console / Europe / rq=1 / tier=All → 50 heroes (limpios)
[2026-04-02T16:23:03.149+0000] {overwatch2_pipeline.py:319} INFO -   ✅ Console / Asia / rq=0 / tier=All → 50 heroes (limpios)
[2026-04-02T16:23:04.466+0000] {overwatch2_pipeline.py:319} INFO -   ✅ Console / Asia / rq=1 / tier=All → 50 heroes (limpios)
[2026-04-02T16:23:05.468+0000] {overwatch2_pipeline.py:326} INFO - ✅ Scrape completado: 600 registros | 0 errores
[2026-04-02T16:23:05.502+0000] {python.py:237} INFO - Done. Returned value was: None
[2026-04-02T16:23:05.504+0000] {taskinstance.py:441} INFO - ::group::Post task execution logs
[2026-04-02T16:23:05.517+0000] {taskinstance.py:1205} INFO - Marking task as SUCCESS. dag_id=overwatch2_pipeline, task_id=scrape_blizzard, execution_date=20260401T060000, start_date=20260402T162245, end_date=20260402T162305
[2026-04-02T16:23:05.551+0000] {local_task_job_runner.py:240} INFO - Task exited with return code 0
[2026-04-02T16:23:05.577+0000] {taskinstance.py:3482} INFO - 1 downstream tasks scheduled from follow-on schedule check
[2026-04-02T16:23:05.580+0000] {local_task_job_runner.py:222} INFO - ::endgroup::
