[2026-04-15T13:44:58.044+0000] {local_task_job_runner.py:120} INFO - ::group::Pre task execution logs
[2026-04-15T13:44:58.078+0000] {taskinstance.py:2073} INFO - Dependencies all met for dep_context=non-requeueable deps ti=<TaskInstance: overwatch2_pipeline.scrape_blizzard scheduled__2026-04-14T06:00:00+00:00 [queued]>
[2026-04-15T13:44:58.087+0000] {taskinstance.py:2073} INFO - Dependencies all met for dep_context=requeueable deps ti=<TaskInstance: overwatch2_pipeline.scrape_blizzard scheduled__2026-04-14T06:00:00+00:00 [queued]>
[2026-04-15T13:44:58.087+0000] {taskinstance.py:2303} INFO - Starting attempt 1 of 3
[2026-04-15T13:44:58.099+0000] {taskinstance.py:2327} INFO - Executing <Task(PythonOperator): scrape_blizzard> on 2026-04-14 06:00:00+00:00
[2026-04-15T13:44:58.108+0000] {logging_mixin.py:188} WARNING - /home/***/.local/lib/python3.12/site-packages/***/task/task_runner/standard_task_runner.py:61 DeprecationWarning: This process (pid=183) is multi-threaded, use of fork() may lead to deadlocks in the child.
[2026-04-15T13:44:58.110+0000] {standard_task_runner.py:63} INFO - Started process 184 to run task
[2026-04-15T13:44:58.108+0000] {standard_task_runner.py:90} INFO - Running: ['***', 'tasks', 'run', 'overwatch2_pipeline', 'scrape_blizzard', 'scheduled__2026-04-14T06:00:00+00:00', '--job-id', '1323', '--raw', '--subdir', 'DAGS_FOLDER/overwatch2_pipeline.py', '--cfg-path', '/tmp/tmp0qjjcac7']
[2026-04-15T13:44:58.111+0000] {standard_task_runner.py:91} INFO - Job 1323: Subtask scrape_blizzard
[2026-04-15T13:44:58.182+0000] {task_command.py:426} INFO - Running <TaskInstance: overwatch2_pipeline.scrape_blizzard scheduled__2026-04-14T06:00:00+00:00 [running]> on host e74ce4de20a5
[2026-04-15T13:44:58.286+0000] {taskinstance.py:2644} INFO - Exporting env vars: AIRFLOW_CTX_DAG_OWNER='angel' AIRFLOW_CTX_DAG_ID='overwatch2_pipeline' AIRFLOW_CTX_TASK_ID='scrape_blizzard' AIRFLOW_CTX_EXECUTION_DATE='2026-04-14T06:00:00+00:00' AIRFLOW_CTX_TRY_NUMBER='1' AIRFLOW_CTX_DAG_RUN_ID='scheduled__2026-04-14T06:00:00+00:00'
[2026-04-15T13:44:58.287+0000] {taskinstance.py:430} INFO - ::endgroup::
[2026-04-15T13:44:58.301+0000] {overwatch2_pipeline.py:294} INFO - ── Scrapeando URL 2: /en-us/heroes/ ──
[2026-04-15T13:44:58.772+0000] {overwatch2_pipeline.py:211} INFO -   ✅ URL 2 (/heroes/) → 0 dificultades extraidas
[2026-04-15T13:44:59.792+0000] {overwatch2_pipeline.py:300} INFO - ── Scrapeando URL 1: /en-us/rates/ ──
[2026-04-15T13:45:00.236+0000] {overwatch2_pipeline.py:319} INFO -   ✅ PC / Americas / rq=0 / tier=All → 50 heroes (limpios)
[2026-04-15T13:45:01.599+0000] {overwatch2_pipeline.py:319} INFO -   ✅ PC / Americas / rq=1 / tier=All → 50 heroes (limpios)
[2026-04-15T13:45:03.155+0000] {overwatch2_pipeline.py:319} INFO -   ✅ PC / Europe / rq=0 / tier=All → 50 heroes (limpios)
[2026-04-15T13:45:05.175+0000] {overwatch2_pipeline.py:319} INFO -   ✅ PC / Europe / rq=1 / tier=All → 50 heroes (limpios)
[2026-04-15T13:45:06.711+0000] {overwatch2_pipeline.py:319} INFO -   ✅ PC / Asia / rq=0 / tier=All → 50 heroes (limpios)
[2026-04-15T13:45:08.192+0000] {overwatch2_pipeline.py:319} INFO -   ✅ PC / Asia / rq=1 / tier=All → 50 heroes (limpios)
[2026-04-15T13:45:09.422+0000] {overwatch2_pipeline.py:319} INFO -   ✅ Console / Americas / rq=0 / tier=All → 50 heroes (limpios)
[2026-04-15T13:45:10.683+0000] {overwatch2_pipeline.py:319} INFO -   ✅ Console / Americas / rq=1 / tier=All → 50 heroes (limpios)
[2026-04-15T13:45:12.058+0000] {overwatch2_pipeline.py:319} INFO -   ✅ Console / Europe / rq=0 / tier=All → 50 heroes (limpios)
[2026-04-15T13:45:13.310+0000] {overwatch2_pipeline.py:319} INFO -   ✅ Console / Europe / rq=1 / tier=All → 50 heroes (limpios)
[2026-04-15T13:45:14.916+0000] {overwatch2_pipeline.py:319} INFO -   ✅ Console / Asia / rq=0 / tier=All → 50 heroes (limpios)
[2026-04-15T13:45:16.206+0000] {overwatch2_pipeline.py:319} INFO -   ✅ Console / Asia / rq=1 / tier=All → 50 heroes (limpios)
[2026-04-15T13:45:17.208+0000] {overwatch2_pipeline.py:326} INFO - ✅ Scrape completado: 600 registros | 0 errores
[2026-04-15T13:45:17.237+0000] {python.py:237} INFO - Done. Returned value was: None
[2026-04-15T13:45:17.238+0000] {taskinstance.py:441} INFO - ::group::Post task execution logs
[2026-04-15T13:45:17.253+0000] {taskinstance.py:1205} INFO - Marking task as SUCCESS. dag_id=overwatch2_pipeline, task_id=scrape_blizzard, execution_date=20260414T060000, start_date=20260415T134458, end_date=20260415T134517
[2026-04-15T13:45:17.306+0000] {local_task_job_runner.py:240} INFO - Task exited with return code 0
[2026-04-15T13:45:17.343+0000] {taskinstance.py:3482} INFO - 1 downstream tasks scheduled from follow-on schedule check
[2026-04-15T13:45:17.346+0000] {local_task_job_runner.py:222} INFO - ::endgroup::
