[2026-04-02T16:22:41.925+0000] {processor.py:161} INFO - Started process (PID=174) to work on /opt/airflow/dags/overwatch2_pipeline.py
[2026-04-02T16:22:41.927+0000] {processor.py:830} INFO - Processing file /opt/airflow/dags/overwatch2_pipeline.py for tasks to queue
[2026-04-02T16:22:41.931+0000] {logging_mixin.py:188} INFO - [2026-04-02T16:22:41.931+0000] {dagbag.py:540} INFO - Filling up the DagBag from /opt/airflow/dags/overwatch2_pipeline.py
[2026-04-02T16:22:41.977+0000] {processor.py:840} INFO - DAG(s) 'overwatch2_pipeline' retrieved from /opt/airflow/dags/overwatch2_pipeline.py
[2026-04-02T16:22:42.087+0000] {logging_mixin.py:188} INFO - [2026-04-02T16:22:42.087+0000] {dag.py:3096} INFO - Sync 1 DAGs
[2026-04-02T16:22:42.159+0000] {logging_mixin.py:188} INFO - [2026-04-02T16:22:42.158+0000] {dag.py:3954} INFO - Setting next_dagrun for overwatch2_pipeline to 2026-04-02 06:00:00+00:00, run_after=2026-04-03 06:00:00+00:00
[2026-04-02T16:22:42.211+0000] {processor.py:183} INFO - Processing /opt/airflow/dags/overwatch2_pipeline.py took 0.300 seconds
[2026-04-02T16:23:12.488+0000] {processor.py:161} INFO - Started process (PID=192) to work on /opt/airflow/dags/overwatch2_pipeline.py
[2026-04-02T16:23:12.491+0000] {processor.py:830} INFO - Processing file /opt/airflow/dags/overwatch2_pipeline.py for tasks to queue
[2026-04-02T16:23:12.496+0000] {logging_mixin.py:188} INFO - [2026-04-02T16:23:12.496+0000] {dagbag.py:540} INFO - Filling up the DagBag from /opt/airflow/dags/overwatch2_pipeline.py
[2026-04-02T16:23:12.559+0000] {processor.py:840} INFO - DAG(s) 'overwatch2_pipeline' retrieved from /opt/airflow/dags/overwatch2_pipeline.py
[2026-04-02T16:23:12.585+0000] {logging_mixin.py:188} INFO - [2026-04-02T16:23:12.585+0000] {dag.py:3096} INFO - Sync 1 DAGs
[2026-04-02T16:23:12.622+0000] {logging_mixin.py:188} INFO - [2026-04-02T16:23:12.621+0000] {dag.py:3954} INFO - Setting next_dagrun for overwatch2_pipeline to 2026-04-02 06:00:00+00:00, run_after=2026-04-03 06:00:00+00:00
[2026-04-02T16:23:12.648+0000] {processor.py:183} INFO - Processing /opt/airflow/dags/overwatch2_pipeline.py took 0.175 seconds
[2026-04-02T16:23:42.879+0000] {processor.py:161} INFO - Started process (PID=205) to work on /opt/airflow/dags/overwatch2_pipeline.py
[2026-04-02T16:23:42.881+0000] {processor.py:830} INFO - Processing file /opt/airflow/dags/overwatch2_pipeline.py for tasks to queue
[2026-04-02T16:23:42.885+0000] {logging_mixin.py:188} INFO - [2026-04-02T16:23:42.884+0000] {dagbag.py:540} INFO - Filling up the DagBag from /opt/airflow/dags/overwatch2_pipeline.py
[2026-04-02T16:23:42.923+0000] {processor.py:840} INFO - DAG(s) 'overwatch2_pipeline' retrieved from /opt/airflow/dags/overwatch2_pipeline.py
[2026-04-02T16:23:43.090+0000] {logging_mixin.py:188} INFO - [2026-04-02T16:23:43.090+0000] {dag.py:3096} INFO - Sync 1 DAGs
[2026-04-02T16:23:43.114+0000] {logging_mixin.py:188} INFO - [2026-04-02T16:23:43.114+0000] {dag.py:3954} INFO - Setting next_dagrun for overwatch2_pipeline to 2026-04-02 06:00:00+00:00, run_after=2026-04-03 06:00:00+00:00
[2026-04-02T16:23:43.144+0000] {processor.py:183} INFO - Processing /opt/airflow/dags/overwatch2_pipeline.py took 0.271 seconds
