[2026-04-15T02:23:55.383+0000] {local_task_job_runner.py:120} INFO - ::group::Pre task execution logs
[2026-04-15T02:23:55.420+0000] {taskinstance.py:2073} INFO - Dependencies all met for dep_context=non-requeueable deps ti=<TaskInstance: overwatch2_pipeline.crear_indices scheduled__2026-04-13T06:00:00+00:00 [queued]>
[2026-04-15T02:23:55.429+0000] {taskinstance.py:2073} INFO - Dependencies all met for dep_context=requeueable deps ti=<TaskInstance: overwatch2_pipeline.crear_indices scheduled__2026-04-13T06:00:00+00:00 [queued]>
[2026-04-15T02:23:55.430+0000] {taskinstance.py:2303} INFO - Starting attempt 1 of 3
[2026-04-15T02:23:55.443+0000] {taskinstance.py:2327} INFO - Executing <Task(PythonOperator): crear_indices> on 2026-04-13 06:00:00+00:00
[2026-04-15T02:23:55.453+0000] {logging_mixin.py:188} WARNING - /home/***/.local/lib/python3.12/site-packages/***/task/task_runner/standard_task_runner.py:61 DeprecationWarning: This process (pid=178) is multi-threaded, use of fork() may lead to deadlocks in the child.
[2026-04-15T02:23:55.455+0000] {standard_task_runner.py:63} INFO - Started process 179 to run task
[2026-04-15T02:23:55.452+0000] {standard_task_runner.py:90} INFO - Running: ['***', 'tasks', 'run', 'overwatch2_pipeline', 'crear_indices', 'scheduled__2026-04-13T06:00:00+00:00', '--job-id', '1311', '--raw', '--subdir', 'DAGS_FOLDER/overwatch2_pipeline.py', '--cfg-path', '/tmp/tmpt4p0a1n3']
[2026-04-15T02:23:55.455+0000] {standard_task_runner.py:91} INFO - Job 1311: Subtask crear_indices
[2026-04-15T02:23:55.529+0000] {task_command.py:426} INFO - Running <TaskInstance: overwatch2_pipeline.crear_indices scheduled__2026-04-13T06:00:00+00:00 [running]> on host e74ce4de20a5
[2026-04-15T02:23:55.631+0000] {taskinstance.py:2644} INFO - Exporting env vars: AIRFLOW_CTX_DAG_OWNER='angel' AIRFLOW_CTX_DAG_ID='overwatch2_pipeline' AIRFLOW_CTX_TASK_ID='crear_indices' AIRFLOW_CTX_EXECUTION_DATE='2026-04-13T06:00:00+00:00' AIRFLOW_CTX_TRY_NUMBER='1' AIRFLOW_CTX_DAG_RUN_ID='scheduled__2026-04-13T06:00:00+00:00'
[2026-04-15T02:23:55.634+0000] {taskinstance.py:430} INFO - ::endgroup::
[2026-04-15T02:23:55.735+0000] {overwatch2_pipeline.py:263} INFO -   ✅ fact_id_heroe
[2026-04-15T02:23:55.737+0000] {overwatch2_pipeline.py:263} INFO -   ✅ fact_id_tiempo
[2026-04-15T02:23:55.738+0000] {overwatch2_pipeline.py:263} INFO -   ✅ fact_id_contexto
[2026-04-15T02:23:55.740+0000] {overwatch2_pipeline.py:263} INFO -   ✅ fact_id_escenario
[2026-04-15T02:23:55.742+0000] {overwatch2_pipeline.py:263} INFO -   ✅ tiempo_fecha
[2026-04-15T02:23:55.743+0000] {overwatch2_pipeline.py:263} INFO -   ✅ heroe_nombre
[2026-04-15T02:23:55.744+0000] {overwatch2_pipeline.py:263} INFO -   ✅ heroe_rol
[2026-04-15T02:23:55.746+0000] {overwatch2_pipeline.py:263} INFO -   ✅ contexto_plat
[2026-04-15T02:23:55.747+0000] {overwatch2_pipeline.py:263} INFO -   ✅ contexto_modo
[2026-04-15T02:23:55.748+0000] {overwatch2_pipeline.py:263} INFO -   ✅ escenario_region
[2026-04-15T02:23:55.749+0000] {overwatch2_pipeline.py:263} INFO -   ✅ escenario_mapa
[2026-04-15T02:23:55.750+0000] {overwatch2_pipeline.py:267} INFO - ✅ Indices creados/verificados correctamente
[2026-04-15T02:23:55.751+0000] {python.py:237} INFO - Done. Returned value was: None
[2026-04-15T02:23:55.751+0000] {taskinstance.py:441} INFO - ::group::Post task execution logs
[2026-04-15T02:23:55.764+0000] {taskinstance.py:1205} INFO - Marking task as SUCCESS. dag_id=overwatch2_pipeline, task_id=crear_indices, execution_date=20260413T060000, start_date=20260415T022355, end_date=20260415T022355
[2026-04-15T02:23:55.789+0000] {local_task_job_runner.py:240} INFO - Task exited with return code 0
[2026-04-15T02:23:55.820+0000] {taskinstance.py:3482} INFO - 1 downstream tasks scheduled from follow-on schedule check
[2026-04-15T02:23:55.822+0000] {local_task_job_runner.py:222} INFO - ::endgroup::
