[2026-03-28T11:41:10.377+0000] {local_task_job_runner.py:120} INFO - ::group::Pre task execution logs
[2026-03-28T11:41:10.451+0000] {taskinstance.py:2073} INFO - Dependencies all met for dep_context=non-requeueable deps ti=<TaskInstance: overwatch2_pipeline.crear_indices scheduled__2026-03-27T06:00:00+00:00 [queued]>
[2026-03-28T11:41:10.470+0000] {taskinstance.py:2073} INFO - Dependencies all met for dep_context=requeueable deps ti=<TaskInstance: overwatch2_pipeline.crear_indices scheduled__2026-03-27T06:00:00+00:00 [queued]>
[2026-03-28T11:41:10.471+0000] {taskinstance.py:2303} INFO - Starting attempt 1 of 3
[2026-03-28T11:41:10.491+0000] {taskinstance.py:2327} INFO - Executing <Task(PythonOperator): crear_indices> on 2026-03-27 06:00:00+00:00
[2026-03-28T11:41:10.503+0000] {logging_mixin.py:188} WARNING - /home/***/.local/lib/python3.12/site-packages/***/task/task_runner/standard_task_runner.py:61 DeprecationWarning: This process (pid=187) is multi-threaded, use of fork() may lead to deadlocks in the child.
[2026-03-28T11:41:10.505+0000] {standard_task_runner.py:63} INFO - Started process 188 to run task
[2026-03-28T11:41:10.503+0000] {standard_task_runner.py:90} INFO - Running: ['***', 'tasks', 'run', 'overwatch2_pipeline', 'crear_indices', 'scheduled__2026-03-27T06:00:00+00:00', '--job-id', '1120', '--raw', '--subdir', 'DAGS_FOLDER/overwatch2_pipeline.py', '--cfg-path', '/tmp/tmpnqatl7b_']
[2026-03-28T11:41:10.506+0000] {standard_task_runner.py:91} INFO - Job 1120: Subtask crear_indices
[2026-03-28T11:41:10.613+0000] {task_command.py:426} INFO - Running <TaskInstance: overwatch2_pipeline.crear_indices scheduled__2026-03-27T06:00:00+00:00 [running]> on host 5f83853c16fb
[2026-03-28T11:41:10.740+0000] {taskinstance.py:2644} INFO - Exporting env vars: AIRFLOW_CTX_DAG_OWNER='angel' AIRFLOW_CTX_DAG_ID='overwatch2_pipeline' AIRFLOW_CTX_TASK_ID='crear_indices' AIRFLOW_CTX_EXECUTION_DATE='2026-03-27T06:00:00+00:00' AIRFLOW_CTX_TRY_NUMBER='1' AIRFLOW_CTX_DAG_RUN_ID='scheduled__2026-03-27T06:00:00+00:00'
[2026-03-28T11:41:10.743+0000] {taskinstance.py:430} INFO - ::endgroup::
[2026-03-28T11:41:10.932+0000] {overwatch2_pipeline.py:263} INFO -   ✅ fact_id_heroe
[2026-03-28T11:41:10.934+0000] {overwatch2_pipeline.py:263} INFO -   ✅ fact_id_tiempo
[2026-03-28T11:41:10.935+0000] {overwatch2_pipeline.py:263} INFO -   ✅ fact_id_contexto
[2026-03-28T11:41:10.937+0000] {overwatch2_pipeline.py:263} INFO -   ✅ fact_id_escenario
[2026-03-28T11:41:10.939+0000] {overwatch2_pipeline.py:263} INFO -   ✅ tiempo_fecha
[2026-03-28T11:41:10.941+0000] {overwatch2_pipeline.py:263} INFO -   ✅ heroe_nombre
[2026-03-28T11:41:10.943+0000] {overwatch2_pipeline.py:263} INFO -   ✅ heroe_rol
[2026-03-28T11:41:10.944+0000] {overwatch2_pipeline.py:263} INFO -   ✅ contexto_plat
[2026-03-28T11:41:10.946+0000] {overwatch2_pipeline.py:263} INFO -   ✅ contexto_modo
[2026-03-28T11:41:10.947+0000] {overwatch2_pipeline.py:263} INFO -   ✅ escenario_region
[2026-03-28T11:41:10.948+0000] {overwatch2_pipeline.py:263} INFO -   ✅ escenario_mapa
[2026-03-28T11:41:10.949+0000] {overwatch2_pipeline.py:267} INFO - ✅ Indices creados/verificados correctamente
[2026-03-28T11:41:10.950+0000] {python.py:237} INFO - Done. Returned value was: None
[2026-03-28T11:41:10.950+0000] {taskinstance.py:441} INFO - ::group::Post task execution logs
[2026-03-28T11:41:10.963+0000] {taskinstance.py:1205} INFO - Marking task as SUCCESS. dag_id=overwatch2_pipeline, task_id=crear_indices, execution_date=20260327T060000, start_date=20260328T114110, end_date=20260328T114110
[2026-03-28T11:41:11.001+0000] {local_task_job_runner.py:240} INFO - Task exited with return code 0
[2026-03-28T11:41:11.031+0000] {taskinstance.py:3482} INFO - 1 downstream tasks scheduled from follow-on schedule check
[2026-03-28T11:41:11.033+0000] {local_task_job_runner.py:222} INFO - ::endgroup::
