[2026-03-10T17:21:14.865+0000] {local_task_job_runner.py:120} INFO - ::group::Pre task execution logs
[2026-03-10T17:21:14.898+0000] {taskinstance.py:2073} INFO - Dependencies all met for dep_context=non-requeueable deps ti=<TaskInstance: overwatch2_pipeline.scrape_blizzard manual__2026-03-10T16:44:40.723830+00:00 [queued]>
[2026-03-10T17:21:14.905+0000] {taskinstance.py:2073} INFO - Dependencies all met for dep_context=requeueable deps ti=<TaskInstance: overwatch2_pipeline.scrape_blizzard manual__2026-03-10T16:44:40.723830+00:00 [queued]>
[2026-03-10T17:21:14.906+0000] {taskinstance.py:2303} INFO - Starting attempt 3 of 5
[2026-03-10T17:21:14.917+0000] {taskinstance.py:2327} INFO - Executing <Task(PythonOperator): scrape_blizzard> on 2026-03-10 16:44:40.723830+00:00
[2026-03-10T17:21:14.926+0000] {logging_mixin.py:188} WARNING - /home/***/.local/lib/python3.12/site-packages/***/task/task_runner/standard_task_runner.py:61 DeprecationWarning: This process (pid=415) is multi-threaded, use of fork() may lead to deadlocks in the child.
[2026-03-10T17:21:14.927+0000] {standard_task_runner.py:63} INFO - Started process 416 to run task
[2026-03-10T17:21:14.926+0000] {standard_task_runner.py:90} INFO - Running: ['***', 'tasks', 'run', 'overwatch2_pipeline', 'scrape_blizzard', 'manual__2026-03-10T16:44:40.723830+00:00', '--job-id', '45', '--raw', '--subdir', 'DAGS_FOLDER/overwatch2_pipeline.py', '--cfg-path', '/tmp/tmp4cb_lsoh']
[2026-03-10T17:21:14.928+0000] {standard_task_runner.py:91} INFO - Job 45: Subtask scrape_blizzard
[2026-03-10T17:21:14.988+0000] {task_command.py:426} INFO - Running <TaskInstance: overwatch2_pipeline.scrape_blizzard manual__2026-03-10T16:44:40.723830+00:00 [running]> on host d57c35dcabbf
[2026-03-10T17:21:15.076+0000] {taskinstance.py:2644} INFO - Exporting env vars: AIRFLOW_CTX_DAG_OWNER='angel' AIRFLOW_CTX_DAG_ID='overwatch2_pipeline' AIRFLOW_CTX_TASK_ID='scrape_blizzard' AIRFLOW_CTX_EXECUTION_DATE='2026-03-10T16:44:40.723830+00:00' AIRFLOW_CTX_TRY_NUMBER='3' AIRFLOW_CTX_DAG_RUN_ID='manual__2026-03-10T16:44:40.723830+00:00'
[2026-03-10T17:21:15.077+0000] {taskinstance.py:430} INFO - ::endgroup::
[2026-03-10T17:21:25.475+0000] {overwatch2_pipeline.py:138} WARNING - Blizzard scrape fallo para PC/Americas: HTTPSConnectionPool(host='overwatch.blizzard.com', port=443): Read timed out. (read timeout=10)
[2026-03-10T17:21:35.575+0000] {overwatch2_pipeline.py:138} WARNING - Blizzard scrape fallo para PC/Europe: HTTPSConnectionPool(host='overwatch.blizzard.com', port=443): Read timed out. (read timeout=10)
[2026-03-10T17:21:45.746+0000] {overwatch2_pipeline.py:138} WARNING - Blizzard scrape fallo para PC/Asia: HTTPSConnectionPool(host='overwatch.blizzard.com', port=443): Read timed out. (read timeout=10)
[2026-03-10T17:21:56.047+0000] {overwatch2_pipeline.py:138} WARNING - Blizzard scrape fallo para Console/Europe: HTTPSConnectionPool(host='overwatch.blizzard.com', port=443): Read timed out. (read timeout=10)
[2026-03-10T17:22:06.231+0000] {overwatch2_pipeline.py:138} WARNING - Blizzard scrape fallo para Console/Asia: HTTPSConnectionPool(host='overwatch.blizzard.com', port=443): Read timed out. (read timeout=10)
[2026-03-10T17:22:06.248+0000] {overwatch2_pipeline.py:142} INFO - ✅ Scrape completado: 0 registros reales
[2026-03-10T17:22:06.249+0000] {python.py:237} INFO - Done. Returned value was: None
[2026-03-10T17:22:06.254+0000] {taskinstance.py:441} INFO - ::group::Post task execution logs
[2026-03-10T17:22:06.265+0000] {taskinstance.py:1205} INFO - Marking task as SUCCESS. dag_id=overwatch2_pipeline, task_id=scrape_blizzard, execution_date=20260310T164440, start_date=20260310T172114, end_date=20260310T172206
[2026-03-10T17:22:06.302+0000] {local_task_job_runner.py:240} INFO - Task exited with return code 0
[2026-03-10T17:22:06.330+0000] {taskinstance.py:3482} INFO - 1 downstream tasks scheduled from follow-on schedule check
[2026-03-10T17:22:06.333+0000] {local_task_job_runner.py:222} INFO - ::endgroup::
