[2026-03-21T21:09:45.637+0000] {local_task_job_runner.py:120} INFO - ::group::Pre task execution logs
[2026-03-21T21:09:45.668+0000] {taskinstance.py:2073} INFO - Dependencies all met for dep_context=non-requeueable deps ti=<TaskInstance: overwatch2_pipeline.scrape_blizzard manual__2026-03-21T21:09:42.347839+00:00 [queued]>
[2026-03-21T21:09:45.676+0000] {taskinstance.py:2073} INFO - Dependencies all met for dep_context=requeueable deps ti=<TaskInstance: overwatch2_pipeline.scrape_blizzard manual__2026-03-21T21:09:42.347839+00:00 [queued]>
[2026-03-21T21:09:45.676+0000] {taskinstance.py:2303} INFO - Starting attempt 1 of 3
[2026-03-21T21:09:45.688+0000] {taskinstance.py:2327} INFO - Executing <Task(PythonOperator): scrape_blizzard> on 2026-03-21 21:09:42.347839+00:00
[2026-03-21T21:09:45.699+0000] {logging_mixin.py:188} WARNING - /home/***/.local/lib/python3.12/site-packages/***/task/task_runner/standard_task_runner.py:61 DeprecationWarning: This process (pid=248) is multi-threaded, use of fork() may lead to deadlocks in the child.
[2026-03-21T21:09:45.700+0000] {standard_task_runner.py:63} INFO - Started process 249 to run task
[2026-03-21T21:09:45.699+0000] {standard_task_runner.py:90} INFO - Running: ['***', 'tasks', 'run', 'overwatch2_pipeline', 'scrape_blizzard', 'manual__2026-03-21T21:09:42.347839+00:00', '--job-id', '217', '--raw', '--subdir', 'DAGS_FOLDER/overwatch2_pipeline.py', '--cfg-path', '/tmp/tmpjpf6x242']
[2026-03-21T21:09:45.701+0000] {standard_task_runner.py:91} INFO - Job 217: Subtask scrape_blizzard
[2026-03-21T21:09:45.761+0000] {task_command.py:426} INFO - Running <TaskInstance: overwatch2_pipeline.scrape_blizzard manual__2026-03-21T21:09:42.347839+00:00 [running]> on host d57c35dcabbf
[2026-03-21T21:09:45.849+0000] {taskinstance.py:2644} INFO - Exporting env vars: AIRFLOW_CTX_DAG_OWNER='angel' AIRFLOW_CTX_DAG_ID='overwatch2_pipeline' AIRFLOW_CTX_TASK_ID='scrape_blizzard' AIRFLOW_CTX_EXECUTION_DATE='2026-03-21T21:09:42.347839+00:00' AIRFLOW_CTX_TRY_NUMBER='1' AIRFLOW_CTX_DAG_RUN_ID='manual__2026-03-21T21:09:42.347839+00:00'
[2026-03-21T21:09:45.850+0000] {taskinstance.py:430} INFO - ::endgroup::
[2026-03-21T21:09:46.550+0000] {overwatch2_pipeline.py:202} INFO -   ✅ PC / Americas / rq=0 / tier=All → 50 heroes
[2026-03-21T21:09:47.834+0000] {overwatch2_pipeline.py:202} INFO -   ✅ PC / Americas / rq=1 / tier=All → 50 heroes
[2026-03-21T21:09:49.123+0000] {overwatch2_pipeline.py:202} INFO -   ✅ PC / Europe / rq=0 / tier=All → 50 heroes
[2026-03-21T21:09:50.400+0000] {overwatch2_pipeline.py:202} INFO -   ✅ PC / Europe / rq=1 / tier=All → 50 heroes
[2026-03-21T21:09:51.687+0000] {overwatch2_pipeline.py:202} INFO -   ✅ PC / Asia / rq=0 / tier=All → 50 heroes
[2026-03-21T21:09:53.252+0000] {overwatch2_pipeline.py:202} INFO -   ✅ PC / Asia / rq=1 / tier=All → 50 heroes
[2026-03-21T21:09:54.524+0000] {overwatch2_pipeline.py:202} INFO -   ✅ Console / Americas / rq=0 / tier=All → 50 heroes
[2026-03-21T21:09:57.822+0000] {overwatch2_pipeline.py:202} INFO -   ✅ Console / Americas / rq=1 / tier=All → 50 heroes
[2026-03-21T21:09:59.111+0000] {overwatch2_pipeline.py:202} INFO -   ✅ Console / Europe / rq=0 / tier=All → 50 heroes
[2026-03-21T21:10:00.371+0000] {overwatch2_pipeline.py:202} INFO -   ✅ Console / Europe / rq=1 / tier=All → 50 heroes
[2026-03-21T21:10:01.635+0000] {overwatch2_pipeline.py:202} INFO -   ✅ Console / Asia / rq=0 / tier=All → 50 heroes
[2026-03-21T21:10:02.925+0000] {overwatch2_pipeline.py:202} INFO -   ✅ Console / Asia / rq=1 / tier=All → 50 heroes
[2026-03-21T21:10:03.926+0000] {overwatch2_pipeline.py:209} INFO - ✅ Scrape completado: 600 registros | 0 errores
[2026-03-21T21:10:03.944+0000] {python.py:237} INFO - Done. Returned value was: None
[2026-03-21T21:10:03.945+0000] {taskinstance.py:441} INFO - ::group::Post task execution logs
[2026-03-21T21:10:03.954+0000] {taskinstance.py:1205} INFO - Marking task as SUCCESS. dag_id=overwatch2_pipeline, task_id=scrape_blizzard, execution_date=20260321T210942, start_date=20260321T210945, end_date=20260321T211003
[2026-03-21T21:10:04.009+0000] {local_task_job_runner.py:240} INFO - Task exited with return code 0
[2026-03-21T21:10:04.033+0000] {taskinstance.py:3482} INFO - 1 downstream tasks scheduled from follow-on schedule check
[2026-03-21T21:10:04.035+0000] {local_task_job_runner.py:222} INFO - ::endgroup::
