[2026-03-26T12:41:11.462+0000] {local_task_job_runner.py:120} INFO - ::group::Pre task execution logs
[2026-03-26T12:41:11.636+0000] {taskinstance.py:2073} INFO - Dependencies all met for dep_context=non-requeueable deps ti=<TaskInstance: overwatch2_pipeline.crear_indices manual__2026-03-26T01:38:34.822358+00:00 [queued]>
[2026-03-26T12:41:11.660+0000] {taskinstance.py:2073} INFO - Dependencies all met for dep_context=requeueable deps ti=<TaskInstance: overwatch2_pipeline.crear_indices manual__2026-03-26T01:38:34.822358+00:00 [queued]>
[2026-03-26T12:41:11.664+0000] {taskinstance.py:2303} INFO - Starting attempt 2 of 4
[2026-03-26T12:41:11.893+0000] {taskinstance.py:2327} INFO - Executing <Task(PythonOperator): crear_indices> on 2026-03-26 01:38:34.822358+00:00
[2026-03-26T12:41:11.917+0000] {logging_mixin.py:188} WARNING - /home/***/.local/lib/python3.12/site-packages/***/task/task_runner/standard_task_runner.py:61 DeprecationWarning: This process (pid=711) is multi-threaded, use of fork() may lead to deadlocks in the child.
[2026-03-26T12:41:11.926+0000] {standard_task_runner.py:63} INFO - Started process 716 to run task
[2026-03-26T12:41:11.920+0000] {standard_task_runner.py:90} INFO - Running: ['***', 'tasks', 'run', 'overwatch2_pipeline', 'crear_indices', 'manual__2026-03-26T01:38:34.822358+00:00', '--job-id', '970', '--raw', '--subdir', 'DAGS_FOLDER/overwatch2_pipeline.py', '--cfg-path', '/tmp/tmpc7523ney']
[2026-03-26T12:41:11.931+0000] {standard_task_runner.py:91} INFO - Job 970: Subtask crear_indices
[2026-03-26T12:41:12.135+0000] {task_command.py:426} INFO - Running <TaskInstance: overwatch2_pipeline.crear_indices manual__2026-03-26T01:38:34.822358+00:00 [running]> on host 5f83853c16fb
[2026-03-26T12:41:12.372+0000] {taskinstance.py:2644} INFO - Exporting env vars: AIRFLOW_CTX_DAG_OWNER='angel' AIRFLOW_CTX_DAG_ID='overwatch2_pipeline' AIRFLOW_CTX_TASK_ID='crear_indices' AIRFLOW_CTX_EXECUTION_DATE='2026-03-26T01:38:34.822358+00:00' AIRFLOW_CTX_TRY_NUMBER='2' AIRFLOW_CTX_DAG_RUN_ID='manual__2026-03-26T01:38:34.822358+00:00'
[2026-03-26T12:41:12.378+0000] {taskinstance.py:430} INFO - ::endgroup::
[2026-03-26T12:41:12.544+0000] {overwatch2_pipeline.py:263} INFO -   ✅ fact_id_heroe
[2026-03-26T12:41:12.551+0000] {overwatch2_pipeline.py:263} INFO -   ✅ fact_id_tiempo
[2026-03-26T12:41:12.570+0000] {overwatch2_pipeline.py:263} INFO -   ✅ fact_id_contexto
[2026-03-26T12:41:12.576+0000] {overwatch2_pipeline.py:263} INFO -   ✅ fact_id_escenario
[2026-03-26T12:41:12.581+0000] {overwatch2_pipeline.py:263} INFO -   ✅ tiempo_fecha
[2026-03-26T12:41:12.585+0000] {overwatch2_pipeline.py:263} INFO -   ✅ heroe_nombre
[2026-03-26T12:41:12.588+0000] {overwatch2_pipeline.py:263} INFO -   ✅ heroe_rol
[2026-03-26T12:41:12.592+0000] {overwatch2_pipeline.py:263} INFO -   ✅ contexto_plat
[2026-03-26T12:41:12.596+0000] {overwatch2_pipeline.py:263} INFO -   ✅ contexto_modo
[2026-03-26T12:41:12.604+0000] {overwatch2_pipeline.py:263} INFO -   ✅ escenario_region
[2026-03-26T12:41:12.607+0000] {overwatch2_pipeline.py:263} INFO -   ✅ escenario_mapa
[2026-03-26T12:41:12.611+0000] {overwatch2_pipeline.py:267} INFO - ✅ Indices creados/verificados correctamente
[2026-03-26T12:41:12.612+0000] {python.py:237} INFO - Done. Returned value was: None
[2026-03-26T12:41:12.613+0000] {taskinstance.py:441} INFO - ::group::Post task execution logs
[2026-03-26T12:41:12.642+0000] {taskinstance.py:1205} INFO - Marking task as SUCCESS. dag_id=overwatch2_pipeline, task_id=crear_indices, execution_date=20260326T013834, start_date=20260326T124111, end_date=20260326T124112
[2026-03-26T12:41:12.720+0000] {local_task_job_runner.py:240} INFO - Task exited with return code 0
[2026-03-26T12:41:12.813+0000] {taskinstance.py:3482} INFO - 1 downstream tasks scheduled from follow-on schedule check
[2026-03-26T12:41:12.834+0000] {local_task_job_runner.py:222} INFO - ::endgroup::
