[2026-03-26T01:38:37.424+0000] {local_task_job_runner.py:120} INFO - ::group::Pre task execution logs
[2026-03-26T01:38:37.454+0000] {taskinstance.py:2073} INFO - Dependencies all met for dep_context=non-requeueable deps ti=<TaskInstance: overwatch2_pipeline.crear_indices manual__2026-03-26T01:38:34.822358+00:00 [queued]>
[2026-03-26T01:38:37.462+0000] {taskinstance.py:2073} INFO - Dependencies all met for dep_context=requeueable deps ti=<TaskInstance: overwatch2_pipeline.crear_indices manual__2026-03-26T01:38:34.822358+00:00 [queued]>
[2026-03-26T01:38:37.462+0000] {taskinstance.py:2303} INFO - Starting attempt 1 of 3
[2026-03-26T01:38:37.474+0000] {taskinstance.py:2327} INFO - Executing <Task(PythonOperator): crear_indices> on 2026-03-26 01:38:34.822358+00:00
[2026-03-26T01:38:37.482+0000] {logging_mixin.py:188} WARNING - /home/***/.local/lib/python3.12/site-packages/***/task/task_runner/standard_task_runner.py:61 DeprecationWarning: This process (pid=192) is multi-threaded, use of fork() may lead to deadlocks in the child.
[2026-03-26T01:38:37.484+0000] {standard_task_runner.py:63} INFO - Started process 193 to run task
[2026-03-26T01:38:37.482+0000] {standard_task_runner.py:90} INFO - Running: ['***', 'tasks', 'run', 'overwatch2_pipeline', 'crear_indices', 'manual__2026-03-26T01:38:34.822358+00:00', '--job-id', '490', '--raw', '--subdir', 'DAGS_FOLDER/overwatch2_pipeline.py', '--cfg-path', '/tmp/tmpxm_mcgit']
[2026-03-26T01:38:37.484+0000] {standard_task_runner.py:91} INFO - Job 490: Subtask crear_indices
[2026-03-26T01:38:37.546+0000] {task_command.py:426} INFO - Running <TaskInstance: overwatch2_pipeline.crear_indices manual__2026-03-26T01:38:34.822358+00:00 [running]> on host 12e2f54eae40
[2026-03-26T01:38:37.632+0000] {taskinstance.py:2644} INFO - Exporting env vars: AIRFLOW_CTX_DAG_OWNER='angel' AIRFLOW_CTX_DAG_ID='overwatch2_pipeline' AIRFLOW_CTX_TASK_ID='crear_indices' AIRFLOW_CTX_EXECUTION_DATE='2026-03-26T01:38:34.822358+00:00' AIRFLOW_CTX_TRY_NUMBER='1' AIRFLOW_CTX_DAG_RUN_ID='manual__2026-03-26T01:38:34.822358+00:00'
[2026-03-26T01:38:37.633+0000] {taskinstance.py:430} INFO - ::endgroup::
[2026-03-26T01:38:37.691+0000] {overwatch2_pipeline.py:262} INFO -   ✅ fact_id_heroe
[2026-03-26T01:38:37.692+0000] {overwatch2_pipeline.py:262} INFO -   ✅ fact_id_tiempo
[2026-03-26T01:38:37.693+0000] {overwatch2_pipeline.py:262} INFO -   ✅ fact_id_contexto
[2026-03-26T01:38:37.694+0000] {overwatch2_pipeline.py:262} INFO -   ✅ fact_id_escenario
[2026-03-26T01:38:37.695+0000] {overwatch2_pipeline.py:262} INFO -   ✅ tiempo_fecha
[2026-03-26T01:38:37.697+0000] {overwatch2_pipeline.py:262} INFO -   ✅ heroe_nombre
[2026-03-26T01:38:37.698+0000] {overwatch2_pipeline.py:262} INFO -   ✅ heroe_rol
[2026-03-26T01:38:37.699+0000] {overwatch2_pipeline.py:262} INFO -   ✅ contexto_plat
[2026-03-26T01:38:37.700+0000] {overwatch2_pipeline.py:262} INFO -   ✅ contexto_modo
[2026-03-26T01:38:37.702+0000] {overwatch2_pipeline.py:262} INFO -   ✅ escenario_region
[2026-03-26T01:38:37.703+0000] {overwatch2_pipeline.py:262} INFO -   ✅ escenario_mapa
[2026-03-26T01:38:37.704+0000] {overwatch2_pipeline.py:266} INFO - ✅ Indices creados/verificados correctamente
[2026-03-26T01:38:37.704+0000] {python.py:237} INFO - Done. Returned value was: None
[2026-03-26T01:38:37.705+0000] {taskinstance.py:441} INFO - ::group::Post task execution logs
[2026-03-26T01:38:37.717+0000] {taskinstance.py:1205} INFO - Marking task as SUCCESS. dag_id=overwatch2_pipeline, task_id=crear_indices, execution_date=20260326T013834, start_date=20260326T013837, end_date=20260326T013837
[2026-03-26T01:38:37.738+0000] {local_task_job_runner.py:240} INFO - Task exited with return code 0
[2026-03-26T01:38:37.766+0000] {taskinstance.py:3482} INFO - 1 downstream tasks scheduled from follow-on schedule check
[2026-03-26T01:38:37.768+0000] {local_task_job_runner.py:222} INFO - ::endgroup::
