[2026-03-26T12:36:02.017+0000] {local_task_job_runner.py:120} INFO - ::group::Pre task execution logs
[2026-03-26T12:36:02.068+0000] {taskinstance.py:2073} INFO - Dependencies all met for dep_context=non-requeueable deps ti=<TaskInstance: overwatch2_pipeline.scrape_blizzard manual__2026-03-19T19:19:48.313916+00:00 [queued]>
[2026-03-26T12:36:02.079+0000] {taskinstance.py:2073} INFO - Dependencies all met for dep_context=requeueable deps ti=<TaskInstance: overwatch2_pipeline.scrape_blizzard manual__2026-03-19T19:19:48.313916+00:00 [queued]>
[2026-03-26T12:36:02.080+0000] {taskinstance.py:2303} INFO - Starting attempt 2 of 4
[2026-03-26T12:36:02.099+0000] {taskinstance.py:2327} INFO - Executing <Task(PythonOperator): scrape_blizzard> on 2026-03-19 19:19:48.313916+00:00
[2026-03-26T12:36:02.110+0000] {logging_mixin.py:188} WARNING - /home/***/.local/lib/python3.12/site-packages/***/task/task_runner/standard_task_runner.py:61 DeprecationWarning: This process (pid=273) is multi-threaded, use of fork() may lead to deadlocks in the child.
[2026-03-26T12:36:02.111+0000] {standard_task_runner.py:63} INFO - Started process 274 to run task
[2026-03-26T12:36:02.109+0000] {standard_task_runner.py:90} INFO - Running: ['***', 'tasks', 'run', 'overwatch2_pipeline', 'scrape_blizzard', 'manual__2026-03-19T19:19:48.313916+00:00', '--job-id', '778', '--raw', '--subdir', 'DAGS_FOLDER/overwatch2_pipeline.py', '--cfg-path', '/tmp/tmpw9ts9k8p']
[2026-03-26T12:36:02.112+0000] {standard_task_runner.py:91} INFO - Job 778: Subtask scrape_blizzard
[2026-03-26T12:36:02.204+0000] {task_command.py:426} INFO - Running <TaskInstance: overwatch2_pipeline.scrape_blizzard manual__2026-03-19T19:19:48.313916+00:00 [running]> on host 5f83853c16fb
[2026-03-26T12:36:02.332+0000] {taskinstance.py:2644} INFO - Exporting env vars: AIRFLOW_CTX_DAG_OWNER='angel' AIRFLOW_CTX_DAG_ID='overwatch2_pipeline' AIRFLOW_CTX_TASK_ID='scrape_blizzard' AIRFLOW_CTX_EXECUTION_DATE='2026-03-19T19:19:48.313916+00:00' AIRFLOW_CTX_TRY_NUMBER='2' AIRFLOW_CTX_DAG_RUN_ID='manual__2026-03-19T19:19:48.313916+00:00'
[2026-03-26T12:36:02.333+0000] {taskinstance.py:430} INFO - ::endgroup::
[2026-03-26T12:36:02.348+0000] {overwatch2_pipeline.py:294} INFO - ── Scrapeando URL 2: /en-us/heroes/ ──
[2026-03-26T12:36:03.051+0000] {overwatch2_pipeline.py:211} INFO -   ✅ URL 2 (/heroes/) → 0 dificultades extraidas
[2026-03-26T12:36:04.103+0000] {overwatch2_pipeline.py:300} INFO - ── Scrapeando URL 1: /en-us/rates/ ──
[2026-03-26T12:36:04.577+0000] {overwatch2_pipeline.py:319} INFO -   ✅ PC / Americas / rq=0 / tier=All → 50 heroes (limpios)
[2026-03-26T12:36:06.073+0000] {overwatch2_pipeline.py:319} INFO -   ✅ PC / Americas / rq=1 / tier=All → 50 heroes (limpios)
[2026-03-26T12:36:07.436+0000] {overwatch2_pipeline.py:319} INFO -   ✅ PC / Europe / rq=0 / tier=All → 50 heroes (limpios)
[2026-03-26T12:36:08.863+0000] {overwatch2_pipeline.py:319} INFO -   ✅ PC / Europe / rq=1 / tier=All → 50 heroes (limpios)
[2026-03-26T12:36:10.330+0000] {overwatch2_pipeline.py:319} INFO -   ✅ PC / Asia / rq=0 / tier=All → 50 heroes (limpios)
[2026-03-26T12:36:11.892+0000] {overwatch2_pipeline.py:319} INFO -   ✅ PC / Asia / rq=1 / tier=All → 50 heroes (limpios)
[2026-03-26T12:36:13.350+0000] {overwatch2_pipeline.py:319} INFO -   ✅ Console / Americas / rq=0 / tier=All → 50 heroes (limpios)
[2026-03-26T12:36:14.781+0000] {overwatch2_pipeline.py:319} INFO -   ✅ Console / Americas / rq=1 / tier=All → 50 heroes (limpios)
[2026-03-26T12:36:16.277+0000] {overwatch2_pipeline.py:319} INFO -   ✅ Console / Europe / rq=0 / tier=All → 50 heroes (limpios)
[2026-03-26T12:36:17.560+0000] {overwatch2_pipeline.py:319} INFO -   ✅ Console / Europe / rq=1 / tier=All → 50 heroes (limpios)
[2026-03-26T12:36:18.903+0000] {overwatch2_pipeline.py:319} INFO -   ✅ Console / Asia / rq=0 / tier=All → 50 heroes (limpios)
[2026-03-26T12:36:20.232+0000] {overwatch2_pipeline.py:319} INFO -   ✅ Console / Asia / rq=1 / tier=All → 50 heroes (limpios)
[2026-03-26T12:36:21.233+0000] {overwatch2_pipeline.py:326} INFO - ✅ Scrape completado: 600 registros | 0 errores
[2026-03-26T12:36:21.256+0000] {python.py:237} INFO - Done. Returned value was: None
[2026-03-26T12:36:21.257+0000] {taskinstance.py:441} INFO - ::group::Post task execution logs
[2026-03-26T12:36:21.269+0000] {taskinstance.py:1205} INFO - Marking task as SUCCESS. dag_id=overwatch2_pipeline, task_id=scrape_blizzard, execution_date=20260319T191948, start_date=20260326T123602, end_date=20260326T123621
[2026-03-26T12:36:21.326+0000] {local_task_job_runner.py:240} INFO - Task exited with return code 0
[2026-03-26T12:36:21.358+0000] {taskinstance.py:3482} INFO - 1 downstream tasks scheduled from follow-on schedule check
[2026-03-26T12:36:21.363+0000] {local_task_job_runner.py:222} INFO - ::endgroup::
