[2026-03-19T19:19:50.937+0000] {local_task_job_runner.py:120} INFO - ::group::Pre task execution logs
[2026-03-19T19:19:50.968+0000] {taskinstance.py:2073} INFO - Dependencies all met for dep_context=non-requeueable deps ti=<TaskInstance: overwatch2_pipeline.scrape_blizzard manual__2026-03-19T19:19:48.313916+00:00 [queued]>
[2026-03-19T19:19:50.975+0000] {taskinstance.py:2073} INFO - Dependencies all met for dep_context=requeueable deps ti=<TaskInstance: overwatch2_pipeline.scrape_blizzard manual__2026-03-19T19:19:48.313916+00:00 [queued]>
[2026-03-19T19:19:50.975+0000] {taskinstance.py:2303} INFO - Starting attempt 1 of 3
[2026-03-19T19:19:50.987+0000] {taskinstance.py:2327} INFO - Executing <Task(PythonOperator): scrape_blizzard> on 2026-03-19 19:19:48.313916+00:00
[2026-03-19T19:19:50.997+0000] {logging_mixin.py:188} WARNING - /home/***/.local/lib/python3.12/site-packages/***/task/task_runner/standard_task_runner.py:61 DeprecationWarning: This process (pid=432) is multi-threaded, use of fork() may lead to deadlocks in the child.
[2026-03-19T19:19:50.996+0000] {standard_task_runner.py:90} INFO - Running: ['***', 'tasks', 'run', 'overwatch2_pipeline', 'scrape_blizzard', 'manual__2026-03-19T19:19:48.313916+00:00', '--job-id', '183', '--raw', '--subdir', 'DAGS_FOLDER/overwatch2_pipeline.py', '--cfg-path', '/tmp/tmp3z7qafzd']
[2026-03-19T19:19:50.999+0000] {standard_task_runner.py:63} INFO - Started process 433 to run task
[2026-03-19T19:19:50.999+0000] {standard_task_runner.py:91} INFO - Job 183: Subtask scrape_blizzard
[2026-03-19T19:19:51.063+0000] {task_command.py:426} INFO - Running <TaskInstance: overwatch2_pipeline.scrape_blizzard manual__2026-03-19T19:19:48.313916+00:00 [running]> on host d57c35dcabbf
[2026-03-19T19:19:51.157+0000] {taskinstance.py:2644} INFO - Exporting env vars: AIRFLOW_CTX_DAG_OWNER='angel' AIRFLOW_CTX_DAG_ID='overwatch2_pipeline' AIRFLOW_CTX_TASK_ID='scrape_blizzard' AIRFLOW_CTX_EXECUTION_DATE='2026-03-19T19:19:48.313916+00:00' AIRFLOW_CTX_TRY_NUMBER='1' AIRFLOW_CTX_DAG_RUN_ID='manual__2026-03-19T19:19:48.313916+00:00'
[2026-03-19T19:19:51.158+0000] {taskinstance.py:430} INFO - ::endgroup::
[2026-03-19T19:19:52.096+0000] {overwatch2_pipeline.py:221} INFO -   ✅ PC / Americas / rq=0 / tier=All → 50 heroes
[2026-03-19T19:19:53.526+0000] {overwatch2_pipeline.py:221} INFO -   ✅ PC / Americas / rq=1 / tier=All → 50 heroes
[2026-03-19T19:19:54.888+0000] {overwatch2_pipeline.py:221} INFO -   ✅ PC / Europe / rq=0 / tier=All → 50 heroes
[2026-03-19T19:19:56.165+0000] {overwatch2_pipeline.py:221} INFO -   ✅ PC / Europe / rq=1 / tier=All → 50 heroes
[2026-03-19T19:19:57.510+0000] {overwatch2_pipeline.py:221} INFO -   ✅ PC / Asia / rq=0 / tier=All → 50 heroes
[2026-03-19T19:19:59.108+0000] {overwatch2_pipeline.py:221} INFO -   ✅ PC / Asia / rq=1 / tier=All → 50 heroes
[2026-03-19T19:20:00.397+0000] {overwatch2_pipeline.py:221} INFO -   ✅ Console / Americas / rq=0 / tier=All → 50 heroes
[2026-03-19T19:20:02.336+0000] {overwatch2_pipeline.py:221} INFO -   ✅ Console / Americas / rq=1 / tier=All → 50 heroes
[2026-03-19T19:20:03.659+0000] {overwatch2_pipeline.py:221} INFO -   ✅ Console / Europe / rq=0 / tier=All → 50 heroes
[2026-03-19T19:20:04.990+0000] {overwatch2_pipeline.py:221} INFO -   ✅ Console / Europe / rq=1 / tier=All → 50 heroes
[2026-03-19T19:20:06.273+0000] {overwatch2_pipeline.py:221} INFO -   ✅ Console / Asia / rq=0 / tier=All → 50 heroes
[2026-03-19T19:20:07.652+0000] {overwatch2_pipeline.py:221} INFO -   ✅ Console / Asia / rq=1 / tier=All → 50 heroes
[2026-03-19T19:20:08.653+0000] {overwatch2_pipeline.py:228} INFO - ✅ Scrape completado: 600 registros | 0 errores
[2026-03-19T19:20:08.675+0000] {python.py:237} INFO - Done. Returned value was: None
[2026-03-19T19:20:08.676+0000] {taskinstance.py:441} INFO - ::group::Post task execution logs
[2026-03-19T19:20:08.687+0000] {taskinstance.py:1205} INFO - Marking task as SUCCESS. dag_id=overwatch2_pipeline, task_id=scrape_blizzard, execution_date=20260319T191948, start_date=20260319T191950, end_date=20260319T192008
[2026-03-19T19:20:08.716+0000] {local_task_job_runner.py:240} INFO - Task exited with return code 0
[2026-03-19T19:20:08.743+0000] {taskinstance.py:3482} INFO - 1 downstream tasks scheduled from follow-on schedule check
[2026-03-19T19:20:08.745+0000] {local_task_job_runner.py:222} INFO - ::endgroup::
