[2026-03-26T03:03:15.590+0000] {local_task_job_runner.py:120} INFO - ::group::Pre task execution logs
[2026-03-26T03:03:15.714+0000] {taskinstance.py:2073} INFO - Dependencies all met for dep_context=non-requeueable deps ti=<TaskInstance: overwatch2_pipeline.crear_indices manual__2026-03-19T19:04:46.743065+00:00 [queued]>
[2026-03-26T03:03:15.744+0000] {taskinstance.py:2073} INFO - Dependencies all met for dep_context=requeueable deps ti=<TaskInstance: overwatch2_pipeline.crear_indices manual__2026-03-19T19:04:46.743065+00:00 [queued]>
[2026-03-26T03:03:15.746+0000] {taskinstance.py:2303} INFO - Starting attempt 1 of 3
[2026-03-26T03:03:15.785+0000] {taskinstance.py:2327} INFO - Executing <Task(PythonOperator): crear_indices> on 2026-03-19 19:04:46.743065+00:00
[2026-03-26T03:03:15.812+0000] {standard_task_runner.py:90} INFO - Running: ['***', 'tasks', 'run', 'overwatch2_pipeline', 'crear_indices', 'manual__2026-03-19T19:04:46.743065+00:00', '--job-id', '573', '--raw', '--subdir', 'DAGS_FOLDER/overwatch2_pipeline.py', '--cfg-path', '/tmp/tmpjen9su1r']
[2026-03-26T03:03:15.819+0000] {standard_task_runner.py:91} INFO - Job 573: Subtask crear_indices
[2026-03-26T03:03:15.833+0000] {logging_mixin.py:188} WARNING - /home/***/.local/lib/python3.12/site-packages/***/task/task_runner/standard_task_runner.py:61 DeprecationWarning: This process (pid=860) is multi-threaded, use of fork() may lead to deadlocks in the child.
[2026-03-26T03:03:15.836+0000] {standard_task_runner.py:63} INFO - Started process 866 to run task
[2026-03-26T03:03:15.973+0000] {task_command.py:426} INFO - Running <TaskInstance: overwatch2_pipeline.crear_indices manual__2026-03-19T19:04:46.743065+00:00 [running]> on host 5f83853c16fb
[2026-03-26T03:03:16.240+0000] {taskinstance.py:2644} INFO - Exporting env vars: AIRFLOW_CTX_DAG_OWNER='angel' AIRFLOW_CTX_DAG_ID='overwatch2_pipeline' AIRFLOW_CTX_TASK_ID='crear_indices' AIRFLOW_CTX_EXECUTION_DATE='2026-03-19T19:04:46.743065+00:00' AIRFLOW_CTX_TRY_NUMBER='1' AIRFLOW_CTX_DAG_RUN_ID='manual__2026-03-19T19:04:46.743065+00:00'
[2026-03-26T03:03:16.247+0000] {taskinstance.py:430} INFO - ::endgroup::
[2026-03-26T03:03:16.424+0000] {overwatch2_pipeline.py:262} INFO -   ✅ fact_id_heroe
[2026-03-26T03:03:16.438+0000] {overwatch2_pipeline.py:262} INFO -   ✅ fact_id_tiempo
[2026-03-26T03:03:16.447+0000] {overwatch2_pipeline.py:262} INFO -   ✅ fact_id_contexto
[2026-03-26T03:03:16.452+0000] {overwatch2_pipeline.py:262} INFO -   ✅ fact_id_escenario
[2026-03-26T03:03:16.454+0000] {overwatch2_pipeline.py:262} INFO -   ✅ tiempo_fecha
[2026-03-26T03:03:16.460+0000] {overwatch2_pipeline.py:262} INFO -   ✅ heroe_nombre
[2026-03-26T03:03:16.465+0000] {overwatch2_pipeline.py:262} INFO -   ✅ heroe_rol
[2026-03-26T03:03:16.470+0000] {overwatch2_pipeline.py:262} INFO -   ✅ contexto_plat
[2026-03-26T03:03:16.487+0000] {overwatch2_pipeline.py:262} INFO -   ✅ contexto_modo
[2026-03-26T03:03:16.503+0000] {overwatch2_pipeline.py:262} INFO -   ✅ escenario_region
[2026-03-26T03:03:16.512+0000] {overwatch2_pipeline.py:262} INFO -   ✅ escenario_mapa
[2026-03-26T03:03:16.521+0000] {overwatch2_pipeline.py:266} INFO - ✅ Indices creados/verificados correctamente
[2026-03-26T03:03:16.524+0000] {python.py:237} INFO - Done. Returned value was: None
[2026-03-26T03:03:16.527+0000] {taskinstance.py:441} INFO - ::group::Post task execution logs
[2026-03-26T03:03:16.566+0000] {taskinstance.py:1205} INFO - Marking task as SUCCESS. dag_id=overwatch2_pipeline, task_id=crear_indices, execution_date=20260319T190446, start_date=20260326T030315, end_date=20260326T030316
[2026-03-26T03:03:16.662+0000] {local_task_job_runner.py:240} INFO - Task exited with return code 0
[2026-03-26T03:03:17.025+0000] {taskinstance.py:3482} INFO - 1 downstream tasks scheduled from follow-on schedule check
[2026-03-26T03:03:17.038+0000] {local_task_job_runner.py:222} INFO - ::endgroup::
