[2026-03-27T19:18:30.730+0000] {processor.py:161} INFO - Started process (PID=171) to work on /opt/airflow/dags/overwatch2_pipeline.py
[2026-03-27T19:18:30.733+0000] {processor.py:830} INFO - Processing file /opt/airflow/dags/overwatch2_pipeline.py for tasks to queue
[2026-03-27T19:18:30.737+0000] {logging_mixin.py:188} INFO - [2026-03-27T19:18:30.736+0000] {dagbag.py:540} INFO - Filling up the DagBag from /opt/airflow/dags/overwatch2_pipeline.py
[2026-03-27T19:18:30.782+0000] {processor.py:840} INFO - DAG(s) 'overwatch2_pipeline' retrieved from /opt/airflow/dags/overwatch2_pipeline.py
[2026-03-27T19:18:30.865+0000] {logging_mixin.py:188} INFO - [2026-03-27T19:18:30.864+0000] {dag.py:3096} INFO - Sync 1 DAGs
[2026-03-27T19:18:30.912+0000] {logging_mixin.py:188} INFO - [2026-03-27T19:18:30.911+0000] {dag.py:3954} INFO - Setting next_dagrun for overwatch2_pipeline to 2026-03-27 06:00:00+00:00, run_after=2026-03-28 06:00:00+00:00
[2026-03-27T19:18:30.944+0000] {processor.py:183} INFO - Processing /opt/airflow/dags/overwatch2_pipeline.py took 0.225 seconds
[2026-03-27T19:19:01.186+0000] {processor.py:161} INFO - Started process (PID=188) to work on /opt/airflow/dags/overwatch2_pipeline.py
[2026-03-27T19:19:01.187+0000] {processor.py:830} INFO - Processing file /opt/airflow/dags/overwatch2_pipeline.py for tasks to queue
[2026-03-27T19:19:01.189+0000] {logging_mixin.py:188} INFO - [2026-03-27T19:19:01.189+0000] {dagbag.py:540} INFO - Filling up the DagBag from /opt/airflow/dags/overwatch2_pipeline.py
[2026-03-27T19:19:01.224+0000] {processor.py:840} INFO - DAG(s) 'overwatch2_pipeline' retrieved from /opt/airflow/dags/overwatch2_pipeline.py
[2026-03-27T19:19:01.240+0000] {logging_mixin.py:188} INFO - [2026-03-27T19:19:01.240+0000] {dag.py:3096} INFO - Sync 1 DAGs
[2026-03-27T19:19:01.266+0000] {logging_mixin.py:188} INFO - [2026-03-27T19:19:01.266+0000] {dag.py:3954} INFO - Setting next_dagrun for overwatch2_pipeline to 2026-03-27 06:00:00+00:00, run_after=2026-03-28 06:00:00+00:00
[2026-03-27T19:19:01.291+0000] {processor.py:183} INFO - Processing /opt/airflow/dags/overwatch2_pipeline.py took 0.112 seconds
[2026-03-27T19:19:31.414+0000] {processor.py:161} INFO - Started process (PID=201) to work on /opt/airflow/dags/overwatch2_pipeline.py
[2026-03-27T19:19:31.417+0000] {processor.py:830} INFO - Processing file /opt/airflow/dags/overwatch2_pipeline.py for tasks to queue
[2026-03-27T19:19:31.419+0000] {logging_mixin.py:188} INFO - [2026-03-27T19:19:31.419+0000] {dagbag.py:540} INFO - Filling up the DagBag from /opt/airflow/dags/overwatch2_pipeline.py
[2026-03-27T19:19:31.454+0000] {processor.py:840} INFO - DAG(s) 'overwatch2_pipeline' retrieved from /opt/airflow/dags/overwatch2_pipeline.py
[2026-03-27T19:19:31.612+0000] {logging_mixin.py:188} INFO - [2026-03-27T19:19:31.612+0000] {dag.py:3096} INFO - Sync 1 DAGs
[2026-03-27T19:19:31.632+0000] {logging_mixin.py:188} INFO - [2026-03-27T19:19:31.632+0000] {dag.py:3954} INFO - Setting next_dagrun for overwatch2_pipeline to 2026-03-27 06:00:00+00:00, run_after=2026-03-28 06:00:00+00:00
[2026-03-27T19:19:31.656+0000] {processor.py:183} INFO - Processing /opt/airflow/dags/overwatch2_pipeline.py took 0.248 seconds
