[2026-03-22T22:10:53.233+0000] {local_task_job_runner.py:120} INFO - ::group::Pre task execution logs
[2026-03-22T22:10:53.284+0000] {taskinstance.py:2073} INFO - Dependencies all met for dep_context=non-requeueable deps ti=<TaskInstance: overwatch2_pipeline.scrape_blizzard scheduled__2026-03-21T00:00:00+00:00 [queued]>
[2026-03-22T22:10:53.297+0000] {taskinstance.py:2073} INFO - Dependencies all met for dep_context=requeueable deps ti=<TaskInstance: overwatch2_pipeline.scrape_blizzard scheduled__2026-03-21T00:00:00+00:00 [queued]>
[2026-03-22T22:10:53.299+0000] {taskinstance.py:2303} INFO - Starting attempt 1 of 3
[2026-03-22T22:10:53.325+0000] {taskinstance.py:2327} INFO - Executing <Task(PythonOperator): scrape_blizzard> on 2026-03-21 00:00:00+00:00
[2026-03-22T22:10:53.341+0000] {standard_task_runner.py:90} INFO - Running: ['***', 'tasks', 'run', 'overwatch2_pipeline', 'scrape_blizzard', 'scheduled__2026-03-21T00:00:00+00:00', '--job-id', '226', '--raw', '--subdir', 'DAGS_FOLDER/overwatch2_pipeline.py', '--cfg-path', '/tmp/tmpmm_v704g']
[2026-03-22T22:10:53.345+0000] {standard_task_runner.py:91} INFO - Job 226: Subtask scrape_blizzard
[2026-03-22T22:10:53.348+0000] {logging_mixin.py:188} WARNING - /home/***/.local/lib/python3.12/site-packages/***/task/task_runner/standard_task_runner.py:61 DeprecationWarning: This process (pid=201) is multi-threaded, use of fork() may lead to deadlocks in the child.
[2026-03-22T22:10:53.350+0000] {standard_task_runner.py:63} INFO - Started process 202 to run task
[2026-03-22T22:10:53.435+0000] {task_command.py:426} INFO - Running <TaskInstance: overwatch2_pipeline.scrape_blizzard scheduled__2026-03-21T00:00:00+00:00 [running]> on host d57c35dcabbf
[2026-03-22T22:10:53.575+0000] {taskinstance.py:2644} INFO - Exporting env vars: AIRFLOW_CTX_DAG_OWNER='angel' AIRFLOW_CTX_DAG_ID='overwatch2_pipeline' AIRFLOW_CTX_TASK_ID='scrape_blizzard' AIRFLOW_CTX_EXECUTION_DATE='2026-03-21T00:00:00+00:00' AIRFLOW_CTX_TRY_NUMBER='1' AIRFLOW_CTX_DAG_RUN_ID='scheduled__2026-03-21T00:00:00+00:00'
[2026-03-22T22:10:53.576+0000] {taskinstance.py:430} INFO - ::endgroup::
[2026-03-22T22:10:54.670+0000] {overwatch2_pipeline.py:202} INFO -   ✅ PC / Americas / rq=0 / tier=All → 50 heroes
[2026-03-22T22:10:56.060+0000] {overwatch2_pipeline.py:202} INFO -   ✅ PC / Americas / rq=1 / tier=All → 50 heroes
[2026-03-22T22:10:57.466+0000] {overwatch2_pipeline.py:202} INFO -   ✅ PC / Europe / rq=0 / tier=All → 50 heroes
[2026-03-22T22:10:59.326+0000] {overwatch2_pipeline.py:202} INFO -   ✅ PC / Europe / rq=1 / tier=All → 50 heroes
[2026-03-22T22:11:02.692+0000] {overwatch2_pipeline.py:202} INFO -   ✅ PC / Asia / rq=0 / tier=All → 50 heroes
[2026-03-22T22:11:04.671+0000] {overwatch2_pipeline.py:202} INFO -   ✅ PC / Asia / rq=1 / tier=All → 50 heroes
[2026-03-22T22:11:06.113+0000] {overwatch2_pipeline.py:202} INFO -   ✅ Console / Americas / rq=0 / tier=All → 50 heroes
[2026-03-22T22:11:07.798+0000] {overwatch2_pipeline.py:202} INFO -   ✅ Console / Americas / rq=1 / tier=All → 50 heroes
[2026-03-22T22:11:09.219+0000] {overwatch2_pipeline.py:202} INFO -   ✅ Console / Europe / rq=0 / tier=All → 50 heroes
[2026-03-22T22:11:10.780+0000] {overwatch2_pipeline.py:202} INFO -   ✅ Console / Europe / rq=1 / tier=All → 50 heroes
[2026-03-22T22:11:13.739+0000] {overwatch2_pipeline.py:202} INFO -   ✅ Console / Asia / rq=0 / tier=All → 50 heroes
[2026-03-22T22:11:15.459+0000] {overwatch2_pipeline.py:202} INFO -   ✅ Console / Asia / rq=1 / tier=All → 50 heroes
[2026-03-22T22:11:16.460+0000] {overwatch2_pipeline.py:209} INFO - ✅ Scrape completado: 600 registros | 0 errores
[2026-03-22T22:11:16.566+0000] {python.py:237} INFO - Done. Returned value was: None
[2026-03-22T22:11:16.580+0000] {taskinstance.py:441} INFO - ::group::Post task execution logs
[2026-03-22T22:11:16.618+0000] {taskinstance.py:1205} INFO - Marking task as SUCCESS. dag_id=overwatch2_pipeline, task_id=scrape_blizzard, execution_date=20260321T000000, start_date=20260322T221053, end_date=20260322T221116
[2026-03-22T22:11:16.873+0000] {local_task_job_runner.py:240} INFO - Task exited with return code 0
[2026-03-22T22:11:17.079+0000] {taskinstance.py:3482} INFO - 1 downstream tasks scheduled from follow-on schedule check
[2026-03-22T22:11:17.112+0000] {local_task_job_runner.py:222} INFO - ::endgroup::
