[2026-03-26T03:07:33.606+0000] {local_task_job_runner.py:120} INFO - ::group::Pre task execution logs
[2026-03-26T03:07:33.698+0000] {taskinstance.py:2073} INFO - Dependencies all met for dep_context=non-requeueable deps ti=<TaskInstance: overwatch2_pipeline.scrape_blizzard scheduled__2026-03-09T00:00:00+00:00 [queued]>
[2026-03-26T03:07:33.712+0000] {taskinstance.py:2073} INFO - Dependencies all met for dep_context=requeueable deps ti=<TaskInstance: overwatch2_pipeline.scrape_blizzard scheduled__2026-03-09T00:00:00+00:00 [queued]>
[2026-03-26T03:07:33.717+0000] {taskinstance.py:2303} INFO - Starting attempt 4 of 6
[2026-03-26T03:07:33.756+0000] {taskinstance.py:2327} INFO - Executing <Task(PythonOperator): scrape_blizzard> on 2026-03-09 00:00:00+00:00
[2026-03-26T03:07:33.776+0000] {logging_mixin.py:188} WARNING - /home/***/.local/lib/python3.12/site-packages/***/task/task_runner/standard_task_runner.py:61 DeprecationWarning: This process (pid=1132) is multi-threaded, use of fork() may lead to deadlocks in the child.
[2026-03-26T03:07:33.776+0000] {standard_task_runner.py:90} INFO - Running: ['***', 'tasks', 'run', 'overwatch2_pipeline', 'scrape_blizzard', 'scheduled__2026-03-09T00:00:00+00:00', '--job-id', '694', '--raw', '--subdir', 'DAGS_FOLDER/overwatch2_pipeline.py', '--cfg-path', '/tmp/tmp23x80k0u']
[2026-03-26T03:07:33.780+0000] {standard_task_runner.py:91} INFO - Job 694: Subtask scrape_blizzard
[2026-03-26T03:07:33.779+0000] {standard_task_runner.py:63} INFO - Started process 1155 to run task
[2026-03-26T03:07:33.976+0000] {task_command.py:426} INFO - Running <TaskInstance: overwatch2_pipeline.scrape_blizzard scheduled__2026-03-09T00:00:00+00:00 [running]> on host 5f83853c16fb
[2026-03-26T03:07:34.346+0000] {taskinstance.py:2644} INFO - Exporting env vars: AIRFLOW_CTX_DAG_OWNER='angel' AIRFLOW_CTX_DAG_ID='overwatch2_pipeline' AIRFLOW_CTX_TASK_ID='scrape_blizzard' AIRFLOW_CTX_EXECUTION_DATE='2026-03-09T00:00:00+00:00' AIRFLOW_CTX_TRY_NUMBER='4' AIRFLOW_CTX_DAG_RUN_ID='scheduled__2026-03-09T00:00:00+00:00'
[2026-03-26T03:07:34.354+0000] {taskinstance.py:430} INFO - ::endgroup::
[2026-03-26T03:07:34.430+0000] {overwatch2_pipeline.py:293} INFO - ── Scrapeando URL 2: /en-us/heroes/ ──
[2026-03-26T03:07:35.128+0000] {overwatch2_pipeline.py:210} INFO -   ✅ URL 2 (/heroes/) → 0 dificultades extraidas
[2026-03-26T03:07:36.145+0000] {overwatch2_pipeline.py:299} INFO - ── Scrapeando URL 1: /en-us/rates/ ──
[2026-03-26T03:07:36.694+0000] {overwatch2_pipeline.py:318} INFO -   ✅ PC / Americas / rq=0 / tier=All → 50 heroes (limpios)
[2026-03-26T03:07:37.983+0000] {overwatch2_pipeline.py:318} INFO -   ✅ PC / Americas / rq=1 / tier=All → 50 heroes (limpios)
[2026-03-26T03:07:39.457+0000] {overwatch2_pipeline.py:318} INFO -   ✅ PC / Europe / rq=0 / tier=All → 50 heroes (limpios)
[2026-03-26T03:07:40.751+0000] {overwatch2_pipeline.py:318} INFO -   ✅ PC / Europe / rq=1 / tier=All → 50 heroes (limpios)
[2026-03-26T03:07:42.061+0000] {overwatch2_pipeline.py:318} INFO -   ✅ PC / Asia / rq=0 / tier=All → 50 heroes (limpios)
[2026-03-26T03:07:43.406+0000] {overwatch2_pipeline.py:318} INFO -   ✅ PC / Asia / rq=1 / tier=All → 50 heroes (limpios)
[2026-03-26T03:07:45.033+0000] {overwatch2_pipeline.py:318} INFO -   ✅ Console / Americas / rq=0 / tier=All → 50 heroes (limpios)
[2026-03-26T03:07:46.347+0000] {overwatch2_pipeline.py:318} INFO -   ✅ Console / Americas / rq=1 / tier=All → 50 heroes (limpios)
[2026-03-26T03:07:47.687+0000] {overwatch2_pipeline.py:318} INFO -   ✅ Console / Europe / rq=0 / tier=All → 50 heroes (limpios)
[2026-03-26T03:07:49.044+0000] {overwatch2_pipeline.py:318} INFO -   ✅ Console / Europe / rq=1 / tier=All → 50 heroes (limpios)
[2026-03-26T03:07:50.305+0000] {overwatch2_pipeline.py:318} INFO -   ✅ Console / Asia / rq=0 / tier=All → 50 heroes (limpios)
[2026-03-26T03:07:51.623+0000] {overwatch2_pipeline.py:318} INFO -   ✅ Console / Asia / rq=1 / tier=All → 50 heroes (limpios)
[2026-03-26T03:07:52.624+0000] {overwatch2_pipeline.py:325} INFO - ✅ Scrape completado: 600 registros | 0 errores
[2026-03-26T03:07:52.643+0000] {python.py:237} INFO - Done. Returned value was: None
[2026-03-26T03:07:52.644+0000] {taskinstance.py:441} INFO - ::group::Post task execution logs
[2026-03-26T03:07:52.654+0000] {taskinstance.py:1205} INFO - Marking task as SUCCESS. dag_id=overwatch2_pipeline, task_id=scrape_blizzard, execution_date=20260309T000000, start_date=20260326T030733, end_date=20260326T030752
[2026-03-26T03:07:52.693+0000] {local_task_job_runner.py:240} INFO - Task exited with return code 0
[2026-03-26T03:07:52.732+0000] {taskinstance.py:3482} INFO - 1 downstream tasks scheduled from follow-on schedule check
[2026-03-26T03:07:52.734+0000] {local_task_job_runner.py:222} INFO - ::endgroup::
