[2026-03-23T21:38:43.082+0000] {local_task_job_runner.py:120} INFO - ::group::Pre task execution logs
[2026-03-23T21:38:43.111+0000] {taskinstance.py:2073} INFO - Dependencies all met for dep_context=non-requeueable deps ti=<TaskInstance: overwatch2_pipeline.scrape_blizzard manual__2026-03-23T21:38:39.691534+00:00 [queued]>
[2026-03-23T21:38:43.119+0000] {taskinstance.py:2073} INFO - Dependencies all met for dep_context=requeueable deps ti=<TaskInstance: overwatch2_pipeline.scrape_blizzard manual__2026-03-23T21:38:39.691534+00:00 [queued]>
[2026-03-23T21:38:43.119+0000] {taskinstance.py:2303} INFO - Starting attempt 1 of 3
[2026-03-23T21:38:43.137+0000] {taskinstance.py:2327} INFO - Executing <Task(PythonOperator): scrape_blizzard> on 2026-03-23 21:38:39.691534+00:00
[2026-03-23T21:38:43.146+0000] {logging_mixin.py:188} WARNING - /home/***/.local/lib/python3.12/site-packages/***/task/task_runner/standard_task_runner.py:61 DeprecationWarning: This process (pid=180) is multi-threaded, use of fork() may lead to deadlocks in the child.
[2026-03-23T21:38:43.146+0000] {standard_task_runner.py:90} INFO - Running: ['***', 'tasks', 'run', 'overwatch2_pipeline', 'scrape_blizzard', 'manual__2026-03-23T21:38:39.691534+00:00', '--job-id', '244', '--raw', '--subdir', 'DAGS_FOLDER/overwatch2_pipeline.py', '--cfg-path', '/tmp/tmp85nu1a9_']
[2026-03-23T21:38:43.147+0000] {standard_task_runner.py:63} INFO - Started process 181 to run task
[2026-03-23T21:38:43.148+0000] {standard_task_runner.py:91} INFO - Job 244: Subtask scrape_blizzard
[2026-03-23T21:38:43.212+0000] {task_command.py:426} INFO - Running <TaskInstance: overwatch2_pipeline.scrape_blizzard manual__2026-03-23T21:38:39.691534+00:00 [running]> on host 470813e54d73
[2026-03-23T21:38:43.310+0000] {taskinstance.py:2644} INFO - Exporting env vars: AIRFLOW_CTX_DAG_OWNER='angel' AIRFLOW_CTX_DAG_ID='overwatch2_pipeline' AIRFLOW_CTX_TASK_ID='scrape_blizzard' AIRFLOW_CTX_EXECUTION_DATE='2026-03-23T21:38:39.691534+00:00' AIRFLOW_CTX_TRY_NUMBER='1' AIRFLOW_CTX_DAG_RUN_ID='manual__2026-03-23T21:38:39.691534+00:00'
[2026-03-23T21:38:43.311+0000] {taskinstance.py:430} INFO - ::endgroup::
[2026-03-23T21:38:44.311+0000] {overwatch2_pipeline.py:202} INFO -   ✅ PC / Americas / rq=0 / tier=All → 50 heroes
[2026-03-23T21:38:45.741+0000] {overwatch2_pipeline.py:202} INFO -   ✅ PC / Americas / rq=1 / tier=All → 50 heroes
[2026-03-23T21:38:47.015+0000] {overwatch2_pipeline.py:202} INFO -   ✅ PC / Europe / rq=0 / tier=All → 50 heroes
[2026-03-23T21:38:48.400+0000] {overwatch2_pipeline.py:202} INFO -   ✅ PC / Europe / rq=1 / tier=All → 50 heroes
[2026-03-23T21:38:49.834+0000] {overwatch2_pipeline.py:202} INFO -   ✅ PC / Asia / rq=0 / tier=All → 50 heroes
[2026-03-23T21:38:51.122+0000] {overwatch2_pipeline.py:202} INFO -   ✅ PC / Asia / rq=1 / tier=All → 50 heroes
[2026-03-23T21:38:52.497+0000] {overwatch2_pipeline.py:202} INFO -   ✅ Console / Americas / rq=0 / tier=All → 50 heroes
[2026-03-23T21:38:54.137+0000] {overwatch2_pipeline.py:202} INFO -   ✅ Console / Americas / rq=1 / tier=All → 50 heroes
[2026-03-23T21:38:55.497+0000] {overwatch2_pipeline.py:202} INFO -   ✅ Console / Europe / rq=0 / tier=All → 50 heroes
[2026-03-23T21:38:56.786+0000] {overwatch2_pipeline.py:202} INFO -   ✅ Console / Europe / rq=1 / tier=All → 50 heroes
[2026-03-23T21:38:58.080+0000] {overwatch2_pipeline.py:202} INFO -   ✅ Console / Asia / rq=0 / tier=All → 50 heroes
[2026-03-23T21:38:59.330+0000] {overwatch2_pipeline.py:202} INFO -   ✅ Console / Asia / rq=1 / tier=All → 50 heroes
[2026-03-23T21:39:00.331+0000] {overwatch2_pipeline.py:209} INFO - ✅ Scrape completado: 600 registros | 0 errores
[2026-03-23T21:39:00.359+0000] {python.py:237} INFO - Done. Returned value was: None
[2026-03-23T21:39:00.360+0000] {taskinstance.py:441} INFO - ::group::Post task execution logs
[2026-03-23T21:39:00.373+0000] {taskinstance.py:1205} INFO - Marking task as SUCCESS. dag_id=overwatch2_pipeline, task_id=scrape_blizzard, execution_date=20260323T213839, start_date=20260323T213843, end_date=20260323T213900
[2026-03-23T21:39:00.430+0000] {local_task_job_runner.py:240} INFO - Task exited with return code 0
[2026-03-23T21:39:00.457+0000] {taskinstance.py:3482} INFO - 1 downstream tasks scheduled from follow-on schedule check
[2026-03-23T21:39:00.459+0000] {local_task_job_runner.py:222} INFO - ::endgroup::
