[2026-04-12T01:04:24.867+0000] {processor.py:161} INFO - Started process (PID=173) to work on /opt/airflow/dags/overwatch2_pipeline.py
[2026-04-12T01:04:24.869+0000] {processor.py:830} INFO - Processing file /opt/airflow/dags/overwatch2_pipeline.py for tasks to queue
[2026-04-12T01:04:24.872+0000] {logging_mixin.py:188} INFO - [2026-04-12T01:04:24.871+0000] {dagbag.py:540} INFO - Filling up the DagBag from /opt/airflow/dags/overwatch2_pipeline.py
[2026-04-12T01:04:24.915+0000] {processor.py:840} INFO - DAG(s) 'overwatch2_pipeline' retrieved from /opt/airflow/dags/overwatch2_pipeline.py
[2026-04-12T01:04:24.957+0000] {logging_mixin.py:188} INFO - [2026-04-12T01:04:24.957+0000] {dag.py:3096} INFO - Sync 1 DAGs
[2026-04-12T01:04:25.010+0000] {logging_mixin.py:188} INFO - [2026-04-12T01:04:25.009+0000] {dag.py:3954} INFO - Setting next_dagrun for overwatch2_pipeline to 2026-04-11 06:00:00+00:00, run_after=2026-04-12 06:00:00+00:00
[2026-04-12T01:04:25.058+0000] {processor.py:183} INFO - Processing /opt/airflow/dags/overwatch2_pipeline.py took 0.201 seconds
[2026-04-12T01:04:55.182+0000] {processor.py:161} INFO - Started process (PID=191) to work on /opt/airflow/dags/overwatch2_pipeline.py
[2026-04-12T01:04:55.183+0000] {processor.py:830} INFO - Processing file /opt/airflow/dags/overwatch2_pipeline.py for tasks to queue
[2026-04-12T01:04:55.188+0000] {logging_mixin.py:188} INFO - [2026-04-12T01:04:55.187+0000] {dagbag.py:540} INFO - Filling up the DagBag from /opt/airflow/dags/overwatch2_pipeline.py
[2026-04-12T01:04:55.265+0000] {processor.py:840} INFO - DAG(s) 'overwatch2_pipeline' retrieved from /opt/airflow/dags/overwatch2_pipeline.py
[2026-04-12T01:04:55.569+0000] {logging_mixin.py:188} INFO - [2026-04-12T01:04:55.569+0000] {dag.py:3096} INFO - Sync 1 DAGs
[2026-04-12T01:04:55.599+0000] {logging_mixin.py:188} INFO - [2026-04-12T01:04:55.599+0000] {dag.py:3954} INFO - Setting next_dagrun for overwatch2_pipeline to 2026-04-11 06:00:00+00:00, run_after=2026-04-12 06:00:00+00:00
[2026-04-12T01:04:55.627+0000] {processor.py:183} INFO - Processing /opt/airflow/dags/overwatch2_pipeline.py took 0.459 seconds
[2026-04-12T01:05:25.862+0000] {processor.py:161} INFO - Started process (PID=204) to work on /opt/airflow/dags/overwatch2_pipeline.py
[2026-04-12T01:05:25.863+0000] {processor.py:830} INFO - Processing file /opt/airflow/dags/overwatch2_pipeline.py for tasks to queue
[2026-04-12T01:05:25.866+0000] {logging_mixin.py:188} INFO - [2026-04-12T01:05:25.865+0000] {dagbag.py:540} INFO - Filling up the DagBag from /opt/airflow/dags/overwatch2_pipeline.py
[2026-04-12T01:05:25.895+0000] {processor.py:840} INFO - DAG(s) 'overwatch2_pipeline' retrieved from /opt/airflow/dags/overwatch2_pipeline.py
[2026-04-12T01:05:25.932+0000] {logging_mixin.py:188} INFO - [2026-04-12T01:05:25.932+0000] {dag.py:3096} INFO - Sync 1 DAGs
[2026-04-12T01:05:25.955+0000] {logging_mixin.py:188} INFO - [2026-04-12T01:05:25.955+0000] {dag.py:3954} INFO - Setting next_dagrun for overwatch2_pipeline to 2026-04-11 06:00:00+00:00, run_after=2026-04-12 06:00:00+00:00
[2026-04-12T01:05:25.980+0000] {processor.py:183} INFO - Processing /opt/airflow/dags/overwatch2_pipeline.py took 0.125 seconds
[2026-04-12T01:05:56.055+0000] {processor.py:161} INFO - Started process (PID=209) to work on /opt/airflow/dags/overwatch2_pipeline.py
[2026-04-12T01:05:56.056+0000] {processor.py:830} INFO - Processing file /opt/airflow/dags/overwatch2_pipeline.py for tasks to queue
[2026-04-12T01:05:56.058+0000] {logging_mixin.py:188} INFO - [2026-04-12T01:05:56.057+0000] {dagbag.py:540} INFO - Filling up the DagBag from /opt/airflow/dags/overwatch2_pipeline.py
[2026-04-12T01:05:56.086+0000] {processor.py:840} INFO - DAG(s) 'overwatch2_pipeline' retrieved from /opt/airflow/dags/overwatch2_pipeline.py
[2026-04-12T01:05:56.127+0000] {logging_mixin.py:188} INFO - [2026-04-12T01:05:56.127+0000] {dag.py:3096} INFO - Sync 1 DAGs
[2026-04-12T01:05:56.163+0000] {logging_mixin.py:188} INFO - [2026-04-12T01:05:56.163+0000] {dag.py:3954} INFO - Setting next_dagrun for overwatch2_pipeline to 2026-04-11 06:00:00+00:00, run_after=2026-04-12 06:00:00+00:00
[2026-04-12T01:05:56.197+0000] {processor.py:183} INFO - Processing /opt/airflow/dags/overwatch2_pipeline.py took 0.147 seconds
[2026-04-12T01:06:26.383+0000] {processor.py:161} INFO - Started process (PID=214) to work on /opt/airflow/dags/overwatch2_pipeline.py
[2026-04-12T01:06:26.384+0000] {processor.py:830} INFO - Processing file /opt/airflow/dags/overwatch2_pipeline.py for tasks to queue
[2026-04-12T01:06:26.387+0000] {logging_mixin.py:188} INFO - [2026-04-12T01:06:26.386+0000] {dagbag.py:540} INFO - Filling up the DagBag from /opt/airflow/dags/overwatch2_pipeline.py
[2026-04-12T01:06:26.417+0000] {processor.py:840} INFO - DAG(s) 'overwatch2_pipeline' retrieved from /opt/airflow/dags/overwatch2_pipeline.py
[2026-04-12T01:06:26.455+0000] {logging_mixin.py:188} INFO - [2026-04-12T01:06:26.455+0000] {dag.py:3096} INFO - Sync 1 DAGs
[2026-04-12T01:06:26.484+0000] {logging_mixin.py:188} INFO - [2026-04-12T01:06:26.484+0000] {dag.py:3954} INFO - Setting next_dagrun for overwatch2_pipeline to 2026-04-11 06:00:00+00:00, run_after=2026-04-12 06:00:00+00:00
[2026-04-12T01:06:26.508+0000] {processor.py:183} INFO - Processing /opt/airflow/dags/overwatch2_pipeline.py took 0.130 seconds
[2026-04-12T15:54:45.212+0000] {processor.py:161} INFO - Started process (PID=177) to work on /opt/airflow/dags/overwatch2_pipeline.py
[2026-04-12T15:54:45.213+0000] {processor.py:830} INFO - Processing file /opt/airflow/dags/overwatch2_pipeline.py for tasks to queue
[2026-04-12T15:54:45.216+0000] {logging_mixin.py:188} INFO - [2026-04-12T15:54:45.216+0000] {dagbag.py:540} INFO - Filling up the DagBag from /opt/airflow/dags/overwatch2_pipeline.py
[2026-04-12T15:54:45.250+0000] {processor.py:840} INFO - DAG(s) 'overwatch2_pipeline' retrieved from /opt/airflow/dags/overwatch2_pipeline.py
[2026-04-12T15:54:45.311+0000] {logging_mixin.py:188} INFO - [2026-04-12T15:54:45.311+0000] {dag.py:3096} INFO - Sync 1 DAGs
[2026-04-12T15:54:45.345+0000] {logging_mixin.py:188} INFO - [2026-04-12T15:54:45.345+0000] {dag.py:3954} INFO - Setting next_dagrun for overwatch2_pipeline to 2026-04-12 06:00:00+00:00, run_after=2026-04-13 06:00:00+00:00
[2026-04-12T15:54:45.371+0000] {processor.py:183} INFO - Processing /opt/airflow/dags/overwatch2_pipeline.py took 0.168 seconds
[2026-04-12T15:55:15.599+0000] {processor.py:161} INFO - Started process (PID=194) to work on /opt/airflow/dags/overwatch2_pipeline.py
[2026-04-12T15:55:15.600+0000] {processor.py:830} INFO - Processing file /opt/airflow/dags/overwatch2_pipeline.py for tasks to queue
[2026-04-12T15:55:15.602+0000] {logging_mixin.py:188} INFO - [2026-04-12T15:55:15.601+0000] {dagbag.py:540} INFO - Filling up the DagBag from /opt/airflow/dags/overwatch2_pipeline.py
[2026-04-12T15:55:15.639+0000] {processor.py:840} INFO - DAG(s) 'overwatch2_pipeline' retrieved from /opt/airflow/dags/overwatch2_pipeline.py
[2026-04-12T15:55:15.657+0000] {logging_mixin.py:188} INFO - [2026-04-12T15:55:15.657+0000] {dag.py:3096} INFO - Sync 1 DAGs
[2026-04-12T15:55:15.688+0000] {logging_mixin.py:188} INFO - [2026-04-12T15:55:15.688+0000] {dag.py:3954} INFO - Setting next_dagrun for overwatch2_pipeline to 2026-04-12 06:00:00+00:00, run_after=2026-04-13 06:00:00+00:00
[2026-04-12T15:55:15.715+0000] {processor.py:183} INFO - Processing /opt/airflow/dags/overwatch2_pipeline.py took 0.124 seconds
[2026-04-12T15:55:45.885+0000] {processor.py:161} INFO - Started process (PID=207) to work on /opt/airflow/dags/overwatch2_pipeline.py
[2026-04-12T15:55:45.886+0000] {processor.py:830} INFO - Processing file /opt/airflow/dags/overwatch2_pipeline.py for tasks to queue
[2026-04-12T15:55:45.888+0000] {logging_mixin.py:188} INFO - [2026-04-12T15:55:45.888+0000] {dagbag.py:540} INFO - Filling up the DagBag from /opt/airflow/dags/overwatch2_pipeline.py
[2026-04-12T15:55:45.918+0000] {processor.py:840} INFO - DAG(s) 'overwatch2_pipeline' retrieved from /opt/airflow/dags/overwatch2_pipeline.py
[2026-04-12T15:55:46.089+0000] {logging_mixin.py:188} INFO - [2026-04-12T15:55:46.089+0000] {dag.py:3096} INFO - Sync 1 DAGs
[2026-04-12T15:55:46.112+0000] {logging_mixin.py:188} INFO - [2026-04-12T15:55:46.112+0000] {dag.py:3954} INFO - Setting next_dagrun for overwatch2_pipeline to 2026-04-12 06:00:00+00:00, run_after=2026-04-13 06:00:00+00:00
[2026-04-12T15:55:46.148+0000] {processor.py:183} INFO - Processing /opt/airflow/dags/overwatch2_pipeline.py took 0.269 seconds
