[2026-04-05T16:17:11.460+0000] {local_task_job_runner.py:120} INFO - ::group::Pre task execution logs
[2026-04-05T16:17:11.505+0000] {taskinstance.py:2073} INFO - Dependencies all met for dep_context=non-requeueable deps ti=<TaskInstance: overwatch2_pipeline.scrape_blizzard scheduled__2026-04-04T06:00:00+00:00 [queued]>
[2026-04-05T16:17:11.516+0000] {taskinstance.py:2073} INFO - Dependencies all met for dep_context=requeueable deps ti=<TaskInstance: overwatch2_pipeline.scrape_blizzard scheduled__2026-04-04T06:00:00+00:00 [queued]>
[2026-04-05T16:17:11.517+0000] {taskinstance.py:2303} INFO - Starting attempt 1 of 3
[2026-04-05T16:17:11.531+0000] {taskinstance.py:2327} INFO - Executing <Task(PythonOperator): scrape_blizzard> on 2026-04-04 06:00:00+00:00
[2026-04-05T16:17:11.542+0000] {logging_mixin.py:188} WARNING - /home/***/.local/lib/python3.12/site-packages/***/task/task_runner/standard_task_runner.py:61 DeprecationWarning: This process (pid=192) is multi-threaded, use of fork() may lead to deadlocks in the child.
[2026-04-05T16:17:11.541+0000] {standard_task_runner.py:90} INFO - Running: ['***', 'tasks', 'run', 'overwatch2_pipeline', 'scrape_blizzard', 'scheduled__2026-04-04T06:00:00+00:00', '--job-id', '1209', '--raw', '--subdir', 'DAGS_FOLDER/overwatch2_pipeline.py', '--cfg-path', '/tmp/tmp_9jf1m_t']
[2026-04-05T16:17:11.544+0000] {standard_task_runner.py:63} INFO - Started process 193 to run task
[2026-04-05T16:17:11.545+0000] {standard_task_runner.py:91} INFO - Job 1209: Subtask scrape_blizzard
[2026-04-05T16:17:11.630+0000] {task_command.py:426} INFO - Running <TaskInstance: overwatch2_pipeline.scrape_blizzard scheduled__2026-04-04T06:00:00+00:00 [running]> on host 5f83853c16fb
[2026-04-05T16:17:11.734+0000] {taskinstance.py:2644} INFO - Exporting env vars: AIRFLOW_CTX_DAG_OWNER='angel' AIRFLOW_CTX_DAG_ID='overwatch2_pipeline' AIRFLOW_CTX_TASK_ID='scrape_blizzard' AIRFLOW_CTX_EXECUTION_DATE='2026-04-04T06:00:00+00:00' AIRFLOW_CTX_TRY_NUMBER='1' AIRFLOW_CTX_DAG_RUN_ID='scheduled__2026-04-04T06:00:00+00:00'
[2026-04-05T16:17:11.735+0000] {taskinstance.py:430} INFO - ::endgroup::
[2026-04-05T16:17:11.747+0000] {overwatch2_pipeline.py:294} INFO - ── Scrapeando URL 2: /en-us/heroes/ ──
[2026-04-05T16:17:12.296+0000] {overwatch2_pipeline.py:211} INFO -   ✅ URL 2 (/heroes/) → 0 dificultades extraidas
[2026-04-05T16:17:13.317+0000] {overwatch2_pipeline.py:300} INFO - ── Scrapeando URL 1: /en-us/rates/ ──
[2026-04-05T16:17:13.733+0000] {overwatch2_pipeline.py:319} INFO -   ✅ PC / Americas / rq=0 / tier=All → 50 heroes (limpios)
[2026-04-05T16:17:15.231+0000] {overwatch2_pipeline.py:319} INFO -   ✅ PC / Americas / rq=1 / tier=All → 50 heroes (limpios)
[2026-04-05T16:17:16.698+0000] {overwatch2_pipeline.py:319} INFO -   ✅ PC / Europe / rq=0 / tier=All → 50 heroes (limpios)
[2026-04-05T16:17:18.046+0000] {overwatch2_pipeline.py:319} INFO -   ✅ PC / Europe / rq=1 / tier=All → 50 heroes (limpios)
[2026-04-05T16:17:19.480+0000] {overwatch2_pipeline.py:319} INFO -   ✅ PC / Asia / rq=0 / tier=All → 50 heroes (limpios)
[2026-04-05T16:17:21.013+0000] {overwatch2_pipeline.py:319} INFO -   ✅ PC / Asia / rq=1 / tier=All → 50 heroes (limpios)
[2026-04-05T16:17:22.256+0000] {overwatch2_pipeline.py:319} INFO -   ✅ Console / Americas / rq=0 / tier=All → 50 heroes (limpios)
[2026-04-05T16:17:23.806+0000] {overwatch2_pipeline.py:319} INFO -   ✅ Console / Americas / rq=1 / tier=All → 50 heroes (limpios)
[2026-04-05T16:17:25.354+0000] {overwatch2_pipeline.py:319} INFO -   ✅ Console / Europe / rq=0 / tier=All → 50 heroes (limpios)
[2026-04-05T16:17:26.787+0000] {overwatch2_pipeline.py:319} INFO -   ✅ Console / Europe / rq=1 / tier=All → 50 heroes (limpios)
[2026-04-05T16:17:28.850+0000] {overwatch2_pipeline.py:319} INFO -   ✅ Console / Asia / rq=0 / tier=All → 50 heroes (limpios)
[2026-04-05T16:17:30.231+0000] {overwatch2_pipeline.py:319} INFO -   ✅ Console / Asia / rq=1 / tier=All → 50 heroes (limpios)
[2026-04-05T16:17:31.232+0000] {overwatch2_pipeline.py:326} INFO - ✅ Scrape completado: 600 registros | 0 errores
[2026-04-05T16:17:31.258+0000] {python.py:237} INFO - Done. Returned value was: None
[2026-04-05T16:17:31.259+0000] {taskinstance.py:441} INFO - ::group::Post task execution logs
[2026-04-05T16:17:31.271+0000] {taskinstance.py:1205} INFO - Marking task as SUCCESS. dag_id=overwatch2_pipeline, task_id=scrape_blizzard, execution_date=20260404T060000, start_date=20260405T161711, end_date=20260405T161731
[2026-04-05T16:17:31.327+0000] {local_task_job_runner.py:240} INFO - Task exited with return code 0
[2026-04-05T16:17:31.356+0000] {taskinstance.py:3482} INFO - 1 downstream tasks scheduled from follow-on schedule check
[2026-04-05T16:17:31.359+0000] {local_task_job_runner.py:222} INFO - ::endgroup::
