[2026-03-21T21:06:50.258+0000] {processor.py:161} INFO - Started process (PID=199) to work on /opt/airflow/dags/overwatch2_pipeline.py
[2026-03-21T21:06:50.260+0000] {processor.py:830} INFO - Processing file /opt/airflow/dags/overwatch2_pipeline.py for tasks to queue
[2026-03-21T21:06:50.263+0000] {logging_mixin.py:188} INFO - [2026-03-21T21:06:50.263+0000] {dagbag.py:540} INFO - Filling up the DagBag from /opt/airflow/dags/overwatch2_pipeline.py
[2026-03-21T21:06:50.304+0000] {processor.py:840} INFO - DAG(s) 'overwatch2_pipeline' retrieved from /opt/airflow/dags/overwatch2_pipeline.py
[2026-03-21T21:06:50.363+0000] {logging_mixin.py:188} INFO - [2026-03-21T21:06:50.362+0000] {dag.py:3096} INFO - Sync 1 DAGs
[2026-03-21T21:06:50.405+0000] {logging_mixin.py:188} INFO - [2026-03-21T21:06:50.405+0000] {dag.py:3954} INFO - Setting next_dagrun for overwatch2_pipeline to 2026-03-21 00:00:00+00:00, run_after=2026-03-22 00:00:00+00:00
[2026-03-21T21:06:50.429+0000] {processor.py:183} INFO - Processing /opt/airflow/dags/overwatch2_pipeline.py took 0.185 seconds
[2026-03-21T21:07:20.511+0000] {processor.py:161} INFO - Started process (PID=213) to work on /opt/airflow/dags/overwatch2_pipeline.py
[2026-03-21T21:07:20.512+0000] {processor.py:830} INFO - Processing file /opt/airflow/dags/overwatch2_pipeline.py for tasks to queue
[2026-03-21T21:07:20.514+0000] {logging_mixin.py:188} INFO - [2026-03-21T21:07:20.514+0000] {dagbag.py:540} INFO - Filling up the DagBag from /opt/airflow/dags/overwatch2_pipeline.py
[2026-03-21T21:07:20.548+0000] {processor.py:840} INFO - DAG(s) 'overwatch2_pipeline' retrieved from /opt/airflow/dags/overwatch2_pipeline.py
[2026-03-21T21:07:20.774+0000] {logging_mixin.py:188} INFO - [2026-03-21T21:07:20.773+0000] {dag.py:3096} INFO - Sync 1 DAGs
[2026-03-21T21:07:20.803+0000] {logging_mixin.py:188} INFO - [2026-03-21T21:07:20.802+0000] {dag.py:3954} INFO - Setting next_dagrun for overwatch2_pipeline to 2026-03-21 00:00:00+00:00, run_after=2026-03-22 00:00:00+00:00
[2026-03-21T21:07:20.829+0000] {processor.py:183} INFO - Processing /opt/airflow/dags/overwatch2_pipeline.py took 0.326 seconds
[2026-03-21T21:07:51.052+0000] {processor.py:161} INFO - Started process (PID=226) to work on /opt/airflow/dags/overwatch2_pipeline.py
[2026-03-21T21:07:51.053+0000] {processor.py:830} INFO - Processing file /opt/airflow/dags/overwatch2_pipeline.py for tasks to queue
[2026-03-21T21:07:51.055+0000] {logging_mixin.py:188} INFO - [2026-03-21T21:07:51.055+0000] {dagbag.py:540} INFO - Filling up the DagBag from /opt/airflow/dags/overwatch2_pipeline.py
[2026-03-21T21:07:51.089+0000] {processor.py:840} INFO - DAG(s) 'overwatch2_pipeline' retrieved from /opt/airflow/dags/overwatch2_pipeline.py
[2026-03-21T21:07:51.132+0000] {logging_mixin.py:188} INFO - [2026-03-21T21:07:51.132+0000] {dag.py:3096} INFO - Sync 1 DAGs
[2026-03-21T21:07:51.156+0000] {logging_mixin.py:188} INFO - [2026-03-21T21:07:51.156+0000] {dag.py:3954} INFO - Setting next_dagrun for overwatch2_pipeline to 2026-03-21 00:00:00+00:00, run_after=2026-03-22 00:00:00+00:00
[2026-03-21T21:07:51.175+0000] {processor.py:183} INFO - Processing /opt/airflow/dags/overwatch2_pipeline.py took 0.129 seconds
[2026-03-21T21:08:21.515+0000] {processor.py:161} INFO - Started process (PID=231) to work on /opt/airflow/dags/overwatch2_pipeline.py
[2026-03-21T21:08:21.516+0000] {processor.py:830} INFO - Processing file /opt/airflow/dags/overwatch2_pipeline.py for tasks to queue
[2026-03-21T21:08:21.518+0000] {logging_mixin.py:188} INFO - [2026-03-21T21:08:21.518+0000] {dagbag.py:540} INFO - Filling up the DagBag from /opt/airflow/dags/overwatch2_pipeline.py
[2026-03-21T21:08:21.548+0000] {processor.py:840} INFO - DAG(s) 'overwatch2_pipeline' retrieved from /opt/airflow/dags/overwatch2_pipeline.py
[2026-03-21T21:08:21.564+0000] {logging_mixin.py:188} INFO - [2026-03-21T21:08:21.564+0000] {dag.py:3096} INFO - Sync 1 DAGs
[2026-03-21T21:08:21.587+0000] {logging_mixin.py:188} INFO - [2026-03-21T21:08:21.587+0000] {dag.py:3954} INFO - Setting next_dagrun for overwatch2_pipeline to 2026-03-21 00:00:00+00:00, run_after=2026-03-22 00:00:00+00:00
[2026-03-21T21:08:21.609+0000] {processor.py:183} INFO - Processing /opt/airflow/dags/overwatch2_pipeline.py took 0.101 seconds
[2026-03-21T21:08:51.680+0000] {processor.py:161} INFO - Started process (PID=236) to work on /opt/airflow/dags/overwatch2_pipeline.py
[2026-03-21T21:08:51.681+0000] {processor.py:830} INFO - Processing file /opt/airflow/dags/overwatch2_pipeline.py for tasks to queue
[2026-03-21T21:08:51.682+0000] {logging_mixin.py:188} INFO - [2026-03-21T21:08:51.682+0000] {dagbag.py:540} INFO - Filling up the DagBag from /opt/airflow/dags/overwatch2_pipeline.py
[2026-03-21T21:08:51.706+0000] {processor.py:840} INFO - DAG(s) 'overwatch2_pipeline' retrieved from /opt/airflow/dags/overwatch2_pipeline.py
[2026-03-21T21:08:51.811+0000] {logging_mixin.py:188} INFO - [2026-03-21T21:08:51.811+0000] {dag.py:3096} INFO - Sync 1 DAGs
[2026-03-21T21:08:51.831+0000] {logging_mixin.py:188} INFO - [2026-03-21T21:08:51.830+0000] {dag.py:3954} INFO - Setting next_dagrun for overwatch2_pipeline to 2026-03-21 00:00:00+00:00, run_after=2026-03-22 00:00:00+00:00
[2026-03-21T21:08:51.858+0000] {processor.py:183} INFO - Processing /opt/airflow/dags/overwatch2_pipeline.py took 0.184 seconds
[2026-03-21T21:09:21.960+0000] {processor.py:161} INFO - Started process (PID=241) to work on /opt/airflow/dags/overwatch2_pipeline.py
[2026-03-21T21:09:21.961+0000] {processor.py:830} INFO - Processing file /opt/airflow/dags/overwatch2_pipeline.py for tasks to queue
[2026-03-21T21:09:21.964+0000] {logging_mixin.py:188} INFO - [2026-03-21T21:09:21.964+0000] {dagbag.py:540} INFO - Filling up the DagBag from /opt/airflow/dags/overwatch2_pipeline.py
[2026-03-21T21:09:21.994+0000] {processor.py:840} INFO - DAG(s) 'overwatch2_pipeline' retrieved from /opt/airflow/dags/overwatch2_pipeline.py
[2026-03-21T21:09:22.033+0000] {logging_mixin.py:188} INFO - [2026-03-21T21:09:22.033+0000] {dag.py:3096} INFO - Sync 1 DAGs
[2026-03-21T21:09:22.094+0000] {logging_mixin.py:188} INFO - [2026-03-21T21:09:22.093+0000] {dag.py:3954} INFO - Setting next_dagrun for overwatch2_pipeline to 2026-03-21 00:00:00+00:00, run_after=2026-03-22 00:00:00+00:00
[2026-03-21T21:09:22.140+0000] {processor.py:183} INFO - Processing /opt/airflow/dags/overwatch2_pipeline.py took 0.187 seconds
[2026-03-21T21:09:52.327+0000] {processor.py:161} INFO - Started process (PID=250) to work on /opt/airflow/dags/overwatch2_pipeline.py
[2026-03-21T21:09:52.328+0000] {processor.py:830} INFO - Processing file /opt/airflow/dags/overwatch2_pipeline.py for tasks to queue
[2026-03-21T21:09:52.331+0000] {logging_mixin.py:188} INFO - [2026-03-21T21:09:52.330+0000] {dagbag.py:540} INFO - Filling up the DagBag from /opt/airflow/dags/overwatch2_pipeline.py
[2026-03-21T21:09:52.357+0000] {processor.py:840} INFO - DAG(s) 'overwatch2_pipeline' retrieved from /opt/airflow/dags/overwatch2_pipeline.py
[2026-03-21T21:09:52.389+0000] {logging_mixin.py:188} INFO - [2026-03-21T21:09:52.389+0000] {dag.py:3096} INFO - Sync 1 DAGs
[2026-03-21T21:09:52.411+0000] {logging_mixin.py:188} INFO - [2026-03-21T21:09:52.411+0000] {dag.py:3954} INFO - Setting next_dagrun for overwatch2_pipeline to 2026-03-21 00:00:00+00:00, run_after=2026-03-22 00:00:00+00:00
[2026-03-21T21:09:52.431+0000] {processor.py:183} INFO - Processing /opt/airflow/dags/overwatch2_pipeline.py took 0.110 seconds
[2026-03-21T21:10:22.487+0000] {processor.py:161} INFO - Started process (PID=267) to work on /opt/airflow/dags/overwatch2_pipeline.py
[2026-03-21T21:10:22.488+0000] {processor.py:830} INFO - Processing file /opt/airflow/dags/overwatch2_pipeline.py for tasks to queue
[2026-03-21T21:10:22.490+0000] {logging_mixin.py:188} INFO - [2026-03-21T21:10:22.489+0000] {dagbag.py:540} INFO - Filling up the DagBag from /opt/airflow/dags/overwatch2_pipeline.py
[2026-03-21T21:10:22.513+0000] {processor.py:840} INFO - DAG(s) 'overwatch2_pipeline' retrieved from /opt/airflow/dags/overwatch2_pipeline.py
[2026-03-21T21:10:22.542+0000] {logging_mixin.py:188} INFO - [2026-03-21T21:10:22.542+0000] {dag.py:3096} INFO - Sync 1 DAGs
[2026-03-21T21:10:22.563+0000] {logging_mixin.py:188} INFO - [2026-03-21T21:10:22.562+0000] {dag.py:3954} INFO - Setting next_dagrun for overwatch2_pipeline to 2026-03-21 00:00:00+00:00, run_after=2026-03-22 00:00:00+00:00
[2026-03-21T21:10:22.581+0000] {processor.py:183} INFO - Processing /opt/airflow/dags/overwatch2_pipeline.py took 0.099 seconds
[2026-03-21T21:10:52.795+0000] {processor.py:161} INFO - Started process (PID=272) to work on /opt/airflow/dags/overwatch2_pipeline.py
[2026-03-21T21:10:52.796+0000] {processor.py:830} INFO - Processing file /opt/airflow/dags/overwatch2_pipeline.py for tasks to queue
[2026-03-21T21:10:52.798+0000] {logging_mixin.py:188} INFO - [2026-03-21T21:10:52.798+0000] {dagbag.py:540} INFO - Filling up the DagBag from /opt/airflow/dags/overwatch2_pipeline.py
[2026-03-21T21:10:52.826+0000] {processor.py:840} INFO - DAG(s) 'overwatch2_pipeline' retrieved from /opt/airflow/dags/overwatch2_pipeline.py
[2026-03-21T21:10:52.859+0000] {logging_mixin.py:188} INFO - [2026-03-21T21:10:52.859+0000] {dag.py:3096} INFO - Sync 1 DAGs
[2026-03-21T21:10:52.881+0000] {logging_mixin.py:188} INFO - [2026-03-21T21:10:52.881+0000] {dag.py:3954} INFO - Setting next_dagrun for overwatch2_pipeline to 2026-03-21 00:00:00+00:00, run_after=2026-03-22 00:00:00+00:00
[2026-03-21T21:10:52.900+0000] {processor.py:183} INFO - Processing /opt/airflow/dags/overwatch2_pipeline.py took 0.110 seconds
[2026-03-21T21:11:22.986+0000] {processor.py:161} INFO - Started process (PID=277) to work on /opt/airflow/dags/overwatch2_pipeline.py
[2026-03-21T21:11:22.987+0000] {processor.py:830} INFO - Processing file /opt/airflow/dags/overwatch2_pipeline.py for tasks to queue
[2026-03-21T21:11:22.989+0000] {logging_mixin.py:188} INFO - [2026-03-21T21:11:22.988+0000] {dagbag.py:540} INFO - Filling up the DagBag from /opt/airflow/dags/overwatch2_pipeline.py
[2026-03-21T21:11:23.016+0000] {processor.py:840} INFO - DAG(s) 'overwatch2_pipeline' retrieved from /opt/airflow/dags/overwatch2_pipeline.py
[2026-03-21T21:11:23.051+0000] {logging_mixin.py:188} INFO - [2026-03-21T21:11:23.051+0000] {dag.py:3096} INFO - Sync 1 DAGs
[2026-03-21T21:11:23.075+0000] {logging_mixin.py:188} INFO - [2026-03-21T21:11:23.074+0000] {dag.py:3954} INFO - Setting next_dagrun for overwatch2_pipeline to 2026-03-21 00:00:00+00:00, run_after=2026-03-22 00:00:00+00:00
[2026-03-21T21:11:23.095+0000] {processor.py:183} INFO - Processing /opt/airflow/dags/overwatch2_pipeline.py took 0.115 seconds
[2026-03-21T21:11:53.302+0000] {processor.py:161} INFO - Started process (PID=282) to work on /opt/airflow/dags/overwatch2_pipeline.py
[2026-03-21T21:11:53.302+0000] {processor.py:830} INFO - Processing file /opt/airflow/dags/overwatch2_pipeline.py for tasks to queue
[2026-03-21T21:11:53.304+0000] {logging_mixin.py:188} INFO - [2026-03-21T21:11:53.304+0000] {dagbag.py:540} INFO - Filling up the DagBag from /opt/airflow/dags/overwatch2_pipeline.py
[2026-03-21T21:11:53.331+0000] {processor.py:840} INFO - DAG(s) 'overwatch2_pipeline' retrieved from /opt/airflow/dags/overwatch2_pipeline.py
[2026-03-21T21:11:53.364+0000] {logging_mixin.py:188} INFO - [2026-03-21T21:11:53.364+0000] {dag.py:3096} INFO - Sync 1 DAGs
[2026-03-21T21:11:53.386+0000] {logging_mixin.py:188} INFO - [2026-03-21T21:11:53.385+0000] {dag.py:3954} INFO - Setting next_dagrun for overwatch2_pipeline to 2026-03-21 00:00:00+00:00, run_after=2026-03-22 00:00:00+00:00
[2026-03-21T21:11:53.410+0000] {processor.py:183} INFO - Processing /opt/airflow/dags/overwatch2_pipeline.py took 0.114 seconds
[2026-03-21T21:12:23.529+0000] {processor.py:161} INFO - Started process (PID=287) to work on /opt/airflow/dags/overwatch2_pipeline.py
[2026-03-21T21:12:23.530+0000] {processor.py:830} INFO - Processing file /opt/airflow/dags/overwatch2_pipeline.py for tasks to queue
[2026-03-21T21:12:23.534+0000] {logging_mixin.py:188} INFO - [2026-03-21T21:12:23.533+0000] {dagbag.py:540} INFO - Filling up the DagBag from /opt/airflow/dags/overwatch2_pipeline.py
[2026-03-21T21:12:23.582+0000] {processor.py:840} INFO - DAG(s) 'overwatch2_pipeline' retrieved from /opt/airflow/dags/overwatch2_pipeline.py
[2026-03-21T21:12:23.638+0000] {logging_mixin.py:188} INFO - [2026-03-21T21:12:23.637+0000] {dag.py:3096} INFO - Sync 1 DAGs
[2026-03-21T21:12:23.698+0000] {logging_mixin.py:188} INFO - [2026-03-21T21:12:23.698+0000] {dag.py:3954} INFO - Setting next_dagrun for overwatch2_pipeline to 2026-03-21 00:00:00+00:00, run_after=2026-03-22 00:00:00+00:00
[2026-03-21T21:12:23.787+0000] {processor.py:183} INFO - Processing /opt/airflow/dags/overwatch2_pipeline.py took 0.270 seconds
