[2026-03-23T21:22:17.632+0000] {processor.py:161} INFO - Started process (PID=187) to work on /opt/airflow/dags/overwatch2_pipeline.py
[2026-03-23T21:22:17.635+0000] {processor.py:830} INFO - Processing file /opt/airflow/dags/overwatch2_pipeline.py for tasks to queue
[2026-03-23T21:22:17.640+0000] {logging_mixin.py:188} INFO - [2026-03-23T21:22:17.639+0000] {dagbag.py:540} INFO - Filling up the DagBag from /opt/airflow/dags/overwatch2_pipeline.py
[2026-03-23T21:22:17.702+0000] {processor.py:840} INFO - DAG(s) 'overwatch2_pipeline' retrieved from /opt/airflow/dags/overwatch2_pipeline.py
[2026-03-23T21:22:17.745+0000] {logging_mixin.py:188} INFO - [2026-03-23T21:22:17.745+0000] {dag.py:3096} INFO - Sync 1 DAGs
[2026-03-23T21:22:17.786+0000] {logging_mixin.py:188} INFO - [2026-03-23T21:22:17.785+0000] {dag.py:3954} INFO - Setting next_dagrun for overwatch2_pipeline to 2026-03-23 00:00:00+00:00, run_after=2026-03-24 00:00:00+00:00
[2026-03-23T21:22:17.811+0000] {processor.py:183} INFO - Processing /opt/airflow/dags/overwatch2_pipeline.py took 0.189 seconds
[2026-03-23T21:22:47.871+0000] {processor.py:161} INFO - Started process (PID=201) to work on /opt/airflow/dags/overwatch2_pipeline.py
[2026-03-23T21:22:47.873+0000] {processor.py:830} INFO - Processing file /opt/airflow/dags/overwatch2_pipeline.py for tasks to queue
[2026-03-23T21:22:47.875+0000] {logging_mixin.py:188} INFO - [2026-03-23T21:22:47.874+0000] {dagbag.py:540} INFO - Filling up the DagBag from /opt/airflow/dags/overwatch2_pipeline.py
[2026-03-23T21:22:47.910+0000] {processor.py:840} INFO - DAG(s) 'overwatch2_pipeline' retrieved from /opt/airflow/dags/overwatch2_pipeline.py
[2026-03-23T21:22:48.074+0000] {logging_mixin.py:188} INFO - [2026-03-23T21:22:48.073+0000] {dag.py:3096} INFO - Sync 1 DAGs
[2026-03-23T21:22:48.091+0000] {logging_mixin.py:188} INFO - [2026-03-23T21:22:48.091+0000] {dag.py:3954} INFO - Setting next_dagrun for overwatch2_pipeline to 2026-03-23 00:00:00+00:00, run_after=2026-03-24 00:00:00+00:00
[2026-03-23T21:22:48.110+0000] {processor.py:183} INFO - Processing /opt/airflow/dags/overwatch2_pipeline.py took 0.245 seconds
[2026-03-23T21:23:18.330+0000] {processor.py:161} INFO - Started process (PID=214) to work on /opt/airflow/dags/overwatch2_pipeline.py
[2026-03-23T21:23:18.332+0000] {processor.py:830} INFO - Processing file /opt/airflow/dags/overwatch2_pipeline.py for tasks to queue
[2026-03-23T21:23:18.336+0000] {logging_mixin.py:188} INFO - [2026-03-23T21:23:18.335+0000] {dagbag.py:540} INFO - Filling up the DagBag from /opt/airflow/dags/overwatch2_pipeline.py
[2026-03-23T21:23:18.366+0000] {processor.py:840} INFO - DAG(s) 'overwatch2_pipeline' retrieved from /opt/airflow/dags/overwatch2_pipeline.py
[2026-03-23T21:23:18.404+0000] {logging_mixin.py:188} INFO - [2026-03-23T21:23:18.403+0000] {dag.py:3096} INFO - Sync 1 DAGs
[2026-03-23T21:23:18.428+0000] {logging_mixin.py:188} INFO - [2026-03-23T21:23:18.427+0000] {dag.py:3954} INFO - Setting next_dagrun for overwatch2_pipeline to 2026-03-23 00:00:00+00:00, run_after=2026-03-24 00:00:00+00:00
[2026-03-23T21:23:18.447+0000] {processor.py:183} INFO - Processing /opt/airflow/dags/overwatch2_pipeline.py took 0.124 seconds
[2026-03-23T21:23:48.624+0000] {processor.py:161} INFO - Started process (PID=219) to work on /opt/airflow/dags/overwatch2_pipeline.py
[2026-03-23T21:23:48.625+0000] {processor.py:830} INFO - Processing file /opt/airflow/dags/overwatch2_pipeline.py for tasks to queue
[2026-03-23T21:23:48.626+0000] {logging_mixin.py:188} INFO - [2026-03-23T21:23:48.626+0000] {dagbag.py:540} INFO - Filling up the DagBag from /opt/airflow/dags/overwatch2_pipeline.py
[2026-03-23T21:23:48.650+0000] {processor.py:840} INFO - DAG(s) 'overwatch2_pipeline' retrieved from /opt/airflow/dags/overwatch2_pipeline.py
[2026-03-23T21:23:48.687+0000] {logging_mixin.py:188} INFO - [2026-03-23T21:23:48.687+0000] {dag.py:3096} INFO - Sync 1 DAGs
[2026-03-23T21:23:48.711+0000] {logging_mixin.py:188} INFO - [2026-03-23T21:23:48.710+0000] {dag.py:3954} INFO - Setting next_dagrun for overwatch2_pipeline to 2026-03-23 00:00:00+00:00, run_after=2026-03-24 00:00:00+00:00
[2026-03-23T21:23:48.732+0000] {processor.py:183} INFO - Processing /opt/airflow/dags/overwatch2_pipeline.py took 0.114 seconds
[2026-03-23T21:24:18.805+0000] {processor.py:161} INFO - Started process (PID=224) to work on /opt/airflow/dags/overwatch2_pipeline.py
[2026-03-23T21:24:18.806+0000] {processor.py:830} INFO - Processing file /opt/airflow/dags/overwatch2_pipeline.py for tasks to queue
[2026-03-23T21:24:18.809+0000] {logging_mixin.py:188} INFO - [2026-03-23T21:24:18.808+0000] {dagbag.py:540} INFO - Filling up the DagBag from /opt/airflow/dags/overwatch2_pipeline.py
[2026-03-23T21:24:18.837+0000] {processor.py:840} INFO - DAG(s) 'overwatch2_pipeline' retrieved from /opt/airflow/dags/overwatch2_pipeline.py
[2026-03-23T21:24:18.869+0000] {logging_mixin.py:188} INFO - [2026-03-23T21:24:18.869+0000] {dag.py:3096} INFO - Sync 1 DAGs
[2026-03-23T21:24:18.905+0000] {logging_mixin.py:188} INFO - [2026-03-23T21:24:18.905+0000] {dag.py:3954} INFO - Setting next_dagrun for overwatch2_pipeline to 2026-03-23 00:00:00+00:00, run_after=2026-03-24 00:00:00+00:00
[2026-03-23T21:24:18.936+0000] {processor.py:183} INFO - Processing /opt/airflow/dags/overwatch2_pipeline.py took 0.137 seconds
[2026-03-23T21:24:49.075+0000] {processor.py:161} INFO - Started process (PID=229) to work on /opt/airflow/dags/overwatch2_pipeline.py
[2026-03-23T21:24:49.076+0000] {processor.py:830} INFO - Processing file /opt/airflow/dags/overwatch2_pipeline.py for tasks to queue
[2026-03-23T21:24:49.077+0000] {logging_mixin.py:188} INFO - [2026-03-23T21:24:49.077+0000] {dagbag.py:540} INFO - Filling up the DagBag from /opt/airflow/dags/overwatch2_pipeline.py
[2026-03-23T21:24:49.106+0000] {processor.py:840} INFO - DAG(s) 'overwatch2_pipeline' retrieved from /opt/airflow/dags/overwatch2_pipeline.py
[2026-03-23T21:24:49.139+0000] {logging_mixin.py:188} INFO - [2026-03-23T21:24:49.139+0000] {dag.py:3096} INFO - Sync 1 DAGs
[2026-03-23T21:24:49.164+0000] {logging_mixin.py:188} INFO - [2026-03-23T21:24:49.163+0000] {dag.py:3954} INFO - Setting next_dagrun for overwatch2_pipeline to 2026-03-23 00:00:00+00:00, run_after=2026-03-24 00:00:00+00:00
[2026-03-23T21:24:49.184+0000] {processor.py:183} INFO - Processing /opt/airflow/dags/overwatch2_pipeline.py took 0.114 seconds
[2026-03-23T21:25:19.274+0000] {processor.py:161} INFO - Started process (PID=234) to work on /opt/airflow/dags/overwatch2_pipeline.py
[2026-03-23T21:25:19.275+0000] {processor.py:830} INFO - Processing file /opt/airflow/dags/overwatch2_pipeline.py for tasks to queue
[2026-03-23T21:25:19.276+0000] {logging_mixin.py:188} INFO - [2026-03-23T21:25:19.276+0000] {dagbag.py:540} INFO - Filling up the DagBag from /opt/airflow/dags/overwatch2_pipeline.py
[2026-03-23T21:25:19.303+0000] {processor.py:840} INFO - DAG(s) 'overwatch2_pipeline' retrieved from /opt/airflow/dags/overwatch2_pipeline.py
[2026-03-23T21:25:19.336+0000] {logging_mixin.py:188} INFO - [2026-03-23T21:25:19.336+0000] {dag.py:3096} INFO - Sync 1 DAGs
[2026-03-23T21:25:19.359+0000] {logging_mixin.py:188} INFO - [2026-03-23T21:25:19.359+0000] {dag.py:3954} INFO - Setting next_dagrun for overwatch2_pipeline to 2026-03-23 00:00:00+00:00, run_after=2026-03-24 00:00:00+00:00
[2026-03-23T21:25:19.378+0000] {processor.py:183} INFO - Processing /opt/airflow/dags/overwatch2_pipeline.py took 0.110 seconds
[2026-03-23T21:25:49.514+0000] {processor.py:161} INFO - Started process (PID=239) to work on /opt/airflow/dags/overwatch2_pipeline.py
[2026-03-23T21:25:49.514+0000] {processor.py:830} INFO - Processing file /opt/airflow/dags/overwatch2_pipeline.py for tasks to queue
[2026-03-23T21:25:49.516+0000] {logging_mixin.py:188} INFO - [2026-03-23T21:25:49.516+0000] {dagbag.py:540} INFO - Filling up the DagBag from /opt/airflow/dags/overwatch2_pipeline.py
[2026-03-23T21:25:49.541+0000] {processor.py:840} INFO - DAG(s) 'overwatch2_pipeline' retrieved from /opt/airflow/dags/overwatch2_pipeline.py
[2026-03-23T21:25:49.574+0000] {logging_mixin.py:188} INFO - [2026-03-23T21:25:49.574+0000] {dag.py:3096} INFO - Sync 1 DAGs
[2026-03-23T21:25:49.598+0000] {logging_mixin.py:188} INFO - [2026-03-23T21:25:49.598+0000] {dag.py:3954} INFO - Setting next_dagrun for overwatch2_pipeline to 2026-03-23 00:00:00+00:00, run_after=2026-03-24 00:00:00+00:00
[2026-03-23T21:25:49.619+0000] {processor.py:183} INFO - Processing /opt/airflow/dags/overwatch2_pipeline.py took 0.110 seconds
[2026-03-23T21:26:19.705+0000] {processor.py:161} INFO - Started process (PID=244) to work on /opt/airflow/dags/overwatch2_pipeline.py
[2026-03-23T21:26:19.706+0000] {processor.py:830} INFO - Processing file /opt/airflow/dags/overwatch2_pipeline.py for tasks to queue
[2026-03-23T21:26:19.708+0000] {logging_mixin.py:188} INFO - [2026-03-23T21:26:19.708+0000] {dagbag.py:540} INFO - Filling up the DagBag from /opt/airflow/dags/overwatch2_pipeline.py
[2026-03-23T21:26:19.734+0000] {processor.py:840} INFO - DAG(s) 'overwatch2_pipeline' retrieved from /opt/airflow/dags/overwatch2_pipeline.py
[2026-03-23T21:26:19.767+0000] {logging_mixin.py:188} INFO - [2026-03-23T21:26:19.766+0000] {dag.py:3096} INFO - Sync 1 DAGs
[2026-03-23T21:26:19.789+0000] {logging_mixin.py:188} INFO - [2026-03-23T21:26:19.789+0000] {dag.py:3954} INFO - Setting next_dagrun for overwatch2_pipeline to 2026-03-23 00:00:00+00:00, run_after=2026-03-24 00:00:00+00:00
[2026-03-23T21:26:19.809+0000] {processor.py:183} INFO - Processing /opt/airflow/dags/overwatch2_pipeline.py took 0.112 seconds
[2026-03-23T21:26:49.960+0000] {processor.py:161} INFO - Started process (PID=249) to work on /opt/airflow/dags/overwatch2_pipeline.py
[2026-03-23T21:26:49.961+0000] {processor.py:830} INFO - Processing file /opt/airflow/dags/overwatch2_pipeline.py for tasks to queue
[2026-03-23T21:26:49.963+0000] {logging_mixin.py:188} INFO - [2026-03-23T21:26:49.963+0000] {dagbag.py:540} INFO - Filling up the DagBag from /opt/airflow/dags/overwatch2_pipeline.py
[2026-03-23T21:26:49.990+0000] {processor.py:840} INFO - DAG(s) 'overwatch2_pipeline' retrieved from /opt/airflow/dags/overwatch2_pipeline.py
[2026-03-23T21:26:50.022+0000] {logging_mixin.py:188} INFO - [2026-03-23T21:26:50.022+0000] {dag.py:3096} INFO - Sync 1 DAGs
[2026-03-23T21:26:50.046+0000] {logging_mixin.py:188} INFO - [2026-03-23T21:26:50.045+0000] {dag.py:3954} INFO - Setting next_dagrun for overwatch2_pipeline to 2026-03-23 00:00:00+00:00, run_after=2026-03-24 00:00:00+00:00
[2026-03-23T21:26:50.064+0000] {processor.py:183} INFO - Processing /opt/airflow/dags/overwatch2_pipeline.py took 0.112 seconds
[2026-03-23T21:27:20.180+0000] {processor.py:161} INFO - Started process (PID=254) to work on /opt/airflow/dags/overwatch2_pipeline.py
[2026-03-23T21:27:20.181+0000] {processor.py:830} INFO - Processing file /opt/airflow/dags/overwatch2_pipeline.py for tasks to queue
[2026-03-23T21:27:20.183+0000] {logging_mixin.py:188} INFO - [2026-03-23T21:27:20.182+0000] {dagbag.py:540} INFO - Filling up the DagBag from /opt/airflow/dags/overwatch2_pipeline.py
[2026-03-23T21:27:20.207+0000] {processor.py:840} INFO - DAG(s) 'overwatch2_pipeline' retrieved from /opt/airflow/dags/overwatch2_pipeline.py
[2026-03-23T21:27:20.243+0000] {logging_mixin.py:188} INFO - [2026-03-23T21:27:20.243+0000] {dag.py:3096} INFO - Sync 1 DAGs
[2026-03-23T21:27:20.269+0000] {logging_mixin.py:188} INFO - [2026-03-23T21:27:20.269+0000] {dag.py:3954} INFO - Setting next_dagrun for overwatch2_pipeline to 2026-03-23 00:00:00+00:00, run_after=2026-03-24 00:00:00+00:00
[2026-03-23T21:27:20.288+0000] {processor.py:183} INFO - Processing /opt/airflow/dags/overwatch2_pipeline.py took 0.113 seconds
[2026-03-23T21:27:50.392+0000] {processor.py:161} INFO - Started process (PID=259) to work on /opt/airflow/dags/overwatch2_pipeline.py
[2026-03-23T21:27:50.393+0000] {processor.py:830} INFO - Processing file /opt/airflow/dags/overwatch2_pipeline.py for tasks to queue
[2026-03-23T21:27:50.396+0000] {logging_mixin.py:188} INFO - [2026-03-23T21:27:50.395+0000] {dagbag.py:540} INFO - Filling up the DagBag from /opt/airflow/dags/overwatch2_pipeline.py
[2026-03-23T21:27:50.421+0000] {processor.py:840} INFO - DAG(s) 'overwatch2_pipeline' retrieved from /opt/airflow/dags/overwatch2_pipeline.py
[2026-03-23T21:27:50.453+0000] {logging_mixin.py:188} INFO - [2026-03-23T21:27:50.453+0000] {dag.py:3096} INFO - Sync 1 DAGs
[2026-03-23T21:27:50.478+0000] {logging_mixin.py:188} INFO - [2026-03-23T21:27:50.478+0000] {dag.py:3954} INFO - Setting next_dagrun for overwatch2_pipeline to 2026-03-23 00:00:00+00:00, run_after=2026-03-24 00:00:00+00:00
[2026-03-23T21:27:50.497+0000] {processor.py:183} INFO - Processing /opt/airflow/dags/overwatch2_pipeline.py took 0.111 seconds
[2026-03-23T21:28:20.623+0000] {processor.py:161} INFO - Started process (PID=264) to work on /opt/airflow/dags/overwatch2_pipeline.py
[2026-03-23T21:28:20.624+0000] {processor.py:830} INFO - Processing file /opt/airflow/dags/overwatch2_pipeline.py for tasks to queue
[2026-03-23T21:28:20.627+0000] {logging_mixin.py:188} INFO - [2026-03-23T21:28:20.627+0000] {dagbag.py:540} INFO - Filling up the DagBag from /opt/airflow/dags/overwatch2_pipeline.py
[2026-03-23T21:28:20.655+0000] {processor.py:840} INFO - DAG(s) 'overwatch2_pipeline' retrieved from /opt/airflow/dags/overwatch2_pipeline.py
[2026-03-23T21:28:20.693+0000] {logging_mixin.py:188} INFO - [2026-03-23T21:28:20.693+0000] {dag.py:3096} INFO - Sync 1 DAGs
[2026-03-23T21:28:20.716+0000] {logging_mixin.py:188} INFO - [2026-03-23T21:28:20.716+0000] {dag.py:3954} INFO - Setting next_dagrun for overwatch2_pipeline to 2026-03-23 00:00:00+00:00, run_after=2026-03-24 00:00:00+00:00
[2026-03-23T21:28:20.735+0000] {processor.py:183} INFO - Processing /opt/airflow/dags/overwatch2_pipeline.py took 0.120 seconds
[2026-03-23T21:28:50.819+0000] {processor.py:161} INFO - Started process (PID=269) to work on /opt/airflow/dags/overwatch2_pipeline.py
[2026-03-23T21:28:50.820+0000] {processor.py:830} INFO - Processing file /opt/airflow/dags/overwatch2_pipeline.py for tasks to queue
[2026-03-23T21:28:50.822+0000] {logging_mixin.py:188} INFO - [2026-03-23T21:28:50.821+0000] {dagbag.py:540} INFO - Filling up the DagBag from /opt/airflow/dags/overwatch2_pipeline.py
[2026-03-23T21:28:50.845+0000] {processor.py:840} INFO - DAG(s) 'overwatch2_pipeline' retrieved from /opt/airflow/dags/overwatch2_pipeline.py
[2026-03-23T21:28:50.859+0000] {logging_mixin.py:188} INFO - [2026-03-23T21:28:50.859+0000] {dag.py:3096} INFO - Sync 1 DAGs
[2026-03-23T21:28:50.880+0000] {logging_mixin.py:188} INFO - [2026-03-23T21:28:50.880+0000] {dag.py:3954} INFO - Setting next_dagrun for overwatch2_pipeline to 2026-03-23 00:00:00+00:00, run_after=2026-03-24 00:00:00+00:00
[2026-03-23T21:28:50.898+0000] {processor.py:183} INFO - Processing /opt/airflow/dags/overwatch2_pipeline.py took 0.084 seconds
[2026-03-23T21:29:21.073+0000] {processor.py:161} INFO - Started process (PID=274) to work on /opt/airflow/dags/overwatch2_pipeline.py
[2026-03-23T21:29:21.074+0000] {processor.py:830} INFO - Processing file /opt/airflow/dags/overwatch2_pipeline.py for tasks to queue
[2026-03-23T21:29:21.076+0000] {logging_mixin.py:188} INFO - [2026-03-23T21:29:21.075+0000] {dagbag.py:540} INFO - Filling up the DagBag from /opt/airflow/dags/overwatch2_pipeline.py
[2026-03-23T21:29:21.102+0000] {processor.py:840} INFO - DAG(s) 'overwatch2_pipeline' retrieved from /opt/airflow/dags/overwatch2_pipeline.py
[2026-03-23T21:29:21.280+0000] {logging_mixin.py:188} INFO - [2026-03-23T21:29:21.280+0000] {dag.py:3096} INFO - Sync 1 DAGs
[2026-03-23T21:29:21.302+0000] {logging_mixin.py:188} INFO - [2026-03-23T21:29:21.301+0000] {dag.py:3954} INFO - Setting next_dagrun for overwatch2_pipeline to 2026-03-23 00:00:00+00:00, run_after=2026-03-24 00:00:00+00:00
[2026-03-23T21:29:21.332+0000] {processor.py:183} INFO - Processing /opt/airflow/dags/overwatch2_pipeline.py took 0.265 seconds
[2026-03-23T21:29:51.523+0000] {processor.py:161} INFO - Started process (PID=279) to work on /opt/airflow/dags/overwatch2_pipeline.py
[2026-03-23T21:29:51.525+0000] {processor.py:830} INFO - Processing file /opt/airflow/dags/overwatch2_pipeline.py for tasks to queue
[2026-03-23T21:29:51.528+0000] {logging_mixin.py:188} INFO - [2026-03-23T21:29:51.527+0000] {dagbag.py:540} INFO - Filling up the DagBag from /opt/airflow/dags/overwatch2_pipeline.py
[2026-03-23T21:29:51.557+0000] {processor.py:840} INFO - DAG(s) 'overwatch2_pipeline' retrieved from /opt/airflow/dags/overwatch2_pipeline.py
[2026-03-23T21:29:51.595+0000] {logging_mixin.py:188} INFO - [2026-03-23T21:29:51.595+0000] {dag.py:3096} INFO - Sync 1 DAGs
[2026-03-23T21:29:51.621+0000] {logging_mixin.py:188} INFO - [2026-03-23T21:29:51.620+0000] {dag.py:3954} INFO - Setting next_dagrun for overwatch2_pipeline to 2026-03-23 00:00:00+00:00, run_after=2026-03-24 00:00:00+00:00
[2026-03-23T21:29:51.642+0000] {processor.py:183} INFO - Processing /opt/airflow/dags/overwatch2_pipeline.py took 0.126 seconds
[2026-03-23T21:30:21.699+0000] {processor.py:161} INFO - Started process (PID=284) to work on /opt/airflow/dags/overwatch2_pipeline.py
[2026-03-23T21:30:21.700+0000] {processor.py:830} INFO - Processing file /opt/airflow/dags/overwatch2_pipeline.py for tasks to queue
[2026-03-23T21:30:21.702+0000] {logging_mixin.py:188} INFO - [2026-03-23T21:30:21.702+0000] {dagbag.py:540} INFO - Filling up the DagBag from /opt/airflow/dags/overwatch2_pipeline.py
[2026-03-23T21:30:21.734+0000] {processor.py:840} INFO - DAG(s) 'overwatch2_pipeline' retrieved from /opt/airflow/dags/overwatch2_pipeline.py
[2026-03-23T21:30:21.776+0000] {logging_mixin.py:188} INFO - [2026-03-23T21:30:21.776+0000] {dag.py:3096} INFO - Sync 1 DAGs
[2026-03-23T21:30:21.807+0000] {logging_mixin.py:188} INFO - [2026-03-23T21:30:21.807+0000] {dag.py:3954} INFO - Setting next_dagrun for overwatch2_pipeline to 2026-03-23 00:00:00+00:00, run_after=2026-03-24 00:00:00+00:00
[2026-03-23T21:30:21.831+0000] {processor.py:183} INFO - Processing /opt/airflow/dags/overwatch2_pipeline.py took 0.138 seconds
[2026-03-23T21:30:51.974+0000] {processor.py:161} INFO - Started process (PID=289) to work on /opt/airflow/dags/overwatch2_pipeline.py
[2026-03-23T21:30:51.975+0000] {processor.py:830} INFO - Processing file /opt/airflow/dags/overwatch2_pipeline.py for tasks to queue
[2026-03-23T21:30:51.977+0000] {logging_mixin.py:188} INFO - [2026-03-23T21:30:51.977+0000] {dagbag.py:540} INFO - Filling up the DagBag from /opt/airflow/dags/overwatch2_pipeline.py
[2026-03-23T21:30:52.006+0000] {processor.py:840} INFO - DAG(s) 'overwatch2_pipeline' retrieved from /opt/airflow/dags/overwatch2_pipeline.py
[2026-03-23T21:30:52.047+0000] {logging_mixin.py:188} INFO - [2026-03-23T21:30:52.047+0000] {dag.py:3096} INFO - Sync 1 DAGs
[2026-03-23T21:30:52.075+0000] {logging_mixin.py:188} INFO - [2026-03-23T21:30:52.075+0000] {dag.py:3954} INFO - Setting next_dagrun for overwatch2_pipeline to 2026-03-23 00:00:00+00:00, run_after=2026-03-24 00:00:00+00:00
[2026-03-23T21:30:52.100+0000] {processor.py:183} INFO - Processing /opt/airflow/dags/overwatch2_pipeline.py took 0.133 seconds
[2026-03-23T21:31:22.217+0000] {processor.py:161} INFO - Started process (PID=294) to work on /opt/airflow/dags/overwatch2_pipeline.py
[2026-03-23T21:31:22.218+0000] {processor.py:830} INFO - Processing file /opt/airflow/dags/overwatch2_pipeline.py for tasks to queue
[2026-03-23T21:31:22.220+0000] {logging_mixin.py:188} INFO - [2026-03-23T21:31:22.220+0000] {dagbag.py:540} INFO - Filling up the DagBag from /opt/airflow/dags/overwatch2_pipeline.py
[2026-03-23T21:31:22.262+0000] {processor.py:840} INFO - DAG(s) 'overwatch2_pipeline' retrieved from /opt/airflow/dags/overwatch2_pipeline.py
[2026-03-23T21:31:22.302+0000] {logging_mixin.py:188} INFO - [2026-03-23T21:31:22.302+0000] {dag.py:3096} INFO - Sync 1 DAGs
[2026-03-23T21:31:22.325+0000] {logging_mixin.py:188} INFO - [2026-03-23T21:31:22.325+0000] {dag.py:3954} INFO - Setting next_dagrun for overwatch2_pipeline to 2026-03-23 00:00:00+00:00, run_after=2026-03-24 00:00:00+00:00
[2026-03-23T21:31:22.346+0000] {processor.py:183} INFO - Processing /opt/airflow/dags/overwatch2_pipeline.py took 0.142 seconds
[2026-03-23T21:31:52.486+0000] {processor.py:161} INFO - Started process (PID=299) to work on /opt/airflow/dags/overwatch2_pipeline.py
[2026-03-23T21:31:52.488+0000] {processor.py:830} INFO - Processing file /opt/airflow/dags/overwatch2_pipeline.py for tasks to queue
[2026-03-23T21:31:52.491+0000] {logging_mixin.py:188} INFO - [2026-03-23T21:31:52.491+0000] {dagbag.py:540} INFO - Filling up the DagBag from /opt/airflow/dags/overwatch2_pipeline.py
[2026-03-23T21:31:52.531+0000] {processor.py:840} INFO - DAG(s) 'overwatch2_pipeline' retrieved from /opt/airflow/dags/overwatch2_pipeline.py
[2026-03-23T21:31:52.694+0000] {logging_mixin.py:188} INFO - [2026-03-23T21:31:52.693+0000] {dag.py:3096} INFO - Sync 1 DAGs
[2026-03-23T21:31:52.717+0000] {logging_mixin.py:188} INFO - [2026-03-23T21:31:52.716+0000] {dag.py:3954} INFO - Setting next_dagrun for overwatch2_pipeline to 2026-03-23 00:00:00+00:00, run_after=2026-03-24 00:00:00+00:00
[2026-03-23T21:31:52.741+0000] {processor.py:183} INFO - Processing /opt/airflow/dags/overwatch2_pipeline.py took 0.265 seconds
[2026-03-23T21:32:22.919+0000] {processor.py:161} INFO - Started process (PID=304) to work on /opt/airflow/dags/overwatch2_pipeline.py
[2026-03-23T21:32:22.920+0000] {processor.py:830} INFO - Processing file /opt/airflow/dags/overwatch2_pipeline.py for tasks to queue
[2026-03-23T21:32:22.922+0000] {logging_mixin.py:188} INFO - [2026-03-23T21:32:22.922+0000] {dagbag.py:540} INFO - Filling up the DagBag from /opt/airflow/dags/overwatch2_pipeline.py
[2026-03-23T21:32:22.944+0000] {processor.py:840} INFO - DAG(s) 'overwatch2_pipeline' retrieved from /opt/airflow/dags/overwatch2_pipeline.py
[2026-03-23T21:32:22.957+0000] {logging_mixin.py:188} INFO - [2026-03-23T21:32:22.956+0000] {dag.py:3096} INFO - Sync 1 DAGs
[2026-03-23T21:32:22.977+0000] {logging_mixin.py:188} INFO - [2026-03-23T21:32:22.977+0000] {dag.py:3954} INFO - Setting next_dagrun for overwatch2_pipeline to 2026-03-23 00:00:00+00:00, run_after=2026-03-24 00:00:00+00:00
[2026-03-23T21:32:22.997+0000] {processor.py:183} INFO - Processing /opt/airflow/dags/overwatch2_pipeline.py took 0.083 seconds
[2026-03-23T21:32:53.088+0000] {processor.py:161} INFO - Started process (PID=309) to work on /opt/airflow/dags/overwatch2_pipeline.py
[2026-03-23T21:32:53.089+0000] {processor.py:830} INFO - Processing file /opt/airflow/dags/overwatch2_pipeline.py for tasks to queue
[2026-03-23T21:32:53.091+0000] {logging_mixin.py:188} INFO - [2026-03-23T21:32:53.090+0000] {dagbag.py:540} INFO - Filling up the DagBag from /opt/airflow/dags/overwatch2_pipeline.py
[2026-03-23T21:32:53.119+0000] {processor.py:840} INFO - DAG(s) 'overwatch2_pipeline' retrieved from /opt/airflow/dags/overwatch2_pipeline.py
[2026-03-23T21:32:53.234+0000] {logging_mixin.py:188} INFO - [2026-03-23T21:32:53.234+0000] {dag.py:3096} INFO - Sync 1 DAGs
[2026-03-23T21:32:53.251+0000] {logging_mixin.py:188} INFO - [2026-03-23T21:32:53.251+0000] {dag.py:3954} INFO - Setting next_dagrun for overwatch2_pipeline to 2026-03-23 00:00:00+00:00, run_after=2026-03-24 00:00:00+00:00
[2026-03-23T21:32:53.269+0000] {processor.py:183} INFO - Processing /opt/airflow/dags/overwatch2_pipeline.py took 0.187 seconds
[2026-03-23T21:33:23.368+0000] {processor.py:161} INFO - Started process (PID=314) to work on /opt/airflow/dags/overwatch2_pipeline.py
[2026-03-23T21:33:23.370+0000] {processor.py:830} INFO - Processing file /opt/airflow/dags/overwatch2_pipeline.py for tasks to queue
[2026-03-23T21:33:23.373+0000] {logging_mixin.py:188} INFO - [2026-03-23T21:33:23.372+0000] {dagbag.py:540} INFO - Filling up the DagBag from /opt/airflow/dags/overwatch2_pipeline.py
[2026-03-23T21:33:23.410+0000] {processor.py:840} INFO - DAG(s) 'overwatch2_pipeline' retrieved from /opt/airflow/dags/overwatch2_pipeline.py
[2026-03-23T21:33:23.454+0000] {logging_mixin.py:188} INFO - [2026-03-23T21:33:23.454+0000] {dag.py:3096} INFO - Sync 1 DAGs
[2026-03-23T21:33:23.484+0000] {logging_mixin.py:188} INFO - [2026-03-23T21:33:23.484+0000] {dag.py:3954} INFO - Setting next_dagrun for overwatch2_pipeline to 2026-03-23 00:00:00+00:00, run_after=2026-03-24 00:00:00+00:00
[2026-03-23T21:33:23.508+0000] {processor.py:183} INFO - Processing /opt/airflow/dags/overwatch2_pipeline.py took 0.148 seconds
[2026-03-23T21:33:53.618+0000] {processor.py:161} INFO - Started process (PID=319) to work on /opt/airflow/dags/overwatch2_pipeline.py
[2026-03-23T21:33:53.619+0000] {processor.py:830} INFO - Processing file /opt/airflow/dags/overwatch2_pipeline.py for tasks to queue
[2026-03-23T21:33:53.621+0000] {logging_mixin.py:188} INFO - [2026-03-23T21:33:53.621+0000] {dagbag.py:540} INFO - Filling up the DagBag from /opt/airflow/dags/overwatch2_pipeline.py
[2026-03-23T21:33:53.659+0000] {processor.py:840} INFO - DAG(s) 'overwatch2_pipeline' retrieved from /opt/airflow/dags/overwatch2_pipeline.py
[2026-03-23T21:33:53.697+0000] {logging_mixin.py:188} INFO - [2026-03-23T21:33:53.697+0000] {dag.py:3096} INFO - Sync 1 DAGs
[2026-03-23T21:33:53.729+0000] {logging_mixin.py:188} INFO - [2026-03-23T21:33:53.729+0000] {dag.py:3954} INFO - Setting next_dagrun for overwatch2_pipeline to 2026-03-23 00:00:00+00:00, run_after=2026-03-24 00:00:00+00:00
[2026-03-23T21:33:53.755+0000] {processor.py:183} INFO - Processing /opt/airflow/dags/overwatch2_pipeline.py took 0.144 seconds
[2026-03-23T21:34:23.841+0000] {processor.py:161} INFO - Started process (PID=324) to work on /opt/airflow/dags/overwatch2_pipeline.py
[2026-03-23T21:34:23.842+0000] {processor.py:830} INFO - Processing file /opt/airflow/dags/overwatch2_pipeline.py for tasks to queue
[2026-03-23T21:34:23.844+0000] {logging_mixin.py:188} INFO - [2026-03-23T21:34:23.844+0000] {dagbag.py:540} INFO - Filling up the DagBag from /opt/airflow/dags/overwatch2_pipeline.py
[2026-03-23T21:34:23.869+0000] {processor.py:840} INFO - DAG(s) 'overwatch2_pipeline' retrieved from /opt/airflow/dags/overwatch2_pipeline.py
[2026-03-23T21:34:23.905+0000] {logging_mixin.py:188} INFO - [2026-03-23T21:34:23.904+0000] {dag.py:3096} INFO - Sync 1 DAGs
[2026-03-23T21:34:23.932+0000] {logging_mixin.py:188} INFO - [2026-03-23T21:34:23.932+0000] {dag.py:3954} INFO - Setting next_dagrun for overwatch2_pipeline to 2026-03-23 00:00:00+00:00, run_after=2026-03-24 00:00:00+00:00
[2026-03-23T21:34:23.954+0000] {processor.py:183} INFO - Processing /opt/airflow/dags/overwatch2_pipeline.py took 0.118 seconds
[2026-03-23T21:34:54.082+0000] {processor.py:161} INFO - Started process (PID=329) to work on /opt/airflow/dags/overwatch2_pipeline.py
[2026-03-23T21:34:54.083+0000] {processor.py:830} INFO - Processing file /opt/airflow/dags/overwatch2_pipeline.py for tasks to queue
[2026-03-23T21:34:54.085+0000] {logging_mixin.py:188} INFO - [2026-03-23T21:34:54.085+0000] {dagbag.py:540} INFO - Filling up the DagBag from /opt/airflow/dags/overwatch2_pipeline.py
[2026-03-23T21:34:54.115+0000] {processor.py:840} INFO - DAG(s) 'overwatch2_pipeline' retrieved from /opt/airflow/dags/overwatch2_pipeline.py
[2026-03-23T21:34:54.150+0000] {logging_mixin.py:188} INFO - [2026-03-23T21:34:54.150+0000] {dag.py:3096} INFO - Sync 1 DAGs
[2026-03-23T21:34:54.177+0000] {logging_mixin.py:188} INFO - [2026-03-23T21:34:54.177+0000] {dag.py:3954} INFO - Setting next_dagrun for overwatch2_pipeline to 2026-03-23 00:00:00+00:00, run_after=2026-03-24 00:00:00+00:00
[2026-03-23T21:34:54.201+0000] {processor.py:183} INFO - Processing /opt/airflow/dags/overwatch2_pipeline.py took 0.124 seconds
[2026-03-23T21:35:24.315+0000] {processor.py:161} INFO - Started process (PID=334) to work on /opt/airflow/dags/overwatch2_pipeline.py
[2026-03-23T21:35:24.317+0000] {processor.py:830} INFO - Processing file /opt/airflow/dags/overwatch2_pipeline.py for tasks to queue
[2026-03-23T21:35:24.320+0000] {logging_mixin.py:188} INFO - [2026-03-23T21:35:24.320+0000] {dagbag.py:540} INFO - Filling up the DagBag from /opt/airflow/dags/overwatch2_pipeline.py
[2026-03-23T21:35:24.361+0000] {processor.py:840} INFO - DAG(s) 'overwatch2_pipeline' retrieved from /opt/airflow/dags/overwatch2_pipeline.py
[2026-03-23T21:35:24.398+0000] {logging_mixin.py:188} INFO - [2026-03-23T21:35:24.398+0000] {dag.py:3096} INFO - Sync 1 DAGs
[2026-03-23T21:35:24.426+0000] {logging_mixin.py:188} INFO - [2026-03-23T21:35:24.426+0000] {dag.py:3954} INFO - Setting next_dagrun for overwatch2_pipeline to 2026-03-23 00:00:00+00:00, run_after=2026-03-24 00:00:00+00:00
[2026-03-23T21:35:24.448+0000] {processor.py:183} INFO - Processing /opt/airflow/dags/overwatch2_pipeline.py took 0.144 seconds
[2026-03-23T21:35:54.551+0000] {processor.py:161} INFO - Started process (PID=339) to work on /opt/airflow/dags/overwatch2_pipeline.py
[2026-03-23T21:35:54.552+0000] {processor.py:830} INFO - Processing file /opt/airflow/dags/overwatch2_pipeline.py for tasks to queue
[2026-03-23T21:35:54.554+0000] {logging_mixin.py:188} INFO - [2026-03-23T21:35:54.554+0000] {dagbag.py:540} INFO - Filling up the DagBag from /opt/airflow/dags/overwatch2_pipeline.py
[2026-03-23T21:35:54.584+0000] {processor.py:840} INFO - DAG(s) 'overwatch2_pipeline' retrieved from /opt/airflow/dags/overwatch2_pipeline.py
[2026-03-23T21:35:54.620+0000] {logging_mixin.py:188} INFO - [2026-03-23T21:35:54.619+0000] {dag.py:3096} INFO - Sync 1 DAGs
[2026-03-23T21:35:54.646+0000] {logging_mixin.py:188} INFO - [2026-03-23T21:35:54.646+0000] {dag.py:3954} INFO - Setting next_dagrun for overwatch2_pipeline to 2026-03-23 00:00:00+00:00, run_after=2026-03-24 00:00:00+00:00
[2026-03-23T21:35:54.667+0000] {processor.py:183} INFO - Processing /opt/airflow/dags/overwatch2_pipeline.py took 0.123 seconds
[2026-03-23T21:36:24.779+0000] {processor.py:161} INFO - Started process (PID=344) to work on /opt/airflow/dags/overwatch2_pipeline.py
[2026-03-23T21:36:24.780+0000] {processor.py:830} INFO - Processing file /opt/airflow/dags/overwatch2_pipeline.py for tasks to queue
[2026-03-23T21:36:24.783+0000] {logging_mixin.py:188} INFO - [2026-03-23T21:36:24.782+0000] {dagbag.py:540} INFO - Filling up the DagBag from /opt/airflow/dags/overwatch2_pipeline.py
[2026-03-23T21:36:24.814+0000] {processor.py:840} INFO - DAG(s) 'overwatch2_pipeline' retrieved from /opt/airflow/dags/overwatch2_pipeline.py
[2026-03-23T21:36:24.850+0000] {logging_mixin.py:188} INFO - [2026-03-23T21:36:24.850+0000] {dag.py:3096} INFO - Sync 1 DAGs
[2026-03-23T21:36:24.875+0000] {logging_mixin.py:188} INFO - [2026-03-23T21:36:24.875+0000] {dag.py:3954} INFO - Setting next_dagrun for overwatch2_pipeline to 2026-03-23 00:00:00+00:00, run_after=2026-03-24 00:00:00+00:00
[2026-03-23T21:36:24.896+0000] {processor.py:183} INFO - Processing /opt/airflow/dags/overwatch2_pipeline.py took 0.123 seconds
[2026-03-23T21:36:55.003+0000] {processor.py:161} INFO - Started process (PID=349) to work on /opt/airflow/dags/overwatch2_pipeline.py
[2026-03-23T21:36:55.004+0000] {processor.py:830} INFO - Processing file /opt/airflow/dags/overwatch2_pipeline.py for tasks to queue
[2026-03-23T21:36:55.006+0000] {logging_mixin.py:188} INFO - [2026-03-23T21:36:55.006+0000] {dagbag.py:540} INFO - Filling up the DagBag from /opt/airflow/dags/overwatch2_pipeline.py
[2026-03-23T21:36:55.034+0000] {processor.py:840} INFO - DAG(s) 'overwatch2_pipeline' retrieved from /opt/airflow/dags/overwatch2_pipeline.py
[2026-03-23T21:36:55.069+0000] {logging_mixin.py:188} INFO - [2026-03-23T21:36:55.069+0000] {dag.py:3096} INFO - Sync 1 DAGs
[2026-03-23T21:36:55.093+0000] {logging_mixin.py:188} INFO - [2026-03-23T21:36:55.093+0000] {dag.py:3954} INFO - Setting next_dagrun for overwatch2_pipeline to 2026-03-23 00:00:00+00:00, run_after=2026-03-24 00:00:00+00:00
[2026-03-23T21:36:55.116+0000] {processor.py:183} INFO - Processing /opt/airflow/dags/overwatch2_pipeline.py took 0.119 seconds
[2026-03-23T21:37:58.601+0000] {processor.py:161} INFO - Started process (PID=168) to work on /opt/airflow/dags/overwatch2_pipeline.py
[2026-03-23T21:37:58.603+0000] {processor.py:830} INFO - Processing file /opt/airflow/dags/overwatch2_pipeline.py for tasks to queue
[2026-03-23T21:37:58.606+0000] {logging_mixin.py:188} INFO - [2026-03-23T21:37:58.606+0000] {dagbag.py:540} INFO - Filling up the DagBag from /opt/airflow/dags/overwatch2_pipeline.py
[2026-03-23T21:37:58.648+0000] {processor.py:840} INFO - DAG(s) 'overwatch2_pipeline' retrieved from /opt/airflow/dags/overwatch2_pipeline.py
[2026-03-23T21:37:58.686+0000] {logging_mixin.py:188} INFO - [2026-03-23T21:37:58.685+0000] {dag.py:3096} INFO - Sync 1 DAGs
[2026-03-23T21:37:58.716+0000] {logging_mixin.py:188} INFO - [2026-03-23T21:37:58.715+0000] {dag.py:3954} INFO - Setting next_dagrun for overwatch2_pipeline to 2026-03-23 00:00:00+00:00, run_after=2026-03-24 00:00:00+00:00
[2026-03-23T21:37:58.740+0000] {processor.py:183} INFO - Processing /opt/airflow/dags/overwatch2_pipeline.py took 0.146 seconds
[2026-03-23T21:38:28.826+0000] {processor.py:161} INFO - Started process (PID=173) to work on /opt/airflow/dags/overwatch2_pipeline.py
[2026-03-23T21:38:28.827+0000] {processor.py:830} INFO - Processing file /opt/airflow/dags/overwatch2_pipeline.py for tasks to queue
[2026-03-23T21:38:28.829+0000] {logging_mixin.py:188} INFO - [2026-03-23T21:38:28.829+0000] {dagbag.py:540} INFO - Filling up the DagBag from /opt/airflow/dags/overwatch2_pipeline.py
[2026-03-23T21:38:28.857+0000] {processor.py:840} INFO - DAG(s) 'overwatch2_pipeline' retrieved from /opt/airflow/dags/overwatch2_pipeline.py
[2026-03-23T21:38:29.093+0000] {logging_mixin.py:188} INFO - [2026-03-23T21:38:29.093+0000] {dag.py:3096} INFO - Sync 1 DAGs
[2026-03-23T21:38:29.114+0000] {logging_mixin.py:188} INFO - [2026-03-23T21:38:29.113+0000] {dag.py:3954} INFO - Setting next_dagrun for overwatch2_pipeline to 2026-03-23 00:00:00+00:00, run_after=2026-03-24 00:00:00+00:00
[2026-03-23T21:38:29.134+0000] {processor.py:183} INFO - Processing /opt/airflow/dags/overwatch2_pipeline.py took 0.316 seconds
[2026-03-23T21:38:59.329+0000] {processor.py:161} INFO - Started process (PID=182) to work on /opt/airflow/dags/overwatch2_pipeline.py
[2026-03-23T21:38:59.331+0000] {processor.py:830} INFO - Processing file /opt/airflow/dags/overwatch2_pipeline.py for tasks to queue
[2026-03-23T21:38:59.334+0000] {logging_mixin.py:188} INFO - [2026-03-23T21:38:59.333+0000] {dagbag.py:540} INFO - Filling up the DagBag from /opt/airflow/dags/overwatch2_pipeline.py
[2026-03-23T21:38:59.362+0000] {processor.py:840} INFO - DAG(s) 'overwatch2_pipeline' retrieved from /opt/airflow/dags/overwatch2_pipeline.py
[2026-03-23T21:38:59.397+0000] {logging_mixin.py:188} INFO - [2026-03-23T21:38:59.397+0000] {dag.py:3096} INFO - Sync 1 DAGs
[2026-03-23T21:38:59.423+0000] {logging_mixin.py:188} INFO - [2026-03-23T21:38:59.423+0000] {dag.py:3954} INFO - Setting next_dagrun for overwatch2_pipeline to 2026-03-23 00:00:00+00:00, run_after=2026-03-24 00:00:00+00:00
[2026-03-23T21:38:59.445+0000] {processor.py:183} INFO - Processing /opt/airflow/dags/overwatch2_pipeline.py took 0.128 seconds
[2026-03-23T21:39:29.623+0000] {processor.py:161} INFO - Started process (PID=199) to work on /opt/airflow/dags/overwatch2_pipeline.py
[2026-03-23T21:39:29.624+0000] {processor.py:830} INFO - Processing file /opt/airflow/dags/overwatch2_pipeline.py for tasks to queue
[2026-03-23T21:39:29.626+0000] {logging_mixin.py:188} INFO - [2026-03-23T21:39:29.626+0000] {dagbag.py:540} INFO - Filling up the DagBag from /opt/airflow/dags/overwatch2_pipeline.py
[2026-03-23T21:39:29.651+0000] {processor.py:840} INFO - DAG(s) 'overwatch2_pipeline' retrieved from /opt/airflow/dags/overwatch2_pipeline.py
[2026-03-23T21:39:29.685+0000] {logging_mixin.py:188} INFO - [2026-03-23T21:39:29.685+0000] {dag.py:3096} INFO - Sync 1 DAGs
[2026-03-23T21:39:29.709+0000] {logging_mixin.py:188} INFO - [2026-03-23T21:39:29.709+0000] {dag.py:3954} INFO - Setting next_dagrun for overwatch2_pipeline to 2026-03-23 00:00:00+00:00, run_after=2026-03-24 00:00:00+00:00
[2026-03-23T21:39:29.731+0000] {processor.py:183} INFO - Processing /opt/airflow/dags/overwatch2_pipeline.py took 0.114 seconds
[2026-03-23T21:39:59.791+0000] {processor.py:161} INFO - Started process (PID=204) to work on /opt/airflow/dags/overwatch2_pipeline.py
[2026-03-23T21:39:59.792+0000] {processor.py:830} INFO - Processing file /opt/airflow/dags/overwatch2_pipeline.py for tasks to queue
[2026-03-23T21:39:59.794+0000] {logging_mixin.py:188} INFO - [2026-03-23T21:39:59.794+0000] {dagbag.py:540} INFO - Filling up the DagBag from /opt/airflow/dags/overwatch2_pipeline.py
[2026-03-23T21:39:59.820+0000] {processor.py:840} INFO - DAG(s) 'overwatch2_pipeline' retrieved from /opt/airflow/dags/overwatch2_pipeline.py
[2026-03-23T21:39:59.856+0000] {logging_mixin.py:188} INFO - [2026-03-23T21:39:59.856+0000] {dag.py:3096} INFO - Sync 1 DAGs
[2026-03-23T21:39:59.882+0000] {logging_mixin.py:188} INFO - [2026-03-23T21:39:59.882+0000] {dag.py:3954} INFO - Setting next_dagrun for overwatch2_pipeline to 2026-03-23 00:00:00+00:00, run_after=2026-03-24 00:00:00+00:00
[2026-03-23T21:39:59.901+0000] {processor.py:183} INFO - Processing /opt/airflow/dags/overwatch2_pipeline.py took 0.115 seconds
[2026-03-23T21:40:30.061+0000] {processor.py:161} INFO - Started process (PID=209) to work on /opt/airflow/dags/overwatch2_pipeline.py
[2026-03-23T21:40:30.062+0000] {processor.py:830} INFO - Processing file /opt/airflow/dags/overwatch2_pipeline.py for tasks to queue
[2026-03-23T21:40:30.064+0000] {logging_mixin.py:188} INFO - [2026-03-23T21:40:30.064+0000] {dagbag.py:540} INFO - Filling up the DagBag from /opt/airflow/dags/overwatch2_pipeline.py
[2026-03-23T21:40:30.090+0000] {processor.py:840} INFO - DAG(s) 'overwatch2_pipeline' retrieved from /opt/airflow/dags/overwatch2_pipeline.py
[2026-03-23T21:40:30.124+0000] {logging_mixin.py:188} INFO - [2026-03-23T21:40:30.124+0000] {dag.py:3096} INFO - Sync 1 DAGs
[2026-03-23T21:40:30.147+0000] {logging_mixin.py:188} INFO - [2026-03-23T21:40:30.147+0000] {dag.py:3954} INFO - Setting next_dagrun for overwatch2_pipeline to 2026-03-23 00:00:00+00:00, run_after=2026-03-24 00:00:00+00:00
[2026-03-23T21:40:30.165+0000] {processor.py:183} INFO - Processing /opt/airflow/dags/overwatch2_pipeline.py took 0.110 seconds
