[2026-03-26T12:41:11.925+0000] {local_task_job_runner.py:120} INFO - ::group::Pre task execution logs
[2026-03-26T12:41:12.031+0000] {taskinstance.py:2073} INFO - Dependencies all met for dep_context=non-requeueable deps ti=<TaskInstance: overwatch2_pipeline.crear_indices scheduled__2026-03-25T06:00:00+00:00 [queued]>
[2026-03-26T12:41:12.049+0000] {taskinstance.py:2073} INFO - Dependencies all met for dep_context=requeueable deps ti=<TaskInstance: overwatch2_pipeline.crear_indices scheduled__2026-03-25T06:00:00+00:00 [queued]>
[2026-03-26T12:41:12.052+0000] {taskinstance.py:2303} INFO - Starting attempt 1 of 3
[2026-03-26T12:41:12.092+0000] {taskinstance.py:2327} INFO - Executing <Task(PythonOperator): crear_indices> on 2026-03-25 06:00:00+00:00
[2026-03-26T12:41:12.120+0000] {standard_task_runner.py:90} INFO - Running: ['***', 'tasks', 'run', 'overwatch2_pipeline', 'crear_indices', 'scheduled__2026-03-25T06:00:00+00:00', '--job-id', '976', '--raw', '--subdir', 'DAGS_FOLDER/overwatch2_pipeline.py', '--cfg-path', '/tmp/tmpf7fz9i7q']
[2026-03-26T12:41:12.130+0000] {standard_task_runner.py:91} INFO - Job 976: Subtask crear_indices
[2026-03-26T12:41:12.124+0000] {logging_mixin.py:188} WARNING - /home/***/.local/lib/python3.12/site-packages/***/task/task_runner/standard_task_runner.py:61 DeprecationWarning: This process (pid=712) is multi-threaded, use of fork() may lead to deadlocks in the child.
[2026-03-26T12:41:12.134+0000] {standard_task_runner.py:63} INFO - Started process 723 to run task
[2026-03-26T12:41:12.323+0000] {task_command.py:426} INFO - Running <TaskInstance: overwatch2_pipeline.crear_indices scheduled__2026-03-25T06:00:00+00:00 [running]> on host 5f83853c16fb
[2026-03-26T12:41:12.673+0000] {taskinstance.py:2644} INFO - Exporting env vars: AIRFLOW_CTX_DAG_OWNER='angel' AIRFLOW_CTX_DAG_ID='overwatch2_pipeline' AIRFLOW_CTX_TASK_ID='crear_indices' AIRFLOW_CTX_EXECUTION_DATE='2026-03-25T06:00:00+00:00' AIRFLOW_CTX_TRY_NUMBER='1' AIRFLOW_CTX_DAG_RUN_ID='scheduled__2026-03-25T06:00:00+00:00'
[2026-03-26T12:41:12.675+0000] {taskinstance.py:430} INFO - ::endgroup::
[2026-03-26T12:41:12.852+0000] {overwatch2_pipeline.py:263} INFO -   ✅ fact_id_heroe
[2026-03-26T12:41:12.855+0000] {overwatch2_pipeline.py:263} INFO -   ✅ fact_id_tiempo
[2026-03-26T12:41:12.860+0000] {overwatch2_pipeline.py:263} INFO -   ✅ fact_id_contexto
[2026-03-26T12:41:12.862+0000] {overwatch2_pipeline.py:263} INFO -   ✅ fact_id_escenario
[2026-03-26T12:41:12.867+0000] {overwatch2_pipeline.py:263} INFO -   ✅ tiempo_fecha
[2026-03-26T12:41:12.881+0000] {overwatch2_pipeline.py:263} INFO -   ✅ heroe_nombre
[2026-03-26T12:41:12.888+0000] {overwatch2_pipeline.py:263} INFO -   ✅ heroe_rol
[2026-03-26T12:41:12.892+0000] {overwatch2_pipeline.py:263} INFO -   ✅ contexto_plat
[2026-03-26T12:41:12.894+0000] {overwatch2_pipeline.py:263} INFO -   ✅ contexto_modo
[2026-03-26T12:41:12.898+0000] {overwatch2_pipeline.py:263} INFO -   ✅ escenario_region
[2026-03-26T12:41:12.904+0000] {overwatch2_pipeline.py:263} INFO -   ✅ escenario_mapa
[2026-03-26T12:41:12.918+0000] {overwatch2_pipeline.py:267} INFO - ✅ Indices creados/verificados correctamente
[2026-03-26T12:41:12.923+0000] {python.py:237} INFO - Done. Returned value was: None
[2026-03-26T12:41:12.926+0000] {taskinstance.py:441} INFO - ::group::Post task execution logs
[2026-03-26T12:41:12.956+0000] {taskinstance.py:1205} INFO - Marking task as SUCCESS. dag_id=overwatch2_pipeline, task_id=crear_indices, execution_date=20260325T060000, start_date=20260326T124112, end_date=20260326T124112
[2026-03-26T12:41:13.190+0000] {local_task_job_runner.py:240} INFO - Task exited with return code 0
[2026-03-26T12:41:13.282+0000] {taskinstance.py:3482} INFO - 1 downstream tasks scheduled from follow-on schedule check
[2026-03-26T12:41:13.290+0000] {local_task_job_runner.py:222} INFO - ::endgroup::
