[2026-04-12T01:04:29.537+0000] {local_task_job_runner.py:120} INFO - ::group::Pre task execution logs
[2026-04-12T01:04:29.616+0000] {taskinstance.py:2073} INFO - Dependencies all met for dep_context=non-requeueable deps ti=<TaskInstance: overwatch2_pipeline.scrape_blizzard scheduled__2026-04-10T06:00:00+00:00 [queued]>
[2026-04-12T01:04:29.631+0000] {taskinstance.py:2073} INFO - Dependencies all met for dep_context=requeueable deps ti=<TaskInstance: overwatch2_pipeline.scrape_blizzard scheduled__2026-04-10T06:00:00+00:00 [queued]>
[2026-04-12T01:04:29.633+0000] {taskinstance.py:2303} INFO - Starting attempt 1 of 3
[2026-04-12T01:04:29.658+0000] {taskinstance.py:2327} INFO - Executing <Task(PythonOperator): scrape_blizzard> on 2026-04-10 06:00:00+00:00
[2026-04-12T01:04:29.679+0000] {logging_mixin.py:188} WARNING - /home/***/.local/lib/python3.12/site-packages/***/task/task_runner/standard_task_runner.py:61 DeprecationWarning: This process (pid=183) is multi-threaded, use of fork() may lead to deadlocks in the child.
[2026-04-12T01:04:29.682+0000] {standard_task_runner.py:63} INFO - Started process 184 to run task
[2026-04-12T01:04:29.678+0000] {standard_task_runner.py:90} INFO - Running: ['***', 'tasks', 'run', 'overwatch2_pipeline', 'scrape_blizzard', 'scheduled__2026-04-10T06:00:00+00:00', '--job-id', '1279', '--raw', '--subdir', 'DAGS_FOLDER/overwatch2_pipeline.py', '--cfg-path', '/tmp/tmpgq2zx9ix']
[2026-04-12T01:04:29.687+0000] {standard_task_runner.py:91} INFO - Job 1279: Subtask scrape_blizzard
[2026-04-12T01:04:29.806+0000] {task_command.py:426} INFO - Running <TaskInstance: overwatch2_pipeline.scrape_blizzard scheduled__2026-04-10T06:00:00+00:00 [running]> on host e74ce4de20a5
[2026-04-12T01:04:30.009+0000] {taskinstance.py:2644} INFO - Exporting env vars: AIRFLOW_CTX_DAG_OWNER='angel' AIRFLOW_CTX_DAG_ID='overwatch2_pipeline' AIRFLOW_CTX_TASK_ID='scrape_blizzard' AIRFLOW_CTX_EXECUTION_DATE='2026-04-10T06:00:00+00:00' AIRFLOW_CTX_TRY_NUMBER='1' AIRFLOW_CTX_DAG_RUN_ID='scheduled__2026-04-10T06:00:00+00:00'
[2026-04-12T01:04:30.011+0000] {taskinstance.py:430} INFO - ::endgroup::
[2026-04-12T01:04:30.027+0000] {overwatch2_pipeline.py:294} INFO - ── Scrapeando URL 2: /en-us/heroes/ ──
[2026-04-12T01:04:30.677+0000] {overwatch2_pipeline.py:211} INFO -   ✅ URL 2 (/heroes/) → 0 dificultades extraidas
[2026-04-12T01:04:31.696+0000] {overwatch2_pipeline.py:300} INFO - ── Scrapeando URL 1: /en-us/rates/ ──
[2026-04-12T01:04:31.954+0000] {overwatch2_pipeline.py:319} INFO -   ✅ PC / Americas / rq=0 / tier=All → 50 heroes (limpios)
[2026-04-12T01:04:33.336+0000] {overwatch2_pipeline.py:319} INFO -   ✅ PC / Americas / rq=1 / tier=All → 50 heroes (limpios)
[2026-04-12T01:04:34.611+0000] {overwatch2_pipeline.py:319} INFO -   ✅ PC / Europe / rq=0 / tier=All → 50 heroes (limpios)
[2026-04-12T01:04:36.209+0000] {overwatch2_pipeline.py:319} INFO -   ✅ PC / Europe / rq=1 / tier=All → 50 heroes (limpios)
[2026-04-12T01:04:37.493+0000] {overwatch2_pipeline.py:319} INFO -   ✅ PC / Asia / rq=0 / tier=All → 50 heroes (limpios)
[2026-04-12T01:04:39.248+0000] {overwatch2_pipeline.py:319} INFO -   ✅ PC / Asia / rq=1 / tier=All → 50 heroes (limpios)
[2026-04-12T01:04:40.628+0000] {overwatch2_pipeline.py:319} INFO -   ✅ Console / Americas / rq=0 / tier=All → 50 heroes (limpios)
[2026-04-12T01:04:42.041+0000] {overwatch2_pipeline.py:319} INFO -   ✅ Console / Americas / rq=1 / tier=All → 50 heroes (limpios)
[2026-04-12T01:04:43.300+0000] {overwatch2_pipeline.py:319} INFO -   ✅ Console / Europe / rq=0 / tier=All → 50 heroes (limpios)
[2026-04-12T01:04:44.620+0000] {overwatch2_pipeline.py:319} INFO -   ✅ Console / Europe / rq=1 / tier=All → 50 heroes (limpios)
[2026-04-12T01:04:45.985+0000] {overwatch2_pipeline.py:319} INFO -   ✅ Console / Asia / rq=0 / tier=All → 50 heroes (limpios)
[2026-04-12T01:04:47.296+0000] {overwatch2_pipeline.py:319} INFO -   ✅ Console / Asia / rq=1 / tier=All → 50 heroes (limpios)
[2026-04-12T01:04:48.297+0000] {overwatch2_pipeline.py:326} INFO - ✅ Scrape completado: 600 registros | 0 errores
[2026-04-12T01:04:48.321+0000] {python.py:237} INFO - Done. Returned value was: None
[2026-04-12T01:04:48.322+0000] {taskinstance.py:441} INFO - ::group::Post task execution logs
[2026-04-12T01:04:48.333+0000] {taskinstance.py:1205} INFO - Marking task as SUCCESS. dag_id=overwatch2_pipeline, task_id=scrape_blizzard, execution_date=20260410T060000, start_date=20260412T010429, end_date=20260412T010448
[2026-04-12T01:04:48.387+0000] {local_task_job_runner.py:240} INFO - Task exited with return code 0
[2026-04-12T01:04:48.434+0000] {taskinstance.py:3482} INFO - 1 downstream tasks scheduled from follow-on schedule check
[2026-04-12T01:04:48.438+0000] {local_task_job_runner.py:222} INFO - ::endgroup::
