[2026-04-20T18:12:26.482+0000] {processor.py:161} INFO - Started process (PID=173) to work on /opt/airflow/dags/overwatch2_pipeline.py
[2026-04-20T18:12:26.483+0000] {processor.py:830} INFO - Processing file /opt/airflow/dags/overwatch2_pipeline.py for tasks to queue
[2026-04-20T18:12:26.485+0000] {logging_mixin.py:188} INFO - [2026-04-20T18:12:26.485+0000] {dagbag.py:540} INFO - Filling up the DagBag from /opt/airflow/dags/overwatch2_pipeline.py
[2026-04-20T18:12:26.513+0000] {processor.py:840} INFO - DAG(s) 'overwatch2_pipeline' retrieved from /opt/airflow/dags/overwatch2_pipeline.py
[2026-04-20T18:12:26.564+0000] {logging_mixin.py:188} INFO - [2026-04-20T18:12:26.563+0000] {dag.py:3096} INFO - Sync 1 DAGs
[2026-04-20T18:12:26.594+0000] {logging_mixin.py:188} INFO - [2026-04-20T18:12:26.594+0000] {dag.py:3954} INFO - Setting next_dagrun for overwatch2_pipeline to 2026-04-20 06:00:00+00:00, run_after=2026-04-21 06:00:00+00:00
[2026-04-20T18:12:26.616+0000] {processor.py:183} INFO - Processing /opt/airflow/dags/overwatch2_pipeline.py took 0.140 seconds
[2026-04-20T18:12:56.690+0000] {processor.py:161} INFO - Started process (PID=185) to work on /opt/airflow/dags/overwatch2_pipeline.py
[2026-04-20T18:12:56.691+0000] {processor.py:830} INFO - Processing file /opt/airflow/dags/overwatch2_pipeline.py for tasks to queue
[2026-04-20T18:12:56.693+0000] {logging_mixin.py:188} INFO - [2026-04-20T18:12:56.692+0000] {dagbag.py:540} INFO - Filling up the DagBag from /opt/airflow/dags/overwatch2_pipeline.py
[2026-04-20T18:12:56.726+0000] {processor.py:840} INFO - DAG(s) 'overwatch2_pipeline' retrieved from /opt/airflow/dags/overwatch2_pipeline.py
[2026-04-20T18:12:56.740+0000] {logging_mixin.py:188} INFO - [2026-04-20T18:12:56.740+0000] {dag.py:3096} INFO - Sync 1 DAGs
[2026-04-20T18:12:56.764+0000] {logging_mixin.py:188} INFO - [2026-04-20T18:12:56.764+0000] {dag.py:3954} INFO - Setting next_dagrun for overwatch2_pipeline to 2026-04-20 06:00:00+00:00, run_after=2026-04-21 06:00:00+00:00
[2026-04-20T18:12:56.784+0000] {processor.py:183} INFO - Processing /opt/airflow/dags/overwatch2_pipeline.py took 0.101 seconds
[2026-04-20T18:13:26.955+0000] {processor.py:161} INFO - Started process (PID=190) to work on /opt/airflow/dags/overwatch2_pipeline.py
[2026-04-20T18:13:26.956+0000] {processor.py:830} INFO - Processing file /opt/airflow/dags/overwatch2_pipeline.py for tasks to queue
[2026-04-20T18:13:26.959+0000] {logging_mixin.py:188} INFO - [2026-04-20T18:13:26.958+0000] {dagbag.py:540} INFO - Filling up the DagBag from /opt/airflow/dags/overwatch2_pipeline.py
[2026-04-20T18:13:26.985+0000] {processor.py:840} INFO - DAG(s) 'overwatch2_pipeline' retrieved from /opt/airflow/dags/overwatch2_pipeline.py
[2026-04-20T18:13:27.143+0000] {logging_mixin.py:188} INFO - [2026-04-20T18:13:27.143+0000] {dag.py:3096} INFO - Sync 1 DAGs
[2026-04-20T18:13:27.163+0000] {logging_mixin.py:188} INFO - [2026-04-20T18:13:27.163+0000] {dag.py:3954} INFO - Setting next_dagrun for overwatch2_pipeline to 2026-04-20 06:00:00+00:00, run_after=2026-04-21 06:00:00+00:00
[2026-04-20T18:13:27.184+0000] {processor.py:183} INFO - Processing /opt/airflow/dags/overwatch2_pipeline.py took 0.235 seconds
[2026-04-20T18:13:57.402+0000] {processor.py:161} INFO - Started process (PID=195) to work on /opt/airflow/dags/overwatch2_pipeline.py
[2026-04-20T18:13:57.403+0000] {processor.py:830} INFO - Processing file /opt/airflow/dags/overwatch2_pipeline.py for tasks to queue
[2026-04-20T18:13:57.405+0000] {logging_mixin.py:188} INFO - [2026-04-20T18:13:57.404+0000] {dagbag.py:540} INFO - Filling up the DagBag from /opt/airflow/dags/overwatch2_pipeline.py
[2026-04-20T18:13:57.430+0000] {processor.py:840} INFO - DAG(s) 'overwatch2_pipeline' retrieved from /opt/airflow/dags/overwatch2_pipeline.py
[2026-04-20T18:13:57.467+0000] {logging_mixin.py:188} INFO - [2026-04-20T18:13:57.467+0000] {dag.py:3096} INFO - Sync 1 DAGs
[2026-04-20T18:13:57.492+0000] {logging_mixin.py:188} INFO - [2026-04-20T18:13:57.492+0000] {dag.py:3954} INFO - Setting next_dagrun for overwatch2_pipeline to 2026-04-20 06:00:00+00:00, run_after=2026-04-21 06:00:00+00:00
[2026-04-20T18:13:57.512+0000] {processor.py:183} INFO - Processing /opt/airflow/dags/overwatch2_pipeline.py took 0.116 seconds
[2026-04-20T18:14:27.577+0000] {processor.py:161} INFO - Started process (PID=200) to work on /opt/airflow/dags/overwatch2_pipeline.py
[2026-04-20T18:14:27.578+0000] {processor.py:830} INFO - Processing file /opt/airflow/dags/overwatch2_pipeline.py for tasks to queue
[2026-04-20T18:14:27.579+0000] {logging_mixin.py:188} INFO - [2026-04-20T18:14:27.579+0000] {dagbag.py:540} INFO - Filling up the DagBag from /opt/airflow/dags/overwatch2_pipeline.py
[2026-04-20T18:14:27.607+0000] {processor.py:840} INFO - DAG(s) 'overwatch2_pipeline' retrieved from /opt/airflow/dags/overwatch2_pipeline.py
[2026-04-20T18:14:27.642+0000] {logging_mixin.py:188} INFO - [2026-04-20T18:14:27.641+0000] {dag.py:3096} INFO - Sync 1 DAGs
[2026-04-20T18:14:27.665+0000] {logging_mixin.py:188} INFO - [2026-04-20T18:14:27.665+0000] {dag.py:3954} INFO - Setting next_dagrun for overwatch2_pipeline to 2026-04-20 06:00:00+00:00, run_after=2026-04-21 06:00:00+00:00
[2026-04-20T18:14:27.684+0000] {processor.py:183} INFO - Processing /opt/airflow/dags/overwatch2_pipeline.py took 0.112 seconds
[2026-04-20T18:14:57.774+0000] {processor.py:161} INFO - Started process (PID=269) to work on /opt/airflow/dags/overwatch2_pipeline.py
[2026-04-20T18:14:57.775+0000] {processor.py:830} INFO - Processing file /opt/airflow/dags/overwatch2_pipeline.py for tasks to queue
[2026-04-20T18:14:57.778+0000] {logging_mixin.py:188} INFO - [2026-04-20T18:14:57.777+0000] {dagbag.py:540} INFO - Filling up the DagBag from /opt/airflow/dags/overwatch2_pipeline.py
[2026-04-20T18:14:57.807+0000] {processor.py:840} INFO - DAG(s) 'overwatch2_pipeline' retrieved from /opt/airflow/dags/overwatch2_pipeline.py
[2026-04-20T18:14:57.845+0000] {logging_mixin.py:188} INFO - [2026-04-20T18:14:57.845+0000] {dag.py:3096} INFO - Sync 1 DAGs
[2026-04-20T18:14:57.870+0000] {logging_mixin.py:188} INFO - [2026-04-20T18:14:57.870+0000] {dag.py:3954} INFO - Setting next_dagrun for overwatch2_pipeline to 2026-04-20 06:00:00+00:00, run_after=2026-04-21 06:00:00+00:00
[2026-04-20T18:14:57.893+0000] {processor.py:183} INFO - Processing /opt/airflow/dags/overwatch2_pipeline.py took 0.127 seconds
[2026-04-20T18:15:32.958+0000] {processor.py:161} INFO - Started process (PID=168) to work on /opt/airflow/dags/overwatch2_pipeline.py
[2026-04-20T18:15:32.959+0000] {processor.py:830} INFO - Processing file /opt/airflow/dags/overwatch2_pipeline.py for tasks to queue
[2026-04-20T18:15:32.962+0000] {logging_mixin.py:188} INFO - [2026-04-20T18:15:32.962+0000] {dagbag.py:540} INFO - Filling up the DagBag from /opt/airflow/dags/overwatch2_pipeline.py
[2026-04-20T18:15:32.992+0000] {processor.py:840} INFO - DAG(s) 'overwatch2_pipeline' retrieved from /opt/airflow/dags/overwatch2_pipeline.py
[2026-04-20T18:15:33.026+0000] {logging_mixin.py:188} INFO - [2026-04-20T18:15:33.025+0000] {dag.py:3096} INFO - Sync 1 DAGs
[2026-04-20T18:15:33.056+0000] {logging_mixin.py:188} INFO - [2026-04-20T18:15:33.056+0000] {dag.py:3954} INFO - Setting next_dagrun for overwatch2_pipeline to 2026-04-20 06:00:00+00:00, run_after=2026-04-21 06:00:00+00:00
[2026-04-20T18:15:33.086+0000] {processor.py:183} INFO - Processing /opt/airflow/dags/overwatch2_pipeline.py took 0.135 seconds
[2026-04-20T18:16:03.199+0000] {processor.py:161} INFO - Started process (PID=181) to work on /opt/airflow/dags/overwatch2_pipeline.py
[2026-04-20T18:16:03.201+0000] {processor.py:830} INFO - Processing file /opt/airflow/dags/overwatch2_pipeline.py for tasks to queue
[2026-04-20T18:16:03.203+0000] {logging_mixin.py:188} INFO - [2026-04-20T18:16:03.203+0000] {dagbag.py:540} INFO - Filling up the DagBag from /opt/airflow/dags/overwatch2_pipeline.py
[2026-04-20T18:16:03.245+0000] {processor.py:840} INFO - DAG(s) 'overwatch2_pipeline' retrieved from /opt/airflow/dags/overwatch2_pipeline.py
[2026-04-20T18:16:03.395+0000] {logging_mixin.py:188} INFO - [2026-04-20T18:16:03.394+0000] {dag.py:3096} INFO - Sync 1 DAGs
[2026-04-20T18:16:03.419+0000] {logging_mixin.py:188} INFO - [2026-04-20T18:16:03.419+0000] {dag.py:3954} INFO - Setting next_dagrun for overwatch2_pipeline to 2026-04-20 06:00:00+00:00, run_after=2026-04-21 06:00:00+00:00
[2026-04-20T18:16:03.440+0000] {processor.py:183} INFO - Processing /opt/airflow/dags/overwatch2_pipeline.py took 0.249 seconds
[2026-04-20T18:16:47.843+0000] {processor.py:161} INFO - Started process (PID=168) to work on /opt/airflow/dags/overwatch2_pipeline.py
[2026-04-20T18:16:47.844+0000] {processor.py:830} INFO - Processing file /opt/airflow/dags/overwatch2_pipeline.py for tasks to queue
[2026-04-20T18:16:47.847+0000] {logging_mixin.py:188} INFO - [2026-04-20T18:16:47.846+0000] {dagbag.py:540} INFO - Filling up the DagBag from /opt/airflow/dags/overwatch2_pipeline.py
[2026-04-20T18:16:47.874+0000] {processor.py:840} INFO - DAG(s) 'overwatch2_pipeline' retrieved from /opt/airflow/dags/overwatch2_pipeline.py
[2026-04-20T18:16:47.904+0000] {logging_mixin.py:188} INFO - [2026-04-20T18:16:47.903+0000] {dag.py:3096} INFO - Sync 1 DAGs
[2026-04-20T18:16:47.933+0000] {logging_mixin.py:188} INFO - [2026-04-20T18:16:47.933+0000] {dag.py:3954} INFO - Setting next_dagrun for overwatch2_pipeline to 2026-04-20 06:00:00+00:00, run_after=2026-04-21 06:00:00+00:00
[2026-04-20T18:16:47.954+0000] {processor.py:183} INFO - Processing /opt/airflow/dags/overwatch2_pipeline.py took 0.119 seconds
[2026-04-20T18:17:18.052+0000] {processor.py:161} INFO - Started process (PID=173) to work on /opt/airflow/dags/overwatch2_pipeline.py
[2026-04-20T18:17:18.053+0000] {processor.py:830} INFO - Processing file /opt/airflow/dags/overwatch2_pipeline.py for tasks to queue
[2026-04-20T18:17:18.056+0000] {logging_mixin.py:188} INFO - [2026-04-20T18:17:18.055+0000] {dagbag.py:540} INFO - Filling up the DagBag from /opt/airflow/dags/overwatch2_pipeline.py
[2026-04-20T18:17:18.090+0000] {processor.py:840} INFO - DAG(s) 'overwatch2_pipeline' retrieved from /opt/airflow/dags/overwatch2_pipeline.py
[2026-04-20T18:17:18.204+0000] {logging_mixin.py:188} INFO - [2026-04-20T18:17:18.204+0000] {dag.py:3096} INFO - Sync 1 DAGs
[2026-04-20T18:17:18.224+0000] {logging_mixin.py:188} INFO - [2026-04-20T18:17:18.224+0000] {dag.py:3954} INFO - Setting next_dagrun for overwatch2_pipeline to 2026-04-20 06:00:00+00:00, run_after=2026-04-21 06:00:00+00:00
[2026-04-20T18:17:18.245+0000] {processor.py:183} INFO - Processing /opt/airflow/dags/overwatch2_pipeline.py took 0.200 seconds
[2026-04-20T18:17:48.325+0000] {processor.py:161} INFO - Started process (PID=178) to work on /opt/airflow/dags/overwatch2_pipeline.py
[2026-04-20T18:17:48.326+0000] {processor.py:830} INFO - Processing file /opt/airflow/dags/overwatch2_pipeline.py for tasks to queue
[2026-04-20T18:17:48.329+0000] {logging_mixin.py:188} INFO - [2026-04-20T18:17:48.328+0000] {dagbag.py:540} INFO - Filling up the DagBag from /opt/airflow/dags/overwatch2_pipeline.py
[2026-04-20T18:17:48.362+0000] {processor.py:840} INFO - DAG(s) 'overwatch2_pipeline' retrieved from /opt/airflow/dags/overwatch2_pipeline.py
[2026-04-20T18:17:48.407+0000] {logging_mixin.py:188} INFO - [2026-04-20T18:17:48.406+0000] {dag.py:3096} INFO - Sync 1 DAGs
[2026-04-20T18:17:48.434+0000] {logging_mixin.py:188} INFO - [2026-04-20T18:17:48.434+0000] {dag.py:3954} INFO - Setting next_dagrun for overwatch2_pipeline to 2026-04-20 06:00:00+00:00, run_after=2026-04-21 06:00:00+00:00
[2026-04-20T18:17:48.460+0000] {processor.py:183} INFO - Processing /opt/airflow/dags/overwatch2_pipeline.py took 0.145 seconds
[2026-04-20T18:18:18.594+0000] {processor.py:161} INFO - Started process (PID=183) to work on /opt/airflow/dags/overwatch2_pipeline.py
[2026-04-20T18:18:18.595+0000] {processor.py:830} INFO - Processing file /opt/airflow/dags/overwatch2_pipeline.py for tasks to queue
[2026-04-20T18:18:18.598+0000] {logging_mixin.py:188} INFO - [2026-04-20T18:18:18.598+0000] {dagbag.py:540} INFO - Filling up the DagBag from /opt/airflow/dags/overwatch2_pipeline.py
[2026-04-20T18:18:18.625+0000] {processor.py:840} INFO - DAG(s) 'overwatch2_pipeline' retrieved from /opt/airflow/dags/overwatch2_pipeline.py
[2026-04-20T18:18:18.661+0000] {logging_mixin.py:188} INFO - [2026-04-20T18:18:18.661+0000] {dag.py:3096} INFO - Sync 1 DAGs
[2026-04-20T18:18:18.687+0000] {logging_mixin.py:188} INFO - [2026-04-20T18:18:18.687+0000] {dag.py:3954} INFO - Setting next_dagrun for overwatch2_pipeline to 2026-04-20 06:00:00+00:00, run_after=2026-04-21 06:00:00+00:00
[2026-04-20T18:18:18.708+0000] {processor.py:183} INFO - Processing /opt/airflow/dags/overwatch2_pipeline.py took 0.121 seconds
[2026-04-20T18:18:48.790+0000] {processor.py:161} INFO - Started process (PID=188) to work on /opt/airflow/dags/overwatch2_pipeline.py
[2026-04-20T18:18:48.791+0000] {processor.py:830} INFO - Processing file /opt/airflow/dags/overwatch2_pipeline.py for tasks to queue
[2026-04-20T18:18:48.793+0000] {logging_mixin.py:188} INFO - [2026-04-20T18:18:48.793+0000] {dagbag.py:540} INFO - Filling up the DagBag from /opt/airflow/dags/overwatch2_pipeline.py
[2026-04-20T18:18:48.817+0000] {processor.py:840} INFO - DAG(s) 'overwatch2_pipeline' retrieved from /opt/airflow/dags/overwatch2_pipeline.py
[2026-04-20T18:18:48.846+0000] {logging_mixin.py:188} INFO - [2026-04-20T18:18:48.846+0000] {dag.py:3096} INFO - Sync 1 DAGs
[2026-04-20T18:18:48.871+0000] {logging_mixin.py:188} INFO - [2026-04-20T18:18:48.871+0000] {dag.py:3954} INFO - Setting next_dagrun for overwatch2_pipeline to 2026-04-20 06:00:00+00:00, run_after=2026-04-21 06:00:00+00:00
[2026-04-20T18:18:48.894+0000] {processor.py:183} INFO - Processing /opt/airflow/dags/overwatch2_pipeline.py took 0.109 seconds
[2026-04-20T18:21:09.228+0000] {processor.py:161} INFO - Started process (PID=178) to work on /opt/airflow/dags/overwatch2_pipeline.py
[2026-04-20T18:21:09.229+0000] {processor.py:830} INFO - Processing file /opt/airflow/dags/overwatch2_pipeline.py for tasks to queue
[2026-04-20T18:21:09.231+0000] {logging_mixin.py:188} INFO - [2026-04-20T18:21:09.230+0000] {dagbag.py:540} INFO - Filling up the DagBag from /opt/airflow/dags/overwatch2_pipeline.py
[2026-04-20T18:21:09.257+0000] {processor.py:840} INFO - DAG(s) 'overwatch2_pipeline' retrieved from /opt/airflow/dags/overwatch2_pipeline.py
[2026-04-20T18:21:09.308+0000] {logging_mixin.py:188} INFO - [2026-04-20T18:21:09.308+0000] {dag.py:3096} INFO - Sync 1 DAGs
[2026-04-20T18:21:09.337+0000] {logging_mixin.py:188} INFO - [2026-04-20T18:21:09.337+0000] {dag.py:3954} INFO - Setting next_dagrun for overwatch2_pipeline to 2026-04-20 06:00:00+00:00, run_after=2026-04-21 06:00:00+00:00
[2026-04-20T18:21:09.359+0000] {processor.py:183} INFO - Processing /opt/airflow/dags/overwatch2_pipeline.py took 0.136 seconds
[2026-04-20T18:21:39.429+0000] {processor.py:161} INFO - Started process (PID=192) to work on /opt/airflow/dags/overwatch2_pipeline.py
[2026-04-20T18:21:39.430+0000] {processor.py:830} INFO - Processing file /opt/airflow/dags/overwatch2_pipeline.py for tasks to queue
[2026-04-20T18:21:39.431+0000] {logging_mixin.py:188} INFO - [2026-04-20T18:21:39.431+0000] {dagbag.py:540} INFO - Filling up the DagBag from /opt/airflow/dags/overwatch2_pipeline.py
[2026-04-20T18:21:39.458+0000] {processor.py:840} INFO - DAG(s) 'overwatch2_pipeline' retrieved from /opt/airflow/dags/overwatch2_pipeline.py
[2026-04-20T18:21:39.472+0000] {logging_mixin.py:188} INFO - [2026-04-20T18:21:39.472+0000] {dag.py:3096} INFO - Sync 1 DAGs
[2026-04-20T18:21:39.494+0000] {logging_mixin.py:188} INFO - [2026-04-20T18:21:39.494+0000] {dag.py:3954} INFO - Setting next_dagrun for overwatch2_pipeline to 2026-04-20 06:00:00+00:00, run_after=2026-04-21 06:00:00+00:00
[2026-04-20T18:21:39.512+0000] {processor.py:183} INFO - Processing /opt/airflow/dags/overwatch2_pipeline.py took 0.089 seconds
