[2026-03-11T15:16:46.920+0000] {local_task_job_runner.py:120} INFO - ::group::Pre task execution logs
[2026-03-11T15:16:46.961+0000] {taskinstance.py:2073} INFO - Dependencies all met for dep_context=non-requeueable deps ti=<TaskInstance: overwatch2_pipeline.etl_principal scheduled__2026-03-10T00:00:00+00:00 [queued]>
[2026-03-11T15:16:46.969+0000] {taskinstance.py:2073} INFO - Dependencies all met for dep_context=requeueable deps ti=<TaskInstance: overwatch2_pipeline.etl_principal scheduled__2026-03-10T00:00:00+00:00 [queued]>
[2026-03-11T15:16:46.970+0000] {taskinstance.py:2303} INFO - Starting attempt 2 of 3
[2026-03-11T15:16:46.984+0000] {taskinstance.py:2327} INFO - Executing <Task(PythonOperator): etl_principal> on 2026-03-10 00:00:00+00:00
[2026-03-11T15:16:46.996+0000] {logging_mixin.py:188} WARNING - /home/***/.local/lib/python3.12/site-packages/***/task/task_runner/standard_task_runner.py:61 DeprecationWarning: This process (pid=318) is multi-threaded, use of fork() may lead to deadlocks in the child.
[2026-03-11T15:16:46.998+0000] {standard_task_runner.py:63} INFO - Started process 319 to run task
[2026-03-11T15:16:46.996+0000] {standard_task_runner.py:90} INFO - Running: ['***', 'tasks', 'run', 'overwatch2_pipeline', 'etl_principal', 'scheduled__2026-03-10T00:00:00+00:00', '--job-id', '59', '--raw', '--subdir', 'DAGS_FOLDER/overwatch2_pipeline.py', '--cfg-path', '/tmp/tmp7xj4whrm']
[2026-03-11T15:16:46.998+0000] {standard_task_runner.py:91} INFO - Job 59: Subtask etl_principal
[2026-03-11T15:16:47.071+0000] {task_command.py:426} INFO - Running <TaskInstance: overwatch2_pipeline.etl_principal scheduled__2026-03-10T00:00:00+00:00 [running]> on host d57c35dcabbf
[2026-03-11T15:16:47.162+0000] {taskinstance.py:2644} INFO - Exporting env vars: AIRFLOW_CTX_DAG_OWNER='angel' AIRFLOW_CTX_DAG_ID='overwatch2_pipeline' AIRFLOW_CTX_TASK_ID='etl_principal' AIRFLOW_CTX_EXECUTION_DATE='2026-03-10T00:00:00+00:00' AIRFLOW_CTX_TRY_NUMBER='2' AIRFLOW_CTX_DAG_RUN_ID='scheduled__2026-03-10T00:00:00+00:00'
[2026-03-11T15:16:47.163+0000] {taskinstance.py:430} INFO - ::endgroup::
[2026-03-11T15:16:47.243+0000] {taskinstance.py:441} INFO - ::group::Post task execution logs
[2026-03-11T15:16:47.244+0000] {taskinstance.py:2890} ERROR - Task failed with exception
Traceback (most recent call last):
  File "/home/airflow/.local/lib/python3.12/site-packages/airflow/models/taskinstance.py", line 465, in _execute_task
    result = _execute_callable(context=context, **execute_callable_kwargs)
             ^^^^^^^^^^^^^^^^^^^^^^^^^^^^^^^^^^^^^^^^^^^^^^^^^^^^^^^^^^^^^
  File "/home/airflow/.local/lib/python3.12/site-packages/airflow/models/taskinstance.py", line 432, in _execute_callable
    return execute_callable(context=context, **execute_callable_kwargs)
           ^^^^^^^^^^^^^^^^^^^^^^^^^^^^^^^^^^^^^^^^^^^^^^^^^^^^^^^^^^^^
  File "/home/airflow/.local/lib/python3.12/site-packages/airflow/models/baseoperator.py", line 400, in wrapper
    return func(self, *args, **kwargs)
           ^^^^^^^^^^^^^^^^^^^^^^^^^^^
  File "/home/airflow/.local/lib/python3.12/site-packages/airflow/operators/python.py", line 235, in execute
    return_value = self.execute_callable()
                   ^^^^^^^^^^^^^^^^^^^^^^^
  File "/home/airflow/.local/lib/python3.12/site-packages/airflow/operators/python.py", line 252, in execute_callable
    return self.python_callable(*self.op_args, **self.op_kwargs)
           ^^^^^^^^^^^^^^^^^^^^^^^^^^^^^^^^^^^^^^^^^^^^^^^^^^^^^
  File "/opt/airflow/dags/overwatch2_pipeline.py", line 212, in task_etl_principal
    cur.execute("INSERT INTO public.dim_contexto (plataforma, modo_juego) VALUES (%s, %s) RETURNING id_contexto", (plat, modo))
psycopg2.errors.NotNullViolation: el valor nulo en la columna «tier» de la relación «dim_contexto» viola la restricción “not-null”
DETAIL:  La fila que falla contiene (8, PC, competitive-role-queue, null).

[2026-03-11T15:16:47.260+0000] {taskinstance.py:1205} INFO - Marking task as UP_FOR_RETRY. dag_id=overwatch2_pipeline, task_id=etl_principal, execution_date=20260310T000000, start_date=20260311T151646, end_date=20260311T151647
[2026-03-11T15:16:47.271+0000] {standard_task_runner.py:110} ERROR - Failed to execute job 59 for task etl_principal (el valor nulo en la columna «tier» de la relación «dim_contexto» viola la restricción “not-null”
DETAIL:  La fila que falla contiene (8, PC, competitive-role-queue, null).
; 319)
[2026-03-11T15:16:47.293+0000] {local_task_job_runner.py:240} INFO - Task exited with return code 1
[2026-03-11T15:16:47.317+0000] {taskinstance.py:3482} INFO - 0 downstream tasks scheduled from follow-on schedule check
[2026-03-11T15:16:47.320+0000] {local_task_job_runner.py:222} INFO - ::endgroup::
