[2026-03-26T12:41:08.057+0000] {local_task_job_runner.py:120} INFO - ::group::Pre task execution logs
[2026-03-26T12:41:08.126+0000] {taskinstance.py:2073} INFO - Dependencies all met for dep_context=non-requeueable deps ti=<TaskInstance: overwatch2_pipeline.crear_indices manual__2026-03-24T17:42:16.857800+00:00 [queued]>
[2026-03-26T12:41:08.146+0000] {taskinstance.py:2073} INFO - Dependencies all met for dep_context=requeueable deps ti=<TaskInstance: overwatch2_pipeline.crear_indices manual__2026-03-24T17:42:16.857800+00:00 [queued]>
[2026-03-26T12:41:08.147+0000] {taskinstance.py:2303} INFO - Starting attempt 1 of 3
[2026-03-26T12:41:08.178+0000] {taskinstance.py:2327} INFO - Executing <Task(PythonOperator): crear_indices> on 2026-03-24 17:42:16.857800+00:00
[2026-03-26T12:41:08.192+0000] {logging_mixin.py:188} WARNING - /home/***/.local/lib/python3.12/site-packages/***/task/task_runner/standard_task_runner.py:61 DeprecationWarning: This process (pid=667) is multi-threaded, use of fork() may lead to deadlocks in the child.
[2026-03-26T12:41:08.194+0000] {standard_task_runner.py:63} INFO - Started process 677 to run task
[2026-03-26T12:41:08.191+0000] {standard_task_runner.py:90} INFO - Running: ['***', 'tasks', 'run', 'overwatch2_pipeline', 'crear_indices', 'manual__2026-03-24T17:42:16.857800+00:00', '--job-id', '948', '--raw', '--subdir', 'DAGS_FOLDER/overwatch2_pipeline.py', '--cfg-path', '/tmp/tmp4w9kemd5']
[2026-03-26T12:41:08.196+0000] {standard_task_runner.py:91} INFO - Job 948: Subtask crear_indices
[2026-03-26T12:41:08.347+0000] {task_command.py:426} INFO - Running <TaskInstance: overwatch2_pipeline.crear_indices manual__2026-03-24T17:42:16.857800+00:00 [running]> on host 5f83853c16fb
[2026-03-26T12:41:08.658+0000] {taskinstance.py:2644} INFO - Exporting env vars: AIRFLOW_CTX_DAG_OWNER='angel' AIRFLOW_CTX_DAG_ID='overwatch2_pipeline' AIRFLOW_CTX_TASK_ID='crear_indices' AIRFLOW_CTX_EXECUTION_DATE='2026-03-24T17:42:16.857800+00:00' AIRFLOW_CTX_TRY_NUMBER='1' AIRFLOW_CTX_DAG_RUN_ID='manual__2026-03-24T17:42:16.857800+00:00'
[2026-03-26T12:41:08.666+0000] {taskinstance.py:430} INFO - ::endgroup::
[2026-03-26T12:41:08.822+0000] {overwatch2_pipeline.py:263} INFO -   ✅ fact_id_heroe
[2026-03-26T12:41:08.827+0000] {overwatch2_pipeline.py:263} INFO -   ✅ fact_id_tiempo
[2026-03-26T12:41:08.834+0000] {overwatch2_pipeline.py:263} INFO -   ✅ fact_id_contexto
[2026-03-26T12:41:08.840+0000] {overwatch2_pipeline.py:263} INFO -   ✅ fact_id_escenario
[2026-03-26T12:41:08.846+0000] {overwatch2_pipeline.py:263} INFO -   ✅ tiempo_fecha
[2026-03-26T12:41:08.849+0000] {overwatch2_pipeline.py:263} INFO -   ✅ heroe_nombre
[2026-03-26T12:41:08.868+0000] {overwatch2_pipeline.py:263} INFO -   ✅ heroe_rol
[2026-03-26T12:41:08.895+0000] {overwatch2_pipeline.py:263} INFO -   ✅ contexto_plat
[2026-03-26T12:41:08.906+0000] {overwatch2_pipeline.py:263} INFO -   ✅ contexto_modo
[2026-03-26T12:41:08.914+0000] {overwatch2_pipeline.py:263} INFO -   ✅ escenario_region
[2026-03-26T12:41:08.922+0000] {overwatch2_pipeline.py:263} INFO -   ✅ escenario_mapa
[2026-03-26T12:41:08.926+0000] {overwatch2_pipeline.py:267} INFO - ✅ Indices creados/verificados correctamente
[2026-03-26T12:41:08.929+0000] {python.py:237} INFO - Done. Returned value was: None
[2026-03-26T12:41:08.930+0000] {taskinstance.py:441} INFO - ::group::Post task execution logs
[2026-03-26T12:41:08.948+0000] {taskinstance.py:1205} INFO - Marking task as SUCCESS. dag_id=overwatch2_pipeline, task_id=crear_indices, execution_date=20260324T174216, start_date=20260326T124108, end_date=20260326T124108
[2026-03-26T12:41:08.986+0000] {local_task_job_runner.py:240} INFO - Task exited with return code 0
[2026-03-26T12:41:09.088+0000] {taskinstance.py:3482} INFO - 1 downstream tasks scheduled from follow-on schedule check
[2026-03-26T12:41:09.097+0000] {local_task_job_runner.py:222} INFO - ::endgroup::
