[2026-04-15T02:23:53.076+0000] {processor.py:161} INFO - Started process (PID=171) to work on /opt/airflow/dags/overwatch2_pipeline.py
[2026-04-15T02:23:53.077+0000] {processor.py:830} INFO - Processing file /opt/airflow/dags/overwatch2_pipeline.py for tasks to queue
[2026-04-15T02:23:53.080+0000] {logging_mixin.py:188} INFO - [2026-04-15T02:23:53.079+0000] {dagbag.py:540} INFO - Filling up the DagBag from /opt/airflow/dags/overwatch2_pipeline.py
[2026-04-15T02:23:53.106+0000] {processor.py:840} INFO - DAG(s) 'overwatch2_pipeline' retrieved from /opt/airflow/dags/overwatch2_pipeline.py
[2026-04-15T02:23:53.160+0000] {logging_mixin.py:188} INFO - [2026-04-15T02:23:53.160+0000] {dag.py:3096} INFO - Sync 1 DAGs
[2026-04-15T02:23:53.191+0000] {logging_mixin.py:188} INFO - [2026-04-15T02:23:53.191+0000] {dag.py:3954} INFO - Setting next_dagrun for overwatch2_pipeline to 2026-04-14 06:00:00+00:00, run_after=2026-04-15 06:00:00+00:00
[2026-04-15T02:23:53.215+0000] {processor.py:183} INFO - Processing /opt/airflow/dags/overwatch2_pipeline.py took 0.146 seconds
[2026-04-15T02:24:23.308+0000] {processor.py:161} INFO - Started process (PID=188) to work on /opt/airflow/dags/overwatch2_pipeline.py
[2026-04-15T02:24:23.309+0000] {processor.py:830} INFO - Processing file /opt/airflow/dags/overwatch2_pipeline.py for tasks to queue
[2026-04-15T02:24:23.312+0000] {logging_mixin.py:188} INFO - [2026-04-15T02:24:23.312+0000] {dagbag.py:540} INFO - Filling up the DagBag from /opt/airflow/dags/overwatch2_pipeline.py
[2026-04-15T02:24:23.351+0000] {processor.py:840} INFO - DAG(s) 'overwatch2_pipeline' retrieved from /opt/airflow/dags/overwatch2_pipeline.py
[2026-04-15T02:24:23.369+0000] {logging_mixin.py:188} INFO - [2026-04-15T02:24:23.368+0000] {dag.py:3096} INFO - Sync 1 DAGs
[2026-04-15T02:24:23.397+0000] {logging_mixin.py:188} INFO - [2026-04-15T02:24:23.397+0000] {dag.py:3954} INFO - Setting next_dagrun for overwatch2_pipeline to 2026-04-14 06:00:00+00:00, run_after=2026-04-15 06:00:00+00:00
[2026-04-15T02:24:23.421+0000] {processor.py:183} INFO - Processing /opt/airflow/dags/overwatch2_pipeline.py took 0.123 seconds
[2026-04-15T13:44:54.595+0000] {processor.py:161} INFO - Started process (PID=174) to work on /opt/airflow/dags/overwatch2_pipeline.py
[2026-04-15T13:44:54.596+0000] {processor.py:830} INFO - Processing file /opt/airflow/dags/overwatch2_pipeline.py for tasks to queue
[2026-04-15T13:44:54.598+0000] {logging_mixin.py:188} INFO - [2026-04-15T13:44:54.598+0000] {dagbag.py:540} INFO - Filling up the DagBag from /opt/airflow/dags/overwatch2_pipeline.py
[2026-04-15T13:44:54.625+0000] {processor.py:840} INFO - DAG(s) 'overwatch2_pipeline' retrieved from /opt/airflow/dags/overwatch2_pipeline.py
[2026-04-15T13:44:54.820+0000] {logging_mixin.py:188} INFO - [2026-04-15T13:44:54.820+0000] {dag.py:3096} INFO - Sync 1 DAGs
[2026-04-15T13:44:54.845+0000] {logging_mixin.py:188} INFO - [2026-04-15T13:44:54.845+0000] {dag.py:3954} INFO - Setting next_dagrun for overwatch2_pipeline to 2026-04-15 06:00:00+00:00, run_after=2026-04-16 06:00:00+00:00
[2026-04-15T13:44:54.873+0000] {processor.py:183} INFO - Processing /opt/airflow/dags/overwatch2_pipeline.py took 0.284 seconds
[2026-04-15T13:45:25.114+0000] {processor.py:161} INFO - Started process (PID=191) to work on /opt/airflow/dags/overwatch2_pipeline.py
[2026-04-15T13:45:25.115+0000] {processor.py:830} INFO - Processing file /opt/airflow/dags/overwatch2_pipeline.py for tasks to queue
[2026-04-15T13:45:25.117+0000] {logging_mixin.py:188} INFO - [2026-04-15T13:45:25.117+0000] {dagbag.py:540} INFO - Filling up the DagBag from /opt/airflow/dags/overwatch2_pipeline.py
[2026-04-15T13:45:25.154+0000] {processor.py:840} INFO - DAG(s) 'overwatch2_pipeline' retrieved from /opt/airflow/dags/overwatch2_pipeline.py
[2026-04-15T13:45:25.171+0000] {logging_mixin.py:188} INFO - [2026-04-15T13:45:25.171+0000] {dag.py:3096} INFO - Sync 1 DAGs
[2026-04-15T13:45:25.196+0000] {logging_mixin.py:188} INFO - [2026-04-15T13:45:25.196+0000] {dag.py:3954} INFO - Setting next_dagrun for overwatch2_pipeline to 2026-04-15 06:00:00+00:00, run_after=2026-04-16 06:00:00+00:00
[2026-04-15T13:45:25.216+0000] {processor.py:183} INFO - Processing /opt/airflow/dags/overwatch2_pipeline.py took 0.111 seconds
[2026-04-15T13:45:55.319+0000] {processor.py:161} INFO - Started process (PID=204) to work on /opt/airflow/dags/overwatch2_pipeline.py
[2026-04-15T13:45:55.320+0000] {processor.py:830} INFO - Processing file /opt/airflow/dags/overwatch2_pipeline.py for tasks to queue
[2026-04-15T13:45:55.322+0000] {logging_mixin.py:188} INFO - [2026-04-15T13:45:55.322+0000] {dagbag.py:540} INFO - Filling up the DagBag from /opt/airflow/dags/overwatch2_pipeline.py
[2026-04-15T13:45:55.354+0000] {processor.py:840} INFO - DAG(s) 'overwatch2_pipeline' retrieved from /opt/airflow/dags/overwatch2_pipeline.py
[2026-04-15T13:45:55.473+0000] {logging_mixin.py:188} INFO - [2026-04-15T13:45:55.473+0000] {dag.py:3096} INFO - Sync 1 DAGs
[2026-04-15T13:45:55.501+0000] {logging_mixin.py:188} INFO - [2026-04-15T13:45:55.500+0000] {dag.py:3954} INFO - Setting next_dagrun for overwatch2_pipeline to 2026-04-15 06:00:00+00:00, run_after=2026-04-16 06:00:00+00:00
[2026-04-15T13:45:55.526+0000] {processor.py:183} INFO - Processing /opt/airflow/dags/overwatch2_pipeline.py took 0.213 seconds
