[2026-03-26T00:44:46.564+0000] {local_task_job_runner.py:120} INFO - ::group::Pre task execution logs
[2026-03-26T00:44:46.600+0000] {taskinstance.py:2073} INFO - Dependencies all met for dep_context=non-requeueable deps ti=<TaskInstance: overwatch2_pipeline.crear_indices manual__2026-03-26T00:44:44.015808+00:00 [queued]>
[2026-03-26T00:44:46.609+0000] {taskinstance.py:2073} INFO - Dependencies all met for dep_context=requeueable deps ti=<TaskInstance: overwatch2_pipeline.crear_indices manual__2026-03-26T00:44:44.015808+00:00 [queued]>
[2026-03-26T00:44:46.609+0000] {taskinstance.py:2303} INFO - Starting attempt 1 of 3
[2026-03-26T00:44:46.622+0000] {taskinstance.py:2327} INFO - Executing <Task(PythonOperator): crear_indices> on 2026-03-26 00:44:44.015808+00:00
[2026-03-26T00:44:46.633+0000] {logging_mixin.py:188} WARNING - /home/***/.local/lib/python3.12/site-packages/***/task/task_runner/standard_task_runner.py:61 DeprecationWarning: This process (pid=193) is multi-threaded, use of fork() may lead to deadlocks in the child.
[2026-03-26T00:44:46.634+0000] {standard_task_runner.py:63} INFO - Started process 196 to run task
[2026-03-26T00:44:46.632+0000] {standard_task_runner.py:90} INFO - Running: ['***', 'tasks', 'run', 'overwatch2_pipeline', 'crear_indices', 'manual__2026-03-26T00:44:44.015808+00:00', '--job-id', '340', '--raw', '--subdir', 'DAGS_FOLDER/overwatch2_pipeline.py', '--cfg-path', '/tmp/tmp5iaynyi9']
[2026-03-26T00:44:46.635+0000] {standard_task_runner.py:91} INFO - Job 340: Subtask crear_indices
[2026-03-26T00:44:46.701+0000] {task_command.py:426} INFO - Running <TaskInstance: overwatch2_pipeline.crear_indices manual__2026-03-26T00:44:44.015808+00:00 [running]> on host f5d361e339b0
[2026-03-26T00:44:46.806+0000] {taskinstance.py:2644} INFO - Exporting env vars: AIRFLOW_CTX_DAG_OWNER='angel' AIRFLOW_CTX_DAG_ID='overwatch2_pipeline' AIRFLOW_CTX_TASK_ID='crear_indices' AIRFLOW_CTX_EXECUTION_DATE='2026-03-26T00:44:44.015808+00:00' AIRFLOW_CTX_TRY_NUMBER='1' AIRFLOW_CTX_DAG_RUN_ID='manual__2026-03-26T00:44:44.015808+00:00'
[2026-03-26T00:44:46.810+0000] {taskinstance.py:430} INFO - ::endgroup::
[2026-03-26T00:44:46.881+0000] {overwatch2_pipeline.py:262} INFO -   ✅ fact_id_heroe
[2026-03-26T00:44:46.882+0000] {overwatch2_pipeline.py:262} INFO -   ✅ fact_id_tiempo
[2026-03-26T00:44:46.884+0000] {overwatch2_pipeline.py:262} INFO -   ✅ fact_id_contexto
[2026-03-26T00:44:46.885+0000] {overwatch2_pipeline.py:262} INFO -   ✅ fact_id_escenario
[2026-03-26T00:44:46.887+0000] {overwatch2_pipeline.py:262} INFO -   ✅ tiempo_fecha
[2026-03-26T00:44:46.888+0000] {overwatch2_pipeline.py:262} INFO -   ✅ heroe_nombre
[2026-03-26T00:44:46.890+0000] {overwatch2_pipeline.py:262} INFO -   ✅ heroe_rol
[2026-03-26T00:44:46.891+0000] {overwatch2_pipeline.py:262} INFO -   ✅ contexto_plat
[2026-03-26T00:44:46.893+0000] {overwatch2_pipeline.py:262} INFO -   ✅ contexto_modo
[2026-03-26T00:44:46.894+0000] {overwatch2_pipeline.py:262} INFO -   ✅ escenario_region
[2026-03-26T00:44:46.895+0000] {overwatch2_pipeline.py:262} INFO -   ✅ escenario_mapa
[2026-03-26T00:44:46.897+0000] {overwatch2_pipeline.py:266} INFO - ✅ Indices creados/verificados correctamente
[2026-03-26T00:44:46.897+0000] {python.py:237} INFO - Done. Returned value was: None
[2026-03-26T00:44:46.898+0000] {taskinstance.py:441} INFO - ::group::Post task execution logs
[2026-03-26T00:44:46.910+0000] {taskinstance.py:1205} INFO - Marking task as SUCCESS. dag_id=overwatch2_pipeline, task_id=crear_indices, execution_date=20260326T004444, start_date=20260326T004446, end_date=20260326T004446
[2026-03-26T00:44:46.968+0000] {local_task_job_runner.py:240} INFO - Task exited with return code 0
[2026-03-26T00:44:47.003+0000] {taskinstance.py:3482} INFO - 1 downstream tasks scheduled from follow-on schedule check
[2026-03-26T00:44:47.005+0000] {local_task_job_runner.py:222} INFO - ::endgroup::
