[2026-03-31T00:00:36.111+0000] {processor.py:161} INFO - Started process (PID=170) to work on /opt/airflow/dags/overwatch2_pipeline.py
[2026-03-31T00:00:36.112+0000] {processor.py:830} INFO - Processing file /opt/airflow/dags/overwatch2_pipeline.py for tasks to queue
[2026-03-31T00:00:36.114+0000] {logging_mixin.py:188} INFO - [2026-03-31T00:00:36.114+0000] {dagbag.py:540} INFO - Filling up the DagBag from /opt/airflow/dags/overwatch2_pipeline.py
[2026-03-31T00:00:36.149+0000] {processor.py:840} INFO - DAG(s) 'overwatch2_pipeline' retrieved from /opt/airflow/dags/overwatch2_pipeline.py
[2026-03-31T00:00:36.195+0000] {logging_mixin.py:188} INFO - [2026-03-31T00:00:36.195+0000] {dag.py:3096} INFO - Sync 1 DAGs
[2026-03-31T00:00:36.245+0000] {logging_mixin.py:188} INFO - [2026-03-31T00:00:36.245+0000] {dag.py:3954} INFO - Setting next_dagrun for overwatch2_pipeline to 2026-03-30 06:00:00+00:00, run_after=2026-03-31 06:00:00+00:00
[2026-03-31T00:00:36.290+0000] {processor.py:183} INFO - Processing /opt/airflow/dags/overwatch2_pipeline.py took 0.187 seconds
[2026-03-31T00:01:06.513+0000] {processor.py:161} INFO - Started process (PID=188) to work on /opt/airflow/dags/overwatch2_pipeline.py
[2026-03-31T00:01:06.514+0000] {processor.py:830} INFO - Processing file /opt/airflow/dags/overwatch2_pipeline.py for tasks to queue
[2026-03-31T00:01:06.517+0000] {logging_mixin.py:188} INFO - [2026-03-31T00:01:06.516+0000] {dagbag.py:540} INFO - Filling up the DagBag from /opt/airflow/dags/overwatch2_pipeline.py
[2026-03-31T00:01:06.554+0000] {processor.py:840} INFO - DAG(s) 'overwatch2_pipeline' retrieved from /opt/airflow/dags/overwatch2_pipeline.py
[2026-03-31T00:01:06.723+0000] {logging_mixin.py:188} INFO - [2026-03-31T00:01:06.722+0000] {dag.py:3096} INFO - Sync 1 DAGs
[2026-03-31T00:01:06.746+0000] {logging_mixin.py:188} INFO - [2026-03-31T00:01:06.746+0000] {dag.py:3954} INFO - Setting next_dagrun for overwatch2_pipeline to 2026-03-30 06:00:00+00:00, run_after=2026-03-31 06:00:00+00:00
[2026-03-31T00:01:06.769+0000] {processor.py:183} INFO - Processing /opt/airflow/dags/overwatch2_pipeline.py took 0.263 seconds
[2026-03-31T00:01:37.001+0000] {processor.py:161} INFO - Started process (PID=201) to work on /opt/airflow/dags/overwatch2_pipeline.py
[2026-03-31T00:01:37.003+0000] {processor.py:830} INFO - Processing file /opt/airflow/dags/overwatch2_pipeline.py for tasks to queue
[2026-03-31T00:01:37.005+0000] {logging_mixin.py:188} INFO - [2026-03-31T00:01:37.005+0000] {dagbag.py:540} INFO - Filling up the DagBag from /opt/airflow/dags/overwatch2_pipeline.py
[2026-03-31T00:01:37.042+0000] {processor.py:840} INFO - DAG(s) 'overwatch2_pipeline' retrieved from /opt/airflow/dags/overwatch2_pipeline.py
[2026-03-31T00:01:37.078+0000] {logging_mixin.py:188} INFO - [2026-03-31T00:01:37.078+0000] {dag.py:3096} INFO - Sync 1 DAGs
[2026-03-31T00:01:37.102+0000] {logging_mixin.py:188} INFO - [2026-03-31T00:01:37.102+0000] {dag.py:3954} INFO - Setting next_dagrun for overwatch2_pipeline to 2026-03-30 06:00:00+00:00, run_after=2026-03-31 06:00:00+00:00
[2026-03-31T00:01:37.124+0000] {processor.py:183} INFO - Processing /opt/airflow/dags/overwatch2_pipeline.py took 0.131 seconds
[2026-03-31T00:02:07.218+0000] {processor.py:161} INFO - Started process (PID=206) to work on /opt/airflow/dags/overwatch2_pipeline.py
[2026-03-31T00:02:07.219+0000] {processor.py:830} INFO - Processing file /opt/airflow/dags/overwatch2_pipeline.py for tasks to queue
[2026-03-31T00:02:07.222+0000] {logging_mixin.py:188} INFO - [2026-03-31T00:02:07.221+0000] {dagbag.py:540} INFO - Filling up the DagBag from /opt/airflow/dags/overwatch2_pipeline.py
[2026-03-31T00:02:07.261+0000] {processor.py:840} INFO - DAG(s) 'overwatch2_pipeline' retrieved from /opt/airflow/dags/overwatch2_pipeline.py
[2026-03-31T00:02:07.307+0000] {logging_mixin.py:188} INFO - [2026-03-31T00:02:07.306+0000] {dag.py:3096} INFO - Sync 1 DAGs
[2026-03-31T00:02:07.337+0000] {logging_mixin.py:188} INFO - [2026-03-31T00:02:07.337+0000] {dag.py:3954} INFO - Setting next_dagrun for overwatch2_pipeline to 2026-03-30 06:00:00+00:00, run_after=2026-03-31 06:00:00+00:00
[2026-03-31T00:02:07.367+0000] {processor.py:183} INFO - Processing /opt/airflow/dags/overwatch2_pipeline.py took 0.158 seconds
[2026-03-31T00:02:37.568+0000] {processor.py:161} INFO - Started process (PID=211) to work on /opt/airflow/dags/overwatch2_pipeline.py
[2026-03-31T00:02:37.569+0000] {processor.py:830} INFO - Processing file /opt/airflow/dags/overwatch2_pipeline.py for tasks to queue
[2026-03-31T00:02:37.571+0000] {logging_mixin.py:188} INFO - [2026-03-31T00:02:37.571+0000] {dagbag.py:540} INFO - Filling up the DagBag from /opt/airflow/dags/overwatch2_pipeline.py
[2026-03-31T00:02:37.602+0000] {processor.py:840} INFO - DAG(s) 'overwatch2_pipeline' retrieved from /opt/airflow/dags/overwatch2_pipeline.py
[2026-03-31T00:02:37.639+0000] {logging_mixin.py:188} INFO - [2026-03-31T00:02:37.638+0000] {dag.py:3096} INFO - Sync 1 DAGs
[2026-03-31T00:02:37.664+0000] {logging_mixin.py:188} INFO - [2026-03-31T00:02:37.664+0000] {dag.py:3954} INFO - Setting next_dagrun for overwatch2_pipeline to 2026-03-30 06:00:00+00:00, run_after=2026-03-31 06:00:00+00:00
[2026-03-31T00:02:37.694+0000] {processor.py:183} INFO - Processing /opt/airflow/dags/overwatch2_pipeline.py took 0.131 seconds
[2026-03-31T00:03:07.795+0000] {processor.py:161} INFO - Started process (PID=216) to work on /opt/airflow/dags/overwatch2_pipeline.py
[2026-03-31T00:03:07.797+0000] {processor.py:830} INFO - Processing file /opt/airflow/dags/overwatch2_pipeline.py for tasks to queue
[2026-03-31T00:03:07.799+0000] {logging_mixin.py:188} INFO - [2026-03-31T00:03:07.799+0000] {dagbag.py:540} INFO - Filling up the DagBag from /opt/airflow/dags/overwatch2_pipeline.py
[2026-03-31T00:03:07.838+0000] {processor.py:840} INFO - DAG(s) 'overwatch2_pipeline' retrieved from /opt/airflow/dags/overwatch2_pipeline.py
[2026-03-31T00:03:07.877+0000] {logging_mixin.py:188} INFO - [2026-03-31T00:03:07.876+0000] {dag.py:3096} INFO - Sync 1 DAGs
[2026-03-31T00:03:07.904+0000] {logging_mixin.py:188} INFO - [2026-03-31T00:03:07.903+0000] {dag.py:3954} INFO - Setting next_dagrun for overwatch2_pipeline to 2026-03-30 06:00:00+00:00, run_after=2026-03-31 06:00:00+00:00
[2026-03-31T00:03:07.930+0000] {processor.py:183} INFO - Processing /opt/airflow/dags/overwatch2_pipeline.py took 0.140 seconds
[2026-03-31T00:03:38.127+0000] {processor.py:161} INFO - Started process (PID=221) to work on /opt/airflow/dags/overwatch2_pipeline.py
[2026-03-31T00:03:38.128+0000] {processor.py:830} INFO - Processing file /opt/airflow/dags/overwatch2_pipeline.py for tasks to queue
[2026-03-31T00:03:38.130+0000] {logging_mixin.py:188} INFO - [2026-03-31T00:03:38.130+0000] {dagbag.py:540} INFO - Filling up the DagBag from /opt/airflow/dags/overwatch2_pipeline.py
[2026-03-31T00:03:38.163+0000] {processor.py:840} INFO - DAG(s) 'overwatch2_pipeline' retrieved from /opt/airflow/dags/overwatch2_pipeline.py
[2026-03-31T00:03:38.214+0000] {logging_mixin.py:188} INFO - [2026-03-31T00:03:38.214+0000] {dag.py:3096} INFO - Sync 1 DAGs
[2026-03-31T00:03:38.244+0000] {logging_mixin.py:188} INFO - [2026-03-31T00:03:38.244+0000] {dag.py:3954} INFO - Setting next_dagrun for overwatch2_pipeline to 2026-03-30 06:00:00+00:00, run_after=2026-03-31 06:00:00+00:00
[2026-03-31T00:03:38.269+0000] {processor.py:183} INFO - Processing /opt/airflow/dags/overwatch2_pipeline.py took 0.150 seconds
[2026-03-31T00:04:08.351+0000] {processor.py:161} INFO - Started process (PID=226) to work on /opt/airflow/dags/overwatch2_pipeline.py
[2026-03-31T00:04:08.352+0000] {processor.py:830} INFO - Processing file /opt/airflow/dags/overwatch2_pipeline.py for tasks to queue
[2026-03-31T00:04:08.354+0000] {logging_mixin.py:188} INFO - [2026-03-31T00:04:08.354+0000] {dagbag.py:540} INFO - Filling up the DagBag from /opt/airflow/dags/overwatch2_pipeline.py
[2026-03-31T00:04:08.385+0000] {processor.py:840} INFO - DAG(s) 'overwatch2_pipeline' retrieved from /opt/airflow/dags/overwatch2_pipeline.py
[2026-03-31T00:04:08.427+0000] {logging_mixin.py:188} INFO - [2026-03-31T00:04:08.426+0000] {dag.py:3096} INFO - Sync 1 DAGs
[2026-03-31T00:04:08.453+0000] {logging_mixin.py:188} INFO - [2026-03-31T00:04:08.453+0000] {dag.py:3954} INFO - Setting next_dagrun for overwatch2_pipeline to 2026-03-30 06:00:00+00:00, run_after=2026-03-31 06:00:00+00:00
[2026-03-31T00:04:08.479+0000] {processor.py:183} INFO - Processing /opt/airflow/dags/overwatch2_pipeline.py took 0.134 seconds
[2026-03-31T00:04:38.687+0000] {processor.py:161} INFO - Started process (PID=231) to work on /opt/airflow/dags/overwatch2_pipeline.py
[2026-03-31T00:04:38.688+0000] {processor.py:830} INFO - Processing file /opt/airflow/dags/overwatch2_pipeline.py for tasks to queue
[2026-03-31T00:04:38.690+0000] {logging_mixin.py:188} INFO - [2026-03-31T00:04:38.689+0000] {dagbag.py:540} INFO - Filling up the DagBag from /opt/airflow/dags/overwatch2_pipeline.py
[2026-03-31T00:04:38.719+0000] {processor.py:840} INFO - DAG(s) 'overwatch2_pipeline' retrieved from /opt/airflow/dags/overwatch2_pipeline.py
[2026-03-31T00:04:38.760+0000] {logging_mixin.py:188} INFO - [2026-03-31T00:04:38.759+0000] {dag.py:3096} INFO - Sync 1 DAGs
[2026-03-31T00:04:38.790+0000] {logging_mixin.py:188} INFO - [2026-03-31T00:04:38.790+0000] {dag.py:3954} INFO - Setting next_dagrun for overwatch2_pipeline to 2026-03-30 06:00:00+00:00, run_after=2026-03-31 06:00:00+00:00
[2026-03-31T00:04:38.822+0000] {processor.py:183} INFO - Processing /opt/airflow/dags/overwatch2_pipeline.py took 0.141 seconds
[2026-03-31T00:05:08.938+0000] {processor.py:161} INFO - Started process (PID=236) to work on /opt/airflow/dags/overwatch2_pipeline.py
[2026-03-31T00:05:08.940+0000] {processor.py:830} INFO - Processing file /opt/airflow/dags/overwatch2_pipeline.py for tasks to queue
[2026-03-31T00:05:08.941+0000] {logging_mixin.py:188} INFO - [2026-03-31T00:05:08.941+0000] {dagbag.py:540} INFO - Filling up the DagBag from /opt/airflow/dags/overwatch2_pipeline.py
[2026-03-31T00:05:08.974+0000] {processor.py:840} INFO - DAG(s) 'overwatch2_pipeline' retrieved from /opt/airflow/dags/overwatch2_pipeline.py
[2026-03-31T00:05:09.015+0000] {logging_mixin.py:188} INFO - [2026-03-31T00:05:09.014+0000] {dag.py:3096} INFO - Sync 1 DAGs
[2026-03-31T00:05:09.042+0000] {logging_mixin.py:188} INFO - [2026-03-31T00:05:09.042+0000] {dag.py:3954} INFO - Setting next_dagrun for overwatch2_pipeline to 2026-03-30 06:00:00+00:00, run_after=2026-03-31 06:00:00+00:00
[2026-03-31T00:05:09.073+0000] {processor.py:183} INFO - Processing /opt/airflow/dags/overwatch2_pipeline.py took 0.141 seconds
[2026-03-31T00:05:39.394+0000] {processor.py:161} INFO - Started process (PID=241) to work on /opt/airflow/dags/overwatch2_pipeline.py
[2026-03-31T00:05:39.396+0000] {processor.py:830} INFO - Processing file /opt/airflow/dags/overwatch2_pipeline.py for tasks to queue
[2026-03-31T00:05:39.399+0000] {logging_mixin.py:188} INFO - [2026-03-31T00:05:39.398+0000] {dagbag.py:540} INFO - Filling up the DagBag from /opt/airflow/dags/overwatch2_pipeline.py
[2026-03-31T00:05:39.434+0000] {processor.py:840} INFO - DAG(s) 'overwatch2_pipeline' retrieved from /opt/airflow/dags/overwatch2_pipeline.py
[2026-03-31T00:05:39.470+0000] {logging_mixin.py:188} INFO - [2026-03-31T00:05:39.470+0000] {dag.py:3096} INFO - Sync 1 DAGs
[2026-03-31T00:05:39.495+0000] {logging_mixin.py:188} INFO - [2026-03-31T00:05:39.495+0000] {dag.py:3954} INFO - Setting next_dagrun for overwatch2_pipeline to 2026-03-30 06:00:00+00:00, run_after=2026-03-31 06:00:00+00:00
[2026-03-31T00:05:39.519+0000] {processor.py:183} INFO - Processing /opt/airflow/dags/overwatch2_pipeline.py took 0.132 seconds
[2026-03-31T00:06:09.671+0000] {processor.py:161} INFO - Started process (PID=246) to work on /opt/airflow/dags/overwatch2_pipeline.py
[2026-03-31T00:06:09.673+0000] {processor.py:830} INFO - Processing file /opt/airflow/dags/overwatch2_pipeline.py for tasks to queue
[2026-03-31T00:06:09.677+0000] {logging_mixin.py:188} INFO - [2026-03-31T00:06:09.676+0000] {dagbag.py:540} INFO - Filling up the DagBag from /opt/airflow/dags/overwatch2_pipeline.py
[2026-03-31T00:06:09.726+0000] {processor.py:840} INFO - DAG(s) 'overwatch2_pipeline' retrieved from /opt/airflow/dags/overwatch2_pipeline.py
[2026-03-31T00:06:09.775+0000] {logging_mixin.py:188} INFO - [2026-03-31T00:06:09.775+0000] {dag.py:3096} INFO - Sync 1 DAGs
[2026-03-31T00:06:09.803+0000] {logging_mixin.py:188} INFO - [2026-03-31T00:06:09.803+0000] {dag.py:3954} INFO - Setting next_dagrun for overwatch2_pipeline to 2026-03-30 06:00:00+00:00, run_after=2026-03-31 06:00:00+00:00
[2026-03-31T00:06:09.830+0000] {processor.py:183} INFO - Processing /opt/airflow/dags/overwatch2_pipeline.py took 0.168 seconds
[2026-03-31T00:06:40.012+0000] {processor.py:161} INFO - Started process (PID=251) to work on /opt/airflow/dags/overwatch2_pipeline.py
[2026-03-31T00:06:40.013+0000] {processor.py:830} INFO - Processing file /opt/airflow/dags/overwatch2_pipeline.py for tasks to queue
[2026-03-31T00:06:40.016+0000] {logging_mixin.py:188} INFO - [2026-03-31T00:06:40.015+0000] {dagbag.py:540} INFO - Filling up the DagBag from /opt/airflow/dags/overwatch2_pipeline.py
[2026-03-31T00:06:40.055+0000] {processor.py:840} INFO - DAG(s) 'overwatch2_pipeline' retrieved from /opt/airflow/dags/overwatch2_pipeline.py
[2026-03-31T00:06:40.099+0000] {logging_mixin.py:188} INFO - [2026-03-31T00:06:40.099+0000] {dag.py:3096} INFO - Sync 1 DAGs
[2026-03-31T00:06:40.131+0000] {logging_mixin.py:188} INFO - [2026-03-31T00:06:40.130+0000] {dag.py:3954} INFO - Setting next_dagrun for overwatch2_pipeline to 2026-03-30 06:00:00+00:00, run_after=2026-03-31 06:00:00+00:00
[2026-03-31T00:06:40.159+0000] {processor.py:183} INFO - Processing /opt/airflow/dags/overwatch2_pipeline.py took 0.155 seconds
[2026-03-31T00:07:10.318+0000] {processor.py:161} INFO - Started process (PID=256) to work on /opt/airflow/dags/overwatch2_pipeline.py
[2026-03-31T00:07:10.319+0000] {processor.py:830} INFO - Processing file /opt/airflow/dags/overwatch2_pipeline.py for tasks to queue
[2026-03-31T00:07:10.321+0000] {logging_mixin.py:188} INFO - [2026-03-31T00:07:10.321+0000] {dagbag.py:540} INFO - Filling up the DagBag from /opt/airflow/dags/overwatch2_pipeline.py
[2026-03-31T00:07:10.351+0000] {processor.py:840} INFO - DAG(s) 'overwatch2_pipeline' retrieved from /opt/airflow/dags/overwatch2_pipeline.py
[2026-03-31T00:07:10.400+0000] {logging_mixin.py:188} INFO - [2026-03-31T00:07:10.400+0000] {dag.py:3096} INFO - Sync 1 DAGs
[2026-03-31T00:07:10.432+0000] {logging_mixin.py:188} INFO - [2026-03-31T00:07:10.432+0000] {dag.py:3954} INFO - Setting next_dagrun for overwatch2_pipeline to 2026-03-30 06:00:00+00:00, run_after=2026-03-31 06:00:00+00:00
[2026-03-31T00:07:10.465+0000] {processor.py:183} INFO - Processing /opt/airflow/dags/overwatch2_pipeline.py took 0.154 seconds
[2026-03-31T00:07:40.672+0000] {processor.py:161} INFO - Started process (PID=261) to work on /opt/airflow/dags/overwatch2_pipeline.py
[2026-03-31T00:07:40.674+0000] {processor.py:830} INFO - Processing file /opt/airflow/dags/overwatch2_pipeline.py for tasks to queue
[2026-03-31T00:07:40.676+0000] {logging_mixin.py:188} INFO - [2026-03-31T00:07:40.676+0000] {dagbag.py:540} INFO - Filling up the DagBag from /opt/airflow/dags/overwatch2_pipeline.py
[2026-03-31T00:07:40.715+0000] {processor.py:840} INFO - DAG(s) 'overwatch2_pipeline' retrieved from /opt/airflow/dags/overwatch2_pipeline.py
[2026-03-31T00:07:40.761+0000] {logging_mixin.py:188} INFO - [2026-03-31T00:07:40.761+0000] {dag.py:3096} INFO - Sync 1 DAGs
[2026-03-31T00:07:40.797+0000] {logging_mixin.py:188} INFO - [2026-03-31T00:07:40.797+0000] {dag.py:3954} INFO - Setting next_dagrun for overwatch2_pipeline to 2026-03-30 06:00:00+00:00, run_after=2026-03-31 06:00:00+00:00
[2026-03-31T00:07:40.824+0000] {processor.py:183} INFO - Processing /opt/airflow/dags/overwatch2_pipeline.py took 0.158 seconds
[2026-03-31T00:08:10.961+0000] {processor.py:161} INFO - Started process (PID=266) to work on /opt/airflow/dags/overwatch2_pipeline.py
[2026-03-31T00:08:10.965+0000] {processor.py:830} INFO - Processing file /opt/airflow/dags/overwatch2_pipeline.py for tasks to queue
[2026-03-31T00:08:10.971+0000] {logging_mixin.py:188} INFO - [2026-03-31T00:08:10.970+0000] {dagbag.py:540} INFO - Filling up the DagBag from /opt/airflow/dags/overwatch2_pipeline.py
[2026-03-31T00:08:11.007+0000] {processor.py:840} INFO - DAG(s) 'overwatch2_pipeline' retrieved from /opt/airflow/dags/overwatch2_pipeline.py
[2026-03-31T00:08:11.057+0000] {logging_mixin.py:188} INFO - [2026-03-31T00:08:11.056+0000] {dag.py:3096} INFO - Sync 1 DAGs
[2026-03-31T00:08:11.083+0000] {logging_mixin.py:188} INFO - [2026-03-31T00:08:11.083+0000] {dag.py:3954} INFO - Setting next_dagrun for overwatch2_pipeline to 2026-03-30 06:00:00+00:00, run_after=2026-03-31 06:00:00+00:00
[2026-03-31T00:08:11.118+0000] {processor.py:183} INFO - Processing /opt/airflow/dags/overwatch2_pipeline.py took 0.164 seconds
[2026-03-31T00:08:41.324+0000] {processor.py:161} INFO - Started process (PID=271) to work on /opt/airflow/dags/overwatch2_pipeline.py
[2026-03-31T00:08:41.325+0000] {processor.py:830} INFO - Processing file /opt/airflow/dags/overwatch2_pipeline.py for tasks to queue
[2026-03-31T00:08:41.328+0000] {logging_mixin.py:188} INFO - [2026-03-31T00:08:41.327+0000] {dagbag.py:540} INFO - Filling up the DagBag from /opt/airflow/dags/overwatch2_pipeline.py
[2026-03-31T00:08:41.365+0000] {processor.py:840} INFO - DAG(s) 'overwatch2_pipeline' retrieved from /opt/airflow/dags/overwatch2_pipeline.py
[2026-03-31T00:08:41.407+0000] {logging_mixin.py:188} INFO - [2026-03-31T00:08:41.406+0000] {dag.py:3096} INFO - Sync 1 DAGs
[2026-03-31T00:08:41.437+0000] {logging_mixin.py:188} INFO - [2026-03-31T00:08:41.437+0000] {dag.py:3954} INFO - Setting next_dagrun for overwatch2_pipeline to 2026-03-30 06:00:00+00:00, run_after=2026-03-31 06:00:00+00:00
[2026-03-31T00:08:41.469+0000] {processor.py:183} INFO - Processing /opt/airflow/dags/overwatch2_pipeline.py took 0.152 seconds
[2026-03-31T00:09:11.599+0000] {processor.py:161} INFO - Started process (PID=276) to work on /opt/airflow/dags/overwatch2_pipeline.py
[2026-03-31T00:09:11.600+0000] {processor.py:830} INFO - Processing file /opt/airflow/dags/overwatch2_pipeline.py for tasks to queue
[2026-03-31T00:09:11.604+0000] {logging_mixin.py:188} INFO - [2026-03-31T00:09:11.603+0000] {dagbag.py:540} INFO - Filling up the DagBag from /opt/airflow/dags/overwatch2_pipeline.py
[2026-03-31T00:09:11.637+0000] {processor.py:840} INFO - DAG(s) 'overwatch2_pipeline' retrieved from /opt/airflow/dags/overwatch2_pipeline.py
[2026-03-31T00:09:11.682+0000] {logging_mixin.py:188} INFO - [2026-03-31T00:09:11.682+0000] {dag.py:3096} INFO - Sync 1 DAGs
[2026-03-31T00:09:11.709+0000] {logging_mixin.py:188} INFO - [2026-03-31T00:09:11.709+0000] {dag.py:3954} INFO - Setting next_dagrun for overwatch2_pipeline to 2026-03-30 06:00:00+00:00, run_after=2026-03-31 06:00:00+00:00
[2026-03-31T00:09:11.735+0000] {processor.py:183} INFO - Processing /opt/airflow/dags/overwatch2_pipeline.py took 0.144 seconds
[2026-03-31T00:09:42.010+0000] {processor.py:161} INFO - Started process (PID=281) to work on /opt/airflow/dags/overwatch2_pipeline.py
[2026-03-31T00:09:42.012+0000] {processor.py:830} INFO - Processing file /opt/airflow/dags/overwatch2_pipeline.py for tasks to queue
[2026-03-31T00:09:42.016+0000] {logging_mixin.py:188} INFO - [2026-03-31T00:09:42.015+0000] {dagbag.py:540} INFO - Filling up the DagBag from /opt/airflow/dags/overwatch2_pipeline.py
[2026-03-31T00:09:42.069+0000] {processor.py:840} INFO - DAG(s) 'overwatch2_pipeline' retrieved from /opt/airflow/dags/overwatch2_pipeline.py
[2026-03-31T00:09:42.126+0000] {logging_mixin.py:188} INFO - [2026-03-31T00:09:42.125+0000] {dag.py:3096} INFO - Sync 1 DAGs
[2026-03-31T00:09:42.165+0000] {logging_mixin.py:188} INFO - [2026-03-31T00:09:42.165+0000] {dag.py:3954} INFO - Setting next_dagrun for overwatch2_pipeline to 2026-03-30 06:00:00+00:00, run_after=2026-03-31 06:00:00+00:00
[2026-03-31T00:09:42.196+0000] {processor.py:183} INFO - Processing /opt/airflow/dags/overwatch2_pipeline.py took 0.195 seconds
[2026-03-31T00:10:12.505+0000] {processor.py:161} INFO - Started process (PID=286) to work on /opt/airflow/dags/overwatch2_pipeline.py
[2026-03-31T00:10:12.507+0000] {processor.py:830} INFO - Processing file /opt/airflow/dags/overwatch2_pipeline.py for tasks to queue
[2026-03-31T00:10:12.510+0000] {logging_mixin.py:188} INFO - [2026-03-31T00:10:12.510+0000] {dagbag.py:540} INFO - Filling up the DagBag from /opt/airflow/dags/overwatch2_pipeline.py
[2026-03-31T00:10:12.557+0000] {processor.py:840} INFO - DAG(s) 'overwatch2_pipeline' retrieved from /opt/airflow/dags/overwatch2_pipeline.py
[2026-03-31T00:10:12.614+0000] {logging_mixin.py:188} INFO - [2026-03-31T00:10:12.613+0000] {dag.py:3096} INFO - Sync 1 DAGs
[2026-03-31T00:10:12.654+0000] {logging_mixin.py:188} INFO - [2026-03-31T00:10:12.654+0000] {dag.py:3954} INFO - Setting next_dagrun for overwatch2_pipeline to 2026-03-30 06:00:00+00:00, run_after=2026-03-31 06:00:00+00:00
[2026-03-31T00:10:12.696+0000] {processor.py:183} INFO - Processing /opt/airflow/dags/overwatch2_pipeline.py took 0.202 seconds
[2026-03-31T00:10:42.842+0000] {processor.py:161} INFO - Started process (PID=291) to work on /opt/airflow/dags/overwatch2_pipeline.py
[2026-03-31T00:10:42.844+0000] {processor.py:830} INFO - Processing file /opt/airflow/dags/overwatch2_pipeline.py for tasks to queue
[2026-03-31T00:10:42.846+0000] {logging_mixin.py:188} INFO - [2026-03-31T00:10:42.846+0000] {dagbag.py:540} INFO - Filling up the DagBag from /opt/airflow/dags/overwatch2_pipeline.py
[2026-03-31T00:10:42.875+0000] {processor.py:840} INFO - DAG(s) 'overwatch2_pipeline' retrieved from /opt/airflow/dags/overwatch2_pipeline.py
[2026-03-31T00:10:42.915+0000] {logging_mixin.py:188} INFO - [2026-03-31T00:10:42.915+0000] {dag.py:3096} INFO - Sync 1 DAGs
[2026-03-31T00:10:42.947+0000] {logging_mixin.py:188} INFO - [2026-03-31T00:10:42.946+0000] {dag.py:3954} INFO - Setting next_dagrun for overwatch2_pipeline to 2026-03-30 06:00:00+00:00, run_after=2026-03-31 06:00:00+00:00
[2026-03-31T00:10:42.977+0000] {processor.py:183} INFO - Processing /opt/airflow/dags/overwatch2_pipeline.py took 0.140 seconds
[2026-03-31T00:11:13.176+0000] {processor.py:161} INFO - Started process (PID=296) to work on /opt/airflow/dags/overwatch2_pipeline.py
[2026-03-31T00:11:13.177+0000] {processor.py:830} INFO - Processing file /opt/airflow/dags/overwatch2_pipeline.py for tasks to queue
[2026-03-31T00:11:13.181+0000] {logging_mixin.py:188} INFO - [2026-03-31T00:11:13.180+0000] {dagbag.py:540} INFO - Filling up the DagBag from /opt/airflow/dags/overwatch2_pipeline.py
[2026-03-31T00:11:13.215+0000] {processor.py:840} INFO - DAG(s) 'overwatch2_pipeline' retrieved from /opt/airflow/dags/overwatch2_pipeline.py
[2026-03-31T00:11:13.256+0000] {logging_mixin.py:188} INFO - [2026-03-31T00:11:13.256+0000] {dag.py:3096} INFO - Sync 1 DAGs
[2026-03-31T00:11:13.285+0000] {logging_mixin.py:188} INFO - [2026-03-31T00:11:13.284+0000] {dag.py:3954} INFO - Setting next_dagrun for overwatch2_pipeline to 2026-03-30 06:00:00+00:00, run_after=2026-03-31 06:00:00+00:00
[2026-03-31T00:11:13.312+0000] {processor.py:183} INFO - Processing /opt/airflow/dags/overwatch2_pipeline.py took 0.142 seconds
[2026-03-31T00:11:43.491+0000] {processor.py:161} INFO - Started process (PID=301) to work on /opt/airflow/dags/overwatch2_pipeline.py
[2026-03-31T00:11:43.493+0000] {processor.py:830} INFO - Processing file /opt/airflow/dags/overwatch2_pipeline.py for tasks to queue
[2026-03-31T00:11:43.504+0000] {logging_mixin.py:188} INFO - [2026-03-31T00:11:43.502+0000] {dagbag.py:540} INFO - Filling up the DagBag from /opt/airflow/dags/overwatch2_pipeline.py
[2026-03-31T00:11:43.636+0000] {processor.py:840} INFO - DAG(s) 'overwatch2_pipeline' retrieved from /opt/airflow/dags/overwatch2_pipeline.py
[2026-03-31T00:11:43.953+0000] {logging_mixin.py:188} INFO - [2026-03-31T00:11:43.953+0000] {dag.py:3096} INFO - Sync 1 DAGs
[2026-03-31T00:11:44.090+0000] {logging_mixin.py:188} INFO - [2026-03-31T00:11:44.089+0000] {dag.py:3954} INFO - Setting next_dagrun for overwatch2_pipeline to 2026-03-30 06:00:00+00:00, run_after=2026-03-31 06:00:00+00:00
[2026-03-31T00:11:44.166+0000] {processor.py:183} INFO - Processing /opt/airflow/dags/overwatch2_pipeline.py took 0.712 seconds
[2026-03-31T00:12:14.508+0000] {processor.py:161} INFO - Started process (PID=306) to work on /opt/airflow/dags/overwatch2_pipeline.py
[2026-03-31T00:12:14.510+0000] {processor.py:830} INFO - Processing file /opt/airflow/dags/overwatch2_pipeline.py for tasks to queue
[2026-03-31T00:12:14.515+0000] {logging_mixin.py:188} INFO - [2026-03-31T00:12:14.514+0000] {dagbag.py:540} INFO - Filling up the DagBag from /opt/airflow/dags/overwatch2_pipeline.py
[2026-03-31T00:12:14.598+0000] {processor.py:840} INFO - DAG(s) 'overwatch2_pipeline' retrieved from /opt/airflow/dags/overwatch2_pipeline.py
[2026-03-31T00:12:14.734+0000] {logging_mixin.py:188} INFO - [2026-03-31T00:12:14.734+0000] {dag.py:3096} INFO - Sync 1 DAGs
[2026-03-31T00:12:14.785+0000] {logging_mixin.py:188} INFO - [2026-03-31T00:12:14.784+0000] {dag.py:3954} INFO - Setting next_dagrun for overwatch2_pipeline to 2026-03-30 06:00:00+00:00, run_after=2026-03-31 06:00:00+00:00
[2026-03-31T00:12:14.828+0000] {processor.py:183} INFO - Processing /opt/airflow/dags/overwatch2_pipeline.py took 0.381 seconds
[2026-03-31T00:12:45.049+0000] {processor.py:161} INFO - Started process (PID=311) to work on /opt/airflow/dags/overwatch2_pipeline.py
[2026-03-31T00:12:45.051+0000] {processor.py:830} INFO - Processing file /opt/airflow/dags/overwatch2_pipeline.py for tasks to queue
[2026-03-31T00:12:45.055+0000] {logging_mixin.py:188} INFO - [2026-03-31T00:12:45.054+0000] {dagbag.py:540} INFO - Filling up the DagBag from /opt/airflow/dags/overwatch2_pipeline.py
[2026-03-31T00:12:45.092+0000] {processor.py:840} INFO - DAG(s) 'overwatch2_pipeline' retrieved from /opt/airflow/dags/overwatch2_pipeline.py
[2026-03-31T00:12:45.151+0000] {logging_mixin.py:188} INFO - [2026-03-31T00:12:45.150+0000] {dag.py:3096} INFO - Sync 1 DAGs
[2026-03-31T00:12:45.214+0000] {logging_mixin.py:188} INFO - [2026-03-31T00:12:45.213+0000] {dag.py:3954} INFO - Setting next_dagrun for overwatch2_pipeline to 2026-03-30 06:00:00+00:00, run_after=2026-03-31 06:00:00+00:00
[2026-03-31T00:12:45.259+0000] {processor.py:183} INFO - Processing /opt/airflow/dags/overwatch2_pipeline.py took 0.218 seconds
[2026-03-31T00:13:15.529+0000] {processor.py:161} INFO - Started process (PID=316) to work on /opt/airflow/dags/overwatch2_pipeline.py
[2026-03-31T00:13:15.531+0000] {processor.py:830} INFO - Processing file /opt/airflow/dags/overwatch2_pipeline.py for tasks to queue
[2026-03-31T00:13:15.534+0000] {logging_mixin.py:188} INFO - [2026-03-31T00:13:15.534+0000] {dagbag.py:540} INFO - Filling up the DagBag from /opt/airflow/dags/overwatch2_pipeline.py
[2026-03-31T00:13:15.585+0000] {processor.py:840} INFO - DAG(s) 'overwatch2_pipeline' retrieved from /opt/airflow/dags/overwatch2_pipeline.py
[2026-03-31T00:13:15.638+0000] {logging_mixin.py:188} INFO - [2026-03-31T00:13:15.638+0000] {dag.py:3096} INFO - Sync 1 DAGs
[2026-03-31T00:13:15.669+0000] {logging_mixin.py:188} INFO - [2026-03-31T00:13:15.669+0000] {dag.py:3954} INFO - Setting next_dagrun for overwatch2_pipeline to 2026-03-30 06:00:00+00:00, run_after=2026-03-31 06:00:00+00:00
[2026-03-31T00:13:15.700+0000] {processor.py:183} INFO - Processing /opt/airflow/dags/overwatch2_pipeline.py took 0.183 seconds
[2026-03-31T00:13:45.965+0000] {processor.py:161} INFO - Started process (PID=321) to work on /opt/airflow/dags/overwatch2_pipeline.py
[2026-03-31T00:13:45.967+0000] {processor.py:830} INFO - Processing file /opt/airflow/dags/overwatch2_pipeline.py for tasks to queue
[2026-03-31T00:13:45.976+0000] {logging_mixin.py:188} INFO - [2026-03-31T00:13:45.969+0000] {dagbag.py:540} INFO - Filling up the DagBag from /opt/airflow/dags/overwatch2_pipeline.py
[2026-03-31T00:13:46.016+0000] {processor.py:840} INFO - DAG(s) 'overwatch2_pipeline' retrieved from /opt/airflow/dags/overwatch2_pipeline.py
[2026-03-31T00:13:46.088+0000] {logging_mixin.py:188} INFO - [2026-03-31T00:13:46.087+0000] {dag.py:3096} INFO - Sync 1 DAGs
[2026-03-31T00:13:46.129+0000] {logging_mixin.py:188} INFO - [2026-03-31T00:13:46.129+0000] {dag.py:3954} INFO - Setting next_dagrun for overwatch2_pipeline to 2026-03-30 06:00:00+00:00, run_after=2026-03-31 06:00:00+00:00
[2026-03-31T00:13:46.170+0000] {processor.py:183} INFO - Processing /opt/airflow/dags/overwatch2_pipeline.py took 0.211 seconds
[2026-03-31T00:14:16.575+0000] {processor.py:161} INFO - Started process (PID=326) to work on /opt/airflow/dags/overwatch2_pipeline.py
[2026-03-31T00:14:16.577+0000] {processor.py:830} INFO - Processing file /opt/airflow/dags/overwatch2_pipeline.py for tasks to queue
[2026-03-31T00:14:16.580+0000] {logging_mixin.py:188} INFO - [2026-03-31T00:14:16.580+0000] {dagbag.py:540} INFO - Filling up the DagBag from /opt/airflow/dags/overwatch2_pipeline.py
[2026-03-31T00:14:16.634+0000] {processor.py:840} INFO - DAG(s) 'overwatch2_pipeline' retrieved from /opt/airflow/dags/overwatch2_pipeline.py
[2026-03-31T00:14:16.753+0000] {logging_mixin.py:188} INFO - [2026-03-31T00:14:16.752+0000] {dag.py:3096} INFO - Sync 1 DAGs
[2026-03-31T00:14:16.824+0000] {logging_mixin.py:188} INFO - [2026-03-31T00:14:16.823+0000] {dag.py:3954} INFO - Setting next_dagrun for overwatch2_pipeline to 2026-03-30 06:00:00+00:00, run_after=2026-03-31 06:00:00+00:00
[2026-03-31T00:14:16.873+0000] {processor.py:183} INFO - Processing /opt/airflow/dags/overwatch2_pipeline.py took 0.306 seconds
[2026-03-31T00:14:47.138+0000] {processor.py:161} INFO - Started process (PID=331) to work on /opt/airflow/dags/overwatch2_pipeline.py
[2026-03-31T00:14:47.140+0000] {processor.py:830} INFO - Processing file /opt/airflow/dags/overwatch2_pipeline.py for tasks to queue
[2026-03-31T00:14:47.144+0000] {logging_mixin.py:188} INFO - [2026-03-31T00:14:47.143+0000] {dagbag.py:540} INFO - Filling up the DagBag from /opt/airflow/dags/overwatch2_pipeline.py
[2026-03-31T00:14:47.186+0000] {processor.py:840} INFO - DAG(s) 'overwatch2_pipeline' retrieved from /opt/airflow/dags/overwatch2_pipeline.py
[2026-03-31T00:14:47.236+0000] {logging_mixin.py:188} INFO - [2026-03-31T00:14:47.236+0000] {dag.py:3096} INFO - Sync 1 DAGs
[2026-03-31T00:14:47.265+0000] {logging_mixin.py:188} INFO - [2026-03-31T00:14:47.265+0000] {dag.py:3954} INFO - Setting next_dagrun for overwatch2_pipeline to 2026-03-30 06:00:00+00:00, run_after=2026-03-31 06:00:00+00:00
[2026-03-31T00:14:47.290+0000] {processor.py:183} INFO - Processing /opt/airflow/dags/overwatch2_pipeline.py took 0.163 seconds
[2026-03-31T00:15:17.373+0000] {processor.py:161} INFO - Started process (PID=336) to work on /opt/airflow/dags/overwatch2_pipeline.py
[2026-03-31T00:15:17.375+0000] {processor.py:830} INFO - Processing file /opt/airflow/dags/overwatch2_pipeline.py for tasks to queue
[2026-03-31T00:15:17.379+0000] {logging_mixin.py:188} INFO - [2026-03-31T00:15:17.379+0000] {dagbag.py:540} INFO - Filling up the DagBag from /opt/airflow/dags/overwatch2_pipeline.py
[2026-03-31T00:15:17.423+0000] {processor.py:840} INFO - DAG(s) 'overwatch2_pipeline' retrieved from /opt/airflow/dags/overwatch2_pipeline.py
[2026-03-31T00:15:17.472+0000] {logging_mixin.py:188} INFO - [2026-03-31T00:15:17.472+0000] {dag.py:3096} INFO - Sync 1 DAGs
[2026-03-31T00:15:17.510+0000] {logging_mixin.py:188} INFO - [2026-03-31T00:15:17.510+0000] {dag.py:3954} INFO - Setting next_dagrun for overwatch2_pipeline to 2026-03-30 06:00:00+00:00, run_after=2026-03-31 06:00:00+00:00
[2026-03-31T00:15:17.543+0000] {processor.py:183} INFO - Processing /opt/airflow/dags/overwatch2_pipeline.py took 0.180 seconds
[2026-03-31T00:15:47.857+0000] {processor.py:161} INFO - Started process (PID=341) to work on /opt/airflow/dags/overwatch2_pipeline.py
[2026-03-31T00:15:47.859+0000] {processor.py:830} INFO - Processing file /opt/airflow/dags/overwatch2_pipeline.py for tasks to queue
[2026-03-31T00:15:47.863+0000] {logging_mixin.py:188} INFO - [2026-03-31T00:15:47.862+0000] {dagbag.py:540} INFO - Filling up the DagBag from /opt/airflow/dags/overwatch2_pipeline.py
[2026-03-31T00:15:47.904+0000] {processor.py:840} INFO - DAG(s) 'overwatch2_pipeline' retrieved from /opt/airflow/dags/overwatch2_pipeline.py
[2026-03-31T00:15:47.950+0000] {logging_mixin.py:188} INFO - [2026-03-31T00:15:47.949+0000] {dag.py:3096} INFO - Sync 1 DAGs
[2026-03-31T00:15:47.981+0000] {logging_mixin.py:188} INFO - [2026-03-31T00:15:47.980+0000] {dag.py:3954} INFO - Setting next_dagrun for overwatch2_pipeline to 2026-03-30 06:00:00+00:00, run_after=2026-03-31 06:00:00+00:00
[2026-03-31T00:15:48.012+0000] {processor.py:183} INFO - Processing /opt/airflow/dags/overwatch2_pipeline.py took 0.164 seconds
[2026-03-31T00:16:18.088+0000] {processor.py:161} INFO - Started process (PID=346) to work on /opt/airflow/dags/overwatch2_pipeline.py
[2026-03-31T00:16:18.090+0000] {processor.py:830} INFO - Processing file /opt/airflow/dags/overwatch2_pipeline.py for tasks to queue
[2026-03-31T00:16:18.093+0000] {logging_mixin.py:188} INFO - [2026-03-31T00:16:18.093+0000] {dagbag.py:540} INFO - Filling up the DagBag from /opt/airflow/dags/overwatch2_pipeline.py
[2026-03-31T00:16:18.127+0000] {processor.py:840} INFO - DAG(s) 'overwatch2_pipeline' retrieved from /opt/airflow/dags/overwatch2_pipeline.py
[2026-03-31T00:16:18.167+0000] {logging_mixin.py:188} INFO - [2026-03-31T00:16:18.166+0000] {dag.py:3096} INFO - Sync 1 DAGs
[2026-03-31T00:16:18.197+0000] {logging_mixin.py:188} INFO - [2026-03-31T00:16:18.197+0000] {dag.py:3954} INFO - Setting next_dagrun for overwatch2_pipeline to 2026-03-30 06:00:00+00:00, run_after=2026-03-31 06:00:00+00:00
[2026-03-31T00:16:18.225+0000] {processor.py:183} INFO - Processing /opt/airflow/dags/overwatch2_pipeline.py took 0.142 seconds
[2026-03-31T00:16:48.521+0000] {processor.py:161} INFO - Started process (PID=351) to work on /opt/airflow/dags/overwatch2_pipeline.py
[2026-03-31T00:16:48.523+0000] {processor.py:830} INFO - Processing file /opt/airflow/dags/overwatch2_pipeline.py for tasks to queue
[2026-03-31T00:16:48.527+0000] {logging_mixin.py:188} INFO - [2026-03-31T00:16:48.526+0000] {dagbag.py:540} INFO - Filling up the DagBag from /opt/airflow/dags/overwatch2_pipeline.py
[2026-03-31T00:16:48.565+0000] {processor.py:840} INFO - DAG(s) 'overwatch2_pipeline' retrieved from /opt/airflow/dags/overwatch2_pipeline.py
[2026-03-31T00:16:48.610+0000] {logging_mixin.py:188} INFO - [2026-03-31T00:16:48.610+0000] {dag.py:3096} INFO - Sync 1 DAGs
[2026-03-31T00:16:48.642+0000] {logging_mixin.py:188} INFO - [2026-03-31T00:16:48.641+0000] {dag.py:3954} INFO - Setting next_dagrun for overwatch2_pipeline to 2026-03-30 06:00:00+00:00, run_after=2026-03-31 06:00:00+00:00
[2026-03-31T00:16:48.676+0000] {processor.py:183} INFO - Processing /opt/airflow/dags/overwatch2_pipeline.py took 0.162 seconds
[2026-03-31T00:17:18.790+0000] {processor.py:161} INFO - Started process (PID=356) to work on /opt/airflow/dags/overwatch2_pipeline.py
[2026-03-31T00:17:18.791+0000] {processor.py:830} INFO - Processing file /opt/airflow/dags/overwatch2_pipeline.py for tasks to queue
[2026-03-31T00:17:18.795+0000] {logging_mixin.py:188} INFO - [2026-03-31T00:17:18.795+0000] {dagbag.py:540} INFO - Filling up the DagBag from /opt/airflow/dags/overwatch2_pipeline.py
[2026-03-31T00:17:18.833+0000] {processor.py:840} INFO - DAG(s) 'overwatch2_pipeline' retrieved from /opt/airflow/dags/overwatch2_pipeline.py
[2026-03-31T00:17:18.881+0000] {logging_mixin.py:188} INFO - [2026-03-31T00:17:18.881+0000] {dag.py:3096} INFO - Sync 1 DAGs
[2026-03-31T00:17:18.911+0000] {logging_mixin.py:188} INFO - [2026-03-31T00:17:18.911+0000] {dag.py:3954} INFO - Setting next_dagrun for overwatch2_pipeline to 2026-03-30 06:00:00+00:00, run_after=2026-03-31 06:00:00+00:00
[2026-03-31T00:17:18.940+0000] {processor.py:183} INFO - Processing /opt/airflow/dags/overwatch2_pipeline.py took 0.159 seconds
[2026-03-31T00:17:49.196+0000] {processor.py:161} INFO - Started process (PID=361) to work on /opt/airflow/dags/overwatch2_pipeline.py
[2026-03-31T00:17:49.198+0000] {processor.py:830} INFO - Processing file /opt/airflow/dags/overwatch2_pipeline.py for tasks to queue
[2026-03-31T00:17:49.200+0000] {logging_mixin.py:188} INFO - [2026-03-31T00:17:49.200+0000] {dagbag.py:540} INFO - Filling up the DagBag from /opt/airflow/dags/overwatch2_pipeline.py
[2026-03-31T00:17:49.238+0000] {processor.py:840} INFO - DAG(s) 'overwatch2_pipeline' retrieved from /opt/airflow/dags/overwatch2_pipeline.py
[2026-03-31T00:17:49.284+0000] {logging_mixin.py:188} INFO - [2026-03-31T00:17:49.284+0000] {dag.py:3096} INFO - Sync 1 DAGs
[2026-03-31T00:17:49.317+0000] {logging_mixin.py:188} INFO - [2026-03-31T00:17:49.317+0000] {dag.py:3954} INFO - Setting next_dagrun for overwatch2_pipeline to 2026-03-30 06:00:00+00:00, run_after=2026-03-31 06:00:00+00:00
[2026-03-31T00:17:49.345+0000] {processor.py:183} INFO - Processing /opt/airflow/dags/overwatch2_pipeline.py took 0.155 seconds
[2026-03-31T00:18:19.464+0000] {processor.py:161} INFO - Started process (PID=366) to work on /opt/airflow/dags/overwatch2_pipeline.py
[2026-03-31T00:18:19.466+0000] {processor.py:830} INFO - Processing file /opt/airflow/dags/overwatch2_pipeline.py for tasks to queue
[2026-03-31T00:18:19.468+0000] {logging_mixin.py:188} INFO - [2026-03-31T00:18:19.468+0000] {dagbag.py:540} INFO - Filling up the DagBag from /opt/airflow/dags/overwatch2_pipeline.py
[2026-03-31T00:18:19.508+0000] {processor.py:840} INFO - DAG(s) 'overwatch2_pipeline' retrieved from /opt/airflow/dags/overwatch2_pipeline.py
[2026-03-31T00:18:19.553+0000] {logging_mixin.py:188} INFO - [2026-03-31T00:18:19.552+0000] {dag.py:3096} INFO - Sync 1 DAGs
[2026-03-31T00:18:19.582+0000] {logging_mixin.py:188} INFO - [2026-03-31T00:18:19.582+0000] {dag.py:3954} INFO - Setting next_dagrun for overwatch2_pipeline to 2026-03-30 06:00:00+00:00, run_after=2026-03-31 06:00:00+00:00
[2026-03-31T00:18:19.617+0000] {processor.py:183} INFO - Processing /opt/airflow/dags/overwatch2_pipeline.py took 0.162 seconds
[2026-03-31T00:18:49.876+0000] {processor.py:161} INFO - Started process (PID=371) to work on /opt/airflow/dags/overwatch2_pipeline.py
[2026-03-31T00:18:49.878+0000] {processor.py:830} INFO - Processing file /opt/airflow/dags/overwatch2_pipeline.py for tasks to queue
[2026-03-31T00:18:49.881+0000] {logging_mixin.py:188} INFO - [2026-03-31T00:18:49.881+0000] {dagbag.py:540} INFO - Filling up the DagBag from /opt/airflow/dags/overwatch2_pipeline.py
[2026-03-31T00:18:49.917+0000] {processor.py:840} INFO - DAG(s) 'overwatch2_pipeline' retrieved from /opt/airflow/dags/overwatch2_pipeline.py
[2026-03-31T00:18:49.965+0000] {logging_mixin.py:188} INFO - [2026-03-31T00:18:49.965+0000] {dag.py:3096} INFO - Sync 1 DAGs
[2026-03-31T00:18:50.490+0000] {logging_mixin.py:188} INFO - [2026-03-31T00:18:50.490+0000] {dag.py:3954} INFO - Setting next_dagrun for overwatch2_pipeline to 2026-03-30 06:00:00+00:00, run_after=2026-03-31 06:00:00+00:00
[2026-03-31T00:18:50.513+0000] {processor.py:183} INFO - Processing /opt/airflow/dags/overwatch2_pipeline.py took 0.644 seconds
[2026-03-31T00:19:20.816+0000] {processor.py:161} INFO - Started process (PID=376) to work on /opt/airflow/dags/overwatch2_pipeline.py
[2026-03-31T00:19:20.817+0000] {processor.py:830} INFO - Processing file /opt/airflow/dags/overwatch2_pipeline.py for tasks to queue
[2026-03-31T00:19:20.820+0000] {logging_mixin.py:188} INFO - [2026-03-31T00:19:20.819+0000] {dagbag.py:540} INFO - Filling up the DagBag from /opt/airflow/dags/overwatch2_pipeline.py
[2026-03-31T00:19:20.850+0000] {processor.py:840} INFO - DAG(s) 'overwatch2_pipeline' retrieved from /opt/airflow/dags/overwatch2_pipeline.py
[2026-03-31T00:19:21.073+0000] {logging_mixin.py:188} INFO - [2026-03-31T00:19:21.073+0000] {dag.py:3096} INFO - Sync 1 DAGs
[2026-03-31T00:19:21.094+0000] {logging_mixin.py:188} INFO - [2026-03-31T00:19:21.094+0000] {dag.py:3954} INFO - Setting next_dagrun for overwatch2_pipeline to 2026-03-30 06:00:00+00:00, run_after=2026-03-31 06:00:00+00:00
[2026-03-31T00:19:21.120+0000] {processor.py:183} INFO - Processing /opt/airflow/dags/overwatch2_pipeline.py took 0.311 seconds
[2026-03-31T00:19:51.328+0000] {processor.py:161} INFO - Started process (PID=381) to work on /opt/airflow/dags/overwatch2_pipeline.py
[2026-03-31T00:19:51.329+0000] {processor.py:830} INFO - Processing file /opt/airflow/dags/overwatch2_pipeline.py for tasks to queue
[2026-03-31T00:19:51.332+0000] {logging_mixin.py:188} INFO - [2026-03-31T00:19:51.331+0000] {dagbag.py:540} INFO - Filling up the DagBag from /opt/airflow/dags/overwatch2_pipeline.py
[2026-03-31T00:19:51.374+0000] {processor.py:840} INFO - DAG(s) 'overwatch2_pipeline' retrieved from /opt/airflow/dags/overwatch2_pipeline.py
[2026-03-31T00:19:51.607+0000] {logging_mixin.py:188} INFO - [2026-03-31T00:19:51.606+0000] {dag.py:3096} INFO - Sync 1 DAGs
[2026-03-31T00:19:51.631+0000] {logging_mixin.py:188} INFO - [2026-03-31T00:19:51.631+0000] {dag.py:3954} INFO - Setting next_dagrun for overwatch2_pipeline to 2026-03-30 06:00:00+00:00, run_after=2026-03-31 06:00:00+00:00
[2026-03-31T00:19:51.655+0000] {processor.py:183} INFO - Processing /opt/airflow/dags/overwatch2_pipeline.py took 0.334 seconds
[2026-03-31T00:20:21.943+0000] {processor.py:161} INFO - Started process (PID=386) to work on /opt/airflow/dags/overwatch2_pipeline.py
[2026-03-31T00:20:21.945+0000] {processor.py:830} INFO - Processing file /opt/airflow/dags/overwatch2_pipeline.py for tasks to queue
[2026-03-31T00:20:21.948+0000] {logging_mixin.py:188} INFO - [2026-03-31T00:20:21.948+0000] {dagbag.py:540} INFO - Filling up the DagBag from /opt/airflow/dags/overwatch2_pipeline.py
[2026-03-31T00:20:21.985+0000] {processor.py:840} INFO - DAG(s) 'overwatch2_pipeline' retrieved from /opt/airflow/dags/overwatch2_pipeline.py
[2026-03-31T00:20:22.026+0000] {logging_mixin.py:188} INFO - [2026-03-31T00:20:22.025+0000] {dag.py:3096} INFO - Sync 1 DAGs
[2026-03-31T00:20:22.056+0000] {logging_mixin.py:188} INFO - [2026-03-31T00:20:22.056+0000] {dag.py:3954} INFO - Setting next_dagrun for overwatch2_pipeline to 2026-03-30 06:00:00+00:00, run_after=2026-03-31 06:00:00+00:00
[2026-03-31T00:20:22.091+0000] {processor.py:183} INFO - Processing /opt/airflow/dags/overwatch2_pipeline.py took 0.155 seconds
[2026-03-31T00:20:52.282+0000] {processor.py:161} INFO - Started process (PID=391) to work on /opt/airflow/dags/overwatch2_pipeline.py
[2026-03-31T00:20:52.283+0000] {processor.py:830} INFO - Processing file /opt/airflow/dags/overwatch2_pipeline.py for tasks to queue
[2026-03-31T00:20:52.286+0000] {logging_mixin.py:188} INFO - [2026-03-31T00:20:52.286+0000] {dagbag.py:540} INFO - Filling up the DagBag from /opt/airflow/dags/overwatch2_pipeline.py
[2026-03-31T00:20:52.339+0000] {processor.py:840} INFO - DAG(s) 'overwatch2_pipeline' retrieved from /opt/airflow/dags/overwatch2_pipeline.py
[2026-03-31T00:20:52.394+0000] {logging_mixin.py:188} INFO - [2026-03-31T00:20:52.393+0000] {dag.py:3096} INFO - Sync 1 DAGs
[2026-03-31T00:20:52.424+0000] {logging_mixin.py:188} INFO - [2026-03-31T00:20:52.424+0000] {dag.py:3954} INFO - Setting next_dagrun for overwatch2_pipeline to 2026-03-30 06:00:00+00:00, run_after=2026-03-31 06:00:00+00:00
[2026-03-31T00:20:52.453+0000] {processor.py:183} INFO - Processing /opt/airflow/dags/overwatch2_pipeline.py took 0.183 seconds
[2026-03-31T00:21:22.611+0000] {processor.py:161} INFO - Started process (PID=396) to work on /opt/airflow/dags/overwatch2_pipeline.py
[2026-03-31T00:21:22.613+0000] {processor.py:830} INFO - Processing file /opt/airflow/dags/overwatch2_pipeline.py for tasks to queue
[2026-03-31T00:21:22.616+0000] {logging_mixin.py:188} INFO - [2026-03-31T00:21:22.616+0000] {dagbag.py:540} INFO - Filling up the DagBag from /opt/airflow/dags/overwatch2_pipeline.py
[2026-03-31T00:21:22.657+0000] {processor.py:840} INFO - DAG(s) 'overwatch2_pipeline' retrieved from /opt/airflow/dags/overwatch2_pipeline.py
[2026-03-31T00:21:22.701+0000] {logging_mixin.py:188} INFO - [2026-03-31T00:21:22.701+0000] {dag.py:3096} INFO - Sync 1 DAGs
[2026-03-31T00:21:23.007+0000] {logging_mixin.py:188} INFO - [2026-03-31T00:21:23.007+0000] {dag.py:3954} INFO - Setting next_dagrun for overwatch2_pipeline to 2026-03-30 06:00:00+00:00, run_after=2026-03-31 06:00:00+00:00
[2026-03-31T00:21:23.033+0000] {processor.py:183} INFO - Processing /opt/airflow/dags/overwatch2_pipeline.py took 0.429 seconds
[2026-03-31T00:21:53.338+0000] {processor.py:161} INFO - Started process (PID=401) to work on /opt/airflow/dags/overwatch2_pipeline.py
[2026-03-31T00:21:53.340+0000] {processor.py:830} INFO - Processing file /opt/airflow/dags/overwatch2_pipeline.py for tasks to queue
[2026-03-31T00:21:53.343+0000] {logging_mixin.py:188} INFO - [2026-03-31T00:21:53.342+0000] {dagbag.py:540} INFO - Filling up the DagBag from /opt/airflow/dags/overwatch2_pipeline.py
[2026-03-31T00:21:53.383+0000] {processor.py:840} INFO - DAG(s) 'overwatch2_pipeline' retrieved from /opt/airflow/dags/overwatch2_pipeline.py
[2026-03-31T00:21:53.660+0000] {logging_mixin.py:188} INFO - [2026-03-31T00:21:53.660+0000] {dag.py:3096} INFO - Sync 1 DAGs
[2026-03-31T00:21:53.686+0000] {logging_mixin.py:188} INFO - [2026-03-31T00:21:53.685+0000] {dag.py:3954} INFO - Setting next_dagrun for overwatch2_pipeline to 2026-03-30 06:00:00+00:00, run_after=2026-03-31 06:00:00+00:00
[2026-03-31T00:21:53.716+0000] {processor.py:183} INFO - Processing /opt/airflow/dags/overwatch2_pipeline.py took 0.387 seconds
[2026-03-31T00:22:24.001+0000] {processor.py:161} INFO - Started process (PID=406) to work on /opt/airflow/dags/overwatch2_pipeline.py
[2026-03-31T00:22:24.002+0000] {processor.py:830} INFO - Processing file /opt/airflow/dags/overwatch2_pipeline.py for tasks to queue
[2026-03-31T00:22:24.004+0000] {logging_mixin.py:188} INFO - [2026-03-31T00:22:24.004+0000] {dagbag.py:540} INFO - Filling up the DagBag from /opt/airflow/dags/overwatch2_pipeline.py
[2026-03-31T00:22:24.293+0000] {processor.py:840} INFO - DAG(s) 'overwatch2_pipeline' retrieved from /opt/airflow/dags/overwatch2_pipeline.py
[2026-03-31T00:22:24.328+0000] {logging_mixin.py:188} INFO - [2026-03-31T00:22:24.328+0000] {dag.py:3096} INFO - Sync 1 DAGs
[2026-03-31T00:22:24.352+0000] {logging_mixin.py:188} INFO - [2026-03-31T00:22:24.351+0000] {dag.py:3954} INFO - Setting next_dagrun for overwatch2_pipeline to 2026-03-30 06:00:00+00:00, run_after=2026-03-31 06:00:00+00:00
[2026-03-31T00:22:24.383+0000] {processor.py:183} INFO - Processing /opt/airflow/dags/overwatch2_pipeline.py took 0.389 seconds
[2026-03-31T00:22:54.503+0000] {processor.py:161} INFO - Started process (PID=411) to work on /opt/airflow/dags/overwatch2_pipeline.py
[2026-03-31T00:22:54.506+0000] {processor.py:830} INFO - Processing file /opt/airflow/dags/overwatch2_pipeline.py for tasks to queue
[2026-03-31T00:22:54.509+0000] {logging_mixin.py:188} INFO - [2026-03-31T00:22:54.509+0000] {dagbag.py:540} INFO - Filling up the DagBag from /opt/airflow/dags/overwatch2_pipeline.py
[2026-03-31T00:22:54.553+0000] {processor.py:840} INFO - DAG(s) 'overwatch2_pipeline' retrieved from /opt/airflow/dags/overwatch2_pipeline.py
[2026-03-31T00:22:54.599+0000] {logging_mixin.py:188} INFO - [2026-03-31T00:22:54.598+0000] {dag.py:3096} INFO - Sync 1 DAGs
[2026-03-31T00:22:54.629+0000] {logging_mixin.py:188} INFO - [2026-03-31T00:22:54.628+0000] {dag.py:3954} INFO - Setting next_dagrun for overwatch2_pipeline to 2026-03-30 06:00:00+00:00, run_after=2026-03-31 06:00:00+00:00
[2026-03-31T00:22:54.661+0000] {processor.py:183} INFO - Processing /opt/airflow/dags/overwatch2_pipeline.py took 0.167 seconds
[2026-03-31T00:23:24.925+0000] {processor.py:161} INFO - Started process (PID=416) to work on /opt/airflow/dags/overwatch2_pipeline.py
[2026-03-31T00:23:24.927+0000] {processor.py:830} INFO - Processing file /opt/airflow/dags/overwatch2_pipeline.py for tasks to queue
[2026-03-31T00:23:24.930+0000] {logging_mixin.py:188} INFO - [2026-03-31T00:23:24.930+0000] {dagbag.py:540} INFO - Filling up the DagBag from /opt/airflow/dags/overwatch2_pipeline.py
[2026-03-31T00:23:24.971+0000] {processor.py:840} INFO - DAG(s) 'overwatch2_pipeline' retrieved from /opt/airflow/dags/overwatch2_pipeline.py
[2026-03-31T00:23:25.010+0000] {logging_mixin.py:188} INFO - [2026-03-31T00:23:25.010+0000] {dag.py:3096} INFO - Sync 1 DAGs
[2026-03-31T00:23:25.037+0000] {logging_mixin.py:188} INFO - [2026-03-31T00:23:25.037+0000] {dag.py:3954} INFO - Setting next_dagrun for overwatch2_pipeline to 2026-03-30 06:00:00+00:00, run_after=2026-03-31 06:00:00+00:00
[2026-03-31T00:23:25.069+0000] {processor.py:183} INFO - Processing /opt/airflow/dags/overwatch2_pipeline.py took 0.149 seconds
[2026-03-31T00:23:55.222+0000] {processor.py:161} INFO - Started process (PID=421) to work on /opt/airflow/dags/overwatch2_pipeline.py
[2026-03-31T00:23:55.223+0000] {processor.py:830} INFO - Processing file /opt/airflow/dags/overwatch2_pipeline.py for tasks to queue
[2026-03-31T00:23:55.227+0000] {logging_mixin.py:188} INFO - [2026-03-31T00:23:55.227+0000] {dagbag.py:540} INFO - Filling up the DagBag from /opt/airflow/dags/overwatch2_pipeline.py
[2026-03-31T00:23:55.275+0000] {processor.py:840} INFO - DAG(s) 'overwatch2_pipeline' retrieved from /opt/airflow/dags/overwatch2_pipeline.py
[2026-03-31T00:23:55.329+0000] {logging_mixin.py:188} INFO - [2026-03-31T00:23:55.329+0000] {dag.py:3096} INFO - Sync 1 DAGs
[2026-03-31T00:23:55.366+0000] {logging_mixin.py:188} INFO - [2026-03-31T00:23:55.366+0000] {dag.py:3954} INFO - Setting next_dagrun for overwatch2_pipeline to 2026-03-30 06:00:00+00:00, run_after=2026-03-31 06:00:00+00:00
[2026-03-31T00:23:55.405+0000] {processor.py:183} INFO - Processing /opt/airflow/dags/overwatch2_pipeline.py took 0.195 seconds
[2026-03-31T00:24:25.591+0000] {processor.py:161} INFO - Started process (PID=426) to work on /opt/airflow/dags/overwatch2_pipeline.py
[2026-03-31T00:24:25.592+0000] {processor.py:830} INFO - Processing file /opt/airflow/dags/overwatch2_pipeline.py for tasks to queue
[2026-03-31T00:24:25.595+0000] {logging_mixin.py:188} INFO - [2026-03-31T00:24:25.594+0000] {dagbag.py:540} INFO - Filling up the DagBag from /opt/airflow/dags/overwatch2_pipeline.py
[2026-03-31T00:24:25.657+0000] {processor.py:840} INFO - DAG(s) 'overwatch2_pipeline' retrieved from /opt/airflow/dags/overwatch2_pipeline.py
[2026-03-31T00:24:25.749+0000] {logging_mixin.py:188} INFO - [2026-03-31T00:24:25.748+0000] {dag.py:3096} INFO - Sync 1 DAGs
[2026-03-31T00:24:25.804+0000] {logging_mixin.py:188} INFO - [2026-03-31T00:24:25.804+0000] {dag.py:3954} INFO - Setting next_dagrun for overwatch2_pipeline to 2026-03-30 06:00:00+00:00, run_after=2026-03-31 06:00:00+00:00
[2026-03-31T00:24:25.858+0000] {processor.py:183} INFO - Processing /opt/airflow/dags/overwatch2_pipeline.py took 0.278 seconds
[2026-03-31T00:24:56.179+0000] {processor.py:161} INFO - Started process (PID=431) to work on /opt/airflow/dags/overwatch2_pipeline.py
[2026-03-31T00:24:56.181+0000] {processor.py:830} INFO - Processing file /opt/airflow/dags/overwatch2_pipeline.py for tasks to queue
[2026-03-31T00:24:56.184+0000] {logging_mixin.py:188} INFO - [2026-03-31T00:24:56.184+0000] {dagbag.py:540} INFO - Filling up the DagBag from /opt/airflow/dags/overwatch2_pipeline.py
[2026-03-31T00:24:56.235+0000] {processor.py:840} INFO - DAG(s) 'overwatch2_pipeline' retrieved from /opt/airflow/dags/overwatch2_pipeline.py
[2026-03-31T00:24:56.294+0000] {logging_mixin.py:188} INFO - [2026-03-31T00:24:56.294+0000] {dag.py:3096} INFO - Sync 1 DAGs
[2026-03-31T00:24:56.328+0000] {logging_mixin.py:188} INFO - [2026-03-31T00:24:56.328+0000] {dag.py:3954} INFO - Setting next_dagrun for overwatch2_pipeline to 2026-03-30 06:00:00+00:00, run_after=2026-03-31 06:00:00+00:00
[2026-03-31T00:24:56.357+0000] {processor.py:183} INFO - Processing /opt/airflow/dags/overwatch2_pipeline.py took 0.190 seconds
[2026-03-31T00:25:26.581+0000] {processor.py:161} INFO - Started process (PID=436) to work on /opt/airflow/dags/overwatch2_pipeline.py
[2026-03-31T00:25:26.582+0000] {processor.py:830} INFO - Processing file /opt/airflow/dags/overwatch2_pipeline.py for tasks to queue
[2026-03-31T00:25:26.584+0000] {logging_mixin.py:188} INFO - [2026-03-31T00:25:26.584+0000] {dagbag.py:540} INFO - Filling up the DagBag from /opt/airflow/dags/overwatch2_pipeline.py
[2026-03-31T00:25:26.617+0000] {processor.py:840} INFO - DAG(s) 'overwatch2_pipeline' retrieved from /opt/airflow/dags/overwatch2_pipeline.py
[2026-03-31T00:25:26.655+0000] {logging_mixin.py:188} INFO - [2026-03-31T00:25:26.655+0000] {dag.py:3096} INFO - Sync 1 DAGs
[2026-03-31T00:25:26.681+0000] {logging_mixin.py:188} INFO - [2026-03-31T00:25:26.681+0000] {dag.py:3954} INFO - Setting next_dagrun for overwatch2_pipeline to 2026-03-30 06:00:00+00:00, run_after=2026-03-31 06:00:00+00:00
[2026-03-31T00:25:26.707+0000] {processor.py:183} INFO - Processing /opt/airflow/dags/overwatch2_pipeline.py took 0.133 seconds
[2026-03-31T00:25:56.823+0000] {processor.py:161} INFO - Started process (PID=441) to work on /opt/airflow/dags/overwatch2_pipeline.py
[2026-03-31T00:25:56.825+0000] {processor.py:830} INFO - Processing file /opt/airflow/dags/overwatch2_pipeline.py for tasks to queue
[2026-03-31T00:25:56.827+0000] {logging_mixin.py:188} INFO - [2026-03-31T00:25:56.827+0000] {dagbag.py:540} INFO - Filling up the DagBag from /opt/airflow/dags/overwatch2_pipeline.py
[2026-03-31T00:25:56.859+0000] {processor.py:840} INFO - DAG(s) 'overwatch2_pipeline' retrieved from /opt/airflow/dags/overwatch2_pipeline.py
[2026-03-31T00:25:56.895+0000] {logging_mixin.py:188} INFO - [2026-03-31T00:25:56.895+0000] {dag.py:3096} INFO - Sync 1 DAGs
[2026-03-31T00:25:56.923+0000] {logging_mixin.py:188} INFO - [2026-03-31T00:25:56.923+0000] {dag.py:3954} INFO - Setting next_dagrun for overwatch2_pipeline to 2026-03-30 06:00:00+00:00, run_after=2026-03-31 06:00:00+00:00
[2026-03-31T00:25:56.946+0000] {processor.py:183} INFO - Processing /opt/airflow/dags/overwatch2_pipeline.py took 0.129 seconds
[2026-03-31T00:26:27.103+0000] {processor.py:161} INFO - Started process (PID=446) to work on /opt/airflow/dags/overwatch2_pipeline.py
[2026-03-31T00:26:27.105+0000] {processor.py:830} INFO - Processing file /opt/airflow/dags/overwatch2_pipeline.py for tasks to queue
[2026-03-31T00:26:27.108+0000] {logging_mixin.py:188} INFO - [2026-03-31T00:26:27.107+0000] {dagbag.py:540} INFO - Filling up the DagBag from /opt/airflow/dags/overwatch2_pipeline.py
[2026-03-31T00:26:27.140+0000] {processor.py:840} INFO - DAG(s) 'overwatch2_pipeline' retrieved from /opt/airflow/dags/overwatch2_pipeline.py
[2026-03-31T00:26:27.178+0000] {logging_mixin.py:188} INFO - [2026-03-31T00:26:27.178+0000] {dag.py:3096} INFO - Sync 1 DAGs
[2026-03-31T00:26:27.204+0000] {logging_mixin.py:188} INFO - [2026-03-31T00:26:27.203+0000] {dag.py:3954} INFO - Setting next_dagrun for overwatch2_pipeline to 2026-03-30 06:00:00+00:00, run_after=2026-03-31 06:00:00+00:00
[2026-03-31T00:26:27.231+0000] {processor.py:183} INFO - Processing /opt/airflow/dags/overwatch2_pipeline.py took 0.133 seconds
[2026-03-31T00:26:57.345+0000] {processor.py:161} INFO - Started process (PID=451) to work on /opt/airflow/dags/overwatch2_pipeline.py
[2026-03-31T00:26:57.347+0000] {processor.py:830} INFO - Processing file /opt/airflow/dags/overwatch2_pipeline.py for tasks to queue
[2026-03-31T00:26:57.349+0000] {logging_mixin.py:188} INFO - [2026-03-31T00:26:57.349+0000] {dagbag.py:540} INFO - Filling up the DagBag from /opt/airflow/dags/overwatch2_pipeline.py
[2026-03-31T00:26:57.384+0000] {processor.py:840} INFO - DAG(s) 'overwatch2_pipeline' retrieved from /opt/airflow/dags/overwatch2_pipeline.py
[2026-03-31T00:26:57.422+0000] {logging_mixin.py:188} INFO - [2026-03-31T00:26:57.421+0000] {dag.py:3096} INFO - Sync 1 DAGs
[2026-03-31T00:26:57.448+0000] {logging_mixin.py:188} INFO - [2026-03-31T00:26:57.448+0000] {dag.py:3954} INFO - Setting next_dagrun for overwatch2_pipeline to 2026-03-30 06:00:00+00:00, run_after=2026-03-31 06:00:00+00:00
[2026-03-31T00:26:57.471+0000] {processor.py:183} INFO - Processing /opt/airflow/dags/overwatch2_pipeline.py took 0.134 seconds
[2026-03-31T00:27:27.639+0000] {processor.py:161} INFO - Started process (PID=456) to work on /opt/airflow/dags/overwatch2_pipeline.py
[2026-03-31T00:27:27.640+0000] {processor.py:830} INFO - Processing file /opt/airflow/dags/overwatch2_pipeline.py for tasks to queue
[2026-03-31T00:27:27.642+0000] {logging_mixin.py:188} INFO - [2026-03-31T00:27:27.642+0000] {dagbag.py:540} INFO - Filling up the DagBag from /opt/airflow/dags/overwatch2_pipeline.py
[2026-03-31T00:27:27.680+0000] {processor.py:840} INFO - DAG(s) 'overwatch2_pipeline' retrieved from /opt/airflow/dags/overwatch2_pipeline.py
[2026-03-31T00:27:27.719+0000] {logging_mixin.py:188} INFO - [2026-03-31T00:27:27.719+0000] {dag.py:3096} INFO - Sync 1 DAGs
[2026-03-31T00:27:27.745+0000] {logging_mixin.py:188} INFO - [2026-03-31T00:27:27.744+0000] {dag.py:3954} INFO - Setting next_dagrun for overwatch2_pipeline to 2026-03-30 06:00:00+00:00, run_after=2026-03-31 06:00:00+00:00
[2026-03-31T00:27:27.770+0000] {processor.py:183} INFO - Processing /opt/airflow/dags/overwatch2_pipeline.py took 0.137 seconds
[2026-03-31T00:27:57.875+0000] {processor.py:161} INFO - Started process (PID=461) to work on /opt/airflow/dags/overwatch2_pipeline.py
[2026-03-31T00:27:57.877+0000] {processor.py:830} INFO - Processing file /opt/airflow/dags/overwatch2_pipeline.py for tasks to queue
[2026-03-31T00:27:57.879+0000] {logging_mixin.py:188} INFO - [2026-03-31T00:27:57.879+0000] {dagbag.py:540} INFO - Filling up the DagBag from /opt/airflow/dags/overwatch2_pipeline.py
[2026-03-31T00:27:57.912+0000] {processor.py:840} INFO - DAG(s) 'overwatch2_pipeline' retrieved from /opt/airflow/dags/overwatch2_pipeline.py
[2026-03-31T00:27:57.953+0000] {logging_mixin.py:188} INFO - [2026-03-31T00:27:57.953+0000] {dag.py:3096} INFO - Sync 1 DAGs
[2026-03-31T00:27:57.981+0000] {logging_mixin.py:188} INFO - [2026-03-31T00:27:57.981+0000] {dag.py:3954} INFO - Setting next_dagrun for overwatch2_pipeline to 2026-03-30 06:00:00+00:00, run_after=2026-03-31 06:00:00+00:00
[2026-03-31T00:27:58.007+0000] {processor.py:183} INFO - Processing /opt/airflow/dags/overwatch2_pipeline.py took 0.138 seconds
[2026-03-31T00:28:28.176+0000] {processor.py:161} INFO - Started process (PID=466) to work on /opt/airflow/dags/overwatch2_pipeline.py
[2026-03-31T00:28:28.177+0000] {processor.py:830} INFO - Processing file /opt/airflow/dags/overwatch2_pipeline.py for tasks to queue
[2026-03-31T00:28:28.179+0000] {logging_mixin.py:188} INFO - [2026-03-31T00:28:28.179+0000] {dagbag.py:540} INFO - Filling up the DagBag from /opt/airflow/dags/overwatch2_pipeline.py
[2026-03-31T00:28:28.212+0000] {processor.py:840} INFO - DAG(s) 'overwatch2_pipeline' retrieved from /opt/airflow/dags/overwatch2_pipeline.py
[2026-03-31T00:28:28.251+0000] {logging_mixin.py:188} INFO - [2026-03-31T00:28:28.251+0000] {dag.py:3096} INFO - Sync 1 DAGs
[2026-03-31T00:28:28.279+0000] {logging_mixin.py:188} INFO - [2026-03-31T00:28:28.278+0000] {dag.py:3954} INFO - Setting next_dagrun for overwatch2_pipeline to 2026-03-30 06:00:00+00:00, run_after=2026-03-31 06:00:00+00:00
[2026-03-31T00:28:28.307+0000] {processor.py:183} INFO - Processing /opt/airflow/dags/overwatch2_pipeline.py took 0.136 seconds
[2026-03-31T00:28:58.418+0000] {processor.py:161} INFO - Started process (PID=471) to work on /opt/airflow/dags/overwatch2_pipeline.py
[2026-03-31T00:28:58.420+0000] {processor.py:830} INFO - Processing file /opt/airflow/dags/overwatch2_pipeline.py for tasks to queue
[2026-03-31T00:28:58.423+0000] {logging_mixin.py:188} INFO - [2026-03-31T00:28:58.423+0000] {dagbag.py:540} INFO - Filling up the DagBag from /opt/airflow/dags/overwatch2_pipeline.py
[2026-03-31T00:28:58.462+0000] {processor.py:840} INFO - DAG(s) 'overwatch2_pipeline' retrieved from /opt/airflow/dags/overwatch2_pipeline.py
[2026-03-31T00:28:58.502+0000] {logging_mixin.py:188} INFO - [2026-03-31T00:28:58.502+0000] {dag.py:3096} INFO - Sync 1 DAGs
[2026-03-31T00:28:58.528+0000] {logging_mixin.py:188} INFO - [2026-03-31T00:28:58.528+0000] {dag.py:3954} INFO - Setting next_dagrun for overwatch2_pipeline to 2026-03-30 06:00:00+00:00, run_after=2026-03-31 06:00:00+00:00
[2026-03-31T00:28:58.556+0000] {processor.py:183} INFO - Processing /opt/airflow/dags/overwatch2_pipeline.py took 0.144 seconds
[2026-03-31T00:29:28.764+0000] {processor.py:161} INFO - Started process (PID=476) to work on /opt/airflow/dags/overwatch2_pipeline.py
[2026-03-31T00:29:28.766+0000] {processor.py:830} INFO - Processing file /opt/airflow/dags/overwatch2_pipeline.py for tasks to queue
[2026-03-31T00:29:28.768+0000] {logging_mixin.py:188} INFO - [2026-03-31T00:29:28.768+0000] {dagbag.py:540} INFO - Filling up the DagBag from /opt/airflow/dags/overwatch2_pipeline.py
[2026-03-31T00:29:28.805+0000] {processor.py:840} INFO - DAG(s) 'overwatch2_pipeline' retrieved from /opt/airflow/dags/overwatch2_pipeline.py
[2026-03-31T00:29:28.846+0000] {logging_mixin.py:188} INFO - [2026-03-31T00:29:28.846+0000] {dag.py:3096} INFO - Sync 1 DAGs
[2026-03-31T00:29:28.872+0000] {logging_mixin.py:188} INFO - [2026-03-31T00:29:28.872+0000] {dag.py:3954} INFO - Setting next_dagrun for overwatch2_pipeline to 2026-03-30 06:00:00+00:00, run_after=2026-03-31 06:00:00+00:00
[2026-03-31T00:29:28.905+0000] {processor.py:183} INFO - Processing /opt/airflow/dags/overwatch2_pipeline.py took 0.148 seconds
[2026-03-31T00:29:59.068+0000] {processor.py:161} INFO - Started process (PID=481) to work on /opt/airflow/dags/overwatch2_pipeline.py
[2026-03-31T00:29:59.071+0000] {processor.py:830} INFO - Processing file /opt/airflow/dags/overwatch2_pipeline.py for tasks to queue
[2026-03-31T00:29:59.073+0000] {logging_mixin.py:188} INFO - [2026-03-31T00:29:59.073+0000] {dagbag.py:540} INFO - Filling up the DagBag from /opt/airflow/dags/overwatch2_pipeline.py
[2026-03-31T00:29:59.116+0000] {processor.py:840} INFO - DAG(s) 'overwatch2_pipeline' retrieved from /opt/airflow/dags/overwatch2_pipeline.py
[2026-03-31T00:29:59.157+0000] {logging_mixin.py:188} INFO - [2026-03-31T00:29:59.157+0000] {dag.py:3096} INFO - Sync 1 DAGs
[2026-03-31T00:29:59.187+0000] {logging_mixin.py:188} INFO - [2026-03-31T00:29:59.186+0000] {dag.py:3954} INFO - Setting next_dagrun for overwatch2_pipeline to 2026-03-30 06:00:00+00:00, run_after=2026-03-31 06:00:00+00:00
[2026-03-31T00:29:59.219+0000] {processor.py:183} INFO - Processing /opt/airflow/dags/overwatch2_pipeline.py took 0.159 seconds
[2026-03-31T00:30:29.429+0000] {processor.py:161} INFO - Started process (PID=486) to work on /opt/airflow/dags/overwatch2_pipeline.py
[2026-03-31T00:30:29.431+0000] {processor.py:830} INFO - Processing file /opt/airflow/dags/overwatch2_pipeline.py for tasks to queue
[2026-03-31T00:30:29.435+0000] {logging_mixin.py:188} INFO - [2026-03-31T00:30:29.434+0000] {dagbag.py:540} INFO - Filling up the DagBag from /opt/airflow/dags/overwatch2_pipeline.py
[2026-03-31T00:30:29.473+0000] {processor.py:840} INFO - DAG(s) 'overwatch2_pipeline' retrieved from /opt/airflow/dags/overwatch2_pipeline.py
[2026-03-31T00:30:29.517+0000] {logging_mixin.py:188} INFO - [2026-03-31T00:30:29.517+0000] {dag.py:3096} INFO - Sync 1 DAGs
[2026-03-31T00:30:29.545+0000] {logging_mixin.py:188} INFO - [2026-03-31T00:30:29.545+0000] {dag.py:3954} INFO - Setting next_dagrun for overwatch2_pipeline to 2026-03-30 06:00:00+00:00, run_after=2026-03-31 06:00:00+00:00
[2026-03-31T00:30:29.581+0000] {processor.py:183} INFO - Processing /opt/airflow/dags/overwatch2_pipeline.py took 0.165 seconds
[2026-03-31T22:05:18.527+0000] {processor.py:161} INFO - Started process (PID=219) to work on /opt/airflow/dags/overwatch2_pipeline.py
[2026-03-31T22:05:18.528+0000] {processor.py:830} INFO - Processing file /opt/airflow/dags/overwatch2_pipeline.py for tasks to queue
[2026-03-31T22:05:18.531+0000] {logging_mixin.py:188} INFO - [2026-03-31T22:05:18.531+0000] {dagbag.py:540} INFO - Filling up the DagBag from /opt/airflow/dags/overwatch2_pipeline.py
[2026-03-31T22:05:18.561+0000] {processor.py:840} INFO - DAG(s) 'overwatch2_pipeline' retrieved from /opt/airflow/dags/overwatch2_pipeline.py
[2026-03-31T22:05:18.624+0000] {logging_mixin.py:188} INFO - [2026-03-31T22:05:18.624+0000] {dag.py:3096} INFO - Sync 1 DAGs
[2026-03-31T22:05:18.661+0000] {logging_mixin.py:188} INFO - [2026-03-31T22:05:18.660+0000] {dag.py:3954} INFO - Setting next_dagrun for overwatch2_pipeline to 2026-03-31 06:00:00+00:00, run_after=2026-04-01 06:00:00+00:00
[2026-03-31T22:05:18.688+0000] {processor.py:183} INFO - Processing /opt/airflow/dags/overwatch2_pipeline.py took 0.170 seconds
[2026-03-31T22:05:48.892+0000] {processor.py:161} INFO - Started process (PID=236) to work on /opt/airflow/dags/overwatch2_pipeline.py
[2026-03-31T22:05:48.894+0000] {processor.py:830} INFO - Processing file /opt/airflow/dags/overwatch2_pipeline.py for tasks to queue
[2026-03-31T22:05:48.897+0000] {logging_mixin.py:188} INFO - [2026-03-31T22:05:48.897+0000] {dagbag.py:540} INFO - Filling up the DagBag from /opt/airflow/dags/overwatch2_pipeline.py
[2026-03-31T22:05:48.936+0000] {processor.py:840} INFO - DAG(s) 'overwatch2_pipeline' retrieved from /opt/airflow/dags/overwatch2_pipeline.py
[2026-03-31T22:05:48.953+0000] {logging_mixin.py:188} INFO - [2026-03-31T22:05:48.953+0000] {dag.py:3096} INFO - Sync 1 DAGs
[2026-03-31T22:05:48.982+0000] {logging_mixin.py:188} INFO - [2026-03-31T22:05:48.982+0000] {dag.py:3954} INFO - Setting next_dagrun for overwatch2_pipeline to 2026-03-31 06:00:00+00:00, run_after=2026-04-01 06:00:00+00:00
[2026-03-31T22:05:49.005+0000] {processor.py:183} INFO - Processing /opt/airflow/dags/overwatch2_pipeline.py took 0.121 seconds
[2026-03-31T22:06:19.186+0000] {processor.py:161} INFO - Started process (PID=249) to work on /opt/airflow/dags/overwatch2_pipeline.py
[2026-03-31T22:06:19.188+0000] {processor.py:830} INFO - Processing file /opt/airflow/dags/overwatch2_pipeline.py for tasks to queue
[2026-03-31T22:06:19.190+0000] {logging_mixin.py:188} INFO - [2026-03-31T22:06:19.189+0000] {dagbag.py:540} INFO - Filling up the DagBag from /opt/airflow/dags/overwatch2_pipeline.py
[2026-03-31T22:06:19.214+0000] {processor.py:840} INFO - DAG(s) 'overwatch2_pipeline' retrieved from /opt/airflow/dags/overwatch2_pipeline.py
[2026-03-31T22:06:19.370+0000] {logging_mixin.py:188} INFO - [2026-03-31T22:06:19.369+0000] {dag.py:3096} INFO - Sync 1 DAGs
[2026-03-31T22:06:19.391+0000] {logging_mixin.py:188} INFO - [2026-03-31T22:06:19.391+0000] {dag.py:3954} INFO - Setting next_dagrun for overwatch2_pipeline to 2026-03-31 06:00:00+00:00, run_after=2026-04-01 06:00:00+00:00
[2026-03-31T22:06:19.412+0000] {processor.py:183} INFO - Processing /opt/airflow/dags/overwatch2_pipeline.py took 0.232 seconds
[2026-03-31T22:06:49.600+0000] {processor.py:161} INFO - Started process (PID=254) to work on /opt/airflow/dags/overwatch2_pipeline.py
[2026-03-31T22:06:49.601+0000] {processor.py:830} INFO - Processing file /opt/airflow/dags/overwatch2_pipeline.py for tasks to queue
[2026-03-31T22:06:49.603+0000] {logging_mixin.py:188} INFO - [2026-03-31T22:06:49.602+0000] {dagbag.py:540} INFO - Filling up the DagBag from /opt/airflow/dags/overwatch2_pipeline.py
[2026-03-31T22:06:49.627+0000] {processor.py:840} INFO - DAG(s) 'overwatch2_pipeline' retrieved from /opt/airflow/dags/overwatch2_pipeline.py
[2026-03-31T22:06:49.662+0000] {logging_mixin.py:188} INFO - [2026-03-31T22:06:49.662+0000] {dag.py:3096} INFO - Sync 1 DAGs
[2026-03-31T22:06:49.687+0000] {logging_mixin.py:188} INFO - [2026-03-31T22:06:49.687+0000] {dag.py:3954} INFO - Setting next_dagrun for overwatch2_pipeline to 2026-03-31 06:00:00+00:00, run_after=2026-04-01 06:00:00+00:00
[2026-03-31T22:06:49.708+0000] {processor.py:183} INFO - Processing /opt/airflow/dags/overwatch2_pipeline.py took 0.114 seconds
[2026-03-31T22:07:19.777+0000] {processor.py:161} INFO - Started process (PID=259) to work on /opt/airflow/dags/overwatch2_pipeline.py
[2026-03-31T22:07:19.778+0000] {processor.py:830} INFO - Processing file /opt/airflow/dags/overwatch2_pipeline.py for tasks to queue
[2026-03-31T22:07:19.780+0000] {logging_mixin.py:188} INFO - [2026-03-31T22:07:19.780+0000] {dagbag.py:540} INFO - Filling up the DagBag from /opt/airflow/dags/overwatch2_pipeline.py
[2026-03-31T22:07:19.812+0000] {processor.py:840} INFO - DAG(s) 'overwatch2_pipeline' retrieved from /opt/airflow/dags/overwatch2_pipeline.py
[2026-03-31T22:07:19.850+0000] {logging_mixin.py:188} INFO - [2026-03-31T22:07:19.850+0000] {dag.py:3096} INFO - Sync 1 DAGs
[2026-03-31T22:07:19.876+0000] {logging_mixin.py:188} INFO - [2026-03-31T22:07:19.876+0000] {dag.py:3954} INFO - Setting next_dagrun for overwatch2_pipeline to 2026-03-31 06:00:00+00:00, run_after=2026-04-01 06:00:00+00:00
[2026-03-31T22:07:19.904+0000] {processor.py:183} INFO - Processing /opt/airflow/dags/overwatch2_pipeline.py took 0.132 seconds
[2026-03-31T22:07:50.070+0000] {processor.py:161} INFO - Started process (PID=264) to work on /opt/airflow/dags/overwatch2_pipeline.py
[2026-03-31T22:07:50.071+0000] {processor.py:830} INFO - Processing file /opt/airflow/dags/overwatch2_pipeline.py for tasks to queue
[2026-03-31T22:07:50.073+0000] {logging_mixin.py:188} INFO - [2026-03-31T22:07:50.073+0000] {dagbag.py:540} INFO - Filling up the DagBag from /opt/airflow/dags/overwatch2_pipeline.py
[2026-03-31T22:07:50.101+0000] {processor.py:840} INFO - DAG(s) 'overwatch2_pipeline' retrieved from /opt/airflow/dags/overwatch2_pipeline.py
[2026-03-31T22:07:50.136+0000] {logging_mixin.py:188} INFO - [2026-03-31T22:07:50.136+0000] {dag.py:3096} INFO - Sync 1 DAGs
[2026-03-31T22:07:50.162+0000] {logging_mixin.py:188} INFO - [2026-03-31T22:07:50.162+0000] {dag.py:3954} INFO - Setting next_dagrun for overwatch2_pipeline to 2026-03-31 06:00:00+00:00, run_after=2026-04-01 06:00:00+00:00
[2026-03-31T22:07:50.183+0000] {processor.py:183} INFO - Processing /opt/airflow/dags/overwatch2_pipeline.py took 0.118 seconds
[2026-03-31T22:08:20.257+0000] {processor.py:161} INFO - Started process (PID=269) to work on /opt/airflow/dags/overwatch2_pipeline.py
[2026-03-31T22:08:20.258+0000] {processor.py:830} INFO - Processing file /opt/airflow/dags/overwatch2_pipeline.py for tasks to queue
[2026-03-31T22:08:20.260+0000] {logging_mixin.py:188} INFO - [2026-03-31T22:08:20.260+0000] {dagbag.py:540} INFO - Filling up the DagBag from /opt/airflow/dags/overwatch2_pipeline.py
[2026-03-31T22:08:20.291+0000] {processor.py:840} INFO - DAG(s) 'overwatch2_pipeline' retrieved from /opt/airflow/dags/overwatch2_pipeline.py
[2026-03-31T22:08:20.336+0000] {logging_mixin.py:188} INFO - [2026-03-31T22:08:20.336+0000] {dag.py:3096} INFO - Sync 1 DAGs
[2026-03-31T22:08:20.363+0000] {logging_mixin.py:188} INFO - [2026-03-31T22:08:20.363+0000] {dag.py:3954} INFO - Setting next_dagrun for overwatch2_pipeline to 2026-03-31 06:00:00+00:00, run_after=2026-04-01 06:00:00+00:00
[2026-03-31T22:08:20.387+0000] {processor.py:183} INFO - Processing /opt/airflow/dags/overwatch2_pipeline.py took 0.137 seconds
