[2026-03-26T03:07:29.827+0000] {local_task_job_runner.py:120} INFO - ::group::Pre task execution logs
[2026-03-26T03:07:29.909+0000] {taskinstance.py:2073} INFO - Dependencies all met for dep_context=non-requeueable deps ti=<TaskInstance: overwatch2_pipeline.crear_indices scheduled__2026-03-11T00:00:00+00:00 [queued]>
[2026-03-26T03:07:29.937+0000] {taskinstance.py:2073} INFO - Dependencies all met for dep_context=requeueable deps ti=<TaskInstance: overwatch2_pipeline.crear_indices scheduled__2026-03-11T00:00:00+00:00 [queued]>
[2026-03-26T03:07:29.940+0000] {taskinstance.py:2303} INFO - Starting attempt 2 of 4
[2026-03-26T03:07:29.981+0000] {taskinstance.py:2327} INFO - Executing <Task(PythonOperator): crear_indices> on 2026-03-11 00:00:00+00:00
[2026-03-26T03:07:30.004+0000] {logging_mixin.py:188} WARNING - /home/***/.local/lib/python3.12/site-packages/***/task/task_runner/standard_task_runner.py:61 DeprecationWarning: This process (pid=1103) is multi-threaded, use of fork() may lead to deadlocks in the child.
[2026-03-26T03:07:30.006+0000] {standard_task_runner.py:63} INFO - Started process 1122 to run task
[2026-03-26T03:07:30.011+0000] {standard_task_runner.py:90} INFO - Running: ['***', 'tasks', 'run', 'overwatch2_pipeline', 'crear_indices', 'scheduled__2026-03-11T00:00:00+00:00', '--job-id', '678', '--raw', '--subdir', 'DAGS_FOLDER/overwatch2_pipeline.py', '--cfg-path', '/tmp/tmpgz6vu0f1']
[2026-03-26T03:07:30.015+0000] {standard_task_runner.py:91} INFO - Job 678: Subtask crear_indices
[2026-03-26T03:07:30.278+0000] {task_command.py:426} INFO - Running <TaskInstance: overwatch2_pipeline.crear_indices scheduled__2026-03-11T00:00:00+00:00 [running]> on host 5f83853c16fb
[2026-03-26T03:07:30.592+0000] {taskinstance.py:2644} INFO - Exporting env vars: AIRFLOW_CTX_DAG_OWNER='angel' AIRFLOW_CTX_DAG_ID='overwatch2_pipeline' AIRFLOW_CTX_TASK_ID='crear_indices' AIRFLOW_CTX_EXECUTION_DATE='2026-03-11T00:00:00+00:00' AIRFLOW_CTX_TRY_NUMBER='2' AIRFLOW_CTX_DAG_RUN_ID='scheduled__2026-03-11T00:00:00+00:00'
[2026-03-26T03:07:30.594+0000] {taskinstance.py:430} INFO - ::endgroup::
[2026-03-26T03:07:32.626+0000] {overwatch2_pipeline.py:262} INFO -   ✅ fact_id_heroe
[2026-03-26T03:07:32.631+0000] {overwatch2_pipeline.py:262} INFO -   ✅ fact_id_tiempo
[2026-03-26T03:07:32.637+0000] {overwatch2_pipeline.py:262} INFO -   ✅ fact_id_contexto
[2026-03-26T03:07:32.641+0000] {overwatch2_pipeline.py:262} INFO -   ✅ fact_id_escenario
[2026-03-26T03:07:32.645+0000] {overwatch2_pipeline.py:262} INFO -   ✅ tiempo_fecha
[2026-03-26T03:07:32.656+0000] {overwatch2_pipeline.py:262} INFO -   ✅ heroe_nombre
[2026-03-26T03:07:32.661+0000] {overwatch2_pipeline.py:262} INFO -   ✅ heroe_rol
[2026-03-26T03:07:32.664+0000] {overwatch2_pipeline.py:262} INFO -   ✅ contexto_plat
[2026-03-26T03:07:32.668+0000] {overwatch2_pipeline.py:262} INFO -   ✅ contexto_modo
[2026-03-26T03:07:32.672+0000] {overwatch2_pipeline.py:262} INFO -   ✅ escenario_region
[2026-03-26T03:07:32.676+0000] {overwatch2_pipeline.py:262} INFO -   ✅ escenario_mapa
[2026-03-26T03:07:32.678+0000] {overwatch2_pipeline.py:266} INFO - ✅ Indices creados/verificados correctamente
[2026-03-26T03:07:32.682+0000] {python.py:237} INFO - Done. Returned value was: None
[2026-03-26T03:07:32.686+0000] {taskinstance.py:441} INFO - ::group::Post task execution logs
[2026-03-26T03:07:32.710+0000] {taskinstance.py:1205} INFO - Marking task as SUCCESS. dag_id=overwatch2_pipeline, task_id=crear_indices, execution_date=20260311T000000, start_date=20260326T030729, end_date=20260326T030732
[2026-03-26T03:07:32.798+0000] {local_task_job_runner.py:240} INFO - Task exited with return code 0
[2026-03-26T03:07:33.027+0000] {taskinstance.py:3482} INFO - 0 downstream tasks scheduled from follow-on schedule check
[2026-03-26T03:07:33.037+0000] {local_task_job_runner.py:222} INFO - ::endgroup::
