[2026-03-25T22:15:09.623+0000] {local_task_job_runner.py:120} INFO - ::group::Pre task execution logs
[2026-03-25T22:15:09.656+0000] {taskinstance.py:2073} INFO - Dependencies all met for dep_context=non-requeueable deps ti=<TaskInstance: overwatch2_pipeline.crear_indices manual__2026-03-24T18:00:22.915753+00:00 [queued]>
[2026-03-25T22:15:09.664+0000] {taskinstance.py:2073} INFO - Dependencies all met for dep_context=requeueable deps ti=<TaskInstance: overwatch2_pipeline.crear_indices manual__2026-03-24T18:00:22.915753+00:00 [queued]>
[2026-03-25T22:15:09.665+0000] {taskinstance.py:2303} INFO - Starting attempt 1 of 3
[2026-03-25T22:15:09.676+0000] {taskinstance.py:2327} INFO - Executing <Task(PythonOperator): crear_indices> on 2026-03-24 18:00:22.915753+00:00
[2026-03-25T22:15:09.684+0000] {standard_task_runner.py:90} INFO - Running: ['***', 'tasks', 'run', 'overwatch2_pipeline', 'crear_indices', 'manual__2026-03-24T18:00:22.915753+00:00', '--job-id', '288', '--raw', '--subdir', 'DAGS_FOLDER/overwatch2_pipeline.py', '--cfg-path', '/tmp/tmpjeq63phf']
[2026-03-25T22:15:09.685+0000] {logging_mixin.py:188} WARNING - /home/***/.local/lib/python3.12/site-packages/***/task/task_runner/standard_task_runner.py:61 DeprecationWarning: This process (pid=278) is multi-threaded, use of fork() may lead to deadlocks in the child.
[2026-03-25T22:15:09.686+0000] {standard_task_runner.py:91} INFO - Job 288: Subtask crear_indices
[2026-03-25T22:15:09.687+0000] {standard_task_runner.py:63} INFO - Started process 279 to run task
[2026-03-25T22:15:09.748+0000] {task_command.py:426} INFO - Running <TaskInstance: overwatch2_pipeline.crear_indices manual__2026-03-24T18:00:22.915753+00:00 [running]> on host c606f4a11b92
[2026-03-25T22:15:09.837+0000] {taskinstance.py:2644} INFO - Exporting env vars: AIRFLOW_CTX_DAG_OWNER='angel' AIRFLOW_CTX_DAG_ID='overwatch2_pipeline' AIRFLOW_CTX_TASK_ID='crear_indices' AIRFLOW_CTX_EXECUTION_DATE='2026-03-24T18:00:22.915753+00:00' AIRFLOW_CTX_TRY_NUMBER='1' AIRFLOW_CTX_DAG_RUN_ID='manual__2026-03-24T18:00:22.915753+00:00'
[2026-03-25T22:15:09.838+0000] {taskinstance.py:430} INFO - ::endgroup::
[2026-03-25T22:15:09.995+0000] {overwatch2_pipeline.py:262} INFO -   ✅ fact_id_heroe
[2026-03-25T22:15:10.025+0000] {overwatch2_pipeline.py:262} INFO -   ✅ fact_id_tiempo
[2026-03-25T22:15:10.057+0000] {overwatch2_pipeline.py:262} INFO -   ✅ fact_id_contexto
[2026-03-25T22:15:10.090+0000] {overwatch2_pipeline.py:262} INFO -   ✅ fact_id_escenario
[2026-03-25T22:15:10.096+0000] {overwatch2_pipeline.py:262} INFO -   ✅ tiempo_fecha
[2026-03-25T22:15:10.102+0000] {overwatch2_pipeline.py:262} INFO -   ✅ heroe_nombre
[2026-03-25T22:15:10.105+0000] {overwatch2_pipeline.py:262} INFO -   ✅ heroe_rol
[2026-03-25T22:15:10.109+0000] {overwatch2_pipeline.py:262} INFO -   ✅ contexto_plat
[2026-03-25T22:15:10.112+0000] {overwatch2_pipeline.py:262} INFO -   ✅ contexto_modo
[2026-03-25T22:15:10.116+0000] {overwatch2_pipeline.py:262} INFO -   ✅ escenario_region
[2026-03-25T22:15:10.120+0000] {overwatch2_pipeline.py:262} INFO -   ✅ escenario_mapa
[2026-03-25T22:15:10.122+0000] {overwatch2_pipeline.py:266} INFO - ✅ Indices creados/verificados correctamente
[2026-03-25T22:15:10.122+0000] {python.py:237} INFO - Done. Returned value was: None
[2026-03-25T22:15:10.123+0000] {taskinstance.py:441} INFO - ::group::Post task execution logs
[2026-03-25T22:15:10.134+0000] {taskinstance.py:1205} INFO - Marking task as SUCCESS. dag_id=overwatch2_pipeline, task_id=crear_indices, execution_date=20260324T180022, start_date=20260325T221509, end_date=20260325T221510
[2026-03-25T22:15:10.182+0000] {local_task_job_runner.py:240} INFO - Task exited with return code 0
[2026-03-25T22:15:10.211+0000] {taskinstance.py:3482} INFO - 1 downstream tasks scheduled from follow-on schedule check
[2026-03-25T22:15:10.213+0000] {local_task_job_runner.py:222} INFO - ::endgroup::
