[2026-03-26T03:07:29.826+0000] {local_task_job_runner.py:120} INFO - ::group::Pre task execution logs
[2026-03-26T03:07:29.929+0000] {taskinstance.py:2073} INFO - Dependencies all met for dep_context=non-requeueable deps ti=<TaskInstance: overwatch2_pipeline.crear_indices scheduled__2026-03-15T00:00:00+00:00 [queued]>
[2026-03-26T03:07:29.964+0000] {taskinstance.py:2073} INFO - Dependencies all met for dep_context=requeueable deps ti=<TaskInstance: overwatch2_pipeline.crear_indices scheduled__2026-03-15T00:00:00+00:00 [queued]>
[2026-03-26T03:07:29.967+0000] {taskinstance.py:2303} INFO - Starting attempt 2 of 4
[2026-03-26T03:07:30.006+0000] {taskinstance.py:2327} INFO - Executing <Task(PythonOperator): crear_indices> on 2026-03-15 00:00:00+00:00
[2026-03-26T03:07:30.035+0000] {logging_mixin.py:188} WARNING - /home/***/.local/lib/python3.12/site-packages/***/task/task_runner/standard_task_runner.py:61 DeprecationWarning: This process (pid=1105) is multi-threaded, use of fork() may lead to deadlocks in the child.
[2026-03-26T03:07:30.038+0000] {standard_task_runner.py:63} INFO - Started process 1124 to run task
[2026-03-26T03:07:30.033+0000] {standard_task_runner.py:90} INFO - Running: ['***', 'tasks', 'run', 'overwatch2_pipeline', 'crear_indices', 'scheduled__2026-03-15T00:00:00+00:00', '--job-id', '677', '--raw', '--subdir', 'DAGS_FOLDER/overwatch2_pipeline.py', '--cfg-path', '/tmp/tmpfsaab6wr']
[2026-03-26T03:07:30.041+0000] {standard_task_runner.py:91} INFO - Job 677: Subtask crear_indices
[2026-03-26T03:07:30.303+0000] {task_command.py:426} INFO - Running <TaskInstance: overwatch2_pipeline.crear_indices scheduled__2026-03-15T00:00:00+00:00 [running]> on host 5f83853c16fb
[2026-03-26T03:07:30.537+0000] {taskinstance.py:2644} INFO - Exporting env vars: AIRFLOW_CTX_DAG_OWNER='angel' AIRFLOW_CTX_DAG_ID='overwatch2_pipeline' AIRFLOW_CTX_TASK_ID='crear_indices' AIRFLOW_CTX_EXECUTION_DATE='2026-03-15T00:00:00+00:00' AIRFLOW_CTX_TRY_NUMBER='2' AIRFLOW_CTX_DAG_RUN_ID='scheduled__2026-03-15T00:00:00+00:00'
[2026-03-26T03:07:30.544+0000] {taskinstance.py:430} INFO - ::endgroup::
[2026-03-26T03:07:32.623+0000] {overwatch2_pipeline.py:262} INFO -   ✅ fact_id_heroe
[2026-03-26T03:07:32.628+0000] {overwatch2_pipeline.py:262} INFO -   ✅ fact_id_tiempo
[2026-03-26T03:07:32.634+0000] {overwatch2_pipeline.py:262} INFO -   ✅ fact_id_contexto
[2026-03-26T03:07:32.638+0000] {overwatch2_pipeline.py:262} INFO -   ✅ fact_id_escenario
[2026-03-26T03:07:32.645+0000] {overwatch2_pipeline.py:262} INFO -   ✅ tiempo_fecha
[2026-03-26T03:07:32.656+0000] {overwatch2_pipeline.py:262} INFO -   ✅ heroe_nombre
[2026-03-26T03:07:32.661+0000] {overwatch2_pipeline.py:262} INFO -   ✅ heroe_rol
[2026-03-26T03:07:32.664+0000] {overwatch2_pipeline.py:262} INFO -   ✅ contexto_plat
[2026-03-26T03:07:32.667+0000] {overwatch2_pipeline.py:262} INFO -   ✅ contexto_modo
[2026-03-26T03:07:32.671+0000] {overwatch2_pipeline.py:262} INFO -   ✅ escenario_region
[2026-03-26T03:07:32.677+0000] {overwatch2_pipeline.py:262} INFO -   ✅ escenario_mapa
[2026-03-26T03:07:32.692+0000] {overwatch2_pipeline.py:266} INFO - ✅ Indices creados/verificados correctamente
[2026-03-26T03:07:32.706+0000] {python.py:237} INFO - Done. Returned value was: None
[2026-03-26T03:07:32.713+0000] {taskinstance.py:441} INFO - ::group::Post task execution logs
[2026-03-26T03:07:32.782+0000] {taskinstance.py:1205} INFO - Marking task as SUCCESS. dag_id=overwatch2_pipeline, task_id=crear_indices, execution_date=20260315T000000, start_date=20260326T030729, end_date=20260326T030732
[2026-03-26T03:07:32.893+0000] {local_task_job_runner.py:240} INFO - Task exited with return code 0
[2026-03-26T03:07:32.942+0000] {taskinstance.py:3482} INFO - 1 downstream tasks scheduled from follow-on schedule check
[2026-03-26T03:07:32.945+0000] {local_task_job_runner.py:222} INFO - ::endgroup::
