[2026-04-17T13:49:38.382+0000] {processor.py:161} INFO - Started process (PID=171) to work on /opt/airflow/dags/overwatch2_pipeline.py
[2026-04-17T13:49:38.384+0000] {processor.py:830} INFO - Processing file /opt/airflow/dags/overwatch2_pipeline.py for tasks to queue
[2026-04-17T13:49:38.395+0000] {logging_mixin.py:188} INFO - [2026-04-17T13:49:38.394+0000] {dagbag.py:540} INFO - Filling up the DagBag from /opt/airflow/dags/overwatch2_pipeline.py
[2026-04-17T13:49:38.478+0000] {processor.py:840} INFO - DAG(s) 'overwatch2_pipeline' retrieved from /opt/airflow/dags/overwatch2_pipeline.py
[2026-04-17T13:49:38.592+0000] {logging_mixin.py:188} INFO - [2026-04-17T13:49:38.592+0000] {dag.py:3096} INFO - Sync 1 DAGs
[2026-04-17T13:49:38.666+0000] {logging_mixin.py:188} INFO - [2026-04-17T13:49:38.666+0000] {dag.py:3954} INFO - Setting next_dagrun for overwatch2_pipeline to 2026-04-17 06:00:00+00:00, run_after=2026-04-18 06:00:00+00:00
[2026-04-17T13:49:38.710+0000] {processor.py:183} INFO - Processing /opt/airflow/dags/overwatch2_pipeline.py took 0.349 seconds
[2026-04-17T13:50:08.973+0000] {processor.py:161} INFO - Started process (PID=188) to work on /opt/airflow/dags/overwatch2_pipeline.py
[2026-04-17T13:50:08.976+0000] {processor.py:830} INFO - Processing file /opt/airflow/dags/overwatch2_pipeline.py for tasks to queue
[2026-04-17T13:50:08.979+0000] {logging_mixin.py:188} INFO - [2026-04-17T13:50:08.979+0000] {dagbag.py:540} INFO - Filling up the DagBag from /opt/airflow/dags/overwatch2_pipeline.py
[2026-04-17T13:50:09.027+0000] {processor.py:840} INFO - DAG(s) 'overwatch2_pipeline' retrieved from /opt/airflow/dags/overwatch2_pipeline.py
[2026-04-17T13:50:09.046+0000] {logging_mixin.py:188} INFO - [2026-04-17T13:50:09.046+0000] {dag.py:3096} INFO - Sync 1 DAGs
[2026-04-17T13:50:09.080+0000] {logging_mixin.py:188} INFO - [2026-04-17T13:50:09.079+0000] {dag.py:3954} INFO - Setting next_dagrun for overwatch2_pipeline to 2026-04-17 06:00:00+00:00, run_after=2026-04-18 06:00:00+00:00
[2026-04-17T13:50:09.103+0000] {processor.py:183} INFO - Processing /opt/airflow/dags/overwatch2_pipeline.py took 0.140 seconds
[2026-04-17T13:50:39.305+0000] {processor.py:161} INFO - Started process (PID=201) to work on /opt/airflow/dags/overwatch2_pipeline.py
[2026-04-17T13:50:39.307+0000] {processor.py:830} INFO - Processing file /opt/airflow/dags/overwatch2_pipeline.py for tasks to queue
[2026-04-17T13:50:39.308+0000] {logging_mixin.py:188} INFO - [2026-04-17T13:50:39.308+0000] {dagbag.py:540} INFO - Filling up the DagBag from /opt/airflow/dags/overwatch2_pipeline.py
[2026-04-17T13:50:39.338+0000] {processor.py:840} INFO - DAG(s) 'overwatch2_pipeline' retrieved from /opt/airflow/dags/overwatch2_pipeline.py
[2026-04-17T13:50:39.507+0000] {logging_mixin.py:188} INFO - [2026-04-17T13:50:39.507+0000] {dag.py:3096} INFO - Sync 1 DAGs
[2026-04-17T13:50:39.526+0000] {logging_mixin.py:188} INFO - [2026-04-17T13:50:39.525+0000] {dag.py:3954} INFO - Setting next_dagrun for overwatch2_pipeline to 2026-04-17 06:00:00+00:00, run_after=2026-04-18 06:00:00+00:00
[2026-04-17T13:50:39.546+0000] {processor.py:183} INFO - Processing /opt/airflow/dags/overwatch2_pipeline.py took 0.246 seconds
