[2026-03-26T00:00:05.077+0000] {local_task_job_runner.py:120} INFO - ::group::Pre task execution logs
[2026-03-26T00:00:05.112+0000] {taskinstance.py:2073} INFO - Dependencies all met for dep_context=non-requeueable deps ti=<TaskInstance: overwatch2_pipeline.crear_indices scheduled__2026-03-25T00:00:00+00:00 [queued]>
[2026-03-26T00:00:05.121+0000] {taskinstance.py:2073} INFO - Dependencies all met for dep_context=requeueable deps ti=<TaskInstance: overwatch2_pipeline.crear_indices scheduled__2026-03-25T00:00:00+00:00 [queued]>
[2026-03-26T00:00:05.122+0000] {taskinstance.py:2303} INFO - Starting attempt 1 of 3
[2026-03-26T00:00:05.136+0000] {taskinstance.py:2327} INFO - Executing <Task(PythonOperator): crear_indices> on 2026-03-25 00:00:00+00:00
[2026-03-26T00:00:05.151+0000] {logging_mixin.py:188} WARNING - /home/***/.local/lib/python3.12/site-packages/***/task/task_runner/standard_task_runner.py:61 DeprecationWarning: This process (pid=1355) is multi-threaded, use of fork() may lead to deadlocks in the child.
[2026-03-26T00:00:05.149+0000] {standard_task_runner.py:90} INFO - Running: ['***', 'tasks', 'run', 'overwatch2_pipeline', 'crear_indices', 'scheduled__2026-03-25T00:00:00+00:00', '--job-id', '309', '--raw', '--subdir', 'DAGS_FOLDER/overwatch2_pipeline.py', '--cfg-path', '/tmp/tmp_0ep_jc0']
[2026-03-26T00:00:05.152+0000] {standard_task_runner.py:63} INFO - Started process 1356 to run task
[2026-03-26T00:00:05.152+0000] {standard_task_runner.py:91} INFO - Job 309: Subtask crear_indices
[2026-03-26T00:00:05.228+0000] {task_command.py:426} INFO - Running <TaskInstance: overwatch2_pipeline.crear_indices scheduled__2026-03-25T00:00:00+00:00 [running]> on host c606f4a11b92
[2026-03-26T00:00:05.344+0000] {taskinstance.py:2644} INFO - Exporting env vars: AIRFLOW_CTX_DAG_OWNER='angel' AIRFLOW_CTX_DAG_ID='overwatch2_pipeline' AIRFLOW_CTX_TASK_ID='crear_indices' AIRFLOW_CTX_EXECUTION_DATE='2026-03-25T00:00:00+00:00' AIRFLOW_CTX_TRY_NUMBER='1' AIRFLOW_CTX_DAG_RUN_ID='scheduled__2026-03-25T00:00:00+00:00'
[2026-03-26T00:00:05.345+0000] {taskinstance.py:430} INFO - ::endgroup::
[2026-03-26T00:00:05.433+0000] {overwatch2_pipeline.py:262} INFO -   ✅ fact_id_heroe
[2026-03-26T00:00:05.435+0000] {overwatch2_pipeline.py:262} INFO -   ✅ fact_id_tiempo
[2026-03-26T00:00:05.437+0000] {overwatch2_pipeline.py:262} INFO -   ✅ fact_id_contexto
[2026-03-26T00:00:05.438+0000] {overwatch2_pipeline.py:262} INFO -   ✅ fact_id_escenario
[2026-03-26T00:00:05.441+0000] {overwatch2_pipeline.py:262} INFO -   ✅ tiempo_fecha
[2026-03-26T00:00:05.442+0000] {overwatch2_pipeline.py:262} INFO -   ✅ heroe_nombre
[2026-03-26T00:00:05.444+0000] {overwatch2_pipeline.py:262} INFO -   ✅ heroe_rol
[2026-03-26T00:00:05.445+0000] {overwatch2_pipeline.py:262} INFO -   ✅ contexto_plat
[2026-03-26T00:00:05.446+0000] {overwatch2_pipeline.py:262} INFO -   ✅ contexto_modo
[2026-03-26T00:00:05.450+0000] {overwatch2_pipeline.py:262} INFO -   ✅ escenario_region
[2026-03-26T00:00:05.452+0000] {overwatch2_pipeline.py:262} INFO -   ✅ escenario_mapa
[2026-03-26T00:00:05.453+0000] {overwatch2_pipeline.py:266} INFO - ✅ Indices creados/verificados correctamente
[2026-03-26T00:00:05.454+0000] {python.py:237} INFO - Done. Returned value was: None
[2026-03-26T00:00:05.455+0000] {taskinstance.py:441} INFO - ::group::Post task execution logs
[2026-03-26T00:00:05.468+0000] {taskinstance.py:1205} INFO - Marking task as SUCCESS. dag_id=overwatch2_pipeline, task_id=crear_indices, execution_date=20260325T000000, start_date=20260326T000005, end_date=20260326T000005
[2026-03-26T00:00:05.527+0000] {local_task_job_runner.py:240} INFO - Task exited with return code 0
[2026-03-26T00:00:05.557+0000] {taskinstance.py:3482} INFO - 1 downstream tasks scheduled from follow-on schedule check
[2026-03-26T00:00:05.559+0000] {local_task_job_runner.py:222} INFO - ::endgroup::
