[2026-04-17T13:49:41.988+0000] {local_task_job_runner.py:120} INFO - ::group::Pre task execution logs
[2026-04-17T13:49:42.043+0000] {taskinstance.py:2073} INFO - Dependencies all met for dep_context=non-requeueable deps ti=<TaskInstance: overwatch2_pipeline.scrape_blizzard scheduled__2026-04-16T06:00:00+00:00 [queued]>
[2026-04-17T13:49:42.058+0000] {taskinstance.py:2073} INFO - Dependencies all met for dep_context=requeueable deps ti=<TaskInstance: overwatch2_pipeline.scrape_blizzard scheduled__2026-04-16T06:00:00+00:00 [queued]>
[2026-04-17T13:49:42.058+0000] {taskinstance.py:2303} INFO - Starting attempt 1 of 3
[2026-04-17T13:49:42.081+0000] {taskinstance.py:2327} INFO - Executing <Task(PythonOperator): scrape_blizzard> on 2026-04-16 06:00:00+00:00
[2026-04-17T13:49:42.098+0000] {logging_mixin.py:188} WARNING - /home/***/.local/lib/python3.12/site-packages/***/task/task_runner/standard_task_runner.py:61 DeprecationWarning: This process (pid=180) is multi-threaded, use of fork() may lead to deadlocks in the child.
[2026-04-17T13:49:42.095+0000] {standard_task_runner.py:90} INFO - Running: ['***', 'tasks', 'run', 'overwatch2_pipeline', 'scrape_blizzard', 'scheduled__2026-04-16T06:00:00+00:00', '--job-id', '1345', '--raw', '--subdir', 'DAGS_FOLDER/overwatch2_pipeline.py', '--cfg-path', '/tmp/tmprx6uy56a']
[2026-04-17T13:49:42.100+0000] {standard_task_runner.py:63} INFO - Started process 181 to run task
[2026-04-17T13:49:42.100+0000] {standard_task_runner.py:91} INFO - Job 1345: Subtask scrape_blizzard
[2026-04-17T13:49:42.184+0000] {task_command.py:426} INFO - Running <TaskInstance: overwatch2_pipeline.scrape_blizzard scheduled__2026-04-16T06:00:00+00:00 [running]> on host e74ce4de20a5
[2026-04-17T13:49:42.296+0000] {taskinstance.py:2644} INFO - Exporting env vars: AIRFLOW_CTX_DAG_OWNER='angel' AIRFLOW_CTX_DAG_ID='overwatch2_pipeline' AIRFLOW_CTX_TASK_ID='scrape_blizzard' AIRFLOW_CTX_EXECUTION_DATE='2026-04-16T06:00:00+00:00' AIRFLOW_CTX_TRY_NUMBER='1' AIRFLOW_CTX_DAG_RUN_ID='scheduled__2026-04-16T06:00:00+00:00'
[2026-04-17T13:49:42.297+0000] {taskinstance.py:430} INFO - ::endgroup::
[2026-04-17T13:49:42.311+0000] {overwatch2_pipeline.py:294} INFO - ── Scrapeando URL 2: /en-us/heroes/ ──
[2026-04-17T13:49:42.986+0000] {overwatch2_pipeline.py:211} INFO -   ✅ URL 2 (/heroes/) → 0 dificultades extraidas
[2026-04-17T13:49:44.023+0000] {overwatch2_pipeline.py:300} INFO - ── Scrapeando URL 1: /en-us/rates/ ──
[2026-04-17T13:49:44.433+0000] {overwatch2_pipeline.py:319} INFO -   ✅ PC / Americas / rq=0 / tier=All → 50 heroes (limpios)
[2026-04-17T13:49:45.868+0000] {overwatch2_pipeline.py:319} INFO -   ✅ PC / Americas / rq=1 / tier=All → 50 heroes (limpios)
[2026-04-17T13:49:47.176+0000] {overwatch2_pipeline.py:319} INFO -   ✅ PC / Europe / rq=0 / tier=All → 50 heroes (limpios)
[2026-04-17T13:49:48.488+0000] {overwatch2_pipeline.py:319} INFO -   ✅ PC / Europe / rq=1 / tier=All → 50 heroes (limpios)
[2026-04-17T13:49:49.812+0000] {overwatch2_pipeline.py:319} INFO -   ✅ PC / Asia / rq=0 / tier=All → 50 heroes (limpios)
[2026-04-17T13:49:51.431+0000] {overwatch2_pipeline.py:319} INFO -   ✅ PC / Asia / rq=1 / tier=All → 50 heroes (limpios)
[2026-04-17T13:49:52.766+0000] {overwatch2_pipeline.py:319} INFO -   ✅ Console / Americas / rq=0 / tier=All → 50 heroes (limpios)
[2026-04-17T13:49:54.123+0000] {overwatch2_pipeline.py:319} INFO -   ✅ Console / Americas / rq=1 / tier=All → 50 heroes (limpios)
[2026-04-17T13:49:55.440+0000] {overwatch2_pipeline.py:319} INFO -   ✅ Console / Europe / rq=0 / tier=All → 50 heroes (limpios)
[2026-04-17T13:49:57.098+0000] {overwatch2_pipeline.py:319} INFO -   ✅ Console / Europe / rq=1 / tier=All → 50 heroes (limpios)
[2026-04-17T13:49:58.510+0000] {overwatch2_pipeline.py:319} INFO -   ✅ Console / Asia / rq=0 / tier=All → 50 heroes (limpios)
[2026-04-17T13:50:00.092+0000] {overwatch2_pipeline.py:319} INFO -   ✅ Console / Asia / rq=1 / tier=All → 50 heroes (limpios)
[2026-04-17T13:50:01.094+0000] {overwatch2_pipeline.py:326} INFO - ✅ Scrape completado: 600 registros | 0 errores
[2026-04-17T13:50:01.125+0000] {python.py:237} INFO - Done. Returned value was: None
[2026-04-17T13:50:01.127+0000] {taskinstance.py:441} INFO - ::group::Post task execution logs
[2026-04-17T13:50:01.140+0000] {taskinstance.py:1205} INFO - Marking task as SUCCESS. dag_id=overwatch2_pipeline, task_id=scrape_blizzard, execution_date=20260416T060000, start_date=20260417T134942, end_date=20260417T135001
[2026-04-17T13:50:01.192+0000] {local_task_job_runner.py:240} INFO - Task exited with return code 0
[2026-04-17T13:50:01.228+0000] {taskinstance.py:3482} INFO - 1 downstream tasks scheduled from follow-on schedule check
[2026-04-17T13:50:01.230+0000] {local_task_job_runner.py:222} INFO - ::endgroup::
