[2026-03-19T13:34:58.533+0000] {local_task_job_runner.py:120} INFO - ::group::Pre task execution logs
[2026-03-19T13:34:58.621+0000] {taskinstance.py:2073} INFO - Dependencies all met for dep_context=non-requeueable deps ti=<TaskInstance: overwatch2_pipeline.scrape_blizzard scheduled__2026-03-18T00:00:00+00:00 [queued]>
[2026-03-19T13:34:58.637+0000] {taskinstance.py:2073} INFO - Dependencies all met for dep_context=requeueable deps ti=<TaskInstance: overwatch2_pipeline.scrape_blizzard scheduled__2026-03-18T00:00:00+00:00 [queued]>
[2026-03-19T13:34:58.638+0000] {taskinstance.py:2303} INFO - Starting attempt 1 of 3
[2026-03-19T13:34:58.670+0000] {taskinstance.py:2327} INFO - Executing <Task(PythonOperator): scrape_blizzard> on 2026-03-18 00:00:00+00:00
[2026-03-19T13:34:58.692+0000] {logging_mixin.py:188} WARNING - /home/***/.local/lib/python3.12/site-packages/***/task/task_runner/standard_task_runner.py:61 DeprecationWarning: This process (pid=204) is multi-threaded, use of fork() may lead to deadlocks in the child.
[2026-03-19T13:34:58.688+0000] {standard_task_runner.py:90} INFO - Running: ['***', 'tasks', 'run', 'overwatch2_pipeline', 'scrape_blizzard', 'scheduled__2026-03-18T00:00:00+00:00', '--job-id', '168', '--raw', '--subdir', 'DAGS_FOLDER/overwatch2_pipeline.py', '--cfg-path', '/tmp/tmprpim1g_i']
[2026-03-19T13:34:58.694+0000] {standard_task_runner.py:63} INFO - Started process 205 to run task
[2026-03-19T13:34:58.695+0000] {standard_task_runner.py:91} INFO - Job 168: Subtask scrape_blizzard
[2026-03-19T13:34:58.796+0000] {task_command.py:426} INFO - Running <TaskInstance: overwatch2_pipeline.scrape_blizzard scheduled__2026-03-18T00:00:00+00:00 [running]> on host d57c35dcabbf
[2026-03-19T13:34:58.917+0000] {taskinstance.py:2644} INFO - Exporting env vars: AIRFLOW_CTX_DAG_OWNER='angel' AIRFLOW_CTX_DAG_ID='overwatch2_pipeline' AIRFLOW_CTX_TASK_ID='scrape_blizzard' AIRFLOW_CTX_EXECUTION_DATE='2026-03-18T00:00:00+00:00' AIRFLOW_CTX_TRY_NUMBER='1' AIRFLOW_CTX_DAG_RUN_ID='scheduled__2026-03-18T00:00:00+00:00'
[2026-03-19T13:34:58.918+0000] {taskinstance.py:430} INFO - ::endgroup::
[2026-03-19T13:35:09.651+0000] {overwatch2_pipeline.py:137} WARNING - Blizzard scrape fallo para PC/Americas: HTTPSConnectionPool(host='overwatch.blizzard.com', port=443): Read timed out. (read timeout=10)
[2026-03-19T13:35:19.822+0000] {overwatch2_pipeline.py:137} WARNING - Blizzard scrape fallo para PC/Europe: HTTPSConnectionPool(host='overwatch.blizzard.com', port=443): Read timed out. (read timeout=10)
[2026-03-19T13:35:30.020+0000] {overwatch2_pipeline.py:137} WARNING - Blizzard scrape fallo para PC/Asia: HTTPSConnectionPool(host='overwatch.blizzard.com', port=443): Read timed out. (read timeout=10)
[2026-03-19T13:35:40.269+0000] {overwatch2_pipeline.py:137} WARNING - Blizzard scrape fallo para Console/Americas: HTTPSConnectionPool(host='overwatch.blizzard.com', port=443): Read timed out. (read timeout=10)
[2026-03-19T13:35:50.406+0000] {overwatch2_pipeline.py:137} WARNING - Blizzard scrape fallo para Console/Europe: HTTPSConnectionPool(host='overwatch.blizzard.com', port=443): Read timed out. (read timeout=10)
[2026-03-19T13:36:00.538+0000] {overwatch2_pipeline.py:137} WARNING - Blizzard scrape fallo para Console/Asia: HTTPSConnectionPool(host='overwatch.blizzard.com', port=443): Read timed out. (read timeout=10)
[2026-03-19T13:36:00.556+0000] {overwatch2_pipeline.py:140} INFO - ✅ Scrape completado: 0 registros reales
[2026-03-19T13:36:00.557+0000] {python.py:237} INFO - Done. Returned value was: None
[2026-03-19T13:36:00.557+0000] {taskinstance.py:441} INFO - ::group::Post task execution logs
[2026-03-19T13:36:00.573+0000] {taskinstance.py:1205} INFO - Marking task as SUCCESS. dag_id=overwatch2_pipeline, task_id=scrape_blizzard, execution_date=20260318T000000, start_date=20260319T133458, end_date=20260319T133600
[2026-03-19T13:36:00.637+0000] {local_task_job_runner.py:240} INFO - Task exited with return code 0
[2026-03-19T13:36:00.667+0000] {taskinstance.py:3482} INFO - 1 downstream tasks scheduled from follow-on schedule check
[2026-03-19T13:36:00.670+0000] {local_task_job_runner.py:222} INFO - ::endgroup::
