[2026-03-26T03:03:18.011+0000] {local_task_job_runner.py:120} INFO - ::group::Pre task execution logs
[2026-03-26T03:03:18.102+0000] {taskinstance.py:2073} INFO - Dependencies all met for dep_context=non-requeueable deps ti=<TaskInstance: overwatch2_pipeline.scrape_blizzard scheduled__2026-03-18T00:00:00+00:00 [queued]>
[2026-03-26T03:03:18.126+0000] {taskinstance.py:2073} INFO - Dependencies all met for dep_context=requeueable deps ti=<TaskInstance: overwatch2_pipeline.scrape_blizzard scheduled__2026-03-18T00:00:00+00:00 [queued]>
[2026-03-26T03:03:18.128+0000] {taskinstance.py:2303} INFO - Starting attempt 2 of 4
[2026-03-26T03:03:18.218+0000] {taskinstance.py:2327} INFO - Executing <Task(PythonOperator): scrape_blizzard> on 2026-03-18 00:00:00+00:00
[2026-03-26T03:03:18.268+0000] {logging_mixin.py:188} WARNING - /home/***/.local/lib/python3.12/site-packages/***/task/task_runner/standard_task_runner.py:61 DeprecationWarning: This process (pid=895) is multi-threaded, use of fork() may lead to deadlocks in the child.
[2026-03-26T03:03:18.270+0000] {standard_task_runner.py:63} INFO - Started process 910 to run task
[2026-03-26T03:03:18.263+0000] {standard_task_runner.py:90} INFO - Running: ['***', 'tasks', 'run', 'overwatch2_pipeline', 'scrape_blizzard', 'scheduled__2026-03-18T00:00:00+00:00', '--job-id', '599', '--raw', '--subdir', 'DAGS_FOLDER/overwatch2_pipeline.py', '--cfg-path', '/tmp/tmp291qreui']
[2026-03-26T03:03:18.296+0000] {standard_task_runner.py:91} INFO - Job 599: Subtask scrape_blizzard
[2026-03-26T03:03:18.477+0000] {task_command.py:426} INFO - Running <TaskInstance: overwatch2_pipeline.scrape_blizzard scheduled__2026-03-18T00:00:00+00:00 [running]> on host 5f83853c16fb
[2026-03-26T03:03:18.784+0000] {taskinstance.py:2644} INFO - Exporting env vars: AIRFLOW_CTX_DAG_OWNER='angel' AIRFLOW_CTX_DAG_ID='overwatch2_pipeline' AIRFLOW_CTX_TASK_ID='scrape_blizzard' AIRFLOW_CTX_EXECUTION_DATE='2026-03-18T00:00:00+00:00' AIRFLOW_CTX_TRY_NUMBER='2' AIRFLOW_CTX_DAG_RUN_ID='scheduled__2026-03-18T00:00:00+00:00'
[2026-03-26T03:03:18.788+0000] {taskinstance.py:430} INFO - ::endgroup::
[2026-03-26T03:03:18.860+0000] {overwatch2_pipeline.py:293} INFO - ── Scrapeando URL 2: /en-us/heroes/ ──
[2026-03-26T03:03:19.580+0000] {overwatch2_pipeline.py:210} INFO -   ✅ URL 2 (/heroes/) → 0 dificultades extraidas
[2026-03-26T03:03:20.601+0000] {overwatch2_pipeline.py:299} INFO - ── Scrapeando URL 1: /en-us/rates/ ──
[2026-03-26T03:03:21.101+0000] {overwatch2_pipeline.py:318} INFO -   ✅ PC / Americas / rq=0 / tier=All → 50 heroes (limpios)
[2026-03-26T03:03:22.438+0000] {overwatch2_pipeline.py:318} INFO -   ✅ PC / Americas / rq=1 / tier=All → 50 heroes (limpios)
[2026-03-26T03:03:23.792+0000] {overwatch2_pipeline.py:318} INFO -   ✅ PC / Europe / rq=0 / tier=All → 50 heroes (limpios)
[2026-03-26T03:03:25.208+0000] {overwatch2_pipeline.py:318} INFO -   ✅ PC / Europe / rq=1 / tier=All → 50 heroes (limpios)
[2026-03-26T03:03:26.581+0000] {overwatch2_pipeline.py:318} INFO -   ✅ PC / Asia / rq=0 / tier=All → 50 heroes (limpios)
[2026-03-26T03:03:27.916+0000] {overwatch2_pipeline.py:318} INFO -   ✅ PC / Asia / rq=1 / tier=All → 50 heroes (limpios)
[2026-03-26T03:03:29.975+0000] {overwatch2_pipeline.py:318} INFO -   ✅ Console / Americas / rq=0 / tier=All → 50 heroes (limpios)
[2026-03-26T03:03:31.420+0000] {overwatch2_pipeline.py:318} INFO -   ✅ Console / Americas / rq=1 / tier=All → 50 heroes (limpios)
[2026-03-26T03:03:32.958+0000] {overwatch2_pipeline.py:318} INFO -   ✅ Console / Europe / rq=0 / tier=All → 50 heroes (limpios)
[2026-03-26T03:03:34.432+0000] {overwatch2_pipeline.py:318} INFO -   ✅ Console / Europe / rq=1 / tier=All → 50 heroes (limpios)
[2026-03-26T03:03:35.719+0000] {overwatch2_pipeline.py:318} INFO -   ✅ Console / Asia / rq=0 / tier=All → 50 heroes (limpios)
[2026-03-26T03:03:36.958+0000] {overwatch2_pipeline.py:318} INFO -   ✅ Console / Asia / rq=1 / tier=All → 50 heroes (limpios)
[2026-03-26T03:03:37.959+0000] {overwatch2_pipeline.py:325} INFO - ✅ Scrape completado: 600 registros | 0 errores
[2026-03-26T03:03:37.988+0000] {python.py:237} INFO - Done. Returned value was: None
[2026-03-26T03:03:37.989+0000] {taskinstance.py:441} INFO - ::group::Post task execution logs
[2026-03-26T03:03:38.001+0000] {taskinstance.py:1205} INFO - Marking task as SUCCESS. dag_id=overwatch2_pipeline, task_id=scrape_blizzard, execution_date=20260318T000000, start_date=20260326T030318, end_date=20260326T030338
[2026-03-26T03:03:38.071+0000] {local_task_job_runner.py:240} INFO - Task exited with return code 0
[2026-03-26T03:03:38.100+0000] {taskinstance.py:3482} INFO - 1 downstream tasks scheduled from follow-on schedule check
[2026-03-26T03:03:38.103+0000] {local_task_job_runner.py:222} INFO - ::endgroup::
