[2026-03-20T14:45:44.773+0000] {local_task_job_runner.py:120} INFO - ::group::Pre task execution logs
[2026-03-20T14:45:44.867+0000] {taskinstance.py:2073} INFO - Dependencies all met for dep_context=non-requeueable deps ti=<TaskInstance: overwatch2_pipeline.scrape_blizzard scheduled__2026-03-19T00:00:00+00:00 [queued]>
[2026-03-20T14:45:44.896+0000] {taskinstance.py:2073} INFO - Dependencies all met for dep_context=requeueable deps ti=<TaskInstance: overwatch2_pipeline.scrape_blizzard scheduled__2026-03-19T00:00:00+00:00 [queued]>
[2026-03-20T14:45:44.898+0000] {taskinstance.py:2303} INFO - Starting attempt 1 of 3
[2026-03-20T14:45:44.920+0000] {taskinstance.py:2327} INFO - Executing <Task(PythonOperator): scrape_blizzard> on 2026-03-19 00:00:00+00:00
[2026-03-20T14:45:44.934+0000] {standard_task_runner.py:90} INFO - Running: ['***', 'tasks', 'run', 'overwatch2_pipeline', 'scrape_blizzard', 'scheduled__2026-03-19T00:00:00+00:00', '--job-id', '191', '--raw', '--subdir', 'DAGS_FOLDER/overwatch2_pipeline.py', '--cfg-path', '/tmp/tmp19kh66m0']
[2026-03-20T14:45:44.940+0000] {logging_mixin.py:188} WARNING - /home/***/.local/lib/python3.12/site-packages/***/task/task_runner/standard_task_runner.py:61 DeprecationWarning: This process (pid=192) is multi-threaded, use of fork() may lead to deadlocks in the child.
[2026-03-20T14:45:44.940+0000] {standard_task_runner.py:91} INFO - Job 191: Subtask scrape_blizzard
[2026-03-20T14:45:44.941+0000] {standard_task_runner.py:63} INFO - Started process 193 to run task
[2026-03-20T14:45:45.091+0000] {task_command.py:426} INFO - Running <TaskInstance: overwatch2_pipeline.scrape_blizzard scheduled__2026-03-19T00:00:00+00:00 [running]> on host d57c35dcabbf
[2026-03-20T14:45:45.233+0000] {taskinstance.py:2644} INFO - Exporting env vars: AIRFLOW_CTX_DAG_OWNER='angel' AIRFLOW_CTX_DAG_ID='overwatch2_pipeline' AIRFLOW_CTX_TASK_ID='scrape_blizzard' AIRFLOW_CTX_EXECUTION_DATE='2026-03-19T00:00:00+00:00' AIRFLOW_CTX_TRY_NUMBER='1' AIRFLOW_CTX_DAG_RUN_ID='scheduled__2026-03-19T00:00:00+00:00'
[2026-03-20T14:45:45.234+0000] {taskinstance.py:430} INFO - ::endgroup::
[2026-03-20T14:45:46.871+0000] {overwatch2_pipeline.py:221} INFO -   ✅ PC / Americas / rq=0 / tier=All → 50 heroes
[2026-03-20T14:45:48.799+0000] {overwatch2_pipeline.py:221} INFO -   ✅ PC / Americas / rq=1 / tier=All → 50 heroes
[2026-03-20T14:45:51.312+0000] {overwatch2_pipeline.py:221} INFO -   ✅ PC / Europe / rq=0 / tier=All → 50 heroes
[2026-03-20T14:45:53.933+0000] {overwatch2_pipeline.py:221} INFO -   ✅ PC / Europe / rq=1 / tier=All → 50 heroes
[2026-03-20T14:45:56.187+0000] {overwatch2_pipeline.py:221} INFO -   ✅ PC / Asia / rq=0 / tier=All → 50 heroes
[2026-03-20T14:45:58.350+0000] {overwatch2_pipeline.py:221} INFO -   ✅ PC / Asia / rq=1 / tier=All → 50 heroes
[2026-03-20T14:46:00.003+0000] {overwatch2_pipeline.py:221} INFO -   ✅ Console / Americas / rq=0 / tier=All → 50 heroes
[2026-03-20T14:46:01.821+0000] {overwatch2_pipeline.py:221} INFO -   ✅ Console / Americas / rq=1 / tier=All → 50 heroes
[2026-03-20T14:46:03.395+0000] {overwatch2_pipeline.py:221} INFO -   ✅ Console / Europe / rq=0 / tier=All → 50 heroes
[2026-03-20T14:46:05.049+0000] {overwatch2_pipeline.py:221} INFO -   ✅ Console / Europe / rq=1 / tier=All → 50 heroes
[2026-03-20T14:46:06.427+0000] {overwatch2_pipeline.py:221} INFO -   ✅ Console / Asia / rq=0 / tier=All → 50 heroes
[2026-03-20T14:46:07.949+0000] {overwatch2_pipeline.py:221} INFO -   ✅ Console / Asia / rq=1 / tier=All → 50 heroes
[2026-03-20T14:46:08.951+0000] {overwatch2_pipeline.py:228} INFO - ✅ Scrape completado: 600 registros | 0 errores
[2026-03-20T14:46:08.986+0000] {python.py:237} INFO - Done. Returned value was: None
[2026-03-20T14:46:08.990+0000] {taskinstance.py:441} INFO - ::group::Post task execution logs
[2026-03-20T14:46:09.017+0000] {taskinstance.py:1205} INFO - Marking task as SUCCESS. dag_id=overwatch2_pipeline, task_id=scrape_blizzard, execution_date=20260319T000000, start_date=20260320T144544, end_date=20260320T144609
[2026-03-20T14:46:09.146+0000] {local_task_job_runner.py:240} INFO - Task exited with return code 0
[2026-03-20T14:46:09.234+0000] {taskinstance.py:3482} INFO - 1 downstream tasks scheduled from follow-on schedule check
[2026-03-20T14:46:09.242+0000] {local_task_job_runner.py:222} INFO - ::endgroup::
