[2026-03-10T17:10:56.298+0000] {local_task_job_runner.py:120} INFO - ::group::Pre task execution logs
[2026-03-10T17:10:56.343+0000] {taskinstance.py:2073} INFO - Dependencies all met for dep_context=non-requeueable deps ti=<TaskInstance: overwatch2_pipeline.etl_principal manual__2026-03-10T16:44:40.723830+00:00 [queued]>
[2026-03-10T17:10:56.352+0000] {taskinstance.py:2073} INFO - Dependencies all met for dep_context=requeueable deps ti=<TaskInstance: overwatch2_pipeline.etl_principal manual__2026-03-10T16:44:40.723830+00:00 [queued]>
[2026-03-10T17:10:56.352+0000] {taskinstance.py:2303} INFO - Starting attempt 4 of 6
[2026-03-10T17:10:56.366+0000] {taskinstance.py:2327} INFO - Executing <Task(PythonOperator): etl_principal> on 2026-03-10 16:44:40.723830+00:00
[2026-03-10T17:10:56.375+0000] {logging_mixin.py:188} WARNING - /home/***/.local/lib/python3.12/site-packages/***/task/task_runner/standard_task_runner.py:61 DeprecationWarning: This process (pid=294) is multi-threaded, use of fork() may lead to deadlocks in the child.
[2026-03-10T17:10:56.376+0000] {standard_task_runner.py:63} INFO - Started process 295 to run task
[2026-03-10T17:10:56.375+0000] {standard_task_runner.py:90} INFO - Running: ['***', 'tasks', 'run', 'overwatch2_pipeline', 'etl_principal', 'manual__2026-03-10T16:44:40.723830+00:00', '--job-id', '37', '--raw', '--subdir', 'DAGS_FOLDER/overwatch2_pipeline.py', '--cfg-path', '/tmp/tmpq2d_k_qn']
[2026-03-10T17:10:56.377+0000] {standard_task_runner.py:91} INFO - Job 37: Subtask etl_principal
[2026-03-10T17:10:56.444+0000] {task_command.py:426} INFO - Running <TaskInstance: overwatch2_pipeline.etl_principal manual__2026-03-10T16:44:40.723830+00:00 [running]> on host d57c35dcabbf
[2026-03-10T17:10:56.529+0000] {taskinstance.py:2644} INFO - Exporting env vars: AIRFLOW_CTX_DAG_OWNER='angel' AIRFLOW_CTX_DAG_ID='overwatch2_pipeline' AIRFLOW_CTX_TASK_ID='etl_principal' AIRFLOW_CTX_EXECUTION_DATE='2026-03-10T16:44:40.723830+00:00' AIRFLOW_CTX_TRY_NUMBER='4' AIRFLOW_CTX_DAG_RUN_ID='manual__2026-03-10T16:44:40.723830+00:00'
[2026-03-10T17:10:56.530+0000] {taskinstance.py:430} INFO - ::endgroup::
[2026-03-10T17:10:56.560+0000] {taskinstance.py:441} INFO - ::group::Post task execution logs
[2026-03-10T17:10:56.561+0000] {taskinstance.py:2890} ERROR - Task failed with exception
Traceback (most recent call last):
  File "/home/airflow/.local/lib/python3.12/site-packages/airflow/models/taskinstance.py", line 465, in _execute_task
    result = _execute_callable(context=context, **execute_callable_kwargs)
             ^^^^^^^^^^^^^^^^^^^^^^^^^^^^^^^^^^^^^^^^^^^^^^^^^^^^^^^^^^^^^
  File "/home/airflow/.local/lib/python3.12/site-packages/airflow/models/taskinstance.py", line 432, in _execute_callable
    return execute_callable(context=context, **execute_callable_kwargs)
           ^^^^^^^^^^^^^^^^^^^^^^^^^^^^^^^^^^^^^^^^^^^^^^^^^^^^^^^^^^^^
  File "/home/airflow/.local/lib/python3.12/site-packages/airflow/models/baseoperator.py", line 400, in wrapper
    return func(self, *args, **kwargs)
           ^^^^^^^^^^^^^^^^^^^^^^^^^^^
  File "/home/airflow/.local/lib/python3.12/site-packages/airflow/operators/python.py", line 235, in execute
    return_value = self.execute_callable()
                   ^^^^^^^^^^^^^^^^^^^^^^^
  File "/home/airflow/.local/lib/python3.12/site-packages/airflow/operators/python.py", line 252, in execute_callable
    return self.python_callable(*self.op_args, **self.op_kwargs)
           ^^^^^^^^^^^^^^^^^^^^^^^^^^^^^^^^^^^^^^^^^^^^^^^^^^^^^
  File "/opt/airflow/dags/overwatch2_pipeline.py", line 160, in task_etl_principal
    cur.execute("SELECT COUNT(*) FROM public.fact_hero_rates f JOIN public.dim_tiempo t ON t.id_tiempo = f.id_tiempo WHERE t.fecha = %s", (hoy,))
psycopg2.errors.UndefinedTable: relation "public.fact_hero_rates" does not exist
LINE 1: SELECT COUNT(*) FROM public.fact_hero_rates f JOIN public.di...
                             ^

[2026-03-10T17:10:56.577+0000] {taskinstance.py:1205} INFO - Marking task as UP_FOR_RETRY. dag_id=overwatch2_pipeline, task_id=etl_principal, execution_date=20260310T164440, start_date=20260310T171056, end_date=20260310T171056
[2026-03-10T17:10:56.588+0000] {standard_task_runner.py:110} ERROR - Failed to execute job 37 for task etl_principal (relation "public.fact_hero_rates" does not exist
LINE 1: SELECT COUNT(*) FROM public.fact_hero_rates f JOIN public.di...
                             ^
; 295)
[2026-03-10T17:10:56.631+0000] {local_task_job_runner.py:240} INFO - Task exited with return code 1
[2026-03-10T17:10:56.655+0000] {taskinstance.py:3482} INFO - 0 downstream tasks scheduled from follow-on schedule check
[2026-03-10T17:10:56.657+0000] {local_task_job_runner.py:222} INFO - ::endgroup::
