[2026-04-01T13:13:48.973+0000] {processor.py:161} INFO - Started process (PID=173) to work on /opt/airflow/dags/overwatch2_pipeline.py
[2026-04-01T13:13:48.975+0000] {processor.py:830} INFO - Processing file /opt/airflow/dags/overwatch2_pipeline.py for tasks to queue
[2026-04-01T13:13:48.978+0000] {logging_mixin.py:188} INFO - [2026-04-01T13:13:48.977+0000] {dagbag.py:540} INFO - Filling up the DagBag from /opt/airflow/dags/overwatch2_pipeline.py
[2026-04-01T13:13:49.021+0000] {processor.py:840} INFO - DAG(s) 'overwatch2_pipeline' retrieved from /opt/airflow/dags/overwatch2_pipeline.py
[2026-04-01T13:13:49.098+0000] {logging_mixin.py:188} INFO - [2026-04-01T13:13:49.098+0000] {dag.py:3096} INFO - Sync 1 DAGs
[2026-04-01T13:13:49.141+0000] {logging_mixin.py:188} INFO - [2026-04-01T13:13:49.140+0000] {dag.py:3954} INFO - Setting next_dagrun for overwatch2_pipeline to 2026-04-01 06:00:00+00:00, run_after=2026-04-02 06:00:00+00:00
[2026-04-01T13:13:49.174+0000] {processor.py:183} INFO - Processing /opt/airflow/dags/overwatch2_pipeline.py took 0.212 seconds
[2026-04-01T13:14:19.370+0000] {processor.py:161} INFO - Started process (PID=191) to work on /opt/airflow/dags/overwatch2_pipeline.py
[2026-04-01T13:14:19.371+0000] {processor.py:830} INFO - Processing file /opt/airflow/dags/overwatch2_pipeline.py for tasks to queue
[2026-04-01T13:14:19.373+0000] {logging_mixin.py:188} INFO - [2026-04-01T13:14:19.373+0000] {dagbag.py:540} INFO - Filling up the DagBag from /opt/airflow/dags/overwatch2_pipeline.py
[2026-04-01T13:14:19.423+0000] {processor.py:840} INFO - DAG(s) 'overwatch2_pipeline' retrieved from /opt/airflow/dags/overwatch2_pipeline.py
[2026-04-01T13:14:19.445+0000] {logging_mixin.py:188} INFO - [2026-04-01T13:14:19.444+0000] {dag.py:3096} INFO - Sync 1 DAGs
[2026-04-01T13:14:19.477+0000] {logging_mixin.py:188} INFO - [2026-04-01T13:14:19.477+0000] {dag.py:3954} INFO - Setting next_dagrun for overwatch2_pipeline to 2026-04-01 06:00:00+00:00, run_after=2026-04-02 06:00:00+00:00
[2026-04-01T13:14:19.503+0000] {processor.py:183} INFO - Processing /opt/airflow/dags/overwatch2_pipeline.py took 0.139 seconds
[2026-04-01T13:14:49.568+0000] {processor.py:161} INFO - Started process (PID=204) to work on /opt/airflow/dags/overwatch2_pipeline.py
[2026-04-01T13:14:49.569+0000] {processor.py:830} INFO - Processing file /opt/airflow/dags/overwatch2_pipeline.py for tasks to queue
[2026-04-01T13:14:49.573+0000] {logging_mixin.py:188} INFO - [2026-04-01T13:14:49.572+0000] {dagbag.py:540} INFO - Filling up the DagBag from /opt/airflow/dags/overwatch2_pipeline.py
[2026-04-01T13:14:49.607+0000] {processor.py:840} INFO - DAG(s) 'overwatch2_pipeline' retrieved from /opt/airflow/dags/overwatch2_pipeline.py
[2026-04-01T13:14:49.771+0000] {logging_mixin.py:188} INFO - [2026-04-01T13:14:49.771+0000] {dag.py:3096} INFO - Sync 1 DAGs
[2026-04-01T13:14:49.793+0000] {logging_mixin.py:188} INFO - [2026-04-01T13:14:49.793+0000] {dag.py:3954} INFO - Setting next_dagrun for overwatch2_pipeline to 2026-04-01 06:00:00+00:00, run_after=2026-04-02 06:00:00+00:00
[2026-04-01T13:14:49.822+0000] {processor.py:183} INFO - Processing /opt/airflow/dags/overwatch2_pipeline.py took 0.261 seconds
