[2026-03-24T17:39:58.303+0000] {local_task_job_runner.py:120} INFO - ::group::Pre task execution logs
[2026-03-24T17:39:58.343+0000] {taskinstance.py:2073} INFO - Dependencies all met for dep_context=non-requeueable deps ti=<TaskInstance: overwatch2_pipeline.scrape_blizzard manual__2026-03-24T17:39:54.371336+00:00 [queued]>
[2026-03-24T17:39:58.354+0000] {taskinstance.py:2073} INFO - Dependencies all met for dep_context=requeueable deps ti=<TaskInstance: overwatch2_pipeline.scrape_blizzard manual__2026-03-24T17:39:54.371336+00:00 [queued]>
[2026-03-24T17:39:58.355+0000] {taskinstance.py:2303} INFO - Starting attempt 1 of 3
[2026-03-24T17:39:58.371+0000] {taskinstance.py:2327} INFO - Executing <Task(PythonOperator): scrape_blizzard> on 2026-03-24 17:39:54.371336+00:00
[2026-03-24T17:39:58.384+0000] {logging_mixin.py:188} WARNING - /home/***/.local/lib/python3.12/site-packages/***/task/task_runner/standard_task_runner.py:61 DeprecationWarning: This process (pid=188) is multi-threaded, use of fork() may lead to deadlocks in the child.
[2026-03-24T17:39:58.383+0000] {standard_task_runner.py:90} INFO - Running: ['***', 'tasks', 'run', 'overwatch2_pipeline', 'scrape_blizzard', 'manual__2026-03-24T17:39:54.371336+00:00', '--job-id', '257', '--raw', '--subdir', 'DAGS_FOLDER/overwatch2_pipeline.py', '--cfg-path', '/tmp/tmp5bl0u5je']
[2026-03-24T17:39:58.385+0000] {standard_task_runner.py:63} INFO - Started process 189 to run task
[2026-03-24T17:39:58.386+0000] {standard_task_runner.py:91} INFO - Job 257: Subtask scrape_blizzard
[2026-03-24T17:39:58.455+0000] {task_command.py:426} INFO - Running <TaskInstance: overwatch2_pipeline.scrape_blizzard manual__2026-03-24T17:39:54.371336+00:00 [running]> on host c606f4a11b92
[2026-03-24T17:39:58.563+0000] {taskinstance.py:2644} INFO - Exporting env vars: AIRFLOW_CTX_DAG_OWNER='angel' AIRFLOW_CTX_DAG_ID='overwatch2_pipeline' AIRFLOW_CTX_TASK_ID='scrape_blizzard' AIRFLOW_CTX_EXECUTION_DATE='2026-03-24T17:39:54.371336+00:00' AIRFLOW_CTX_TRY_NUMBER='1' AIRFLOW_CTX_DAG_RUN_ID='manual__2026-03-24T17:39:54.371336+00:00'
[2026-03-24T17:39:58.564+0000] {taskinstance.py:430} INFO - ::endgroup::
[2026-03-24T17:39:58.796+0000] {overwatch2_pipeline.py:205} WARNING -   ⚠️  PC / Americas / rq=0 / tier=All → fallo: HTTPSConnectionPool(host='overwatch.blizzard.com', port=443): Max retries exceeded with url: /en-us/rates/?input=pc&region=Americas&rq=0&tier=All (Caused by SSLError(SSLEOFError(8, '[SSL: UNEXPECTED_EOF_WHILE_READING] EOF occurred in violation of protocol (_ssl.c:1000)')))
[2026-03-24T17:39:59.920+0000] {overwatch2_pipeline.py:205} WARNING -   ⚠️  PC / Americas / rq=1 / tier=All → fallo: HTTPSConnectionPool(host='overwatch.blizzard.com', port=443): Max retries exceeded with url: /en-us/rates/?input=pc&region=Americas&rq=1&tier=All (Caused by SSLError(SSLEOFError(8, '[SSL: UNEXPECTED_EOF_WHILE_READING] EOF occurred in violation of protocol (_ssl.c:1000)')))
[2026-03-24T17:40:01.032+0000] {overwatch2_pipeline.py:205} WARNING -   ⚠️  PC / Europe / rq=0 / tier=All → fallo: HTTPSConnectionPool(host='overwatch.blizzard.com', port=443): Max retries exceeded with url: /en-us/rates/?input=pc&region=Europe&rq=0&tier=All (Caused by SSLError(SSLEOFError(8, '[SSL: UNEXPECTED_EOF_WHILE_READING] EOF occurred in violation of protocol (_ssl.c:1000)')))
[2026-03-24T17:40:02.165+0000] {overwatch2_pipeline.py:205} WARNING -   ⚠️  PC / Europe / rq=1 / tier=All → fallo: HTTPSConnectionPool(host='overwatch.blizzard.com', port=443): Max retries exceeded with url: /en-us/rates/?input=pc&region=Europe&rq=1&tier=All (Caused by SSLError(SSLEOFError(8, '[SSL: UNEXPECTED_EOF_WHILE_READING] EOF occurred in violation of protocol (_ssl.c:1000)')))
[2026-03-24T17:40:03.300+0000] {overwatch2_pipeline.py:205} WARNING -   ⚠️  PC / Asia / rq=0 / tier=All → fallo: HTTPSConnectionPool(host='overwatch.blizzard.com', port=443): Max retries exceeded with url: /en-us/rates/?input=pc&region=Asia&rq=0&tier=All (Caused by SSLError(SSLEOFError(8, '[SSL: UNEXPECTED_EOF_WHILE_READING] EOF occurred in violation of protocol (_ssl.c:1000)')))
[2026-03-24T17:40:04.404+0000] {overwatch2_pipeline.py:205} WARNING -   ⚠️  PC / Asia / rq=1 / tier=All → fallo: HTTPSConnectionPool(host='overwatch.blizzard.com', port=443): Max retries exceeded with url: /en-us/rates/?input=pc&region=Asia&rq=1&tier=All (Caused by SSLError(SSLEOFError(8, '[SSL: UNEXPECTED_EOF_WHILE_READING] EOF occurred in violation of protocol (_ssl.c:1000)')))
[2026-03-24T17:40:05.533+0000] {overwatch2_pipeline.py:205} WARNING -   ⚠️  Console / Americas / rq=0 / tier=All → fallo: HTTPSConnectionPool(host='overwatch.blizzard.com', port=443): Max retries exceeded with url: /en-us/rates/?input=console&region=Americas&rq=0&tier=All (Caused by SSLError(SSLEOFError(8, '[SSL: UNEXPECTED_EOF_WHILE_READING] EOF occurred in violation of protocol (_ssl.c:1000)')))
[2026-03-24T17:40:06.689+0000] {overwatch2_pipeline.py:205} WARNING -   ⚠️  Console / Americas / rq=1 / tier=All → fallo: HTTPSConnectionPool(host='overwatch.blizzard.com', port=443): Max retries exceeded with url: /en-us/rates/?input=console&region=Americas&rq=1&tier=All (Caused by SSLError(SSLEOFError(8, '[SSL: UNEXPECTED_EOF_WHILE_READING] EOF occurred in violation of protocol (_ssl.c:1000)')))
[2026-03-24T17:40:07.899+0000] {overwatch2_pipeline.py:205} WARNING -   ⚠️  Console / Europe / rq=0 / tier=All → fallo: HTTPSConnectionPool(host='overwatch.blizzard.com', port=443): Max retries exceeded with url: /en-us/rates/?input=console&region=Europe&rq=0&tier=All (Caused by SSLError(SSLEOFError(8, '[SSL: UNEXPECTED_EOF_WHILE_READING] EOF occurred in violation of protocol (_ssl.c:1000)')))
[2026-03-24T17:40:09.047+0000] {overwatch2_pipeline.py:205} WARNING -   ⚠️  Console / Europe / rq=1 / tier=All → fallo: HTTPSConnectionPool(host='overwatch.blizzard.com', port=443): Max retries exceeded with url: /en-us/rates/?input=console&region=Europe&rq=1&tier=All (Caused by SSLError(SSLEOFError(8, '[SSL: UNEXPECTED_EOF_WHILE_READING] EOF occurred in violation of protocol (_ssl.c:1000)')))
[2026-03-24T17:40:10.191+0000] {overwatch2_pipeline.py:205} WARNING -   ⚠️  Console / Asia / rq=0 / tier=All → fallo: HTTPSConnectionPool(host='overwatch.blizzard.com', port=443): Max retries exceeded with url: /en-us/rates/?input=console&region=Asia&rq=0&tier=All (Caused by SSLError(SSLEOFError(8, '[SSL: UNEXPECTED_EOF_WHILE_READING] EOF occurred in violation of protocol (_ssl.c:1000)')))
[2026-03-24T17:40:11.315+0000] {overwatch2_pipeline.py:205} WARNING -   ⚠️  Console / Asia / rq=1 / tier=All → fallo: HTTPSConnectionPool(host='overwatch.blizzard.com', port=443): Max retries exceeded with url: /en-us/rates/?input=console&region=Asia&rq=1&tier=All (Caused by SSLError(SSLEOFError(8, '[SSL: UNEXPECTED_EOF_WHILE_READING] EOF occurred in violation of protocol (_ssl.c:1000)')))
[2026-03-24T17:40:12.318+0000] {overwatch2_pipeline.py:209} INFO - ✅ Scrape completado: 0 registros | 12 errores
[2026-03-24T17:40:12.354+0000] {python.py:237} INFO - Done. Returned value was: None
[2026-03-24T17:40:12.356+0000] {taskinstance.py:441} INFO - ::group::Post task execution logs
[2026-03-24T17:40:12.380+0000] {taskinstance.py:1205} INFO - Marking task as SUCCESS. dag_id=overwatch2_pipeline, task_id=scrape_blizzard, execution_date=20260324T173954, start_date=20260324T173958, end_date=20260324T174012
[2026-03-24T17:40:12.454+0000] {local_task_job_runner.py:240} INFO - Task exited with return code 0
[2026-03-24T17:40:12.526+0000] {taskinstance.py:3482} INFO - 1 downstream tasks scheduled from follow-on schedule check
[2026-03-24T17:40:12.529+0000] {local_task_job_runner.py:222} INFO - ::endgroup::
