[2026-04-18T16:47:51.494+0000] {processor.py:161} INFO - Started process (PID=173) to work on /opt/airflow/dags/overwatch2_pipeline.py
[2026-04-18T16:47:51.497+0000] {processor.py:830} INFO - Processing file /opt/airflow/dags/overwatch2_pipeline.py for tasks to queue
[2026-04-18T16:47:51.504+0000] {logging_mixin.py:188} INFO - [2026-04-18T16:47:51.503+0000] {dagbag.py:540} INFO - Filling up the DagBag from /opt/airflow/dags/overwatch2_pipeline.py
[2026-04-18T16:47:51.566+0000] {processor.py:840} INFO - DAG(s) 'overwatch2_pipeline' retrieved from /opt/airflow/dags/overwatch2_pipeline.py
[2026-04-18T16:47:51.630+0000] {logging_mixin.py:188} INFO - [2026-04-18T16:47:51.629+0000] {dag.py:3096} INFO - Sync 1 DAGs
[2026-04-18T16:47:51.680+0000] {logging_mixin.py:188} INFO - [2026-04-18T16:47:51.680+0000] {dag.py:3954} INFO - Setting next_dagrun for overwatch2_pipeline to 2026-04-18 06:00:00+00:00, run_after=2026-04-19 06:00:00+00:00
[2026-04-18T16:47:51.715+0000] {processor.py:183} INFO - Processing /opt/airflow/dags/overwatch2_pipeline.py took 0.237 seconds
[2026-04-18T16:48:21.998+0000] {processor.py:161} INFO - Started process (PID=191) to work on /opt/airflow/dags/overwatch2_pipeline.py
[2026-04-18T16:48:22.000+0000] {processor.py:830} INFO - Processing file /opt/airflow/dags/overwatch2_pipeline.py for tasks to queue
[2026-04-18T16:48:22.013+0000] {logging_mixin.py:188} INFO - [2026-04-18T16:48:22.012+0000] {dagbag.py:540} INFO - Filling up the DagBag from /opt/airflow/dags/overwatch2_pipeline.py
[2026-04-18T16:48:22.095+0000] {processor.py:840} INFO - DAG(s) 'overwatch2_pipeline' retrieved from /opt/airflow/dags/overwatch2_pipeline.py
[2026-04-18T16:48:22.399+0000] {logging_mixin.py:188} INFO - [2026-04-18T16:48:22.399+0000] {dag.py:3096} INFO - Sync 1 DAGs
[2026-04-18T16:48:22.453+0000] {logging_mixin.py:188} INFO - [2026-04-18T16:48:22.452+0000] {dag.py:3954} INFO - Setting next_dagrun for overwatch2_pipeline to 2026-04-18 06:00:00+00:00, run_after=2026-04-19 06:00:00+00:00
[2026-04-18T16:48:22.506+0000] {processor.py:183} INFO - Processing /opt/airflow/dags/overwatch2_pipeline.py took 0.525 seconds
[2026-04-18T16:48:52.792+0000] {processor.py:161} INFO - Started process (PID=204) to work on /opt/airflow/dags/overwatch2_pipeline.py
[2026-04-18T16:48:52.794+0000] {processor.py:830} INFO - Processing file /opt/airflow/dags/overwatch2_pipeline.py for tasks to queue
[2026-04-18T16:48:52.797+0000] {logging_mixin.py:188} INFO - [2026-04-18T16:48:52.797+0000] {dagbag.py:540} INFO - Filling up the DagBag from /opt/airflow/dags/overwatch2_pipeline.py
[2026-04-18T16:48:52.838+0000] {processor.py:840} INFO - DAG(s) 'overwatch2_pipeline' retrieved from /opt/airflow/dags/overwatch2_pipeline.py
[2026-04-18T16:48:52.886+0000] {logging_mixin.py:188} INFO - [2026-04-18T16:48:52.886+0000] {dag.py:3096} INFO - Sync 1 DAGs
[2026-04-18T16:48:52.918+0000] {logging_mixin.py:188} INFO - [2026-04-18T16:48:52.918+0000] {dag.py:3954} INFO - Setting next_dagrun for overwatch2_pipeline to 2026-04-18 06:00:00+00:00, run_after=2026-04-19 06:00:00+00:00
[2026-04-18T16:48:52.945+0000] {processor.py:183} INFO - Processing /opt/airflow/dags/overwatch2_pipeline.py took 0.164 seconds
[2026-04-18T16:49:23.204+0000] {processor.py:161} INFO - Started process (PID=209) to work on /opt/airflow/dags/overwatch2_pipeline.py
[2026-04-18T16:49:23.206+0000] {processor.py:830} INFO - Processing file /opt/airflow/dags/overwatch2_pipeline.py for tasks to queue
[2026-04-18T16:49:23.210+0000] {logging_mixin.py:188} INFO - [2026-04-18T16:49:23.209+0000] {dagbag.py:540} INFO - Filling up the DagBag from /opt/airflow/dags/overwatch2_pipeline.py
[2026-04-18T16:49:23.242+0000] {processor.py:840} INFO - DAG(s) 'overwatch2_pipeline' retrieved from /opt/airflow/dags/overwatch2_pipeline.py
[2026-04-18T16:49:23.279+0000] {logging_mixin.py:188} INFO - [2026-04-18T16:49:23.278+0000] {dag.py:3096} INFO - Sync 1 DAGs
[2026-04-18T16:49:23.307+0000] {logging_mixin.py:188} INFO - [2026-04-18T16:49:23.307+0000] {dag.py:3954} INFO - Setting next_dagrun for overwatch2_pipeline to 2026-04-18 06:00:00+00:00, run_after=2026-04-19 06:00:00+00:00
[2026-04-18T16:49:23.339+0000] {processor.py:183} INFO - Processing /opt/airflow/dags/overwatch2_pipeline.py took 0.142 seconds
[2026-04-18T16:49:53.506+0000] {processor.py:161} INFO - Started process (PID=214) to work on /opt/airflow/dags/overwatch2_pipeline.py
[2026-04-18T16:49:53.510+0000] {processor.py:830} INFO - Processing file /opt/airflow/dags/overwatch2_pipeline.py for tasks to queue
[2026-04-18T16:49:53.515+0000] {logging_mixin.py:188} INFO - [2026-04-18T16:49:53.514+0000] {dagbag.py:540} INFO - Filling up the DagBag from /opt/airflow/dags/overwatch2_pipeline.py
[2026-04-18T16:49:53.610+0000] {processor.py:840} INFO - DAG(s) 'overwatch2_pipeline' retrieved from /opt/airflow/dags/overwatch2_pipeline.py
[2026-04-18T16:49:53.693+0000] {logging_mixin.py:188} INFO - [2026-04-18T16:49:53.692+0000] {dag.py:3096} INFO - Sync 1 DAGs
[2026-04-18T16:49:53.742+0000] {logging_mixin.py:188} INFO - [2026-04-18T16:49:53.742+0000] {dag.py:3954} INFO - Setting next_dagrun for overwatch2_pipeline to 2026-04-18 06:00:00+00:00, run_after=2026-04-19 06:00:00+00:00
[2026-04-18T16:49:53.783+0000] {processor.py:183} INFO - Processing /opt/airflow/dags/overwatch2_pipeline.py took 0.301 seconds
[2026-04-18T16:50:24.086+0000] {processor.py:161} INFO - Started process (PID=219) to work on /opt/airflow/dags/overwatch2_pipeline.py
[2026-04-18T16:50:24.089+0000] {processor.py:830} INFO - Processing file /opt/airflow/dags/overwatch2_pipeline.py for tasks to queue
[2026-04-18T16:50:24.093+0000] {logging_mixin.py:188} INFO - [2026-04-18T16:50:24.093+0000] {dagbag.py:540} INFO - Filling up the DagBag from /opt/airflow/dags/overwatch2_pipeline.py
[2026-04-18T16:50:24.144+0000] {processor.py:840} INFO - DAG(s) 'overwatch2_pipeline' retrieved from /opt/airflow/dags/overwatch2_pipeline.py
[2026-04-18T16:50:24.212+0000] {logging_mixin.py:188} INFO - [2026-04-18T16:50:24.212+0000] {dag.py:3096} INFO - Sync 1 DAGs
[2026-04-18T16:50:24.257+0000] {logging_mixin.py:188} INFO - [2026-04-18T16:50:24.257+0000] {dag.py:3954} INFO - Setting next_dagrun for overwatch2_pipeline to 2026-04-18 06:00:00+00:00, run_after=2026-04-19 06:00:00+00:00
[2026-04-18T16:50:24.303+0000] {processor.py:183} INFO - Processing /opt/airflow/dags/overwatch2_pipeline.py took 0.229 seconds
