[2026-03-18T14:09:12.068+0000] {processor.py:161} INFO - Started process (PID=190) to work on /opt/airflow/dags/overwatch2_pipeline.py
[2026-03-18T14:09:12.069+0000] {processor.py:830} INFO - Processing file /opt/airflow/dags/overwatch2_pipeline.py for tasks to queue
[2026-03-18T14:09:12.072+0000] {logging_mixin.py:188} INFO - [2026-03-18T14:09:12.071+0000] {dagbag.py:540} INFO - Filling up the DagBag from /opt/airflow/dags/overwatch2_pipeline.py
[2026-03-18T14:09:12.103+0000] {processor.py:840} INFO - DAG(s) 'overwatch2_pipeline' retrieved from /opt/airflow/dags/overwatch2_pipeline.py
[2026-03-18T14:09:12.140+0000] {logging_mixin.py:188} INFO - [2026-03-18T14:09:12.140+0000] {dag.py:3096} INFO - Sync 1 DAGs
[2026-03-18T14:09:12.174+0000] {logging_mixin.py:188} INFO - [2026-03-18T14:09:12.174+0000] {dag.py:3954} INFO - Setting next_dagrun for overwatch2_pipeline to 2026-03-18 00:00:00+00:00, run_after=2026-03-19 00:00:00+00:00
[2026-03-18T14:09:12.199+0000] {processor.py:183} INFO - Processing /opt/airflow/dags/overwatch2_pipeline.py took 0.136 seconds
[2026-03-18T14:09:42.325+0000] {processor.py:161} INFO - Started process (PID=200) to work on /opt/airflow/dags/overwatch2_pipeline.py
[2026-03-18T14:09:42.327+0000] {processor.py:830} INFO - Processing file /opt/airflow/dags/overwatch2_pipeline.py for tasks to queue
[2026-03-18T14:09:42.330+0000] {logging_mixin.py:188} INFO - [2026-03-18T14:09:42.330+0000] {dagbag.py:540} INFO - Filling up the DagBag from /opt/airflow/dags/overwatch2_pipeline.py
[2026-03-18T14:09:42.375+0000] {processor.py:840} INFO - DAG(s) 'overwatch2_pipeline' retrieved from /opt/airflow/dags/overwatch2_pipeline.py
[2026-03-18T14:09:42.599+0000] {logging_mixin.py:188} INFO - [2026-03-18T14:09:42.599+0000] {dag.py:3096} INFO - Sync 1 DAGs
[2026-03-18T14:09:42.629+0000] {logging_mixin.py:188} INFO - [2026-03-18T14:09:42.629+0000] {dag.py:3954} INFO - Setting next_dagrun for overwatch2_pipeline to 2026-03-18 00:00:00+00:00, run_after=2026-03-19 00:00:00+00:00
[2026-03-18T14:09:42.657+0000] {processor.py:183} INFO - Processing /opt/airflow/dags/overwatch2_pipeline.py took 0.341 seconds
[2026-03-18T14:10:12.919+0000] {processor.py:161} INFO - Started process (PID=205) to work on /opt/airflow/dags/overwatch2_pipeline.py
[2026-03-18T14:10:12.921+0000] {processor.py:830} INFO - Processing file /opt/airflow/dags/overwatch2_pipeline.py for tasks to queue
[2026-03-18T14:10:12.923+0000] {logging_mixin.py:188} INFO - [2026-03-18T14:10:12.923+0000] {dagbag.py:540} INFO - Filling up the DagBag from /opt/airflow/dags/overwatch2_pipeline.py
[2026-03-18T14:10:12.968+0000] {processor.py:840} INFO - DAG(s) 'overwatch2_pipeline' retrieved from /opt/airflow/dags/overwatch2_pipeline.py
[2026-03-18T14:10:13.020+0000] {logging_mixin.py:188} INFO - [2026-03-18T14:10:13.019+0000] {dag.py:3096} INFO - Sync 1 DAGs
[2026-03-18T14:10:13.050+0000] {logging_mixin.py:188} INFO - [2026-03-18T14:10:13.050+0000] {dag.py:3954} INFO - Setting next_dagrun for overwatch2_pipeline to 2026-03-18 00:00:00+00:00, run_after=2026-03-19 00:00:00+00:00
[2026-03-18T14:10:13.081+0000] {processor.py:183} INFO - Processing /opt/airflow/dags/overwatch2_pipeline.py took 0.169 seconds
[2026-03-18T14:10:43.316+0000] {processor.py:161} INFO - Started process (PID=220) to work on /opt/airflow/dags/overwatch2_pipeline.py
[2026-03-18T14:10:43.318+0000] {processor.py:830} INFO - Processing file /opt/airflow/dags/overwatch2_pipeline.py for tasks to queue
[2026-03-18T14:10:43.320+0000] {logging_mixin.py:188} INFO - [2026-03-18T14:10:43.320+0000] {dagbag.py:540} INFO - Filling up the DagBag from /opt/airflow/dags/overwatch2_pipeline.py
[2026-03-18T14:10:43.362+0000] {processor.py:840} INFO - DAG(s) 'overwatch2_pipeline' retrieved from /opt/airflow/dags/overwatch2_pipeline.py
[2026-03-18T14:10:43.402+0000] {logging_mixin.py:188} INFO - [2026-03-18T14:10:43.402+0000] {dag.py:3096} INFO - Sync 1 DAGs
[2026-03-18T14:10:43.429+0000] {logging_mixin.py:188} INFO - [2026-03-18T14:10:43.429+0000] {dag.py:3954} INFO - Setting next_dagrun for overwatch2_pipeline to 2026-03-18 00:00:00+00:00, run_after=2026-03-19 00:00:00+00:00
[2026-03-18T14:10:43.456+0000] {processor.py:183} INFO - Processing /opt/airflow/dags/overwatch2_pipeline.py took 0.147 seconds
[2026-03-18T14:11:13.726+0000] {processor.py:161} INFO - Started process (PID=225) to work on /opt/airflow/dags/overwatch2_pipeline.py
[2026-03-18T14:11:13.728+0000] {processor.py:830} INFO - Processing file /opt/airflow/dags/overwatch2_pipeline.py for tasks to queue
[2026-03-18T14:11:13.730+0000] {logging_mixin.py:188} INFO - [2026-03-18T14:11:13.729+0000] {dagbag.py:540} INFO - Filling up the DagBag from /opt/airflow/dags/overwatch2_pipeline.py
[2026-03-18T14:11:13.764+0000] {processor.py:840} INFO - DAG(s) 'overwatch2_pipeline' retrieved from /opt/airflow/dags/overwatch2_pipeline.py
[2026-03-18T14:11:13.802+0000] {logging_mixin.py:188} INFO - [2026-03-18T14:11:13.802+0000] {dag.py:3096} INFO - Sync 1 DAGs
[2026-03-18T14:11:13.830+0000] {logging_mixin.py:188} INFO - [2026-03-18T14:11:13.830+0000] {dag.py:3954} INFO - Setting next_dagrun for overwatch2_pipeline to 2026-03-18 00:00:00+00:00, run_after=2026-03-19 00:00:00+00:00
[2026-03-18T14:11:13.867+0000] {processor.py:183} INFO - Processing /opt/airflow/dags/overwatch2_pipeline.py took 0.147 seconds
