[2026-04-09T00:38:36.679+0000] {local_task_job_runner.py:120} INFO - ::group::Pre task execution logs
[2026-04-09T00:38:36.722+0000] {taskinstance.py:2073} INFO - Dependencies all met for dep_context=non-requeueable deps ti=<TaskInstance: overwatch2_pipeline.scrape_blizzard scheduled__2026-04-07T06:00:00+00:00 [queued]>
[2026-04-09T00:38:36.732+0000] {taskinstance.py:2073} INFO - Dependencies all met for dep_context=requeueable deps ti=<TaskInstance: overwatch2_pipeline.scrape_blizzard scheduled__2026-04-07T06:00:00+00:00 [queued]>
[2026-04-09T00:38:36.733+0000] {taskinstance.py:2303} INFO - Starting attempt 1 of 3
[2026-04-09T00:38:36.748+0000] {taskinstance.py:2327} INFO - Executing <Task(PythonOperator): scrape_blizzard> on 2026-04-07 06:00:00+00:00
[2026-04-09T00:38:36.759+0000] {logging_mixin.py:188} WARNING - /home/***/.local/lib/python3.12/site-packages/***/task/task_runner/standard_task_runner.py:61 DeprecationWarning: This process (pid=183) is multi-threaded, use of fork() may lead to deadlocks in the child.
[2026-04-09T00:38:36.758+0000] {standard_task_runner.py:90} INFO - Running: ['***', 'tasks', 'run', 'overwatch2_pipeline', 'scrape_blizzard', 'scheduled__2026-04-07T06:00:00+00:00', '--job-id', '1246', '--raw', '--subdir', 'DAGS_FOLDER/overwatch2_pipeline.py', '--cfg-path', '/tmp/tmp0jl8cdw6']
[2026-04-09T00:38:36.761+0000] {standard_task_runner.py:63} INFO - Started process 184 to run task
[2026-04-09T00:38:36.761+0000] {standard_task_runner.py:91} INFO - Job 1246: Subtask scrape_blizzard
[2026-04-09T00:38:36.862+0000] {task_command.py:426} INFO - Running <TaskInstance: overwatch2_pipeline.scrape_blizzard scheduled__2026-04-07T06:00:00+00:00 [running]> on host e74ce4de20a5
[2026-04-09T00:38:37.031+0000] {taskinstance.py:2644} INFO - Exporting env vars: AIRFLOW_CTX_DAG_OWNER='angel' AIRFLOW_CTX_DAG_ID='overwatch2_pipeline' AIRFLOW_CTX_TASK_ID='scrape_blizzard' AIRFLOW_CTX_EXECUTION_DATE='2026-04-07T06:00:00+00:00' AIRFLOW_CTX_TRY_NUMBER='1' AIRFLOW_CTX_DAG_RUN_ID='scheduled__2026-04-07T06:00:00+00:00'
[2026-04-09T00:38:37.033+0000] {taskinstance.py:430} INFO - ::endgroup::
[2026-04-09T00:38:37.058+0000] {overwatch2_pipeline.py:294} INFO - ── Scrapeando URL 2: /en-us/heroes/ ──
[2026-04-09T00:38:37.764+0000] {overwatch2_pipeline.py:211} INFO -   ✅ URL 2 (/heroes/) → 0 dificultades extraidas
[2026-04-09T00:38:38.783+0000] {overwatch2_pipeline.py:300} INFO - ── Scrapeando URL 1: /en-us/rates/ ──
[2026-04-09T00:38:39.257+0000] {overwatch2_pipeline.py:319} INFO -   ✅ PC / Americas / rq=0 / tier=All → 50 heroes (limpios)
[2026-04-09T00:38:40.603+0000] {overwatch2_pipeline.py:319} INFO -   ✅ PC / Americas / rq=1 / tier=All → 50 heroes (limpios)
[2026-04-09T00:38:41.978+0000] {overwatch2_pipeline.py:319} INFO -   ✅ PC / Europe / rq=0 / tier=All → 50 heroes (limpios)
[2026-04-09T00:38:43.303+0000] {overwatch2_pipeline.py:319} INFO -   ✅ PC / Europe / rq=1 / tier=All → 50 heroes (limpios)
[2026-04-09T00:38:44.673+0000] {overwatch2_pipeline.py:319} INFO -   ✅ PC / Asia / rq=0 / tier=All → 50 heroes (limpios)
[2026-04-09T00:38:46.152+0000] {overwatch2_pipeline.py:319} INFO -   ✅ PC / Asia / rq=1 / tier=All → 50 heroes (limpios)
[2026-04-09T00:38:47.541+0000] {overwatch2_pipeline.py:319} INFO -   ✅ Console / Americas / rq=0 / tier=All → 50 heroes (limpios)
[2026-04-09T00:38:48.913+0000] {overwatch2_pipeline.py:319} INFO -   ✅ Console / Americas / rq=1 / tier=All → 50 heroes (limpios)
[2026-04-09T00:38:50.274+0000] {overwatch2_pipeline.py:319} INFO -   ✅ Console / Europe / rq=0 / tier=All → 50 heroes (limpios)
[2026-04-09T00:38:52.525+0000] {overwatch2_pipeline.py:319} INFO -   ✅ Console / Europe / rq=1 / tier=All → 50 heroes (limpios)
[2026-04-09T00:38:53.850+0000] {overwatch2_pipeline.py:319} INFO -   ✅ Console / Asia / rq=0 / tier=All → 50 heroes (limpios)
[2026-04-09T00:38:55.182+0000] {overwatch2_pipeline.py:319} INFO -   ✅ Console / Asia / rq=1 / tier=All → 50 heroes (limpios)
[2026-04-09T00:38:56.184+0000] {overwatch2_pipeline.py:326} INFO - ✅ Scrape completado: 600 registros | 0 errores
[2026-04-09T00:38:56.215+0000] {python.py:237} INFO - Done. Returned value was: None
[2026-04-09T00:38:56.216+0000] {taskinstance.py:441} INFO - ::group::Post task execution logs
[2026-04-09T00:38:56.228+0000] {taskinstance.py:1205} INFO - Marking task as SUCCESS. dag_id=overwatch2_pipeline, task_id=scrape_blizzard, execution_date=20260407T060000, start_date=20260409T003836, end_date=20260409T003856
[2026-04-09T00:38:56.287+0000] {local_task_job_runner.py:240} INFO - Task exited with return code 0
[2026-04-09T00:38:56.322+0000] {taskinstance.py:3482} INFO - 1 downstream tasks scheduled from follow-on schedule check
[2026-04-09T00:38:56.327+0000] {local_task_job_runner.py:222} INFO - ::endgroup::
