[2026-03-26T00:45:38.402+0000] {local_task_job_runner.py:120} INFO - ::group::Pre task execution logs
[2026-03-26T00:45:38.433+0000] {taskinstance.py:2073} INFO - Dependencies all met for dep_context=non-requeueable deps ti=<TaskInstance: overwatch2_pipeline.crear_indices manual__2026-03-26T00:45:36.482018+00:00 [queued]>
[2026-03-26T00:45:38.441+0000] {taskinstance.py:2073} INFO - Dependencies all met for dep_context=requeueable deps ti=<TaskInstance: overwatch2_pipeline.crear_indices manual__2026-03-26T00:45:36.482018+00:00 [queued]>
[2026-03-26T00:45:38.442+0000] {taskinstance.py:2303} INFO - Starting attempt 1 of 3
[2026-03-26T00:45:38.454+0000] {taskinstance.py:2327} INFO - Executing <Task(PythonOperator): crear_indices> on 2026-03-26 00:45:36.482018+00:00
[2026-03-26T00:45:38.463+0000] {logging_mixin.py:188} WARNING - /home/***/.local/lib/python3.12/site-packages/***/task/task_runner/standard_task_runner.py:61 DeprecationWarning: This process (pid=220) is multi-threaded, use of fork() may lead to deadlocks in the child.
[2026-03-26T00:45:38.465+0000] {standard_task_runner.py:63} INFO - Started process 221 to run task
[2026-03-26T00:45:38.464+0000] {standard_task_runner.py:90} INFO - Running: ['***', 'tasks', 'run', 'overwatch2_pipeline', 'crear_indices', 'manual__2026-03-26T00:45:36.482018+00:00', '--job-id', '350', '--raw', '--subdir', 'DAGS_FOLDER/overwatch2_pipeline.py', '--cfg-path', '/tmp/tmppit8n1oo']
[2026-03-26T00:45:38.466+0000] {standard_task_runner.py:91} INFO - Job 350: Subtask crear_indices
[2026-03-26T00:45:38.528+0000] {task_command.py:426} INFO - Running <TaskInstance: overwatch2_pipeline.crear_indices manual__2026-03-26T00:45:36.482018+00:00 [running]> on host f5d361e339b0
[2026-03-26T00:45:38.624+0000] {taskinstance.py:2644} INFO - Exporting env vars: AIRFLOW_CTX_DAG_OWNER='angel' AIRFLOW_CTX_DAG_ID='overwatch2_pipeline' AIRFLOW_CTX_TASK_ID='crear_indices' AIRFLOW_CTX_EXECUTION_DATE='2026-03-26T00:45:36.482018+00:00' AIRFLOW_CTX_TRY_NUMBER='1' AIRFLOW_CTX_DAG_RUN_ID='manual__2026-03-26T00:45:36.482018+00:00'
[2026-03-26T00:45:38.625+0000] {taskinstance.py:430} INFO - ::endgroup::
[2026-03-26T00:45:38.682+0000] {overwatch2_pipeline.py:262} INFO -   ✅ fact_id_heroe
[2026-03-26T00:45:38.684+0000] {overwatch2_pipeline.py:262} INFO -   ✅ fact_id_tiempo
[2026-03-26T00:45:38.685+0000] {overwatch2_pipeline.py:262} INFO -   ✅ fact_id_contexto
[2026-03-26T00:45:38.686+0000] {overwatch2_pipeline.py:262} INFO -   ✅ fact_id_escenario
[2026-03-26T00:45:38.687+0000] {overwatch2_pipeline.py:262} INFO -   ✅ tiempo_fecha
[2026-03-26T00:45:38.689+0000] {overwatch2_pipeline.py:262} INFO -   ✅ heroe_nombre
[2026-03-26T00:45:38.690+0000] {overwatch2_pipeline.py:262} INFO -   ✅ heroe_rol
[2026-03-26T00:45:38.692+0000] {overwatch2_pipeline.py:262} INFO -   ✅ contexto_plat
[2026-03-26T00:45:38.693+0000] {overwatch2_pipeline.py:262} INFO -   ✅ contexto_modo
[2026-03-26T00:45:38.694+0000] {overwatch2_pipeline.py:262} INFO -   ✅ escenario_region
[2026-03-26T00:45:38.695+0000] {overwatch2_pipeline.py:262} INFO -   ✅ escenario_mapa
[2026-03-26T00:45:38.696+0000] {overwatch2_pipeline.py:266} INFO - ✅ Indices creados/verificados correctamente
[2026-03-26T00:45:38.697+0000] {python.py:237} INFO - Done. Returned value was: None
[2026-03-26T00:45:38.698+0000] {taskinstance.py:441} INFO - ::group::Post task execution logs
[2026-03-26T00:45:38.709+0000] {taskinstance.py:1205} INFO - Marking task as SUCCESS. dag_id=overwatch2_pipeline, task_id=crear_indices, execution_date=20260326T004536, start_date=20260326T004538, end_date=20260326T004538
[2026-03-26T00:45:38.759+0000] {local_task_job_runner.py:240} INFO - Task exited with return code 0
[2026-03-26T00:45:38.791+0000] {taskinstance.py:3482} INFO - 1 downstream tasks scheduled from follow-on schedule check
[2026-03-26T00:45:38.793+0000] {local_task_job_runner.py:222} INFO - ::endgroup::
