[2026-03-26T03:07:33.640+0000] {local_task_job_runner.py:120} INFO - ::group::Pre task execution logs
[2026-03-26T03:07:33.715+0000] {taskinstance.py:2073} INFO - Dependencies all met for dep_context=non-requeueable deps ti=<TaskInstance: overwatch2_pipeline.scrape_blizzard manual__2026-03-19T19:04:46.743065+00:00 [queued]>
[2026-03-26T03:07:33.755+0000] {taskinstance.py:2073} INFO - Dependencies all met for dep_context=requeueable deps ti=<TaskInstance: overwatch2_pipeline.scrape_blizzard manual__2026-03-19T19:04:46.743065+00:00 [queued]>
[2026-03-26T03:07:33.760+0000] {taskinstance.py:2303} INFO - Starting attempt 3 of 5
[2026-03-26T03:07:33.804+0000] {taskinstance.py:2327} INFO - Executing <Task(PythonOperator): scrape_blizzard> on 2026-03-19 19:04:46.743065+00:00
[2026-03-26T03:07:33.818+0000] {logging_mixin.py:188} WARNING - /home/***/.local/lib/python3.12/site-packages/***/task/task_runner/standard_task_runner.py:61 DeprecationWarning: This process (pid=1147) is multi-threaded, use of fork() may lead to deadlocks in the child.
[2026-03-26T03:07:33.826+0000] {standard_task_runner.py:63} INFO - Started process 1158 to run task
[2026-03-26T03:07:33.825+0000] {standard_task_runner.py:90} INFO - Running: ['***', 'tasks', 'run', 'overwatch2_pipeline', 'scrape_blizzard', 'manual__2026-03-19T19:04:46.743065+00:00', '--job-id', '693', '--raw', '--subdir', 'DAGS_FOLDER/overwatch2_pipeline.py', '--cfg-path', '/tmp/tmp4p0f4l_x']
[2026-03-26T03:07:33.840+0000] {standard_task_runner.py:91} INFO - Job 693: Subtask scrape_blizzard
[2026-03-26T03:07:34.022+0000] {task_command.py:426} INFO - Running <TaskInstance: overwatch2_pipeline.scrape_blizzard manual__2026-03-19T19:04:46.743065+00:00 [running]> on host 5f83853c16fb
[2026-03-26T03:07:34.351+0000] {taskinstance.py:2644} INFO - Exporting env vars: AIRFLOW_CTX_DAG_OWNER='angel' AIRFLOW_CTX_DAG_ID='overwatch2_pipeline' AIRFLOW_CTX_TASK_ID='scrape_blizzard' AIRFLOW_CTX_EXECUTION_DATE='2026-03-19T19:04:46.743065+00:00' AIRFLOW_CTX_TRY_NUMBER='3' AIRFLOW_CTX_DAG_RUN_ID='manual__2026-03-19T19:04:46.743065+00:00'
[2026-03-26T03:07:34.360+0000] {taskinstance.py:430} INFO - ::endgroup::
[2026-03-26T03:07:34.403+0000] {overwatch2_pipeline.py:293} INFO - ── Scrapeando URL 2: /en-us/heroes/ ──
[2026-03-26T03:07:35.105+0000] {overwatch2_pipeline.py:210} INFO -   ✅ URL 2 (/heroes/) → 0 dificultades extraidas
[2026-03-26T03:07:36.122+0000] {overwatch2_pipeline.py:299} INFO - ── Scrapeando URL 1: /en-us/rates/ ──
[2026-03-26T03:07:36.591+0000] {overwatch2_pipeline.py:318} INFO -   ✅ PC / Americas / rq=0 / tier=All → 50 heroes (limpios)
[2026-03-26T03:07:37.906+0000] {overwatch2_pipeline.py:318} INFO -   ✅ PC / Americas / rq=1 / tier=All → 50 heroes (limpios)
[2026-03-26T03:07:39.260+0000] {overwatch2_pipeline.py:318} INFO -   ✅ PC / Europe / rq=0 / tier=All → 50 heroes (limpios)
[2026-03-26T03:07:40.925+0000] {overwatch2_pipeline.py:318} INFO -   ✅ PC / Europe / rq=1 / tier=All → 50 heroes (limpios)
[2026-03-26T03:07:43.377+0000] {overwatch2_pipeline.py:318} INFO -   ✅ PC / Asia / rq=0 / tier=All → 50 heroes (limpios)
[2026-03-26T03:07:44.859+0000] {overwatch2_pipeline.py:318} INFO -   ✅ PC / Asia / rq=1 / tier=All → 50 heroes (limpios)
[2026-03-26T03:07:46.460+0000] {overwatch2_pipeline.py:318} INFO -   ✅ Console / Americas / rq=0 / tier=All → 50 heroes (limpios)
[2026-03-26T03:07:47.784+0000] {overwatch2_pipeline.py:318} INFO -   ✅ Console / Americas / rq=1 / tier=All → 50 heroes (limpios)
[2026-03-26T03:07:49.114+0000] {overwatch2_pipeline.py:318} INFO -   ✅ Console / Europe / rq=0 / tier=All → 50 heroes (limpios)
[2026-03-26T03:07:50.387+0000] {overwatch2_pipeline.py:318} INFO -   ✅ Console / Europe / rq=1 / tier=All → 50 heroes (limpios)
[2026-03-26T03:07:51.685+0000] {overwatch2_pipeline.py:318} INFO -   ✅ Console / Asia / rq=0 / tier=All → 50 heroes (limpios)
[2026-03-26T03:07:52.974+0000] {overwatch2_pipeline.py:318} INFO -   ✅ Console / Asia / rq=1 / tier=All → 50 heroes (limpios)
[2026-03-26T03:07:53.976+0000] {overwatch2_pipeline.py:325} INFO - ✅ Scrape completado: 600 registros | 0 errores
[2026-03-26T03:07:54.025+0000] {python.py:237} INFO - Done. Returned value was: None
[2026-03-26T03:07:54.028+0000] {taskinstance.py:441} INFO - ::group::Post task execution logs
[2026-03-26T03:07:54.101+0000] {taskinstance.py:1205} INFO - Marking task as SUCCESS. dag_id=overwatch2_pipeline, task_id=scrape_blizzard, execution_date=20260319T190446, start_date=20260326T030733, end_date=20260326T030754
[2026-03-26T03:07:54.261+0000] {local_task_job_runner.py:240} INFO - Task exited with return code 0
[2026-03-26T03:07:54.354+0000] {taskinstance.py:3482} INFO - 1 downstream tasks scheduled from follow-on schedule check
[2026-03-26T03:07:54.369+0000] {local_task_job_runner.py:222} INFO - ::endgroup::
