[2026-03-26T12:37:39.226+0000] {local_task_job_runner.py:120} INFO - ::group::Pre task execution logs
[2026-03-26T12:37:39.266+0000] {taskinstance.py:2073} INFO - Dependencies all met for dep_context=non-requeueable deps ti=<TaskInstance: overwatch2_pipeline.crear_indices scheduled__2026-03-21T00:00:00+00:00 [queued]>
[2026-03-26T12:37:39.274+0000] {taskinstance.py:2073} INFO - Dependencies all met for dep_context=requeueable deps ti=<TaskInstance: overwatch2_pipeline.crear_indices scheduled__2026-03-21T00:00:00+00:00 [queued]>
[2026-03-26T12:37:39.277+0000] {taskinstance.py:2303} INFO - Starting attempt 1 of 3
[2026-03-26T12:37:39.293+0000] {taskinstance.py:2327} INFO - Executing <Task(PythonOperator): crear_indices> on 2026-03-21 00:00:00+00:00
[2026-03-26T12:37:39.305+0000] {logging_mixin.py:188} WARNING - /home/***/.local/lib/python3.12/site-packages/***/task/task_runner/standard_task_runner.py:61 DeprecationWarning: This process (pid=346) is multi-threaded, use of fork() may lead to deadlocks in the child.
[2026-03-26T12:37:39.304+0000] {standard_task_runner.py:90} INFO - Running: ['***', 'tasks', 'run', 'overwatch2_pipeline', 'crear_indices', 'scheduled__2026-03-21T00:00:00+00:00', '--job-id', '807', '--raw', '--subdir', 'DAGS_FOLDER/overwatch2_pipeline.py', '--cfg-path', '/tmp/tmps_l_fx6r']
[2026-03-26T12:37:39.306+0000] {standard_task_runner.py:63} INFO - Started process 347 to run task
[2026-03-26T12:37:39.309+0000] {standard_task_runner.py:91} INFO - Job 807: Subtask crear_indices
[2026-03-26T12:37:39.389+0000] {task_command.py:426} INFO - Running <TaskInstance: overwatch2_pipeline.crear_indices scheduled__2026-03-21T00:00:00+00:00 [running]> on host 5f83853c16fb
[2026-03-26T12:37:39.493+0000] {taskinstance.py:2644} INFO - Exporting env vars: AIRFLOW_CTX_DAG_OWNER='angel' AIRFLOW_CTX_DAG_ID='overwatch2_pipeline' AIRFLOW_CTX_TASK_ID='crear_indices' AIRFLOW_CTX_EXECUTION_DATE='2026-03-21T00:00:00+00:00' AIRFLOW_CTX_TRY_NUMBER='1' AIRFLOW_CTX_DAG_RUN_ID='scheduled__2026-03-21T00:00:00+00:00'
[2026-03-26T12:37:39.494+0000] {taskinstance.py:430} INFO - ::endgroup::
[2026-03-26T12:37:39.547+0000] {overwatch2_pipeline.py:263} INFO -   ✅ fact_id_heroe
[2026-03-26T12:37:39.549+0000] {overwatch2_pipeline.py:263} INFO -   ✅ fact_id_tiempo
[2026-03-26T12:37:39.550+0000] {overwatch2_pipeline.py:263} INFO -   ✅ fact_id_contexto
[2026-03-26T12:37:39.552+0000] {overwatch2_pipeline.py:263} INFO -   ✅ fact_id_escenario
[2026-03-26T12:37:39.553+0000] {overwatch2_pipeline.py:263} INFO -   ✅ tiempo_fecha
[2026-03-26T12:37:39.555+0000] {overwatch2_pipeline.py:263} INFO -   ✅ heroe_nombre
[2026-03-26T12:37:39.556+0000] {overwatch2_pipeline.py:263} INFO -   ✅ heroe_rol
[2026-03-26T12:37:39.557+0000] {overwatch2_pipeline.py:263} INFO -   ✅ contexto_plat
[2026-03-26T12:37:39.558+0000] {overwatch2_pipeline.py:263} INFO -   ✅ contexto_modo
[2026-03-26T12:37:39.560+0000] {overwatch2_pipeline.py:263} INFO -   ✅ escenario_region
[2026-03-26T12:37:39.561+0000] {overwatch2_pipeline.py:263} INFO -   ✅ escenario_mapa
[2026-03-26T12:37:39.563+0000] {overwatch2_pipeline.py:267} INFO - ✅ Indices creados/verificados correctamente
[2026-03-26T12:37:39.563+0000] {python.py:237} INFO - Done. Returned value was: None
[2026-03-26T12:37:39.564+0000] {taskinstance.py:441} INFO - ::group::Post task execution logs
[2026-03-26T12:37:39.576+0000] {taskinstance.py:1205} INFO - Marking task as SUCCESS. dag_id=overwatch2_pipeline, task_id=crear_indices, execution_date=20260321T000000, start_date=20260326T123739, end_date=20260326T123739
[2026-03-26T12:37:39.604+0000] {local_task_job_runner.py:240} INFO - Task exited with return code 0
[2026-03-26T12:37:39.636+0000] {taskinstance.py:3482} INFO - 1 downstream tasks scheduled from follow-on schedule check
[2026-03-26T12:37:39.639+0000] {local_task_job_runner.py:222} INFO - ::endgroup::
