[2026-04-20T18:15:33.163+0000] {local_task_job_runner.py:120} INFO - ::group::Pre task execution logs
[2026-04-20T18:15:33.196+0000] {taskinstance.py:2073} INFO - Dependencies all met for dep_context=non-requeueable deps ti=<TaskInstance: overwatch2_pipeline.scrape_blizzard scheduled__2026-04-19T06:00:00+00:00 [queued]>
[2026-04-20T18:15:33.205+0000] {taskinstance.py:2073} INFO - Dependencies all met for dep_context=requeueable deps ti=<TaskInstance: overwatch2_pipeline.scrape_blizzard scheduled__2026-04-19T06:00:00+00:00 [queued]>
[2026-04-20T18:15:33.206+0000] {taskinstance.py:2303} INFO - Starting attempt 2 of 3
[2026-04-20T18:15:33.222+0000] {taskinstance.py:2327} INFO - Executing <Task(PythonOperator): scrape_blizzard> on 2026-04-19 06:00:00+00:00
[2026-04-20T18:15:33.231+0000] {logging_mixin.py:188} WARNING - /home/***/.local/lib/python3.12/site-packages/***/task/task_runner/standard_task_runner.py:61 DeprecationWarning: This process (pid=170) is multi-threaded, use of fork() may lead to deadlocks in the child.
[2026-04-20T18:15:33.232+0000] {standard_task_runner.py:63} INFO - Started process 174 to run task
[2026-04-20T18:15:33.231+0000] {standard_task_runner.py:90} INFO - Running: ['***', 'tasks', 'run', 'overwatch2_pipeline', 'scrape_blizzard', 'scheduled__2026-04-19T06:00:00+00:00', '--job-id', '1380', '--raw', '--subdir', 'DAGS_FOLDER/overwatch2_pipeline.py', '--cfg-path', '/tmp/tmpctsf2yb0']
[2026-04-20T18:15:33.234+0000] {standard_task_runner.py:91} INFO - Job 1380: Subtask scrape_blizzard
[2026-04-20T18:15:33.299+0000] {task_command.py:426} INFO - Running <TaskInstance: overwatch2_pipeline.scrape_blizzard scheduled__2026-04-19T06:00:00+00:00 [running]> on host e74ce4de20a5
[2026-04-20T18:15:33.420+0000] {taskinstance.py:2644} INFO - Exporting env vars: AIRFLOW_CTX_DAG_OWNER='angel' AIRFLOW_CTX_DAG_ID='overwatch2_pipeline' AIRFLOW_CTX_TASK_ID='scrape_blizzard' AIRFLOW_CTX_EXECUTION_DATE='2026-04-19T06:00:00+00:00' AIRFLOW_CTX_TRY_NUMBER='2' AIRFLOW_CTX_DAG_RUN_ID='scheduled__2026-04-19T06:00:00+00:00'
[2026-04-20T18:15:33.421+0000] {taskinstance.py:430} INFO - ::endgroup::
[2026-04-20T18:15:33.435+0000] {overwatch2_pipeline.py:294} INFO - ── Scrapeando URL 2: /en-us/heroes/ ──
[2026-04-20T18:15:34.663+0000] {overwatch2_pipeline.py:211} INFO -   ✅ URL 2 (/heroes/) → 0 dificultades extraidas
[2026-04-20T18:15:35.682+0000] {overwatch2_pipeline.py:300} INFO - ── Scrapeando URL 1: /en-us/rates/ ──
[2026-04-20T18:15:36.314+0000] {overwatch2_pipeline.py:319} INFO -   ✅ PC / Americas / rq=0 / tier=All → 51 heroes (limpios)
[2026-04-20T18:15:37.955+0000] {overwatch2_pipeline.py:319} INFO -   ✅ PC / Americas / rq=1 / tier=All → 51 heroes (limpios)
[2026-04-20T18:15:39.617+0000] {overwatch2_pipeline.py:319} INFO -   ✅ PC / Europe / rq=0 / tier=All → 51 heroes (limpios)
[2026-04-20T18:15:41.247+0000] {overwatch2_pipeline.py:319} INFO -   ✅ PC / Europe / rq=1 / tier=All → 51 heroes (limpios)
[2026-04-20T18:15:42.869+0000] {overwatch2_pipeline.py:319} INFO -   ✅ PC / Asia / rq=0 / tier=All → 51 heroes (limpios)
[2026-04-20T18:15:44.672+0000] {overwatch2_pipeline.py:319} INFO -   ✅ PC / Asia / rq=1 / tier=All → 51 heroes (limpios)
[2026-04-20T18:15:46.351+0000] {overwatch2_pipeline.py:319} INFO -   ✅ Console / Americas / rq=0 / tier=All → 51 heroes (limpios)
[2026-04-20T18:15:47.994+0000] {overwatch2_pipeline.py:319} INFO -   ✅ Console / Americas / rq=1 / tier=All → 51 heroes (limpios)
[2026-04-20T18:15:49.648+0000] {overwatch2_pipeline.py:319} INFO -   ✅ Console / Europe / rq=0 / tier=All → 51 heroes (limpios)
[2026-04-20T18:15:51.267+0000] {overwatch2_pipeline.py:319} INFO -   ✅ Console / Europe / rq=1 / tier=All → 51 heroes (limpios)
[2026-04-20T18:15:52.908+0000] {overwatch2_pipeline.py:319} INFO -   ✅ Console / Asia / rq=0 / tier=All → 51 heroes (limpios)
[2026-04-20T18:15:54.609+0000] {overwatch2_pipeline.py:319} INFO -   ✅ Console / Asia / rq=1 / tier=All → 51 heroes (limpios)
[2026-04-20T18:15:55.610+0000] {overwatch2_pipeline.py:326} INFO - ✅ Scrape completado: 612 registros | 0 errores
[2026-04-20T18:15:55.630+0000] {python.py:237} INFO - Done. Returned value was: None
[2026-04-20T18:15:55.632+0000] {taskinstance.py:441} INFO - ::group::Post task execution logs
[2026-04-20T18:15:55.643+0000] {taskinstance.py:1205} INFO - Marking task as SUCCESS. dag_id=overwatch2_pipeline, task_id=scrape_blizzard, execution_date=20260419T060000, start_date=20260420T181533, end_date=20260420T181555
[2026-04-20T18:15:55.686+0000] {local_task_job_runner.py:240} INFO - Task exited with return code 0
[2026-04-20T18:15:55.716+0000] {taskinstance.py:3482} INFO - 1 downstream tasks scheduled from follow-on schedule check
[2026-04-20T18:15:55.719+0000] {local_task_job_runner.py:222} INFO - ::endgroup::
