[2026-04-20T18:12:29.940+0000] {local_task_job_runner.py:120} INFO - ::group::Pre task execution logs
[2026-04-20T18:12:29.975+0000] {taskinstance.py:2073} INFO - Dependencies all met for dep_context=non-requeueable deps ti=<TaskInstance: overwatch2_pipeline.scrape_blizzard scheduled__2026-04-19T06:00:00+00:00 [queued]>
[2026-04-20T18:12:29.984+0000] {taskinstance.py:2073} INFO - Dependencies all met for dep_context=requeueable deps ti=<TaskInstance: overwatch2_pipeline.scrape_blizzard scheduled__2026-04-19T06:00:00+00:00 [queued]>
[2026-04-20T18:12:29.985+0000] {taskinstance.py:2303} INFO - Starting attempt 1 of 3
[2026-04-20T18:12:29.999+0000] {taskinstance.py:2327} INFO - Executing <Task(PythonOperator): scrape_blizzard> on 2026-04-19 06:00:00+00:00
[2026-04-20T18:12:30.008+0000] {logging_mixin.py:188} WARNING - /home/***/.local/lib/python3.12/site-packages/***/task/task_runner/standard_task_runner.py:61 DeprecationWarning: This process (pid=183) is multi-threaded, use of fork() may lead to deadlocks in the child.
[2026-04-20T18:12:30.010+0000] {standard_task_runner.py:63} INFO - Started process 184 to run task
[2026-04-20T18:12:30.009+0000] {standard_task_runner.py:90} INFO - Running: ['***', 'tasks', 'run', 'overwatch2_pipeline', 'scrape_blizzard', 'scheduled__2026-04-19T06:00:00+00:00', '--job-id', '1378', '--raw', '--subdir', 'DAGS_FOLDER/overwatch2_pipeline.py', '--cfg-path', '/tmp/tmphuympjlq']
[2026-04-20T18:12:30.012+0000] {standard_task_runner.py:91} INFO - Job 1378: Subtask scrape_blizzard
[2026-04-20T18:12:30.087+0000] {task_command.py:426} INFO - Running <TaskInstance: overwatch2_pipeline.scrape_blizzard scheduled__2026-04-19T06:00:00+00:00 [running]> on host e74ce4de20a5
[2026-04-20T18:12:30.189+0000] {taskinstance.py:2644} INFO - Exporting env vars: AIRFLOW_CTX_DAG_OWNER='angel' AIRFLOW_CTX_DAG_ID='overwatch2_pipeline' AIRFLOW_CTX_TASK_ID='scrape_blizzard' AIRFLOW_CTX_EXECUTION_DATE='2026-04-19T06:00:00+00:00' AIRFLOW_CTX_TRY_NUMBER='1' AIRFLOW_CTX_DAG_RUN_ID='scheduled__2026-04-19T06:00:00+00:00'
[2026-04-20T18:12:30.190+0000] {taskinstance.py:430} INFO - ::endgroup::
[2026-04-20T18:12:30.202+0000] {overwatch2_pipeline.py:294} INFO - ── Scrapeando URL 2: /en-us/heroes/ ──
[2026-04-20T18:12:45.586+0000] {overwatch2_pipeline.py:215} WARNING -   ⚠️  URL 2 (/heroes/) fallo: HTTPSConnectionPool(host='overwatch.blizzard.com', port=443): Read timed out. (read timeout=15) — se usara 'Media' como fallback
[2026-04-20T18:12:46.603+0000] {overwatch2_pipeline.py:300} INFO - ── Scrapeando URL 1: /en-us/rates/ ──
[2026-04-20T18:13:01.653+0000] {overwatch2_pipeline.py:322} WARNING -   ⚠️  PC / Americas / rq=0 / tier=All → fallo: HTTPSConnectionPool(host='overwatch.blizzard.com', port=443): Read timed out. (read timeout=15)
[2026-04-20T18:13:17.752+0000] {overwatch2_pipeline.py:322} WARNING -   ⚠️  PC / Americas / rq=1 / tier=All → fallo: HTTPSConnectionPool(host='overwatch.blizzard.com', port=443): Read timed out. (read timeout=15)
[2026-04-20T18:13:33.805+0000] {overwatch2_pipeline.py:322} WARNING -   ⚠️  PC / Europe / rq=0 / tier=All → fallo: HTTPSConnectionPool(host='overwatch.blizzard.com', port=443): Read timed out. (read timeout=15)
[2026-04-20T18:13:49.990+0000] {overwatch2_pipeline.py:322} WARNING -   ⚠️  PC / Europe / rq=1 / tier=All → fallo: HTTPSConnectionPool(host='overwatch.blizzard.com', port=443): Read timed out. (read timeout=15)
[2026-04-20T18:13:54.995+0000] {overwatch2_pipeline.py:322} WARNING -   ⚠️  PC / Asia / rq=0 / tier=All → fallo: HTTPSConnectionPool(host='overwatch.blizzard.com', port=443): Max retries exceeded with url: /en-us/rates/?input=pc&region=Asia&rq=0&tier=All (Caused by NewConnectionError('<urllib3.connection.HTTPSConnection object at 0x7de250bb5b80>: Failed to establish a new connection: [Errno -5] No address associated with hostname'))
[2026-04-20T18:13:59.998+0000] {overwatch2_pipeline.py:322} WARNING -   ⚠️  PC / Asia / rq=1 / tier=All → fallo: HTTPSConnectionPool(host='overwatch.blizzard.com', port=443): Max retries exceeded with url: /en-us/rates/?input=pc&region=Asia&rq=1&tier=All (Caused by NewConnectionError('<urllib3.connection.HTTPSConnection object at 0x7de250bb5640>: Failed to establish a new connection: [Errno -5] No address associated with hostname'))
[2026-04-20T18:14:05.002+0000] {overwatch2_pipeline.py:322} WARNING -   ⚠️  Console / Americas / rq=0 / tier=All → fallo: HTTPSConnectionPool(host='overwatch.blizzard.com', port=443): Max retries exceeded with url: /en-us/rates/?input=console&region=Americas&rq=0&tier=All (Caused by NewConnectionError('<urllib3.connection.HTTPSConnection object at 0x7de250bb59a0>: Failed to establish a new connection: [Errno -5] No address associated with hostname'))
[2026-04-20T18:14:10.005+0000] {overwatch2_pipeline.py:322} WARNING -   ⚠️  Console / Americas / rq=1 / tier=All → fallo: HTTPSConnectionPool(host='overwatch.blizzard.com', port=443): Max retries exceeded with url: /en-us/rates/?input=console&region=Americas&rq=1&tier=All (Caused by NewConnectionError('<urllib3.connection.HTTPSConnection object at 0x7de250bb59a0>: Failed to establish a new connection: [Errno -5] No address associated with hostname'))
[2026-04-20T18:14:29.290+0000] {overwatch2_pipeline.py:322} WARNING -   ⚠️  Console / Europe / rq=0 / tier=All → fallo: HTTPSConnectionPool(host='overwatch.blizzard.com', port=443): Read timed out. (read timeout=15)
[2026-04-20T18:14:57.623+0000] {local_task_job_runner.py:124} ERROR - Received SIGTERM. Terminating subprocesses
[2026-04-20T18:14:57.635+0000] {process_utils.py:132} INFO - Sending 15 to group 184. PIDs of all processes in the group: [184]
[2026-04-20T18:14:57.638+0000] {process_utils.py:87} INFO - Sending the signal 15 to group 184
[2026-04-20T18:14:57.639+0000] {taskinstance.py:2607} ERROR - Received SIGTERM. Terminating subprocesses.
[2026-04-20T18:14:57.640+0000] {taskinstance.py:441} INFO - ::group::Post task execution logs
[2026-04-20T18:14:57.664+0000] {taskinstance.py:2890} ERROR - Task failed with exception
Traceback (most recent call last):
  File "/home/airflow/.local/lib/python3.12/site-packages/airflow/models/taskinstance.py", line 465, in _execute_task
    result = _execute_callable(context=context, **execute_callable_kwargs)
             ^^^^^^^^^^^^^^^^^^^^^^^^^^^^^^^^^^^^^^^^^^^^^^^^^^^^^^^^^^^^^
  File "/home/airflow/.local/lib/python3.12/site-packages/airflow/models/taskinstance.py", line 432, in _execute_callable
    return execute_callable(context=context, **execute_callable_kwargs)
           ^^^^^^^^^^^^^^^^^^^^^^^^^^^^^^^^^^^^^^^^^^^^^^^^^^^^^^^^^^^^
  File "/home/airflow/.local/lib/python3.12/site-packages/airflow/models/baseoperator.py", line 400, in wrapper
    return func(self, *args, **kwargs)
           ^^^^^^^^^^^^^^^^^^^^^^^^^^^
  File "/home/airflow/.local/lib/python3.12/site-packages/airflow/operators/python.py", line 235, in execute
    return_value = self.execute_callable()
                   ^^^^^^^^^^^^^^^^^^^^^^^
  File "/home/airflow/.local/lib/python3.12/site-packages/airflow/operators/python.py", line 252, in execute_callable
    return self.python_callable(*self.op_args, **self.op_kwargs)
           ^^^^^^^^^^^^^^^^^^^^^^^^^^^^^^^^^^^^^^^^^^^^^^^^^^^^^
  File "/opt/airflow/dags/overwatch2_pipeline.py", line 308, in task_scrape_blizzard
    resultados = _scrape_una_combinacion(session, combinacion)
                 ^^^^^^^^^^^^^^^^^^^^^^^^^^^^^^^^^^^^^^^^^^^^^
  File "/opt/airflow/dags/overwatch2_pipeline.py", line 146, in _scrape_una_combinacion
    resp = session.get(url, params=params, timeout=15)
           ^^^^^^^^^^^^^^^^^^^^^^^^^^^^^^^^^^^^^^^^^^^
  File "/home/airflow/.local/lib/python3.12/site-packages/requests/sessions.py", line 602, in get
    return self.request("GET", url, **kwargs)
           ^^^^^^^^^^^^^^^^^^^^^^^^^^^^^^^^^^
  File "/home/airflow/.local/lib/python3.12/site-packages/requests/sessions.py", line 589, in request
    resp = self.send(prep, **send_kwargs)
           ^^^^^^^^^^^^^^^^^^^^^^^^^^^^^^
  File "/home/airflow/.local/lib/python3.12/site-packages/requests/sessions.py", line 703, in send
    r = adapter.send(request, **kwargs)
        ^^^^^^^^^^^^^^^^^^^^^^^^^^^^^^^
  File "/home/airflow/.local/lib/python3.12/site-packages/requests/adapters.py", line 486, in send
    resp = conn.urlopen(
           ^^^^^^^^^^^^^
  File "/home/airflow/.local/lib/python3.12/site-packages/urllib3/connectionpool.py", line 715, in urlopen
    httplib_response = self._make_request(
                       ^^^^^^^^^^^^^^^^^^^
  File "/home/airflow/.local/lib/python3.12/site-packages/urllib3/connectionpool.py", line 404, in _make_request
    self._validate_conn(conn)
  File "/home/airflow/.local/lib/python3.12/site-packages/urllib3/connectionpool.py", line 1058, in _validate_conn
    conn.connect()
  File "/home/airflow/.local/lib/python3.12/site-packages/urllib3/connection.py", line 363, in connect
    self.sock = conn = self._new_conn()
                       ^^^^^^^^^^^^^^^^
  File "/home/airflow/.local/lib/python3.12/site-packages/urllib3/connection.py", line 174, in _new_conn
    conn = connection.create_connection(
           ^^^^^^^^^^^^^^^^^^^^^^^^^^^^^
  File "/home/airflow/.local/lib/python3.12/site-packages/urllib3/util/connection.py", line 85, in create_connection
    sock.connect(sa)
  File "/home/airflow/.local/lib/python3.12/site-packages/airflow/models/taskinstance.py", line 2609, in signal_handler
    raise AirflowTaskTerminated("Task received SIGTERM signal")
airflow.exceptions.AirflowTaskTerminated: Task received SIGTERM signal
[2026-04-20T18:14:57.687+0000] {taskinstance.py:1205} INFO - Marking task as UP_FOR_RETRY. dag_id=overwatch2_pipeline, task_id=scrape_blizzard, execution_date=20260419T060000, start_date=20260420T181229, end_date=20260420T181457
