[2026-03-26T00:53:32.227+0000] {local_task_job_runner.py:120} INFO - ::group::Pre task execution logs
[2026-03-26T00:53:32.261+0000] {taskinstance.py:2073} INFO - Dependencies all met for dep_context=non-requeueable deps ti=<TaskInstance: overwatch2_pipeline.crear_indices manual__2026-03-25T22:16:37.395045+00:00 [queued]>
[2026-03-26T00:53:32.270+0000] {taskinstance.py:2073} INFO - Dependencies all met for dep_context=requeueable deps ti=<TaskInstance: overwatch2_pipeline.crear_indices manual__2026-03-25T22:16:37.395045+00:00 [queued]>
[2026-03-26T00:53:32.270+0000] {taskinstance.py:2303} INFO - Starting attempt 4 of 6
[2026-03-26T00:53:32.282+0000] {taskinstance.py:2327} INFO - Executing <Task(PythonOperator): crear_indices> on 2026-03-25 22:16:37.395045+00:00
[2026-03-26T00:53:32.292+0000] {logging_mixin.py:188} WARNING - /home/***/.local/lib/python3.12/site-packages/***/task/task_runner/standard_task_runner.py:61 DeprecationWarning: This process (pid=402) is multi-threaded, use of fork() may lead to deadlocks in the child.
[2026-03-26T00:53:32.292+0000] {standard_task_runner.py:90} INFO - Running: ['***', 'tasks', 'run', 'overwatch2_pipeline', 'crear_indices', 'manual__2026-03-25T22:16:37.395045+00:00', '--job-id', '401', '--raw', '--subdir', 'DAGS_FOLDER/overwatch2_pipeline.py', '--cfg-path', '/tmp/tmp_gc1svvx']
[2026-03-26T00:53:32.293+0000] {standard_task_runner.py:63} INFO - Started process 403 to run task
[2026-03-26T00:53:32.294+0000] {standard_task_runner.py:91} INFO - Job 401: Subtask crear_indices
[2026-03-26T00:53:32.360+0000] {task_command.py:426} INFO - Running <TaskInstance: overwatch2_pipeline.crear_indices manual__2026-03-25T22:16:37.395045+00:00 [running]> on host f5d361e339b0
[2026-03-26T00:53:32.459+0000] {taskinstance.py:2644} INFO - Exporting env vars: AIRFLOW_CTX_DAG_OWNER='angel' AIRFLOW_CTX_DAG_ID='overwatch2_pipeline' AIRFLOW_CTX_TASK_ID='crear_indices' AIRFLOW_CTX_EXECUTION_DATE='2026-03-25T22:16:37.395045+00:00' AIRFLOW_CTX_TRY_NUMBER='4' AIRFLOW_CTX_DAG_RUN_ID='manual__2026-03-25T22:16:37.395045+00:00'
[2026-03-26T00:53:32.460+0000] {taskinstance.py:430} INFO - ::endgroup::
[2026-03-26T00:53:32.515+0000] {overwatch2_pipeline.py:262} INFO -   ✅ fact_id_heroe
[2026-03-26T00:53:32.517+0000] {overwatch2_pipeline.py:262} INFO -   ✅ fact_id_tiempo
[2026-03-26T00:53:32.518+0000] {overwatch2_pipeline.py:262} INFO -   ✅ fact_id_contexto
[2026-03-26T00:53:32.519+0000] {overwatch2_pipeline.py:262} INFO -   ✅ fact_id_escenario
[2026-03-26T00:53:32.521+0000] {overwatch2_pipeline.py:262} INFO -   ✅ tiempo_fecha
[2026-03-26T00:53:32.522+0000] {overwatch2_pipeline.py:262} INFO -   ✅ heroe_nombre
[2026-03-26T00:53:32.523+0000] {overwatch2_pipeline.py:262} INFO -   ✅ heroe_rol
[2026-03-26T00:53:32.524+0000] {overwatch2_pipeline.py:262} INFO -   ✅ contexto_plat
[2026-03-26T00:53:32.525+0000] {overwatch2_pipeline.py:262} INFO -   ✅ contexto_modo
[2026-03-26T00:53:32.526+0000] {overwatch2_pipeline.py:262} INFO -   ✅ escenario_region
[2026-03-26T00:53:32.528+0000] {overwatch2_pipeline.py:262} INFO -   ✅ escenario_mapa
[2026-03-26T00:53:32.529+0000] {overwatch2_pipeline.py:266} INFO - ✅ Indices creados/verificados correctamente
[2026-03-26T00:53:32.530+0000] {python.py:237} INFO - Done. Returned value was: None
[2026-03-26T00:53:32.530+0000] {taskinstance.py:441} INFO - ::group::Post task execution logs
[2026-03-26T00:53:32.542+0000] {taskinstance.py:1205} INFO - Marking task as SUCCESS. dag_id=overwatch2_pipeline, task_id=crear_indices, execution_date=20260325T221637, start_date=20260326T005332, end_date=20260326T005332
[2026-03-26T00:53:32.588+0000] {local_task_job_runner.py:240} INFO - Task exited with return code 0
[2026-03-26T00:53:32.621+0000] {taskinstance.py:3482} INFO - 1 downstream tasks scheduled from follow-on schedule check
[2026-03-26T00:53:32.624+0000] {local_task_job_runner.py:222} INFO - ::endgroup::
