[2026-03-26T00:49:15.001+0000] {local_task_job_runner.py:120} INFO - ::group::Pre task execution logs
[2026-03-26T00:49:15.035+0000] {taskinstance.py:2073} INFO - Dependencies all met for dep_context=non-requeueable deps ti=<TaskInstance: overwatch2_pipeline.crear_indices manual__2026-03-25T22:16:37.395045+00:00 [queued]>
[2026-03-26T00:49:15.044+0000] {taskinstance.py:2073} INFO - Dependencies all met for dep_context=requeueable deps ti=<TaskInstance: overwatch2_pipeline.crear_indices manual__2026-03-25T22:16:37.395045+00:00 [queued]>
[2026-03-26T00:49:15.045+0000] {taskinstance.py:2303} INFO - Starting attempt 3 of 5
[2026-03-26T00:49:15.059+0000] {taskinstance.py:2327} INFO - Executing <Task(PythonOperator): crear_indices> on 2026-03-25 22:16:37.395045+00:00
[2026-03-26T00:49:15.072+0000] {logging_mixin.py:188} WARNING - /home/***/.local/lib/python3.12/site-packages/***/task/task_runner/standard_task_runner.py:61 DeprecationWarning: This process (pid=327) is multi-threaded, use of fork() may lead to deadlocks in the child.
[2026-03-26T00:49:15.070+0000] {standard_task_runner.py:90} INFO - Running: ['***', 'tasks', 'run', 'overwatch2_pipeline', 'crear_indices', 'manual__2026-03-25T22:16:37.395045+00:00', '--job-id', '386', '--raw', '--subdir', 'DAGS_FOLDER/overwatch2_pipeline.py', '--cfg-path', '/tmp/tmp38zn8yti']
[2026-03-26T00:49:15.074+0000] {standard_task_runner.py:63} INFO - Started process 328 to run task
[2026-03-26T00:49:15.074+0000] {standard_task_runner.py:91} INFO - Job 386: Subtask crear_indices
[2026-03-26T00:49:15.167+0000] {task_command.py:426} INFO - Running <TaskInstance: overwatch2_pipeline.crear_indices manual__2026-03-25T22:16:37.395045+00:00 [running]> on host f5d361e339b0
[2026-03-26T00:49:15.264+0000] {taskinstance.py:2644} INFO - Exporting env vars: AIRFLOW_CTX_DAG_OWNER='angel' AIRFLOW_CTX_DAG_ID='overwatch2_pipeline' AIRFLOW_CTX_TASK_ID='crear_indices' AIRFLOW_CTX_EXECUTION_DATE='2026-03-25T22:16:37.395045+00:00' AIRFLOW_CTX_TRY_NUMBER='3' AIRFLOW_CTX_DAG_RUN_ID='manual__2026-03-25T22:16:37.395045+00:00'
[2026-03-26T00:49:15.267+0000] {taskinstance.py:430} INFO - ::endgroup::
[2026-03-26T00:49:15.320+0000] {overwatch2_pipeline.py:262} INFO -   ✅ fact_id_heroe
[2026-03-26T00:49:15.322+0000] {overwatch2_pipeline.py:262} INFO -   ✅ fact_id_tiempo
[2026-03-26T00:49:15.323+0000] {overwatch2_pipeline.py:262} INFO -   ✅ fact_id_contexto
[2026-03-26T00:49:15.324+0000] {overwatch2_pipeline.py:262} INFO -   ✅ fact_id_escenario
[2026-03-26T00:49:15.325+0000] {overwatch2_pipeline.py:262} INFO -   ✅ tiempo_fecha
[2026-03-26T00:49:15.327+0000] {overwatch2_pipeline.py:262} INFO -   ✅ heroe_nombre
[2026-03-26T00:49:15.328+0000] {overwatch2_pipeline.py:262} INFO -   ✅ heroe_rol
[2026-03-26T00:49:15.329+0000] {overwatch2_pipeline.py:262} INFO -   ✅ contexto_plat
[2026-03-26T00:49:15.330+0000] {overwatch2_pipeline.py:262} INFO -   ✅ contexto_modo
[2026-03-26T00:49:15.331+0000] {overwatch2_pipeline.py:262} INFO -   ✅ escenario_region
[2026-03-26T00:49:15.332+0000] {overwatch2_pipeline.py:262} INFO -   ✅ escenario_mapa
[2026-03-26T00:49:15.333+0000] {overwatch2_pipeline.py:266} INFO - ✅ Indices creados/verificados correctamente
[2026-03-26T00:49:15.334+0000] {python.py:237} INFO - Done. Returned value was: None
[2026-03-26T00:49:15.334+0000] {taskinstance.py:441} INFO - ::group::Post task execution logs
[2026-03-26T00:49:15.346+0000] {taskinstance.py:1205} INFO - Marking task as SUCCESS. dag_id=overwatch2_pipeline, task_id=crear_indices, execution_date=20260325T221637, start_date=20260326T004915, end_date=20260326T004915
[2026-03-26T00:49:15.369+0000] {local_task_job_runner.py:240} INFO - Task exited with return code 0
[2026-03-26T00:49:15.401+0000] {taskinstance.py:3482} INFO - 1 downstream tasks scheduled from follow-on schedule check
[2026-03-26T00:49:15.403+0000] {local_task_job_runner.py:222} INFO - ::endgroup::
