[2026-03-26T01:57:38.008+0000] {local_task_job_runner.py:120} INFO - ::group::Pre task execution logs
[2026-03-26T01:57:38.038+0000] {taskinstance.py:2073} INFO - Dependencies all met for dep_context=non-requeueable deps ti=<TaskInstance: overwatch2_pipeline.crear_indices manual__2026-03-25T22:16:37.395045+00:00 [queued]>
[2026-03-26T01:57:38.046+0000] {taskinstance.py:2073} INFO - Dependencies all met for dep_context=requeueable deps ti=<TaskInstance: overwatch2_pipeline.crear_indices manual__2026-03-25T22:16:37.395045+00:00 [queued]>
[2026-03-26T01:57:38.047+0000] {taskinstance.py:2303} INFO - Starting attempt 9 of 11
[2026-03-26T01:57:38.058+0000] {taskinstance.py:2327} INFO - Executing <Task(PythonOperator): crear_indices> on 2026-03-25 22:16:37.395045+00:00
[2026-03-26T01:57:38.068+0000] {logging_mixin.py:188} WARNING - /home/***/.local/lib/python3.12/site-packages/***/task/task_runner/standard_task_runner.py:61 DeprecationWarning: This process (pid=180) is multi-threaded, use of fork() may lead to deadlocks in the child.
[2026-03-26T01:57:38.069+0000] {standard_task_runner.py:63} INFO - Started process 181 to run task
[2026-03-26T01:57:38.068+0000] {standard_task_runner.py:90} INFO - Running: ['***', 'tasks', 'run', 'overwatch2_pipeline', 'crear_indices', 'manual__2026-03-25T22:16:37.395045+00:00', '--job-id', '528', '--raw', '--subdir', 'DAGS_FOLDER/overwatch2_pipeline.py', '--cfg-path', '/tmp/tmpmtg7_7ct']
[2026-03-26T01:57:38.070+0000] {standard_task_runner.py:91} INFO - Job 528: Subtask crear_indices
[2026-03-26T01:57:38.134+0000] {task_command.py:426} INFO - Running <TaskInstance: overwatch2_pipeline.crear_indices manual__2026-03-25T22:16:37.395045+00:00 [running]> on host 63c2e2876ff9
[2026-03-26T01:57:38.250+0000] {taskinstance.py:2644} INFO - Exporting env vars: AIRFLOW_CTX_DAG_OWNER='angel' AIRFLOW_CTX_DAG_ID='overwatch2_pipeline' AIRFLOW_CTX_TASK_ID='crear_indices' AIRFLOW_CTX_EXECUTION_DATE='2026-03-25T22:16:37.395045+00:00' AIRFLOW_CTX_TRY_NUMBER='9' AIRFLOW_CTX_DAG_RUN_ID='manual__2026-03-25T22:16:37.395045+00:00'
[2026-03-26T01:57:38.251+0000] {taskinstance.py:430} INFO - ::endgroup::
[2026-03-26T01:57:38.422+0000] {overwatch2_pipeline.py:262} INFO -   ✅ fact_id_heroe
[2026-03-26T01:57:38.424+0000] {overwatch2_pipeline.py:262} INFO -   ✅ fact_id_tiempo
[2026-03-26T01:57:38.425+0000] {overwatch2_pipeline.py:262} INFO -   ✅ fact_id_contexto
[2026-03-26T01:57:38.426+0000] {overwatch2_pipeline.py:262} INFO -   ✅ fact_id_escenario
[2026-03-26T01:57:38.428+0000] {overwatch2_pipeline.py:262} INFO -   ✅ tiempo_fecha
[2026-03-26T01:57:38.430+0000] {overwatch2_pipeline.py:262} INFO -   ✅ heroe_nombre
[2026-03-26T01:57:38.431+0000] {overwatch2_pipeline.py:262} INFO -   ✅ heroe_rol
[2026-03-26T01:57:38.432+0000] {overwatch2_pipeline.py:262} INFO -   ✅ contexto_plat
[2026-03-26T01:57:38.434+0000] {overwatch2_pipeline.py:262} INFO -   ✅ contexto_modo
[2026-03-26T01:57:38.435+0000] {overwatch2_pipeline.py:262} INFO -   ✅ escenario_region
[2026-03-26T01:57:38.436+0000] {overwatch2_pipeline.py:262} INFO -   ✅ escenario_mapa
[2026-03-26T01:57:38.438+0000] {overwatch2_pipeline.py:266} INFO - ✅ Indices creados/verificados correctamente
[2026-03-26T01:57:38.438+0000] {python.py:237} INFO - Done. Returned value was: None
[2026-03-26T01:57:38.439+0000] {taskinstance.py:441} INFO - ::group::Post task execution logs
[2026-03-26T01:57:38.451+0000] {taskinstance.py:1205} INFO - Marking task as SUCCESS. dag_id=overwatch2_pipeline, task_id=crear_indices, execution_date=20260325T221637, start_date=20260326T015738, end_date=20260326T015738
[2026-03-26T01:57:38.484+0000] {local_task_job_runner.py:240} INFO - Task exited with return code 0
[2026-03-26T01:57:38.517+0000] {taskinstance.py:3482} INFO - 1 downstream tasks scheduled from follow-on schedule check
[2026-03-26T01:57:38.519+0000] {local_task_job_runner.py:222} INFO - ::endgroup::
