[2026-03-10T17:05:51.371+0000] {local_task_job_runner.py:120} INFO - ::group::Pre task execution logs
[2026-03-10T17:05:51.407+0000] {taskinstance.py:2073} INFO - Dependencies all met for dep_context=non-requeueable deps ti=<TaskInstance: overwatch2_pipeline.actualizar_resumen_diario manual__2026-03-10T16:44:40.723830+00:00 [queued]>
[2026-03-10T17:05:51.415+0000] {taskinstance.py:2073} INFO - Dependencies all met for dep_context=requeueable deps ti=<TaskInstance: overwatch2_pipeline.actualizar_resumen_diario manual__2026-03-10T16:44:40.723830+00:00 [queued]>
[2026-03-10T17:05:51.416+0000] {taskinstance.py:2303} INFO - Starting attempt 3 of 3
[2026-03-10T17:05:51.430+0000] {taskinstance.py:2327} INFO - Executing <Task(PythonOperator): actualizar_resumen_diario> on 2026-03-10 16:44:40.723830+00:00
[2026-03-10T17:05:51.443+0000] {logging_mixin.py:188} WARNING - /home/***/.local/lib/python3.12/site-packages/***/task/task_runner/standard_task_runner.py:61 DeprecationWarning: This process (pid=229) is multi-threaded, use of fork() may lead to deadlocks in the child.
[2026-03-10T17:05:51.442+0000] {standard_task_runner.py:90} INFO - Running: ['***', 'tasks', 'run', 'overwatch2_pipeline', 'actualizar_resumen_diario', 'manual__2026-03-10T16:44:40.723830+00:00', '--job-id', '29', '--raw', '--subdir', 'DAGS_FOLDER/overwatch2_pipeline.py', '--cfg-path', '/tmp/tmp_s7o8yg9']
[2026-03-10T17:05:51.445+0000] {standard_task_runner.py:63} INFO - Started process 231 to run task
[2026-03-10T17:05:51.445+0000] {standard_task_runner.py:91} INFO - Job 29: Subtask actualizar_resumen_diario
[2026-03-10T17:05:51.517+0000] {task_command.py:426} INFO - Running <TaskInstance: overwatch2_pipeline.actualizar_resumen_diario manual__2026-03-10T16:44:40.723830+00:00 [running]> on host d57c35dcabbf
[2026-03-10T17:05:51.609+0000] {taskinstance.py:2644} INFO - Exporting env vars: AIRFLOW_CTX_DAG_OWNER='angel' AIRFLOW_CTX_DAG_ID='overwatch2_pipeline' AIRFLOW_CTX_TASK_ID='actualizar_resumen_diario' AIRFLOW_CTX_EXECUTION_DATE='2026-03-10T16:44:40.723830+00:00' AIRFLOW_CTX_TRY_NUMBER='3' AIRFLOW_CTX_DAG_RUN_ID='manual__2026-03-10T16:44:40.723830+00:00'
[2026-03-10T17:05:51.610+0000] {taskinstance.py:430} INFO - ::endgroup::
[2026-03-10T17:05:51.629+0000] {taskinstance.py:441} INFO - ::group::Post task execution logs
[2026-03-10T17:05:51.630+0000] {taskinstance.py:2890} ERROR - Task failed with exception
Traceback (most recent call last):
  File "/home/airflow/.local/lib/python3.12/site-packages/airflow/models/taskinstance.py", line 465, in _execute_task
    result = _execute_callable(context=context, **execute_callable_kwargs)
             ^^^^^^^^^^^^^^^^^^^^^^^^^^^^^^^^^^^^^^^^^^^^^^^^^^^^^^^^^^^^^
  File "/home/airflow/.local/lib/python3.12/site-packages/airflow/models/taskinstance.py", line 432, in _execute_callable
    return execute_callable(context=context, **execute_callable_kwargs)
           ^^^^^^^^^^^^^^^^^^^^^^^^^^^^^^^^^^^^^^^^^^^^^^^^^^^^^^^^^^^^
  File "/home/airflow/.local/lib/python3.12/site-packages/airflow/models/baseoperator.py", line 400, in wrapper
    return func(self, *args, **kwargs)
           ^^^^^^^^^^^^^^^^^^^^^^^^^^^
  File "/home/airflow/.local/lib/python3.12/site-packages/airflow/operators/python.py", line 235, in execute
    return_value = self.execute_callable()
                   ^^^^^^^^^^^^^^^^^^^^^^^
  File "/home/airflow/.local/lib/python3.12/site-packages/airflow/operators/python.py", line 252, in execute_callable
    return self.python_callable(*self.op_args, **self.op_kwargs)
           ^^^^^^^^^^^^^^^^^^^^^^^^^^^^^^^^^^^^^^^^^^^^^^^^^^^^^
  File "/opt/airflow/dags/overwatch2_pipeline.py", line 244, in task_actualizar_resumen_diario
    cur.execute("TRUNCATE TABLE public.resumen_diario")
psycopg2.errors.UndefinedTable: relation "public.resumen_diario" does not exist

[2026-03-10T17:05:51.646+0000] {taskinstance.py:1205} INFO - Marking task as FAILED. dag_id=overwatch2_pipeline, task_id=actualizar_resumen_diario, execution_date=20260310T164440, start_date=20260310T170551, end_date=20260310T170551
[2026-03-10T17:05:51.657+0000] {standard_task_runner.py:110} ERROR - Failed to execute job 29 for task actualizar_resumen_diario (relation "public.resumen_diario" does not exist
; 231)
[2026-03-10T17:05:51.699+0000] {local_task_job_runner.py:240} INFO - Task exited with return code 1
[2026-03-10T17:05:51.721+0000] {taskinstance.py:3482} INFO - 0 downstream tasks scheduled from follow-on schedule check
[2026-03-10T17:05:51.726+0000] {local_task_job_runner.py:222} INFO - ::endgroup::
