[2026-03-10T16:55:48.272+0000] {local_task_job_runner.py:120} INFO - ::group::Pre task execution logs
[2026-03-10T16:55:48.311+0000] {taskinstance.py:2073} INFO - Dependencies all met for dep_context=non-requeueable deps ti=<TaskInstance: overwatch2_pipeline.actualizar_resumen_diario manual__2026-03-10T16:44:40.723830+00:00 [queued]>
[2026-03-10T16:55:48.320+0000] {taskinstance.py:2073} INFO - Dependencies all met for dep_context=requeueable deps ti=<TaskInstance: overwatch2_pipeline.actualizar_resumen_diario manual__2026-03-10T16:44:40.723830+00:00 [queued]>
[2026-03-10T16:55:48.321+0000] {taskinstance.py:2303} INFO - Starting attempt 1 of 3
[2026-03-10T16:55:48.336+0000] {taskinstance.py:2327} INFO - Executing <Task(PythonOperator): actualizar_resumen_diario> on 2026-03-10 16:44:40.723830+00:00
[2026-03-10T16:55:48.351+0000] {logging_mixin.py:188} WARNING - /home/***/.local/lib/python3.12/site-packages/***/task/task_runner/standard_task_runner.py:61 DeprecationWarning: This process (pid=375) is multi-threaded, use of fork() may lead to deadlocks in the child.
[2026-03-10T16:55:48.350+0000] {standard_task_runner.py:90} INFO - Running: ['***', 'tasks', 'run', 'overwatch2_pipeline', 'actualizar_resumen_diario', 'manual__2026-03-10T16:44:40.723830+00:00', '--job-id', '12', '--raw', '--subdir', 'DAGS_FOLDER/overwatch2_pipeline.py', '--cfg-path', '/tmp/tmppuggxtrm']
[2026-03-10T16:55:48.353+0000] {standard_task_runner.py:63} INFO - Started process 378 to run task
[2026-03-10T16:55:48.353+0000] {standard_task_runner.py:91} INFO - Job 12: Subtask actualizar_resumen_diario
[2026-03-10T16:55:48.434+0000] {task_command.py:426} INFO - Running <TaskInstance: overwatch2_pipeline.actualizar_resumen_diario manual__2026-03-10T16:44:40.723830+00:00 [running]> on host d57c35dcabbf
[2026-03-10T16:55:48.534+0000] {taskinstance.py:2644} INFO - Exporting env vars: AIRFLOW_CTX_DAG_OWNER='angel' AIRFLOW_CTX_DAG_ID='overwatch2_pipeline' AIRFLOW_CTX_TASK_ID='actualizar_resumen_diario' AIRFLOW_CTX_EXECUTION_DATE='2026-03-10T16:44:40.723830+00:00' AIRFLOW_CTX_TRY_NUMBER='1' AIRFLOW_CTX_DAG_RUN_ID='manual__2026-03-10T16:44:40.723830+00:00'
[2026-03-10T16:55:48.536+0000] {taskinstance.py:430} INFO - ::endgroup::
[2026-03-10T16:55:48.645+0000] {taskinstance.py:441} INFO - ::group::Post task execution logs
[2026-03-10T16:55:48.646+0000] {taskinstance.py:2890} ERROR - Task failed with exception
Traceback (most recent call last):
  File "/home/airflow/.local/lib/python3.12/site-packages/airflow/models/taskinstance.py", line 465, in _execute_task
    result = _execute_callable(context=context, **execute_callable_kwargs)
             ^^^^^^^^^^^^^^^^^^^^^^^^^^^^^^^^^^^^^^^^^^^^^^^^^^^^^^^^^^^^^
  File "/home/airflow/.local/lib/python3.12/site-packages/airflow/models/taskinstance.py", line 432, in _execute_callable
    return execute_callable(context=context, **execute_callable_kwargs)
           ^^^^^^^^^^^^^^^^^^^^^^^^^^^^^^^^^^^^^^^^^^^^^^^^^^^^^^^^^^^^
  File "/home/airflow/.local/lib/python3.12/site-packages/airflow/models/baseoperator.py", line 400, in wrapper
    return func(self, *args, **kwargs)
           ^^^^^^^^^^^^^^^^^^^^^^^^^^^
  File "/home/airflow/.local/lib/python3.12/site-packages/airflow/operators/python.py", line 235, in execute
    return_value = self.execute_callable()
                   ^^^^^^^^^^^^^^^^^^^^^^^
  File "/home/airflow/.local/lib/python3.12/site-packages/airflow/operators/python.py", line 252, in execute_callable
    return self.python_callable(*self.op_args, **self.op_kwargs)
           ^^^^^^^^^^^^^^^^^^^^^^^^^^^^^^^^^^^^^^^^^^^^^^^^^^^^^
  File "/opt/airflow/dags/overwatch2_pipeline.py", line 245, in task_actualizar_resumen_diario
    cur.execute("""
psycopg2.errors.UndefinedColumn: no existe la columna «avg_win_rate»
LINE 12:         ORDER BY avg_win_rate DESC
                          ^
DETAIL:  Hay una columna llamada «avg_win_rate» en la tabla «resumen_diario», pero no puede ser referenciada desde esta parte de la consulta.

[2026-03-10T16:55:48.669+0000] {taskinstance.py:1205} INFO - Marking task as UP_FOR_RETRY. dag_id=overwatch2_pipeline, task_id=actualizar_resumen_diario, execution_date=20260310T164440, start_date=20260310T165548, end_date=20260310T165548
[2026-03-10T16:55:48.683+0000] {standard_task_runner.py:110} ERROR - Failed to execute job 12 for task actualizar_resumen_diario (no existe la columna «avg_win_rate»
LINE 12:         ORDER BY avg_win_rate DESC
                          ^
DETAIL:  Hay una columna llamada «avg_win_rate» en la tabla «resumen_diario», pero no puede ser referenciada desde esta parte de la consulta.
; 378)
[2026-03-10T16:55:48.729+0000] {local_task_job_runner.py:240} INFO - Task exited with return code 1
[2026-03-10T16:55:48.759+0000] {taskinstance.py:3482} INFO - 0 downstream tasks scheduled from follow-on schedule check
[2026-03-10T16:55:48.761+0000] {local_task_job_runner.py:222} INFO - ::endgroup::
