[2026-04-13T20:58:03.738+0000] {local_task_job_runner.py:120} INFO - ::group::Pre task execution logs
[2026-04-13T20:58:03.784+0000] {taskinstance.py:2073} INFO - Dependencies all met for dep_context=non-requeueable deps ti=<TaskInstance: overwatch2_pipeline.crear_indices scheduled__2026-04-12T06:00:00+00:00 [queued]>
[2026-04-13T20:58:03.796+0000] {taskinstance.py:2073} INFO - Dependencies all met for dep_context=requeueable deps ti=<TaskInstance: overwatch2_pipeline.crear_indices scheduled__2026-04-12T06:00:00+00:00 [queued]>
[2026-04-13T20:58:03.797+0000] {taskinstance.py:2303} INFO - Starting attempt 1 of 3
[2026-04-13T20:58:03.815+0000] {taskinstance.py:2327} INFO - Executing <Task(PythonOperator): crear_indices> on 2026-04-12 06:00:00+00:00
[2026-04-13T20:58:03.826+0000] {logging_mixin.py:188} WARNING - /home/***/.local/lib/python3.12/site-packages/***/task/task_runner/standard_task_runner.py:61 DeprecationWarning: This process (pid=196) is multi-threaded, use of fork() may lead to deadlocks in the child.
[2026-04-13T20:58:03.828+0000] {standard_task_runner.py:63} INFO - Started process 197 to run task
[2026-04-13T20:58:03.825+0000] {standard_task_runner.py:90} INFO - Running: ['***', 'tasks', 'run', 'overwatch2_pipeline', 'crear_indices', 'scheduled__2026-04-12T06:00:00+00:00', '--job-id', '1300', '--raw', '--subdir', 'DAGS_FOLDER/overwatch2_pipeline.py', '--cfg-path', '/tmp/tmp3ljxzphk']
[2026-04-13T20:58:03.829+0000] {standard_task_runner.py:91} INFO - Job 1300: Subtask crear_indices
[2026-04-13T20:58:03.918+0000] {task_command.py:426} INFO - Running <TaskInstance: overwatch2_pipeline.crear_indices scheduled__2026-04-12T06:00:00+00:00 [running]> on host e74ce4de20a5
[2026-04-13T20:58:04.043+0000] {taskinstance.py:2644} INFO - Exporting env vars: AIRFLOW_CTX_DAG_OWNER='angel' AIRFLOW_CTX_DAG_ID='overwatch2_pipeline' AIRFLOW_CTX_TASK_ID='crear_indices' AIRFLOW_CTX_EXECUTION_DATE='2026-04-12T06:00:00+00:00' AIRFLOW_CTX_TRY_NUMBER='1' AIRFLOW_CTX_DAG_RUN_ID='scheduled__2026-04-12T06:00:00+00:00'
[2026-04-13T20:58:04.044+0000] {taskinstance.py:430} INFO - ::endgroup::
[2026-04-13T20:58:04.141+0000] {overwatch2_pipeline.py:263} INFO -   ✅ fact_id_heroe
[2026-04-13T20:58:04.143+0000] {overwatch2_pipeline.py:263} INFO -   ✅ fact_id_tiempo
[2026-04-13T20:58:04.145+0000] {overwatch2_pipeline.py:263} INFO -   ✅ fact_id_contexto
[2026-04-13T20:58:04.146+0000] {overwatch2_pipeline.py:263} INFO -   ✅ fact_id_escenario
[2026-04-13T20:58:04.149+0000] {overwatch2_pipeline.py:263} INFO -   ✅ tiempo_fecha
[2026-04-13T20:58:04.151+0000] {overwatch2_pipeline.py:263} INFO -   ✅ heroe_nombre
[2026-04-13T20:58:04.153+0000] {overwatch2_pipeline.py:263} INFO -   ✅ heroe_rol
[2026-04-13T20:58:04.155+0000] {overwatch2_pipeline.py:263} INFO -   ✅ contexto_plat
[2026-04-13T20:58:04.158+0000] {overwatch2_pipeline.py:263} INFO -   ✅ contexto_modo
[2026-04-13T20:58:04.161+0000] {overwatch2_pipeline.py:263} INFO -   ✅ escenario_region
[2026-04-13T20:58:04.163+0000] {overwatch2_pipeline.py:263} INFO -   ✅ escenario_mapa
[2026-04-13T20:58:04.164+0000] {overwatch2_pipeline.py:267} INFO - ✅ Indices creados/verificados correctamente
[2026-04-13T20:58:04.165+0000] {python.py:237} INFO - Done. Returned value was: None
[2026-04-13T20:58:04.166+0000] {taskinstance.py:441} INFO - ::group::Post task execution logs
[2026-04-13T20:58:04.182+0000] {taskinstance.py:1205} INFO - Marking task as SUCCESS. dag_id=overwatch2_pipeline, task_id=crear_indices, execution_date=20260412T060000, start_date=20260413T205803, end_date=20260413T205804
[2026-04-13T20:58:04.244+0000] {local_task_job_runner.py:240} INFO - Task exited with return code 0
[2026-04-13T20:58:04.280+0000] {taskinstance.py:3482} INFO - 1 downstream tasks scheduled from follow-on schedule check
[2026-04-13T20:58:04.283+0000] {local_task_job_runner.py:222} INFO - ::endgroup::
