[2026-03-26T01:52:31.766+0000] {local_task_job_runner.py:120} INFO - ::group::Pre task execution logs
[2026-03-26T01:52:31.797+0000] {taskinstance.py:2073} INFO - Dependencies all met for dep_context=non-requeueable deps ti=<TaskInstance: overwatch2_pipeline.crear_indices manual__2026-03-26T01:52:29.051097+00:00 [queued]>
[2026-03-26T01:52:31.804+0000] {taskinstance.py:2073} INFO - Dependencies all met for dep_context=requeueable deps ti=<TaskInstance: overwatch2_pipeline.crear_indices manual__2026-03-26T01:52:29.051097+00:00 [queued]>
[2026-03-26T01:52:31.805+0000] {taskinstance.py:2303} INFO - Starting attempt 1 of 3
[2026-03-26T01:52:31.817+0000] {taskinstance.py:2327} INFO - Executing <Task(PythonOperator): crear_indices> on 2026-03-26 01:52:29.051097+00:00
[2026-03-26T01:52:31.826+0000] {logging_mixin.py:188} WARNING - /home/***/.local/lib/python3.12/site-packages/***/task/task_runner/standard_task_runner.py:61 DeprecationWarning: This process (pid=234) is multi-threaded, use of fork() may lead to deadlocks in the child.
[2026-03-26T01:52:31.827+0000] {standard_task_runner.py:63} INFO - Started process 235 to run task
[2026-03-26T01:52:31.826+0000] {standard_task_runner.py:90} INFO - Running: ['***', 'tasks', 'run', 'overwatch2_pipeline', 'crear_indices', 'manual__2026-03-26T01:52:29.051097+00:00', '--job-id', '515', '--raw', '--subdir', 'DAGS_FOLDER/overwatch2_pipeline.py', '--cfg-path', '/tmp/tmpnj7c6v_g']
[2026-03-26T01:52:31.828+0000] {standard_task_runner.py:91} INFO - Job 515: Subtask crear_indices
[2026-03-26T01:52:31.889+0000] {task_command.py:426} INFO - Running <TaskInstance: overwatch2_pipeline.crear_indices manual__2026-03-26T01:52:29.051097+00:00 [running]> on host d738cc0158d0
[2026-03-26T01:52:31.981+0000] {taskinstance.py:2644} INFO - Exporting env vars: AIRFLOW_CTX_DAG_OWNER='angel' AIRFLOW_CTX_DAG_ID='overwatch2_pipeline' AIRFLOW_CTX_TASK_ID='crear_indices' AIRFLOW_CTX_EXECUTION_DATE='2026-03-26T01:52:29.051097+00:00' AIRFLOW_CTX_TRY_NUMBER='1' AIRFLOW_CTX_DAG_RUN_ID='manual__2026-03-26T01:52:29.051097+00:00'
[2026-03-26T01:52:31.982+0000] {taskinstance.py:430} INFO - ::endgroup::
[2026-03-26T01:52:32.038+0000] {overwatch2_pipeline.py:262} INFO -   ✅ fact_id_heroe
[2026-03-26T01:52:32.039+0000] {overwatch2_pipeline.py:262} INFO -   ✅ fact_id_tiempo
[2026-03-26T01:52:32.040+0000] {overwatch2_pipeline.py:262} INFO -   ✅ fact_id_contexto
[2026-03-26T01:52:32.041+0000] {overwatch2_pipeline.py:262} INFO -   ✅ fact_id_escenario
[2026-03-26T01:52:32.042+0000] {overwatch2_pipeline.py:262} INFO -   ✅ tiempo_fecha
[2026-03-26T01:52:32.044+0000] {overwatch2_pipeline.py:262} INFO -   ✅ heroe_nombre
[2026-03-26T01:52:32.045+0000] {overwatch2_pipeline.py:262} INFO -   ✅ heroe_rol
[2026-03-26T01:52:32.046+0000] {overwatch2_pipeline.py:262} INFO -   ✅ contexto_plat
[2026-03-26T01:52:32.047+0000] {overwatch2_pipeline.py:262} INFO -   ✅ contexto_modo
[2026-03-26T01:52:32.048+0000] {overwatch2_pipeline.py:262} INFO -   ✅ escenario_region
[2026-03-26T01:52:32.049+0000] {overwatch2_pipeline.py:262} INFO -   ✅ escenario_mapa
[2026-03-26T01:52:32.050+0000] {overwatch2_pipeline.py:266} INFO - ✅ Indices creados/verificados correctamente
[2026-03-26T01:52:32.051+0000] {python.py:237} INFO - Done. Returned value was: None
[2026-03-26T01:52:32.052+0000] {taskinstance.py:441} INFO - ::group::Post task execution logs
[2026-03-26T01:52:32.064+0000] {taskinstance.py:1205} INFO - Marking task as SUCCESS. dag_id=overwatch2_pipeline, task_id=crear_indices, execution_date=20260326T015229, start_date=20260326T015231, end_date=20260326T015232
[2026-03-26T01:52:32.121+0000] {local_task_job_runner.py:240} INFO - Task exited with return code 0
[2026-03-26T01:52:32.150+0000] {taskinstance.py:3482} INFO - 1 downstream tasks scheduled from follow-on schedule check
[2026-03-26T01:52:32.153+0000] {local_task_job_runner.py:222} INFO - ::endgroup::
