[2026-03-24T17:39:24.247+0000] {local_task_job_runner.py:120} INFO - ::group::Pre task execution logs
[2026-03-24T17:39:24.279+0000] {taskinstance.py:2073} INFO - Dependencies all met for dep_context=non-requeueable deps ti=<TaskInstance: overwatch2_pipeline.scrape_blizzard scheduled__2026-03-23T00:00:00+00:00 [queued]>
[2026-03-24T17:39:24.288+0000] {taskinstance.py:2073} INFO - Dependencies all met for dep_context=requeueable deps ti=<TaskInstance: overwatch2_pipeline.scrape_blizzard scheduled__2026-03-23T00:00:00+00:00 [queued]>
[2026-03-24T17:39:24.289+0000] {taskinstance.py:2303} INFO - Starting attempt 1 of 3
[2026-03-24T17:39:24.304+0000] {taskinstance.py:2327} INFO - Executing <Task(PythonOperator): scrape_blizzard> on 2026-03-23 00:00:00+00:00
[2026-03-24T17:39:24.314+0000] {logging_mixin.py:188} WARNING - /home/***/.local/lib/python3.12/site-packages/***/task/task_runner/standard_task_runner.py:61 DeprecationWarning: This process (pid=175) is multi-threaded, use of fork() may lead to deadlocks in the child.
[2026-03-24T17:39:24.314+0000] {standard_task_runner.py:90} INFO - Running: ['***', 'tasks', 'run', 'overwatch2_pipeline', 'scrape_blizzard', 'scheduled__2026-03-23T00:00:00+00:00', '--job-id', '253', '--raw', '--subdir', 'DAGS_FOLDER/overwatch2_pipeline.py', '--cfg-path', '/tmp/tmppdaa5mfq']
[2026-03-24T17:39:24.316+0000] {standard_task_runner.py:63} INFO - Started process 176 to run task
[2026-03-24T17:39:24.316+0000] {standard_task_runner.py:91} INFO - Job 253: Subtask scrape_blizzard
[2026-03-24T17:39:24.400+0000] {task_command.py:426} INFO - Running <TaskInstance: overwatch2_pipeline.scrape_blizzard scheduled__2026-03-23T00:00:00+00:00 [running]> on host c606f4a11b92
[2026-03-24T17:39:24.519+0000] {taskinstance.py:2644} INFO - Exporting env vars: AIRFLOW_CTX_DAG_OWNER='angel' AIRFLOW_CTX_DAG_ID='overwatch2_pipeline' AIRFLOW_CTX_TASK_ID='scrape_blizzard' AIRFLOW_CTX_EXECUTION_DATE='2026-03-23T00:00:00+00:00' AIRFLOW_CTX_TRY_NUMBER='1' AIRFLOW_CTX_DAG_RUN_ID='scheduled__2026-03-23T00:00:00+00:00'
[2026-03-24T17:39:24.520+0000] {taskinstance.py:430} INFO - ::endgroup::
[2026-03-24T17:39:25.129+0000] {overwatch2_pipeline.py:205} WARNING -   ⚠️  PC / Americas / rq=0 / tier=All → fallo: HTTPSConnectionPool(host='overwatch.blizzard.com', port=443): Max retries exceeded with url: /en-us/rates/?input=pc&region=Americas&rq=0&tier=All (Caused by SSLError(SSLEOFError(8, '[SSL: UNEXPECTED_EOF_WHILE_READING] EOF occurred in violation of protocol (_ssl.c:1000)')))
[2026-03-24T17:39:26.240+0000] {overwatch2_pipeline.py:205} WARNING -   ⚠️  PC / Americas / rq=1 / tier=All → fallo: HTTPSConnectionPool(host='overwatch.blizzard.com', port=443): Max retries exceeded with url: /en-us/rates/?input=pc&region=Americas&rq=1&tier=All (Caused by SSLError(SSLEOFError(8, '[SSL: UNEXPECTED_EOF_WHILE_READING] EOF occurred in violation of protocol (_ssl.c:1000)')))
[2026-03-24T17:39:27.349+0000] {overwatch2_pipeline.py:205} WARNING -   ⚠️  PC / Europe / rq=0 / tier=All → fallo: HTTPSConnectionPool(host='overwatch.blizzard.com', port=443): Max retries exceeded with url: /en-us/rates/?input=pc&region=Europe&rq=0&tier=All (Caused by SSLError(SSLEOFError(8, '[SSL: UNEXPECTED_EOF_WHILE_READING] EOF occurred in violation of protocol (_ssl.c:1000)')))
[2026-03-24T17:39:28.470+0000] {overwatch2_pipeline.py:205} WARNING -   ⚠️  PC / Europe / rq=1 / tier=All → fallo: HTTPSConnectionPool(host='overwatch.blizzard.com', port=443): Max retries exceeded with url: /en-us/rates/?input=pc&region=Europe&rq=1&tier=All (Caused by SSLError(SSLEOFError(8, '[SSL: UNEXPECTED_EOF_WHILE_READING] EOF occurred in violation of protocol (_ssl.c:1000)')))
[2026-03-24T17:39:29.580+0000] {overwatch2_pipeline.py:205} WARNING -   ⚠️  PC / Asia / rq=0 / tier=All → fallo: HTTPSConnectionPool(host='overwatch.blizzard.com', port=443): Max retries exceeded with url: /en-us/rates/?input=pc&region=Asia&rq=0&tier=All (Caused by SSLError(SSLEOFError(8, '[SSL: UNEXPECTED_EOF_WHILE_READING] EOF occurred in violation of protocol (_ssl.c:1000)')))
[2026-03-24T17:39:30.689+0000] {overwatch2_pipeline.py:205} WARNING -   ⚠️  PC / Asia / rq=1 / tier=All → fallo: HTTPSConnectionPool(host='overwatch.blizzard.com', port=443): Max retries exceeded with url: /en-us/rates/?input=pc&region=Asia&rq=1&tier=All (Caused by SSLError(SSLEOFError(8, '[SSL: UNEXPECTED_EOF_WHILE_READING] EOF occurred in violation of protocol (_ssl.c:1000)')))
[2026-03-24T17:39:31.817+0000] {overwatch2_pipeline.py:205} WARNING -   ⚠️  Console / Americas / rq=0 / tier=All → fallo: HTTPSConnectionPool(host='overwatch.blizzard.com', port=443): Max retries exceeded with url: /en-us/rates/?input=console&region=Americas&rq=0&tier=All (Caused by SSLError(SSLEOFError(8, '[SSL: UNEXPECTED_EOF_WHILE_READING] EOF occurred in violation of protocol (_ssl.c:1000)')))
[2026-03-24T17:39:32.945+0000] {overwatch2_pipeline.py:205} WARNING -   ⚠️  Console / Americas / rq=1 / tier=All → fallo: HTTPSConnectionPool(host='overwatch.blizzard.com', port=443): Max retries exceeded with url: /en-us/rates/?input=console&region=Americas&rq=1&tier=All (Caused by SSLError(SSLEOFError(8, '[SSL: UNEXPECTED_EOF_WHILE_READING] EOF occurred in violation of protocol (_ssl.c:1000)')))
[2026-03-24T17:39:34.053+0000] {overwatch2_pipeline.py:205} WARNING -   ⚠️  Console / Europe / rq=0 / tier=All → fallo: HTTPSConnectionPool(host='overwatch.blizzard.com', port=443): Max retries exceeded with url: /en-us/rates/?input=console&region=Europe&rq=0&tier=All (Caused by SSLError(SSLEOFError(8, '[SSL: UNEXPECTED_EOF_WHILE_READING] EOF occurred in violation of protocol (_ssl.c:1000)')))
[2026-03-24T17:39:35.173+0000] {overwatch2_pipeline.py:205} WARNING -   ⚠️  Console / Europe / rq=1 / tier=All → fallo: HTTPSConnectionPool(host='overwatch.blizzard.com', port=443): Max retries exceeded with url: /en-us/rates/?input=console&region=Europe&rq=1&tier=All (Caused by SSLError(SSLEOFError(8, '[SSL: UNEXPECTED_EOF_WHILE_READING] EOF occurred in violation of protocol (_ssl.c:1000)')))
[2026-03-24T17:39:36.286+0000] {overwatch2_pipeline.py:205} WARNING -   ⚠️  Console / Asia / rq=0 / tier=All → fallo: HTTPSConnectionPool(host='overwatch.blizzard.com', port=443): Max retries exceeded with url: /en-us/rates/?input=console&region=Asia&rq=0&tier=All (Caused by SSLError(SSLEOFError(8, '[SSL: UNEXPECTED_EOF_WHILE_READING] EOF occurred in violation of protocol (_ssl.c:1000)')))
[2026-03-24T17:39:37.398+0000] {overwatch2_pipeline.py:205} WARNING -   ⚠️  Console / Asia / rq=1 / tier=All → fallo: HTTPSConnectionPool(host='overwatch.blizzard.com', port=443): Max retries exceeded with url: /en-us/rates/?input=console&region=Asia&rq=1&tier=All (Caused by SSLError(SSLEOFError(8, '[SSL: UNEXPECTED_EOF_WHILE_READING] EOF occurred in violation of protocol (_ssl.c:1000)')))
[2026-03-24T17:39:38.398+0000] {overwatch2_pipeline.py:209} INFO - ✅ Scrape completado: 0 registros | 12 errores
[2026-03-24T17:39:38.418+0000] {python.py:237} INFO - Done. Returned value was: None
[2026-03-24T17:39:38.419+0000] {taskinstance.py:441} INFO - ::group::Post task execution logs
[2026-03-24T17:39:38.431+0000] {taskinstance.py:1205} INFO - Marking task as SUCCESS. dag_id=overwatch2_pipeline, task_id=scrape_blizzard, execution_date=20260323T000000, start_date=20260324T173924, end_date=20260324T173938
[2026-03-24T17:39:38.480+0000] {local_task_job_runner.py:240} INFO - Task exited with return code 0
[2026-03-24T17:39:38.515+0000] {taskinstance.py:3482} INFO - 1 downstream tasks scheduled from follow-on schedule check
[2026-03-24T17:39:38.518+0000] {local_task_job_runner.py:222} INFO - ::endgroup::
